WCCILevent   (0), 2018.10.02 12:52:42.677, SYS,  INFO,        1, Manager Start, PROJ, Bancarevo, V 3.16 - 3.16   platform Windows AMD64 linked at Apr 25 2018 22:31:33 (8e7a27f47d2)
WCCILevent   (0), 2018.10.02 12:52:42.693, SYS,  INFO,      108, License information, Host information
Hostname:   BST216
HW-code:    00209196162
HW-version: 31600002

WCCILevent   (0), 2018.10.02 12:52:42.707, SYS,  INFO,      108, License information, Using license file C:\Siemens\Automation\WinCC_OA\3.16\shield.txt
version     = 31600002
sn          = "061_9450_BS_Telecom_Dev_Lic_dh2"
expire      = 2019.07.01;00:00:00,000 
redundancy  = 1
ui          = 5
para        = 2
event       = 1
ios         = 2000000000
update      = 1
api         = 10
webclient   = 5
distributed = 2048
pararemote  = 1
gis         = 1
rdb_archive = 3
http        = 2000000000
drvPlugin   = 1
ctrlext     = 1
iec101      = 1
iec104      = 1
s7          = 1
s7plus      = 8
dnp3        = 1
tls         = 1
sinaut      = 1
dynamiclogic = 10000
modbus      = 1
modbus_srv  = 1
sanors      = 1
snmp        = 1
iec61850    = 1
sbus        = 1
opc_hda_srv = 1
opc_hda     = 1
excelreport = 5
reporting   = 5
comcenter   = 10000
advS7       = 1
maintenance = 1
scheduler   = 1
recipe      = 1
infoserver  = 10000
mobile_app  = 5
mobile_ui   = 1
opc_ua_srv  = 1
ultralight  = 5
eip         = 1
objectwizard = 1
webserver   = 5


WCCILevent   (0), 2018.10.02 12:52:42.730, SYS,  INFO,        3, Trying to connect to (SYS: 0 Data -num 0 CONN: 1) @ localhost:4897
WCCILevent   (0), 2018.10.02 12:52:42.735, SYS,  INFO,        4, Connected to (SYS: 0 Data -num 0 CONN: 1) @ BST216.bstelecom.ba (::1)
WCCILevent   (0), 2018.10.02 12:52:42.743, PARAM,SEVERE,     71, DP does not exist, _Connections.Event.ManNums:_original.._value
WCCILevent   (0), 2018.10.02 12:52:42.743, PARAM,SEVERE,     71, DP does not exist, _Connections.Event.StartTimes:_original.._value
WCCILevent   (0), 2018.10.02 12:52:42.743, PARAM,SEVERE,     71, DP does not exist, _Connections.Event.HostNames:_original.._value
WCCILevent   (0), 2018.10.02 12:52:42.743, PARAM,SEVERE,     71, DP does not exist, _Connections.Driver.ManNums:_original.._value
WCCILevent   (0), 2018.10.02 12:52:42.743, PARAM,SEVERE,     71, DP does not exist, _Connections.Driver.StartTimes:_original.._value
WCCILevent   (0), 2018.10.02 12:52:42.743, PARAM,SEVERE,     71, DP does not exist, _Connections.Driver.HostNames:_original.._value
WCCILevent   (0), 2018.10.02 12:52:42.743, PARAM,SEVERE,     71, DP does not exist, _Connections.Data.ManNums:_original.._value
WCCILevent   (0), 2018.10.02 12:52:42.743, PARAM,SEVERE,     71, DP does not exist, _Connections.Data.StartTimes:_original.._value
WCCILevent   (0), 2018.10.02 12:52:42.743, PARAM,SEVERE,     71, DP does not exist, _Connections.Data.HostNames:_original.._value
WCCILevent   (0), 2018.10.02 12:52:42.744, PARAM,SEVERE,     71, DP does not exist, _Connections.Ui.ManNums:_original.._value
WCCILevent   (0), 2018.10.02 12:52:42.744, PARAM,SEVERE,     71, DP does not exist, _Connections.Ui.StartTimes:_original.._value
WCCILevent   (0), 2018.10.02 12:52:42.744, PARAM,SEVERE,     71, DP does not exist, _Connections.Ui.HostNames:_original.._value
WCCILevent   (0), 2018.10.02 12:52:42.744, PARAM,SEVERE,     71, DP does not exist, _Connections.Ctrl.ManNums:_original.._value
WCCILevent   (0), 2018.10.02 12:52:42.744, PARAM,SEVERE,     71, DP does not exist, _Connections.Ctrl.StartTimes:_original.._value
WCCILevent   (0), 2018.10.02 12:52:42.744, PARAM,SEVERE,     71, DP does not exist, _Connections.Ctrl.HostNames:_original.._value
WCCILevent   (0), 2018.10.02 12:52:42.744, PARAM,SEVERE,     71, DP does not exist, _Connections.Ascii.ManNums:_original.._value
WCCILevent   (0), 2018.10.02 12:52:42.744, PARAM,SEVERE,     71, DP does not exist, _Connections.Ascii.StartTimes:_original.._value
WCCILevent   (0), 2018.10.02 12:52:42.744, PARAM,SEVERE,     71, DP does not exist, _Connections.Ascii.HostNames:_original.._value
WCCILevent   (0), 2018.10.02 12:52:42.744, PARAM,SEVERE,     71, DP does not exist, _Connections.Api.ManNums:_original.._value
WCCILevent   (0), 2018.10.02 12:52:42.744, PARAM,SEVERE,     71, DP does not exist, _Connections.Api.StartTimes:_original.._value
WCCILevent   (0), 2018.10.02 12:52:42.744, PARAM,SEVERE,     71, DP does not exist, _Connections.Api.HostNames:_original.._value
WCCILevent   (0), 2018.10.02 12:52:42.744, PARAM,SEVERE,     71, DP does not exist, _Connections.Device.ManNums:_original.._value
WCCILevent   (0), 2018.10.02 12:52:42.744, PARAM,SEVERE,     71, DP does not exist, _Connections.Device.StartTimes:_original.._value
WCCILevent   (0), 2018.10.02 12:52:42.744, PARAM,SEVERE,     71, DP does not exist, _Connections.Device.HostNames:_original.._value
WCCILevent   (0), 2018.10.02 12:52:42.744, PARAM,SEVERE,     71, DP does not exist, _Connections.Redu.ManNums:_original.._value
WCCILevent   (0), 2018.10.02 12:52:42.744, PARAM,SEVERE,     71, DP does not exist, _Connections.Redu.StartTimes:_original.._value
WCCILevent   (0), 2018.10.02 12:52:42.744, PARAM,SEVERE,     71, DP does not exist, _Connections.Redu.HostNames:_original.._value
WCCILevent   (0), 2018.10.02 12:52:42.744, PARAM,SEVERE,     71, DP does not exist, _Connections.Report.ManNums:_original.._value
WCCILevent   (0), 2018.10.02 12:52:42.744, PARAM,SEVERE,     71, DP does not exist, _Connections.Report.StartTimes:_original.._value
WCCILevent   (0), 2018.10.02 12:52:42.744, PARAM,SEVERE,     71, DP does not exist, _Connections.Report.HostNames:_original.._value
WCCILevent   (0), 2018.10.02 12:52:42.744, PARAM,SEVERE,     71, DP does not exist, _Connections.Dde.ManNums:_original.._value
WCCILevent   (0), 2018.10.02 12:52:42.744, PARAM,SEVERE,     71, DP does not exist, _Connections.Dde.StartTimes:_original.._value
WCCILevent   (0), 2018.10.02 12:52:42.744, PARAM,SEVERE,     71, DP does not exist, _Connections.Dde.HostNames:_original.._value
WCCILevent   (0), 2018.10.02 12:52:42.744, PARAM,SEVERE,     71, DP does not exist, _Connections.Dist.ManNums:_original.._value
WCCILevent   (0), 2018.10.02 12:52:42.744, PARAM,SEVERE,     71, DP does not exist, _Connections.Dist.StartTimes:_original.._value
WCCILevent   (0), 2018.10.02 12:52:42.744, PARAM,SEVERE,     71, DP does not exist, _Connections.Dist.HostNames:_original.._value
WCCILevent   (0), 2018.10.02 12:52:42.757, SYS,  INFO,        6, Initialization by Data Manager finished
WCCILevent   (0), 2018.10.02 12:52:42.757, SYS,  INFO,      169, Initialize 0 dp-functions
WCCILevent   (0), 2018.10.02 12:52:42.757, SYS,  INFO,      168, Initialize 0 alerts
WCCILevent   (0), 2018.10.02 12:52:42.757, PARAM,WARNING,     7, Datapoint does not exist, EvFixedLicenses, EvFixedLicenses, _Event.License.FixedShield
WCCILevent   (0), 2018.10.02 12:52:42.758, PARAM,WARNING,     7, Datapoint does not exist, UserTable, UserTable, _Users.UserId
WCCILevent   (0), 2018.10.02 12:52:42.758, PARAM,WARNING,     7, Datapoint does not exist, ManagerTable, ManagerTable, _Managers.Auth.ManType
WCCILevent   (0), 2018.10.02 12:52:42.758, PARAM,WARNING,     7, Datapoint does not exist, EventManager, doDpConnect, _System.Auth.DpType:_original.._value
WCCILevent   (0), 2018.10.02 12:52:42.758, PARAM,WARNING,     7, Datapoint does not exist, EventManager, doDpConnect, _System.Auth.Dp:_original.._value
WCCILevent   (0), 2018.10.02 12:52:42.758, PARAM,WARNING,     7, Datapoint does not exist, EventManager, doDpConnect, _System.Auth.DpAuth:_original.._value
WCCILevent   (0), 2018.10.02 12:52:42.758, PARAM,WARNING,     7, Datapoint does not exist, EventManager, doDpConnect, _System.Auth.DpAlias:_original.._value
WCCILevent   (0), 2018.10.02 12:52:42.758, PARAM,WARNING,     7, Datapoint does not exist, EventManager, dpDpConnect, _Event.ReadLicense
WCCILevent   (0), 2018.10.02 12:52:42.758, PARAM,WARNING,     8, Element does not exist, EventManager, doDpConnect, _Managers.Exit
WCCILevent   (0), 2018.10.02 12:52:42.758, PARAM,WARNING,     8, Element does not exist, EventManager, doDpConnect, _Managers.Refresh
WCCILevent   (0), 2018.10.02 12:52:42.758, PARAM,WARNING,     7, Datapoint does not exist, EventManager, evMain, _Event.License.ExpirationCnt
WCCILevent   (0), 2018.10.02 12:52:42.758, PARAM,WARNING,     7, Datapoint does not exist, EventManager, evMain, _Event.License.RemainingTime
WCCILevent   (0), 2018.10.02 12:52:42.758, PARAM,WARNING,     7, Datapoint does not exist, EventManager, evMain, _Event.License.alm.isRTILInvalid:_original.._value
WCCILevent   (0), 2018.10.02 12:52:42.758, PARAM,WARNING,     7, Datapoint does not exist, EventManager, evMain, _Event.License.alm.isPVSSInvalid:_original.._value
WCCILevent   (0), 2018.10.02 12:52:42.758, PARAM,WARNING,     7, Datapoint does not exist, EventManager, evMain, _Event.License.alm.shield:_original.._value
WCCILevent   (0), 2018.10.02 12:52:42.885, SYS,  INFO,        4, Connected to (SYS: 1 Driver -num 1 CONN: 1) @ BST216.bstelecom.ba (::1)
WCCILevent   (0), 2018.10.02 12:52:42.902, PARAM,WARNING,     7, Datapoint does not exist, DP: :_original.._value, MAN: (SYS: 1 Driver -num 1 CONN: 1)
WCCILevent   (0), 2018.10.02 12:52:42.903, PARAM,WARNING,     7, Datapoint does not exist, DP: :_original.._value, MAN: (SYS: 1 Driver -num 1 CONN: 1)
WCCILevent   (0), 2018.10.02 12:52:42.903, PARAM,WARNING,     7, Datapoint does not exist, DP: :_original.._value, MAN: (SYS: 1 Driver -num 1 CONN: 1)
WCCILevent   (0), 2018.10.02 12:52:42.903, PARAM,WARNING,     7, Datapoint does not exist, DP: :_original.._value, MAN: (SYS: 1 Driver -num 1 CONN: 1)
WCCILevent   (0), 2018.10.02 12:52:43.015, SYS,  INFO,        4, Connected to (SYS: 1 Ascii -num 1 CONN: 1) @ BST216.bstelecom.ba (::1)
WCCILevent   (0), 2018.10.02 12:52:43.434, SYS,  WARNING,    39, Connection lost, MAN: (SYS: 1 Ascii -num 1 CONN: 1), Connection reset by peer (10054)
WCCILevent   (0), 2018.10.02 12:52:43.565, SYS,  INFO,        4, Connected to (SYS: 1 Ascii -num 1 CONN: 1) @ BST216.bstelecom.ba (::1)
WCCILevent   (0), 2018.10.02 12:52:43.582, SYS,  INFO,        1/event, Received message from MAN: (SYS: 1 Ascii -num 1 CONN: 1) with an ID 3 smaller than the ID 227 of the last received message, assuming manager has been restarted
WCCILevent   (0), 2018.10.02 12:52:44.349, SYS,  WARNING,    39, Connection lost, MAN: (SYS: 1 Ascii -num 1 CONN: 1), Connection reset by peer (10054)
WCCILevent   (0), 2018.10.02 12:52:44.481, SYS,  INFO,        4, Connected to (SYS: 1 Ascii -num 1 CONN: 1) @ BST216.bstelecom.ba (::1)
WCCILevent   (0), 2018.10.02 12:52:44.484, SYS,  INFO,        1/event, Received message from MAN: (SYS: 1 Ascii -num 1 CONN: 1) with an ID 2 smaller than the ID 468 of the last received message, assuming manager has been restarted
WCCILevent   (0), 2018.10.02 12:52:50.727, SYS,  WARNING,    39, Connection lost, MAN: (SYS: 1 Ascii -num 1 CONN: 1), Connection reset by peer (10054)
WCCILevent   (0), 2018.10.02 12:52:52.749, SYS,  INFO,       39, Connection lost, MAN: (SYS: 1 Driver -num 1 CONN: 1), Connection closed
WCCILevent   (0), 2018.10.02 12:52:52.756, SYS,  INFO,        2, Manager Stop, received signal 15, exiting
WCCILevent   (0), 2018.10.02 12:52:52.851, SYS,  INFO,        2, Manager Stop, start cleanup
WCCILevent   (0), 2018.10.02 12:52:52.852, SYS,  INFO,      181, Closing connection to (SYS: 1 Data -num 0 CONN: 1)
WCCILevent   (0), 2018.10.02 12:52:54.853, SYS,  INFO,       39, Connection lost, MAN: (SYS: 1 Data -num 0 CONN: 1), Connection closed
WCCILevent   (0), 2018.10.02 12:52:54.862, SYS,  INFO,        2, Manager Stop
