processing file C:\BS_Husky_Proj\Bancarevo\dplist\Meteostation_04_10_2018.dpl
DpType (69): Element Meteostation.state.alarmLevel0 with ID 113 renamed
DpType (70): Element Meteostation.state.alarmLevel1 with ID 114 renamed
DpType (71): Element Meteostation.state.alarmLevel2 with ID 115 renamed
DpType (72): Element Meteostation.state.alarmLevel3 with ID 116 renamed
DpType (90): Element Meteostation.settings.maxTemperature with ID 99 renamed
DpType (91): Element Meteostation.settings.maxHumidity with ID 100 renamed
DpType (92): Element Meteostation.settings.maxPressure with ID 101 renamed
DpType (93): Element Meteostation.settings.maxVisibility with ID 102 renamed
DpType (94): Element Meteostation.settings.mappedPreciptationTypes with ID 104 renamed
DpType (95): Element Meteostation.settings.mappedRoadConditionsText with ID 105 renamed
DpType (96): Element Meteostation.settings.mappedRoadConditionsColor with ID 106 renamed
DpType (97): Element Meteostation.settings.mappedAlarmStateColors with ID 108 renamed

modifying type Meteostation:
DpType (98): Modify msg for type Meteostation sent.
DpValue (112): Values for MS-OAL.measurements.temperature sent.
DpValue (113): Values for MS-OAL.measurements.roadTemperature sent.
DpValue (114): Values for MS-OAL.measurements.dewPoint sent.
DpValue (115): Values for MS-OAL.measurements.relativeHumidity sent.
DpValue (116): Values for MS-OAL.measurements.averageWindSpeed sent.
DpValue (117): Values for MS-OAL.measurements.maxWindSpeed sent.
DpValue (118): Values for MS-OAL.measurements.windDirection sent.
DpValue (119): Values for MS-OAL.measurements.groundTemperature sent.
DpValue (120): Values for MS-OAL.measurements.airPressure sent.
DpValue (121): Values for MS-OAL.measurements.precipitationType sent.
DpValue (122): Values for MS-OAL.measurements.precipitationIntensity sent.
DpValue (123): Values for MS-OAL.measurements.precipitationQuantity sent.
DpValue (124): Values for MS-OAL.measurements.visibility sent.
DpValue (125): Values for MS-OAL.measurements.roadCondition sent.
DpValue (126): Values for MS-OAL.measurements.windSpeed sent.
DpValue (127): Values for MS-OAL.measurements.windSpeedUpTo15Minutes sent.
DpValue (128): Values for MS-OAL.measurements.waterFilmHeight sent.
DpValue (129): Values for MS-OAL.measurements.freezingTemperatureNaCl sent.
DpValue (130): Values for MS-OAL.measurements.roadTemperatureSensor2 sent.
DpValue (131): Values for MS-OAL.measurements.freezingTemperatureNaClSensor2 sent.
DpValue (132): Values for MS-OAL.measurements.waterFilmHeightSensor2 sent.
DpValue (133): Values for MS-OAL.measurements.roadConditionSensor2 sent.
DpValue (134): Values for MS-OAL.state.lastRead sent.
DpValue (135): Values for MS-OAL.measurements.reportMeasurements.airTemperature sent.
DpValue (136): Values for MS-OAL.measurements.reportMeasurements.roadTemperature sent.
DpValue (137): Values for MS-OAL.measurements.reportMeasurements.roadTemperatureSensor2 sent.
DpValue (138): Values for MS-OAL.measurements.reportMeasurements.windSpeed sent.
DpValue (139): Values for MS-OAL.measurements.reportMeasurements.dewPoint sent.
DpValue (140): Values for MS-OAL.measurements.reportMeasurements.relativeHumidity sent.
DpValue (141): Values for MS-OAL.measurements.reportMeasurements.airPressure sent.
DpValue (142): Values for MS-OAL.measurements.reportMeasurements.precipitationType sent.
DpValue (143): Values for MS-OAL.measurements.reportMeasurements.precipitationIntensity sent.
DpValue (144): Values for MS-OAL.measurements.reportMeasurements.visibility sent.
DpValue (145): Values for MS-OAL.measurements.reportMeasurements.aqueousLayerHeight sent.
DpValue (146): Values for MS-OAL.measurements.reportMeasurements.aqueousLayerHeightSensor2 sent.
DpValue (147): Values for MS-OAL.measurements.reportMeasurements.saltFreezingTemperature sent.
DpValue (148): Values for MS-OAL.measurements.reportMeasurements.saltFreezingTemperatureSensor2 sent.
DpValue (149): Values for MS-OAL.alarms.isRoadSensorConnected sent.
DpValue (150): Values for MS-OAL.alarms.isVisibilitySensorConnected sent.
DpValue (151): Values for MS-OAL.alarms.criticalErrors sent.
DpValue (152): Values for MS-OAL.alarms.isConnected sent.
DpValue (153): Values for MS-OAL.alarms.isWeatherStationSensorConnected sent.
DpValue (154): Values for MS-OAL.alarms.glaze sent.
DpValue (155): Values for MS-OAL.alarms.fog sent.
DpValue (156): Values for MS-OAL.alarms.slipperyRoad sent.
DpValue (157): Values for MS-OAL.alarms.snow sent.
DpValue (158): Values for MS-OAL.alarms.wind sent.
DpValue (159): Values for MS-OAL.alarms.isRoadSensor2Connected sent.
DpValue (160): Values for MS-OAL.alarms.snowSensor2 sent.
DpValue (161): Values for MS-OAL.alarms.glazeSensor2 sent.
DpValue (162): Values for MS-OAL.alarms.slipperyRoadSensor2 sent.
DpValue (163): Values for MS-OAL.settings.meteostationIP sent.
DpValue (164): Values for MS-OAL.settings.meteostationPort sent.
DpValue (165): Values for MS-OAL.settings.adapterHost sent.
DpValue (166): Values for MS-OAL.settings.adapterPort sent.
DpValue (167): Values for MS-OAL.settings.roadSensorId sent.
DpValue (168): Values for MS-OAL.settings.roadSensor2Id sent.
DpValue (169): Values for MS-OAL.settings.visibilitySensorId sent.
DpValue (170): Values for MS-OAL.settings.weatherStationSensorId sent.
DpValue (171): Values for MS-OAL.settings.roadSensor1ChannelIds sent.
DpValue (172): Values for MS-OAL.settings.roadSensor2ChannelIds sent.
DpValue (173): Values for MS-OAL.settings.visibilitySensorChannelIds sent.
DpValue (174): Values for MS-OAL.settings.weatherStationSensorChannelIds sent.
DpValue (175): Values for MS-OAL.settings.alarmStateDps sent.
DpValue (176): Values for MS-OAL.state.roadSensor1State sent.
DpValue (177): Values for MS-OAL.state.roadSensor2State sent.
DpValue (178): Values for MS-OAL.state.visibilitySensorState sent.
DpValue (179): Values for MS-OAL.state.weatherStationSensorState sent.
DpValue (180): Values for MS-OAL.settings.maxTemperature sent.
DpValue (181): Values for MS-OAL.settings.maxHumidity sent.
DpValue (182): Values for MS-OAL.settings.maxPressure sent.
DpValue (183): Values for MS-OAL.settings.maxVisibility sent.
DpValue (184): Values for MS-OAL.settings.mappedPreciptationTypes sent.
DpValue (185): Values for MS-OAL.settings.mappedRoadConditionsText sent.
DpValue (186): Values for MS-OAL.settings.mappedRoadConditionsColor sent.
DpValue (187): Values for MS-OAL.settings.mappedAlarmStateColors sent.
DpValue (188): Values for MS-OAL.state.alarmLevel0 sent.
DpValue (189): Values for MS-OAL.state.alarmLevel1 sent.
DpValue (190): Values for MS-OAL.state.alarmLevel2 sent.
DpValue (191): Values for MS-OAL.state.alarmLevel3 sent.
DpValue (192): Values for _mp_Meteostation.measurements.reportMeasurements.airTemperature sent.
DpValue (193): Values for _mp_Meteostation.measurements.reportMeasurements.roadTemperature sent.
DpValue (194): Values for _mp_Meteostation.measurements.reportMeasurements.roadTemperatureSensor2 sent.
DpValue (195): Values for _mp_Meteostation.measurements.reportMeasurements.windSpeed sent.
DpValue (196): Values for _mp_Meteostation.measurements.reportMeasurements.dewPoint sent.
DpValue (197): Values for _mp_Meteostation.measurements.reportMeasurements.relativeHumidity sent.
DpValue (198): Values for _mp_Meteostation.measurements.reportMeasurements.airPressure sent.
DpValue (199): Values for _mp_Meteostation.measurements.reportMeasurements.precipitationType sent.
DpValue (200): Values for _mp_Meteostation.measurements.reportMeasurements.precipitationIntensity sent.
DpValue (201): Values for _mp_Meteostation.measurements.reportMeasurements.visibility sent.
DpValue (202): Values for _mp_Meteostation.measurements.reportMeasurements.aqueousLayerHeight sent.
DpValue (203): Values for _mp_Meteostation.measurements.reportMeasurements.aqueousLayerHeightSensor2 sent.
DpValue (204): Values for _mp_Meteostation.measurements.reportMeasurements.saltFreezingTemperature sent.
DpValue (205): Values for _mp_Meteostation.measurements.reportMeasurements.saltFreezingTemperatureSensor2 sent.
DpValue (206): Values for _mp_Meteostation.alarms.isRoadSensorConnected sent.
DpValue (207): Values for _mp_Meteostation.alarms.isVisibilitySensorConnected sent.
DpValue (208): Values for _mp_Meteostation.alarms.isConnected sent.
DpValue (209): Values for _mp_Meteostation.alarms.isWeatherStationSensorConnected sent.
DpValue (210): Values for _mp_Meteostation.alarms.snow sent.
DpValue (211): Values for _mp_Meteostation.alarms.isRoadSensor2Connected sent.
DpValue (212): Values for _mp_Meteostation.alarms.snowSensor2 sent.
DpValue (213): Values for _mp_Meteostation.state.alarmLevel0 sent.
DpValue (214): Values for _mp_Meteostation.state.alarmLevel1 sent.
DpValue (215): Values for _mp_Meteostation.state.alarmLevel2 sent.
AlertValue (218): Values for _mp_Meteostation.state.alarmLevel3 sent.
AlertValue (220): Values for MS-OAL.alarms.isRoadSensorConnected sent.
AlertValue (221): Values for MS-OAL.alarms.isVisibilitySensorConnected sent.
AlertValue (222): Values for MS-OAL.alarms.isVisibilitySensorConnected sent.
AlertValue (223): Values for MS-OAL.alarms.criticalErrors sent.
AlertValue (224): Values for MS-OAL.alarms.isConnected sent.
AlertValue (225): Values for MS-OAL.alarms.isWeatherStationSensorConnected sent.
AlertValue (228): Values for MS-OAL.alarms.glaze sent.
AlertValue (234): Values for MS-OAL.alarms.fog sent.
AlertValue (240): Values for MS-OAL.alarms.slipperyRoad sent.
AlertValue (246): Values for MS-OAL.alarms.slipperyRoad sent.
AlertValue (249): Values for MS-OAL.alarms.snow sent.
AlertValue (255): Values for MS-OAL.alarms.wind sent.
AlertValue (256): Values for MS-OAL.alarms.isRoadSensor2Connected sent.
AlertValue (259): Values for MS-OAL.alarms.snowSensor2 sent.
AlertValue (262): Values for MS-OAL.alarms.glazeSensor2 sent.
AlertValue (268): Values for MS-OAL.alarms.slipperyRoadSensor2 sent.
AlertValue (274): Values for MS-OAL.alarms.slipperyRoadSensor2 sent.
AlertValue (275): Values for _mp_Meteostation.alarms.isRoadSensorConnected sent.
AlertValue (276): Values for _mp_Meteostation.alarms.isVisibilitySensorConnected sent.
AlertValue (277): Values for _mp_Meteostation.alarms.criticalErrors sent.
AlertValue (278): Values for _mp_Meteostation.alarms.isConnected sent.
AlertValue (279): Values for _mp_Meteostation.alarms.isWeatherStationSensorConnected sent.
AlertValue (282): Values for _mp_Meteostation.alarms.glaze sent.
AlertValue (288): Values for _mp_Meteostation.alarms.fog sent.
AlertValue (294): Values for _mp_Meteostation.alarms.slipperyRoad sent.
AlertValue (297): Values for _mp_Meteostation.alarms.snow sent.
AlertValue (303): Values for _mp_Meteostation.alarms.wind sent.
AlertValue (309): Values for _mp_Meteostation.alarms.wind sent.
AlertValue (310): Values for _mp_Meteostation.alarms.isRoadSensor2Connected sent.
AlertValue (313): Values for _mp_Meteostation.alarms.snowSensor2 sent.
AlertValue (316): Values for _mp_Meteostation.alarms.glazeSensor2 sent.
DpFunction (324): Values for _mp_Meteostation.alarms.slipperyRoadSensor2 sent.
DpFunction (326): Values for MS-OAL.measurements.reportMeasurements.airTemperature sent.
DpFunction (327): Values for MS-OAL.measurements.reportMeasurements.roadTemperature sent.
DpFunction (328): Values for MS-OAL.measurements.reportMeasurements.roadTemperatureSensor2 sent.
DpFunction (329): Values for MS-OAL.measurements.reportMeasurements.windSpeed sent.
DpFunction (330): Values for MS-OAL.measurements.reportMeasurements.dewPoint sent.
DpFunction (331): Values for MS-OAL.measurements.reportMeasurements.relativeHumidity sent.
DpFunction (332): Values for MS-OAL.measurements.reportMeasurements.airPressure sent.
DpFunction (333): Values for MS-OAL.measurements.reportMeasurements.precipitationType sent.
DpFunction (334): Values for MS-OAL.measurements.reportMeasurements.precipitationIntensity sent.
DpFunction (335): Values for MS-OAL.measurements.reportMeasurements.visibility sent.
DpFunction (336): Values for MS-OAL.measurements.reportMeasurements.aqueousLayerHeight sent.
DpFunction (337): Values for MS-OAL.measurements.reportMeasurements.aqueousLayerHeightSensor2 sent.
DpFunction (338): Values for MS-OAL.measurements.reportMeasurements.saltFreezingTemperature sent.
DpFunction (339): Values for MS-OAL.measurements.reportMeasurements.saltFreezingTemperatureSensor2 sent.
DpFunction (340): Values for MS-OAL.state.alarmLevel0 sent.
DpFunction (341): Values for MS-OAL.state.alarmLevel1 sent.
DpFunction (342): Values for MS-OAL.state.alarmLevel2 sent.
DpFunction (343): Values for MS-OAL.state.alarmLevel3 sent.
DpFunction (344): Values for _mp_Meteostation.measurements.reportMeasurements.airTemperature sent.
DpFunction (345): Values for _mp_Meteostation.measurements.reportMeasurements.roadTemperature sent.
DpFunction (346): Values for _mp_Meteostation.measurements.reportMeasurements.roadTemperatureSensor2 sent.
DpFunction (347): Values for _mp_Meteostation.measurements.reportMeasurements.windSpeed sent.
DpFunction (348): Values for _mp_Meteostation.measurements.reportMeasurements.dewPoint sent.
DpFunction (349): Values for _mp_Meteostation.measurements.reportMeasurements.relativeHumidity sent.
DpFunction (350): Values for _mp_Meteostation.measurements.reportMeasurements.airPressure sent.
DpFunction (351): Values for _mp_Meteostation.measurements.reportMeasurements.precipitationType sent.
DpFunction (352): Values for _mp_Meteostation.measurements.reportMeasurements.precipitationIntensity sent.
DpFunction (353): Values for _mp_Meteostation.measurements.reportMeasurements.visibility sent.
DpFunction (354): Values for _mp_Meteostation.measurements.reportMeasurements.aqueousLayerHeight sent.
DpFunction (355): Values for _mp_Meteostation.measurements.reportMeasurements.aqueousLayerHeightSensor2 sent.
DpFunction (356): Values for _mp_Meteostation.measurements.reportMeasurements.saltFreezingTemperature sent.
DpFunction (357): Values for _mp_Meteostation.measurements.reportMeasurements.saltFreezingTemperatureSensor2 sent.
DpFunction (358): Values for _mp_Meteostation.settings.mappedAlarmStateColors sent.
DpFunction (359): Values for _mp_Meteostation.state.alarmLevel0 sent.
DpFunction (360): Values for _mp_Meteostation.state.alarmLevel1 sent.
DpFunction (361): Values for _mp_Meteostation.state.alarmLevel2 sent.
DbArchiveInfo (364): Values for _mp_Meteostation.state.alarmLevel3 sent.
DbArchiveInfo (367): Values for MS-OAL.measurements.reportMeasurements.airTemperature sent.
DbArchiveInfo (369): Values for MS-OAL.measurements.reportMeasurements.roadTemperature sent.
DbArchiveInfo (371): Values for MS-OAL.measurements.reportMeasurements.roadTemperatureSensor2 sent.
DbArchiveInfo (373): Values for MS-OAL.measurements.reportMeasurements.windSpeed sent.
DbArchiveInfo (375): Values for MS-OAL.measurements.reportMeasurements.dewPoint sent.
DbArchiveInfo (377): Values for MS-OAL.measurements.reportMeasurements.relativeHumidity sent.
DbArchiveInfo (379): Values for MS-OAL.measurements.reportMeasurements.airPressure sent.
DbArchiveInfo (381): Values for MS-OAL.measurements.reportMeasurements.precipitationType sent.
DbArchiveInfo (383): Values for MS-OAL.measurements.reportMeasurements.precipitationIntensity sent.
DbArchiveInfo (385): Values for MS-OAL.measurements.reportMeasurements.visibility sent.
DbArchiveInfo (387): Values for MS-OAL.measurements.reportMeasurements.aqueousLayerHeight sent.
DbArchiveInfo (389): Values for MS-OAL.measurements.reportMeasurements.aqueousLayerHeightSensor2 sent.
DbArchiveInfo (391): Values for MS-OAL.measurements.reportMeasurements.saltFreezingTemperature sent.
DbArchiveInfo (393): Values for MS-OAL.measurements.reportMeasurements.saltFreezingTemperatureSensor2 sent.
DbArchiveInfo (395): Values for _mp_Meteostation.measurements.reportMeasurements.airTemperature sent.
DbArchiveInfo (397): Values for _mp_Meteostation.measurements.reportMeasurements.roadTemperature sent.
DbArchiveInfo (399): Values for _mp_Meteostation.measurements.reportMeasurements.roadTemperatureSensor2 sent.
DbArchiveInfo (401): Values for _mp_Meteostation.measurements.reportMeasurements.windSpeed sent.
DbArchiveInfo (403): Values for _mp_Meteostation.measurements.reportMeasurements.dewPoint sent.
DbArchiveInfo (405): Values for _mp_Meteostation.measurements.reportMeasurements.relativeHumidity sent.
DbArchiveInfo (407): Values for _mp_Meteostation.measurements.reportMeasurements.airPressure sent.
DbArchiveInfo (409): Values for _mp_Meteostation.measurements.reportMeasurements.precipitationType sent.
DbArchiveInfo (411): Values for _mp_Meteostation.measurements.reportMeasurements.precipitationIntensity sent.
DbArchiveInfo (413): Values for _mp_Meteostation.measurements.reportMeasurements.visibility sent.
DbArchiveInfo (415): Values for _mp_Meteostation.measurements.reportMeasurements.aqueousLayerHeight sent.
DbArchiveInfo (417): Values for _mp_Meteostation.measurements.reportMeasurements.aqueousLayerHeightSensor2 sent.
DbArchiveInfo (419): Values for _mp_Meteostation.measurements.reportMeasurements.saltFreezingTemperature sent.
Datapoint/DpId (424): Values for _mp_Meteostation.measurements.reportMeasurements.saltFreezingTemperatureSensor2 sent.
Datapoint/DpId (425): Datapoint _ds_Meteostation already defined with ID 5607
DpValue (431): Values for _ds_Meteostation.symbols sent.
DpValue (432): Values for _ds_Meteostation.symboldefault sent.
DpValue (433): Values for _ds_Meteostation.trendElements sent.
DpValue (434): Values for _dt_Meteostation.Leaf sent.
DpValue (435): Values for _dt_Meteostation.DynamicAttribute sent.
Waiting for last response from eventmanager...
Scanning of file C:\BS_Husky_Proj\Bancarevo\dplist\Meteostation_04_10_2018.dpl is finished (55)
End of Program
