2018.10.02 14:26:01.297[0]
2018.10.02 14:26:01.381["[Log] ERROR at dpExists: Datapoint does not exist <:SOS-1D.state.phoneState>."]
[""]
2018.10.02 14:26:37.715["[Log] ERROR at getDP: Failed to get dp <System1: K1D.settings.isActive>. (DP does not exist, 
    Module: _QuickTest_
    Panel: C:\\BS_Husky_Proj\\Bancarevo\\panels\\MainPanels\\Bancarevo.pnl [MainPanels\\Bancarevo.pnl]
    In reference: objects/Camera/Camera_ref.pnl Group: 0 named: \"PANEL_REF0\"
    Script: Initialize
    Library: C:\\BS_Husky_Proj\\Bancarevo\\scripts\\libs\\basicMethods.ctl
    Line: 3, dpGet, System1: K1D.settings.isActive)"]
2018.10.02 14:26:37.715["[Log] ERROR at getDP: Failed to get dp <System1: K2D.settings.isActive>. (DP does not exist, 
    Module: _QuickTest_
    Panel: C:\\BS_Husky_Proj\\Bancarevo\\panels\\MainPanels\\Bancarevo.pnl [MainPanels\\Bancarevo.pnl]
    In reference: objects/Camera/Camera_ref.pnl Group: 1 named: \"PANEL_REF1\"
    Script: Initialize
    Library: C:\\BS_Husky_Proj\\Bancarevo\\scripts\\libs\\basicMethods.ctl
    Line: 3, dpGet, System1: K2D.settings.isActive)"]
2018.10.02 14:26:37.716["[Log] ERROR at getDP: Failed to get dp <System1: K3D.settings.isActive>. (DP does not exist, 
    Module: _QuickTest_
    Panel: C:\\BS_Husky_Proj\\Bancarevo\\panels\\MainPanels\\Bancarevo.pnl [MainPanels\\Bancarevo.pnl]
    In reference: objects/Camera/Camera_ref.pnl Group: 2 named: \"PANEL_REF2\"
    Script: Initialize
    Library: C:\\BS_Husky_Proj\\Bancarevo\\scripts\\libs\\basicMethods.ctl
    Line: 3, dpGet, System1: K3D.settings.isActive)"]
2018.10.02 14:26:37.717["[Log] ERROR at getDP: Failed to get dp <System1: K4D.settings.isActive>. (DP does not exist, 
    Module: _QuickTest_
    Panel: C:\\BS_Husky_Proj\\Bancarevo\\panels\\MainPanels\\Bancarevo.pnl [MainPanels\\Bancarevo.pnl]
    In reference: objects/Camera/Camera_ref.pnl Group: 3 named: \"PANEL_REF3\"
    Script: Initialize
    Library: C:\\BS_Husky_Proj\\Bancarevo\\scripts\\libs\\basicMethods.ctl
    Line: 3, dpGet, System1: K4D.settings.isActive)"]
2018.10.02 14:26:37.717["[Log] ERROR at getDP: Failed to get dp <System1: K5D.settings.isActive>. (DP does not exist, 
    Module: _QuickTest_
    Panel: C:\\BS_Husky_Proj\\Bancarevo\\panels\\MainPanels\\Bancarevo.pnl [MainPanels\\Bancarevo.pnl]
    In reference: objects/Camera/Camera_ref.pnl Group: 4 named: \"PANEL_REF4\"
    Script: Initialize
    Library: C:\\BS_Husky_Proj\\Bancarevo\\scripts\\libs\\basicMethods.ctl
    Line: 3, dpGet, System1: K5D.settings.isActive)"]
2018.10.02 14:26:37.718["[Log] ERROR at getDP: Failed to get dp <System1: K6D.settings.isActive>. (DP does not exist, 
    Module: _QuickTest_
    Panel: C:\\BS_Husky_Proj\\Bancarevo\\panels\\MainPanels\\Bancarevo.pnl [MainPanels\\Bancarevo.pnl]
    In reference: objects/Camera/Camera_ref.pnl Group: 5 named: \"PANEL_REF5\"
    Script: Initialize
    Library: C:\\BS_Husky_Proj\\Bancarevo\\scripts\\libs\\basicMethods.ctl
    Line: 3, dpGet, System1: K6D.settings.isActive)"]
2018.10.02 14:26:37.719["[Log] ERROR at getDP: Failed to get dp <System1: K7D.settings.isActive>. (DP does not exist, 
    Module: _QuickTest_
    Panel: C:\\BS_Husky_Proj\\Bancarevo\\panels\\MainPanels\\Bancarevo.pnl [MainPanels\\Bancarevo.pnl]
    In reference: objects/Camera/Camera_ref.pnl Group: 6 named: \"PANEL_REF6\"
    Script: Initialize
    Library: C:\\BS_Husky_Proj\\Bancarevo\\scripts\\libs\\basicMethods.ctl
    Line: 3, dpGet, System1: K7D.settings.isActive)"]
2018.10.02 14:26:37.719["[Log] ERROR at getDP: Failed to get dp <System1: K12D.settings.isActive>. (DP does not exist, 
    Module: _QuickTest_
    Panel: C:\\BS_Husky_Proj\\Bancarevo\\panels\\MainPanels\\Bancarevo.pnl [MainPanels\\Bancarevo.pnl]
    In reference: objects/Camera/Camera_ref.pnl Group: 7 named: \"PANEL_REF7\"
    Script: Initialize
    Library: C:\\BS_Husky_Proj\\Bancarevo\\scripts\\libs\\basicMethods.ctl
    Line: 3, dpGet, System1: K12D.settings.isActive)"]
2018.10.02 14:26:37.720["[Log] ERROR at getDP: Failed to get dp <System1: K11D.settings.isActive>. (DP does not exist, 
    Module: _QuickTest_
    Panel: C:\\BS_Husky_Proj\\Bancarevo\\panels\\MainPanels\\Bancarevo.pnl [MainPanels\\Bancarevo.pnl]
    In reference: objects/Camera/Camera_ref.pnl Group: 8 named: \"PANEL_REF8\"
    Script: Initialize
    Library: C:\\BS_Husky_Proj\\Bancarevo\\scripts\\libs\\basicMethods.ctl
    Line: 3, dpGet, System1: K11D.settings.isActive)"]
2018.10.02 14:26:37.721["[Log] ERROR at getDP: Failed to get dp <System1: K10D.settings.isActive>. (DP does not exist, 
    Module: _QuickTest_
    Panel: C:\\BS_Husky_Proj\\Bancarevo\\panels\\MainPanels\\Bancarevo.pnl [MainPanels\\Bancarevo.pnl]
    In reference: objects/Camera/Camera_ref.pnl Group: 9 named: \"PANEL_REF9\"
    Script: Initialize
    Library: C:\\BS_Husky_Proj\\Bancarevo\\scripts\\libs\\basicMethods.ctl
    Line: 3, dpGet, System1: K10D.settings.isActive)"]
2018.10.02 14:26:37.721["[Log] ERROR at getDP: Failed to get dp <System1: K9D.settings.isActive>. (DP does not exist, 
    Module: _QuickTest_
    Panel: C:\\BS_Husky_Proj\\Bancarevo\\panels\\MainPanels\\Bancarevo.pnl [MainPanels\\Bancarevo.pnl]
    In reference: objects/Camera/Camera_ref.pnl Group: 10 named: \"PANEL_REF10\"
    Script: Initialize
    Library: C:\\BS_Husky_Proj\\Bancarevo\\scripts\\libs\\basicMethods.ctl
    Line: 3, dpGet, System1: K9D.settings.isActive)"]
2018.10.02 14:26:37.722["[Log] ERROR at getDP: Failed to get dp <System1: K15D.settings.isActive>. (DP does not exist, 
    Module: _QuickTest_
    Panel: C:\\BS_Husky_Proj\\Bancarevo\\panels\\MainPanels\\Bancarevo.pnl [MainPanels\\Bancarevo.pnl]
    In reference: objects/Camera/Camera_ref.pnl Group: 12 named: \"PANEL_REF12\"
    Script: Initialize
    Library: C:\\BS_Husky_Proj\\Bancarevo\\scripts\\libs\\basicMethods.ctl
    Line: 3, dpGet, System1: K15D.settings.isActive)"]
2018.10.02 14:26:37.723["[Log] ERROR at getDP: Failed to get dp <System1: K14D.settings.isActive>. (DP does not exist, 
    Module: _QuickTest_
    Panel: C:\\BS_Husky_Proj\\Bancarevo\\panels\\MainPanels\\Bancarevo.pnl [MainPanels\\Bancarevo.pnl]
    In reference: objects/Camera/Camera_ref.pnl Group: 13 named: \"PANEL_REF13\"
    Script: Initialize
    Library: C:\\BS_Husky_Proj\\Bancarevo\\scripts\\libs\\basicMethods.ctl
    Line: 3, dpGet, System1: K14D.settings.isActive)"]
2018.10.02 14:26:37.723["[Log] ERROR at getDP: Failed to get dp <System1: K13D.settings.isActive>. (DP does not exist, 
    Module: _QuickTest_
    Panel: C:\\BS_Husky_Proj\\Bancarevo\\panels\\MainPanels\\Bancarevo.pnl [MainPanels\\Bancarevo.pnl]
    In reference: objects/Camera/Camera_ref.pnl Group: 14 named: \"PANEL_REF14\"
    Script: Initialize
    Library: C:\\BS_Husky_Proj\\Bancarevo\\scripts\\libs\\basicMethods.ctl
    Line: 3, dpGet, System1: K13D.settings.isActive)"]
2018.10.02 14:26:37.724["[Log] ERROR at getDP: Failed to get dp <System1: K15L.settings.isActive>. (DP does not exist, 
    Module: _QuickTest_
    Panel: C:\\BS_Husky_Proj\\Bancarevo\\panels\\MainPanels\\Bancarevo.pnl [MainPanels\\Bancarevo.pnl]
    In reference: objects/Camera/Camera_ref.pnl Group: 16 named: \"PANEL_REF16\"
    Script: Initialize
    Library: C:\\BS_Husky_Proj\\Bancarevo\\scripts\\libs\\basicMethods.ctl
    Line: 3, dpGet, System1: K15L.settings.isActive)"]
2018.10.02 14:26:37.725["[Log] ERROR at getDP: Failed to get dp <System1: K14L.settings.isActive>. (DP does not exist, 
    Module: _QuickTest_
    Panel: C:\\BS_Husky_Proj\\Bancarevo\\panels\\MainPanels\\Bancarevo.pnl [MainPanels\\Bancarevo.pnl]
    In reference: objects/Camera/Camera_ref.pnl Group: 17 named: \"PANEL_REF17\"
    Script: Initialize
    Library: C:\\BS_Husky_Proj\\Bancarevo\\scripts\\libs\\basicMethods.ctl
    Line: 3, dpGet, System1: K14L.settings.isActive)"]
2018.10.02 14:26:37.725["[Log] ERROR at getDP: Failed to get dp <System1: K13L.settings.isActive>. (DP does not exist, 
    Module: _QuickTest_
    Panel: C:\\BS_Husky_Proj\\Bancarevo\\panels\\MainPanels\\Bancarevo.pnl [MainPanels\\Bancarevo.pnl]
    In reference: objects/Camera/Camera_ref.pnl Group: 18 named: \"PANEL_REF18\"
    Script: Initialize
    Library: C:\\BS_Husky_Proj\\Bancarevo\\scripts\\libs\\basicMethods.ctl
    Line: 3, dpGet, System1: K13L.settings.isActive)"]
2018.10.02 14:26:37.726["[Log] ERROR at getDP: Failed to get dp <System1: K12L.settings.isActive>. (DP does not exist, 
    Module: _QuickTest_
    Panel: C:\\BS_Husky_Proj\\Bancarevo\\panels\\MainPanels\\Bancarevo.pnl [MainPanels\\Bancarevo.pnl]
    In reference: objects/Camera/Camera_ref.pnl Group: 19 named: \"PANEL_REF19\"
    Script: Initialize
    Library: C:\\BS_Husky_Proj\\Bancarevo\\scripts\\libs\\basicMethods.ctl
    Line: 3, dpGet, System1: K12L.settings.isActive)"]
2018.10.02 14:26:37.726["[Log] ERROR at getDP: Failed to get dp <System1: K11L.settings.isActive>. (DP does not exist, 
    Module: _QuickTest_
    Panel: C:\\BS_Husky_Proj\\Bancarevo\\panels\\MainPanels\\Bancarevo.pnl [MainPanels\\Bancarevo.pnl]
    In reference: objects/Camera/Camera_ref.pnl Group: 20 named: \"PANEL_REF20\"
    Script: Initialize
    Library: C:\\BS_Husky_Proj\\Bancarevo\\scripts\\libs\\basicMethods.ctl
    Line: 3, dpGet, System1: K11L.settings.isActive)"]
2018.10.02 14:26:37.727["[Log] ERROR at getDP: Failed to get dp <System1: K10L.settings.isActive>. (DP does not exist, 
    Module: _QuickTest_
    Panel: C:\\BS_Husky_Proj\\Bancarevo\\panels\\MainPanels\\Bancarevo.pnl [MainPanels\\Bancarevo.pnl]
    In reference: objects/Camera/Camera_ref.pnl Group: 21 named: \"PANEL_REF21\"
    Script: Initialize
    Library: C:\\BS_Husky_Proj\\Bancarevo\\scripts\\libs\\basicMethods.ctl
    Line: 3, dpGet, System1: K10L.settings.isActive)"]
2018.10.02 14:26:37.728["[Log] ERROR at getDP: Failed to get dp <System1: K8L.settings.isActive>. (DP does not exist, 
    Module: _QuickTest_
    Panel: C:\\BS_Husky_Proj\\Bancarevo\\panels\\MainPanels\\Bancarevo.pnl [MainPanels\\Bancarevo.pnl]
    In reference: objects/Camera/Camera_ref.pnl Group: 22 named: \"PANEL_REF22\"
    Script: Initialize
    Library: C:\\BS_Husky_Proj\\Bancarevo\\scripts\\libs\\basicMethods.ctl
    Line: 3, dpGet, System1: K8L.settings.isActive)"]
2018.10.02 14:26:37.728["[Log] ERROR at getDP: Failed to get dp <System1: K7L.settings.isActive>. (DP does not exist, 
    Module: _QuickTest_
    Panel: C:\\BS_Husky_Proj\\Bancarevo\\panels\\MainPanels\\Bancarevo.pnl [MainPanels\\Bancarevo.pnl]
    In reference: objects/Camera/Camera_ref.pnl Group: 23 named: \"PANEL_REF23\"
    Script: Initialize
    Library: C:\\BS_Husky_Proj\\Bancarevo\\scripts\\libs\\basicMethods.ctl
    Line: 3, dpGet, System1: K7L.settings.isActive)"]
2018.10.02 14:26:37.729["[Log] ERROR at getDP: Failed to get dp <System1: K6L.settings.isActive>. (DP does not exist, 
    Module: _QuickTest_
    Panel: C:\\BS_Husky_Proj\\Bancarevo\\panels\\MainPanels\\Bancarevo.pnl [MainPanels\\Bancarevo.pnl]
    In reference: objects/Camera/Camera_ref.pnl Group: 24 named: \"PANEL_REF24\"
    Script: Initialize
    Library: C:\\BS_Husky_Proj\\Bancarevo\\scripts\\libs\\basicMethods.ctl
    Line: 3, dpGet, System1: K6L.settings.isActive)"]
2018.10.02 14:26:37.729["[Log] ERROR at getDP: Failed to get dp <System1: K5L.settings.isActive>. (DP does not exist, 
    Module: _QuickTest_
    Panel: C:\\BS_Husky_Proj\\Bancarevo\\panels\\MainPanels\\Bancarevo.pnl [MainPanels\\Bancarevo.pnl]
    In reference: objects/Camera/Camera_ref.pnl Group: 25 named: \"PANEL_REF25\"
    Script: Initialize
    Library: C:\\BS_Husky_Proj\\Bancarevo\\scripts\\libs\\basicMethods.ctl
    Line: 3, dpGet, System1: K5L.settings.isActive)"]
2018.10.02 14:26:37.730["[Log] ERROR at getDP: Failed to get dp <System1: K4L.settings.isActive>. (DP does not exist, 
    Module: _QuickTest_
    Panel: C:\\BS_Husky_Proj\\Bancarevo\\panels\\MainPanels\\Bancarevo.pnl [MainPanels\\Bancarevo.pnl]
    In reference: objects/Camera/Camera_ref.pnl Group: 26 named: \"PANEL_REF26\"
    Script: Initialize
    Library: C:\\BS_Husky_Proj\\Bancarevo\\scripts\\libs\\basicMethods.ctl
    Line: 3, dpGet, System1: K4L.settings.isActive)"]
2018.10.02 14:26:37.731["[Log] ERROR at getDP: Failed to get dp <System1: K3L.settings.isActive>. (DP does not exist, 
    Module: _QuickTest_
    Panel: C:\\BS_Husky_Proj\\Bancarevo\\panels\\MainPanels\\Bancarevo.pnl [MainPanels\\Bancarevo.pnl]
    In reference: objects/Camera/Camera_ref.pnl Group: 27 named: \"PANEL_REF27\"
    Script: Initialize
    Library: C:\\BS_Husky_Proj\\Bancarevo\\scripts\\libs\\basicMethods.ctl
    Line: 3, dpGet, System1: K3L.settings.isActive)"]
2018.10.02 14:26:37.731["[Log] ERROR at getDP: Failed to get dp <System1: K2L.settings.isActive>. (DP does not exist, 
    Module: _QuickTest_
    Panel: C:\\BS_Husky_Proj\\Bancarevo\\panels\\MainPanels\\Bancarevo.pnl [MainPanels\\Bancarevo.pnl]
    In reference: objects/Camera/Camera_ref.pnl Group: 28 named: \"PANEL_REF28\"
    Script: Initialize
    Library: C:\\BS_Husky_Proj\\Bancarevo\\scripts\\libs\\basicMethods.ctl
    Line: 3, dpGet, System1: K2L.settings.isActive)"]
2018.10.02 14:26:37.732["[Log] ERROR at getDP: Failed to get dp <System1: K1L.settings.isActive>. (DP does not exist, 
    Module: _QuickTest_
    Panel: C:\\BS_Husky_Proj\\Bancarevo\\panels\\MainPanels\\Bancarevo.pnl [MainPanels\\Bancarevo.pnl]
    In reference: objects/Camera/Camera_ref.pnl Group: 29 named: \"PANEL_REF29\"
    Script: Initialize
    Library: C:\\BS_Husky_Proj\\Bancarevo\\scripts\\libs\\basicMethods.ctl
    Line: 3, dpGet, System1: K1L.settings.isActive)"]
2018.10.02 14:26:37.732["System1"]
2018.10.02 14:26:37.789["[Log] ERROR at main: Could not load settings from camera K1D"]
2018.10.02 14:26:37.790["[Log] WARNING at main: Error in calling dpConnect while checking camera activity"]
2018.10.02 14:26:37.790["[Log] ERROR at main: Could not load settings from camera K2D"]
2018.10.02 14:26:37.790["[Log] WARNING at main: Error in calling dpConnect while checking camera activity"]
2018.10.02 14:26:37.790["[Log] ERROR at main: Could not load settings from camera K3D"]
2018.10.02 14:26:37.791["[Log] WARNING at main: Error in calling dpConnect while checking camera activity"]
2018.10.02 14:26:37.791["[Log] ERROR at main: Could not load settings from camera K4D"]
2018.10.02 14:26:37.791["[Log] WARNING at main: Error in calling dpConnect while checking camera activity"]
2018.10.02 14:26:37.791["[Log] ERROR at main: Could not load settings from camera K5D"]
2018.10.02 14:26:37.792["[Log] WARNING at main: Error in calling dpConnect while checking camera activity"]
2018.10.02 14:26:37.792["[Log] ERROR at main: Could not load settings from camera K6D"]
2018.10.02 14:26:37.792["[Log] WARNING at main: Error in calling dpConnect while checking camera activity"]
2018.10.02 14:26:37.792["[Log] ERROR at main: Could not load settings from camera K7D"]
2018.10.02 14:26:37.792["[Log] WARNING at main: Error in calling dpConnect while checking camera activity"]
2018.10.02 14:26:37.792["[Log] ERROR at main: Could not load settings from camera K12D"]
2018.10.02 14:26:37.793["[Log] WARNING at main: Error in calling dpConnect while checking camera activity"]
2018.10.02 14:26:37.793["[Log] ERROR at main: Could not load settings from camera K11D"]
2018.10.02 14:26:37.793["[Log] WARNING at main: Error in calling dpConnect while checking camera activity"]
2018.10.02 14:26:37.793["[Log] ERROR at main: Could not load settings from camera K10D"]
2018.10.02 14:26:37.794["[Log] WARNING at main: Error in calling dpConnect while checking camera activity"]
2018.10.02 14:26:37.794["[Log] ERROR at main: Could not load settings from camera K9D"]
2018.10.02 14:26:37.794["[Log] WARNING at main: Error in calling dpConnect while checking camera activity"]
2018.10.02 14:26:37.794["[Log] ERROR at main: Could not load settings from camera K15D"]
2018.10.02 14:26:37.794["[Log] WARNING at main: Error in calling dpConnect while checking camera activity"]
2018.10.02 14:26:37.794["[Log] ERROR at main: Could not load settings from camera K14D"]
2018.10.02 14:26:37.795["[Log] WARNING at main: Error in calling dpConnect while checking camera activity"]
2018.10.02 14:26:37.795["[Log] ERROR at main: Could not load settings from camera K13D"]
2018.10.02 14:26:37.795["[Log] WARNING at main: Error in calling dpConnect while checking camera activity"]
2018.10.02 14:26:37.795["[Log] ERROR at main: Could not load settings from camera K15L"]
2018.10.02 14:26:37.796["[Log] WARNING at main: Error in calling dpConnect while checking camera activity"]
2018.10.02 14:26:37.796["[Log] ERROR at main: Could not load settings from camera K14L"]
2018.10.02 14:26:37.796["[Log] WARNING at main: Error in calling dpConnect while checking camera activity"]
2018.10.02 14:26:37.796["[Log] ERROR at main: Could not load settings from camera K13L"]
2018.10.02 14:26:37.796["[Log] WARNING at main: Error in calling dpConnect while checking camera activity"]
2018.10.02 14:26:37.797["[Log] ERROR at main: Could not load settings from camera K12L"]
2018.10.02 14:26:37.797["[Log] WARNING at main: Error in calling dpConnect while checking camera activity"]
2018.10.02 14:26:37.797["[Log] ERROR at main: Could not load settings from camera K11L"]
2018.10.02 14:26:37.797["[Log] WARNING at main: Error in calling dpConnect while checking camera activity"]
2018.10.02 14:26:37.797["[Log] ERROR at main: Could not load settings from camera K10L"]
2018.10.02 14:26:37.798["[Log] WARNING at main: Error in calling dpConnect while checking camera activity"]
2018.10.02 14:26:37.798["[Log] ERROR at main: Could not load settings from camera K8L"]
2018.10.02 14:26:37.798["[Log] WARNING at main: Error in calling dpConnect while checking camera activity"]
2018.10.02 14:26:37.798["[Log] ERROR at main: Could not load settings from camera K7L"]
2018.10.02 14:26:37.800["[Log] WARNING at main: Error in calling dpConnect while checking camera activity"]
2018.10.02 14:26:37.800["[Log] ERROR at main: Could not load settings from camera K6L"]
2018.10.02 14:26:37.800["[Log] WARNING at main: Error in calling dpConnect while checking camera activity"]
2018.10.02 14:26:37.800["[Log] ERROR at main: Could not load settings from camera K5L"]
2018.10.02 14:26:37.801["[Log] WARNING at main: Error in calling dpConnect while checking camera activity"]
2018.10.02 14:26:37.801["[Log] ERROR at main: Could not load settings from camera K4L"]
2018.10.02 14:26:37.801["[Log] WARNING at main: Error in calling dpConnect while checking camera activity"]
2018.10.02 14:26:37.801["[Log] ERROR at main: Could not load settings from camera K3L"]
2018.10.02 14:26:37.801["[Log] WARNING at main: Error in calling dpConnect while checking camera activity"]
2018.10.02 14:26:37.801["[Log] ERROR at main: Could not load settings from camera K2L"]
2018.10.02 14:26:37.801["[Log] WARNING at main: Error in calling dpConnect while checking camera activity"]
2018.10.02 14:26:37.801["[Log] ERROR at main: Could not load settings from camera K1L"]
2018.10.02 14:26:37.802["[Log] WARNING at main: Error in calling dpConnect while checking camera activity"]
2018.10.02 14:26:37.802["[Log] ERROR at dpExists: Datapoint does not exist <System1:SOS-1D.state.phoneState>."]
[""]
2018.10.02 14:27:24.767["[Log] ERROR at getDP: Failed to get dp <SysBancarevoK15L.settings.isActive>. (DP does not exist, 
    Module: Vision_47
    Panel: C:\\BS_Husky_Proj\\Bancarevo\\panels\\Camera\\Camera.pnl [Status za kameru]
    Script: Initialize
    Library: C:\\BS_Husky_Proj\\Bancarevo\\scripts\\libs\\basicMethods.ctl
    Line: 3, dpGet, SysBancarevoK15L.settings.isActive)"]
2018.10.02 14:27:24.778["[Log] ERROR at main: Could not load settings from camera K15L"]
2018.10.02 14:27:24.779["[Log] WARNING at main: Error in calling dpConnect while checking camera activity"]
[""]
2018.10.02 14:28:34.377["[Log] ERROR at getDP: Failed to get dp <SysBancarevo: K1D.settings.isActive>. (DP does not exist, 
    Module: _QuickTest_
    Panel: C:\\BS_Husky_Proj\\Bancarevo\\panels\\MainPanels\\Bancarevo.pnl [MainPanels\\Bancarevo.pnl]
    In reference: objects/Camera/Camera_ref.pnl Group: 0 named: \"PANEL_REF0\"
    Script: Initialize
    Library: C:\\BS_Husky_Proj\\Bancarevo\\scripts\\libs\\basicMethods.ctl
    Line: 3, dpGet, SysBancarevo: K1D.settings.isActive)"]
2018.10.02 14:28:34.377["[Log] ERROR at getDP: Failed to get dp <SysBancarevo: K2D.settings.isActive>. (DP does not exist, 
    Module: _QuickTest_
    Panel: C:\\BS_Husky_Proj\\Bancarevo\\panels\\MainPanels\\Bancarevo.pnl [MainPanels\\Bancarevo.pnl]
    In reference: objects/Camera/Camera_ref.pnl Group: 1 named: \"PANEL_REF1\"
    Script: Initialize
    Library: C:\\BS_Husky_Proj\\Bancarevo\\scripts\\libs\\basicMethods.ctl
    Line: 3, dpGet, SysBancarevo: K2D.settings.isActive)"]
2018.10.02 14:28:34.377["[Log] ERROR at getDP: Failed to get dp <SysBancarevo: K3D.settings.isActive>. (DP does not exist, 
    Module: _QuickTest_
    Panel: C:\\BS_Husky_Proj\\Bancarevo\\panels\\MainPanels\\Bancarevo.pnl [MainPanels\\Bancarevo.pnl]
    In reference: objects/Camera/Camera_ref.pnl Group: 2 named: \"PANEL_REF2\"
    Script: Initialize
    Library: C:\\BS_Husky_Proj\\Bancarevo\\scripts\\libs\\basicMethods.ctl
    Line: 3, dpGet, SysBancarevo: K3D.settings.isActive)"]
2018.10.02 14:28:34.378["[Log] ERROR at getDP: Failed to get dp <SysBancarevo: K4D.settings.isActive>. (DP does not exist, 
    Module: _QuickTest_
    Panel: C:\\BS_Husky_Proj\\Bancarevo\\panels\\MainPanels\\Bancarevo.pnl [MainPanels\\Bancarevo.pnl]
    In reference: objects/Camera/Camera_ref.pnl Group: 3 named: \"PANEL_REF3\"
    Script: Initialize
    Library: C:\\BS_Husky_Proj\\Bancarevo\\scripts\\libs\\basicMethods.ctl
    Line: 3, dpGet, SysBancarevo: K4D.settings.isActive)"]
2018.10.02 14:28:34.378["[Log] ERROR at getDP: Failed to get dp <SysBancarevo: K5D.settings.isActive>. (DP does not exist, 
    Module: _QuickTest_
    Panel: C:\\BS_Husky_Proj\\Bancarevo\\panels\\MainPanels\\Bancarevo.pnl [MainPanels\\Bancarevo.pnl]
    In reference: objects/Camera/Camera_ref.pnl Group: 4 named: \"PANEL_REF4\"
    Script: Initialize
    Library: C:\\BS_Husky_Proj\\Bancarevo\\scripts\\libs\\basicMethods.ctl
    Line: 3, dpGet, SysBancarevo: K5D.settings.isActive)"]
2018.10.02 14:28:34.379["[Log] ERROR at getDP: Failed to get dp <SysBancarevo: K6D.settings.isActive>. (DP does not exist, 
    Module: _QuickTest_
    Panel: C:\\BS_Husky_Proj\\Bancarevo\\panels\\MainPanels\\Bancarevo.pnl [MainPanels\\Bancarevo.pnl]
    In reference: objects/Camera/Camera_ref.pnl Group: 5 named: \"PANEL_REF5\"
    Script: Initialize
    Library: C:\\BS_Husky_Proj\\Bancarevo\\scripts\\libs\\basicMethods.ctl
    Line: 3, dpGet, SysBancarevo: K6D.settings.isActive)"]
2018.10.02 14:28:34.379["[Log] ERROR at getDP: Failed to get dp <SysBancarevo: K7D.settings.isActive>. (DP does not exist, 
    Module: _QuickTest_
    Panel: C:\\BS_Husky_Proj\\Bancarevo\\panels\\MainPanels\\Bancarevo.pnl [MainPanels\\Bancarevo.pnl]
    In reference: objects/Camera/Camera_ref.pnl Group: 6 named: \"PANEL_REF6\"
    Script: Initialize
    Library: C:\\BS_Husky_Proj\\Bancarevo\\scripts\\libs\\basicMethods.ctl
    Line: 3, dpGet, SysBancarevo: K7D.settings.isActive)"]
2018.10.02 14:28:34.379["[Log] ERROR at getDP: Failed to get dp <SysBancarevo: K12D.settings.isActive>. (DP does not exist, 
    Module: _QuickTest_
    Panel: C:\\BS_Husky_Proj\\Bancarevo\\panels\\MainPanels\\Bancarevo.pnl [MainPanels\\Bancarevo.pnl]
    In reference: objects/Camera/Camera_ref.pnl Group: 7 named: \"PANEL_REF7\"
    Script: Initialize
    Library: C:\\BS_Husky_Proj\\Bancarevo\\scripts\\libs\\basicMethods.ctl
    Line: 3, dpGet, SysBancarevo: K12D.settings.isActive)"]
2018.10.02 14:28:34.380["[Log] ERROR at getDP: Failed to get dp <SysBancarevo: K11D.settings.isActive>. (DP does not exist, 
    Module: _QuickTest_
    Panel: C:\\BS_Husky_Proj\\Bancarevo\\panels\\MainPanels\\Bancarevo.pnl [MainPanels\\Bancarevo.pnl]
    In reference: objects/Camera/Camera_ref.pnl Group: 8 named: \"PANEL_REF8\"
    Script: Initialize
    Library: C:\\BS_Husky_Proj\\Bancarevo\\scripts\\libs\\basicMethods.ctl
    Line: 3, dpGet, SysBancarevo: K11D.settings.isActive)"]
2018.10.02 14:28:34.380["[Log] ERROR at getDP: Failed to get dp <SysBancarevo: K10D.settings.isActive>. (DP does not exist, 
    Module: _QuickTest_
    Panel: C:\\BS_Husky_Proj\\Bancarevo\\panels\\MainPanels\\Bancarevo.pnl [MainPanels\\Bancarevo.pnl]
    In reference: objects/Camera/Camera_ref.pnl Group: 9 named: \"PANEL_REF9\"
    Script: Initialize
    Library: C:\\BS_Husky_Proj\\Bancarevo\\scripts\\libs\\basicMethods.ctl
    Line: 3, dpGet, SysBancarevo: K10D.settings.isActive)"]
2018.10.02 14:28:34.380["[Log] ERROR at getDP: Failed to get dp <SysBancarevo: K9D.settings.isActive>. (DP does not exist, 
    Module: _QuickTest_
    Panel: C:\\BS_Husky_Proj\\Bancarevo\\panels\\MainPanels\\Bancarevo.pnl [MainPanels\\Bancarevo.pnl]
    In reference: objects/Camera/Camera_ref.pnl Group: 10 named: \"PANEL_REF10\"
    Script: Initialize
    Library: C:\\BS_Husky_Proj\\Bancarevo\\scripts\\libs\\basicMethods.ctl
    Line: 3, dpGet, SysBancarevo: K9D.settings.isActive)"]
2018.10.02 14:28:34.381["[Log] ERROR at getDP: Failed to get dp <SysBancarevo: K15D.settings.isActive>. (DP does not exist, 
    Module: _QuickTest_
    Panel: C:\\BS_Husky_Proj\\Bancarevo\\panels\\MainPanels\\Bancarevo.pnl [MainPanels\\Bancarevo.pnl]
    In reference: objects/Camera/Camera_ref.pnl Group: 12 named: \"PANEL_REF12\"
    Script: Initialize
    Library: C:\\BS_Husky_Proj\\Bancarevo\\scripts\\libs\\basicMethods.ctl
    Line: 3, dpGet, SysBancarevo: K15D.settings.isActive)"]
2018.10.02 14:28:34.381["[Log] ERROR at getDP: Failed to get dp <SysBancarevo: K14D.settings.isActive>. (DP does not exist, 
    Module: _QuickTest_
    Panel: C:\\BS_Husky_Proj\\Bancarevo\\panels\\MainPanels\\Bancarevo.pnl [MainPanels\\Bancarevo.pnl]
    In reference: objects/Camera/Camera_ref.pnl Group: 13 named: \"PANEL_REF13\"
    Script: Initialize
    Library: C:\\BS_Husky_Proj\\Bancarevo\\scripts\\libs\\basicMethods.ctl
    Line: 3, dpGet, SysBancarevo: K14D.settings.isActive)"]
2018.10.02 14:28:34.381["[Log] ERROR at getDP: Failed to get dp <SysBancarevo: K13D.settings.isActive>. (DP does not exist, 
    Module: _QuickTest_
    Panel: C:\\BS_Husky_Proj\\Bancarevo\\panels\\MainPanels\\Bancarevo.pnl [MainPanels\\Bancarevo.pnl]
    In reference: objects/Camera/Camera_ref.pnl Group: 14 named: \"PANEL_REF14\"
    Script: Initialize
    Library: C:\\BS_Husky_Proj\\Bancarevo\\scripts\\libs\\basicMethods.ctl
    Line: 3, dpGet, SysBancarevo: K13D.settings.isActive)"]
2018.10.02 14:28:34.382["[Log] ERROR at getDP: Failed to get dp <SysBancarevo: K15L.settings.isActive>. (DP does not exist, 
    Module: _QuickTest_
    Panel: C:\\BS_Husky_Proj\\Bancarevo\\panels\\MainPanels\\Bancarevo.pnl [MainPanels\\Bancarevo.pnl]
    In reference: objects/Camera/Camera_ref.pnl Group: 16 named: \"PANEL_REF16\"
    Script: Initialize
    Library: C:\\BS_Husky_Proj\\Bancarevo\\scripts\\libs\\basicMethods.ctl
    Line: 3, dpGet, SysBancarevo: K15L.settings.isActive)"]
2018.10.02 14:28:34.382["[Log] ERROR at getDP: Failed to get dp <SysBancarevo: K14L.settings.isActive>. (DP does not exist, 
    Module: _QuickTest_
    Panel: C:\\BS_Husky_Proj\\Bancarevo\\panels\\MainPanels\\Bancarevo.pnl [MainPanels\\Bancarevo.pnl]
    In reference: objects/Camera/Camera_ref.pnl Group: 17 named: \"PANEL_REF17\"
    Script: Initialize
    Library: C:\\BS_Husky_Proj\\Bancarevo\\scripts\\libs\\basicMethods.ctl
    Line: 3, dpGet, SysBancarevo: K14L.settings.isActive)"]
2018.10.02 14:28:34.382["[Log] ERROR at getDP: Failed to get dp <SysBancarevo: K13L.settings.isActive>. (DP does not exist, 
    Module: _QuickTest_
    Panel: C:\\BS_Husky_Proj\\Bancarevo\\panels\\MainPanels\\Bancarevo.pnl [MainPanels\\Bancarevo.pnl]
    In reference: objects/Camera/Camera_ref.pnl Group: 18 named: \"PANEL_REF18\"
    Script: Initialize
    Library: C:\\BS_Husky_Proj\\Bancarevo\\scripts\\libs\\basicMethods.ctl
    Line: 3, dpGet, SysBancarevo: K13L.settings.isActive)"]
2018.10.02 14:28:34.383["[Log] ERROR at getDP: Failed to get dp <SysBancarevo: K12L.settings.isActive>. (DP does not exist, 
    Module: _QuickTest_
    Panel: C:\\BS_Husky_Proj\\Bancarevo\\panels\\MainPanels\\Bancarevo.pnl [MainPanels\\Bancarevo.pnl]
    In reference: objects/Camera/Camera_ref.pnl Group: 19 named: \"PANEL_REF19\"
    Script: Initialize
    Library: C:\\BS_Husky_Proj\\Bancarevo\\scripts\\libs\\basicMethods.ctl
    Line: 3, dpGet, SysBancarevo: K12L.settings.isActive)"]
2018.10.02 14:28:34.383["[Log] ERROR at getDP: Failed to get dp <SysBancarevo: K11L.settings.isActive>. (DP does not exist, 
    Module: _QuickTest_
    Panel: C:\\BS_Husky_Proj\\Bancarevo\\panels\\MainPanels\\Bancarevo.pnl [MainPanels\\Bancarevo.pnl]
    In reference: objects/Camera/Camera_ref.pnl Group: 20 named: \"PANEL_REF20\"
    Script: Initialize
    Library: C:\\BS_Husky_Proj\\Bancarevo\\scripts\\libs\\basicMethods.ctl
    Line: 3, dpGet, SysBancarevo: K11L.settings.isActive)"]
2018.10.02 14:28:34.384["[Log] ERROR at getDP: Failed to get dp <SysBancarevo: K10L.settings.isActive>. (DP does not exist, 
    Module: _QuickTest_
    Panel: C:\\BS_Husky_Proj\\Bancarevo\\panels\\MainPanels\\Bancarevo.pnl [MainPanels\\Bancarevo.pnl]
    In reference: objects/Camera/Camera_ref.pnl Group: 21 named: \"PANEL_REF21\"
    Script: Initialize
    Library: C:\\BS_Husky_Proj\\Bancarevo\\scripts\\libs\\basicMethods.ctl
    Line: 3, dpGet, SysBancarevo: K10L.settings.isActive)"]
2018.10.02 14:28:34.384["[Log] ERROR at getDP: Failed to get dp <SysBancarevo: K8L.settings.isActive>. (DP does not exist, 
    Module: _QuickTest_
    Panel: C:\\BS_Husky_Proj\\Bancarevo\\panels\\MainPanels\\Bancarevo.pnl [MainPanels\\Bancarevo.pnl]
    In reference: objects/Camera/Camera_ref.pnl Group: 22 named: \"PANEL_REF22\"
    Script: Initialize
    Library: C:\\BS_Husky_Proj\\Bancarevo\\scripts\\libs\\basicMethods.ctl
    Line: 3, dpGet, SysBancarevo: K8L.settings.isActive)"]
2018.10.02 14:28:34.384["[Log] ERROR at getDP: Failed to get dp <SysBancarevo: K7L.settings.isActive>. (DP does not exist, 
    Module: _QuickTest_
    Panel: C:\\BS_Husky_Proj\\Bancarevo\\panels\\MainPanels\\Bancarevo.pnl [MainPanels\\Bancarevo.pnl]
    In reference: objects/Camera/Camera_ref.pnl Group: 23 named: \"PANEL_REF23\"
    Script: Initialize
    Library: C:\\BS_Husky_Proj\\Bancarevo\\scripts\\libs\\basicMethods.ctl
    Line: 3, dpGet, SysBancarevo: K7L.settings.isActive)"]
2018.10.02 14:28:34.385["[Log] ERROR at getDP: Failed to get dp <SysBancarevo: K6L.settings.isActive>. (DP does not exist, 
    Module: _QuickTest_
    Panel: C:\\BS_Husky_Proj\\Bancarevo\\panels\\MainPanels\\Bancarevo.pnl [MainPanels\\Bancarevo.pnl]
    In reference: objects/Camera/Camera_ref.pnl Group: 24 named: \"PANEL_REF24\"
    Script: Initialize
    Library: C:\\BS_Husky_Proj\\Bancarevo\\scripts\\libs\\basicMethods.ctl
    Line: 3, dpGet, SysBancarevo: K6L.settings.isActive)"]
2018.10.02 14:28:34.385["[Log] ERROR at getDP: Failed to get dp <SysBancarevo: K5L.settings.isActive>. (DP does not exist, 
    Module: _QuickTest_
    Panel: C:\\BS_Husky_Proj\\Bancarevo\\panels\\MainPanels\\Bancarevo.pnl [MainPanels\\Bancarevo.pnl]
    In reference: objects/Camera/Camera_ref.pnl Group: 25 named: \"PANEL_REF25\"
    Script: Initialize
    Library: C:\\BS_Husky_Proj\\Bancarevo\\scripts\\libs\\basicMethods.ctl
    Line: 3, dpGet, SysBancarevo: K5L.settings.isActive)"]
2018.10.02 14:28:34.385["[Log] ERROR at getDP: Failed to get dp <SysBancarevo: K4L.settings.isActive>. (DP does not exist, 
    Module: _QuickTest_
    Panel: C:\\BS_Husky_Proj\\Bancarevo\\panels\\MainPanels\\Bancarevo.pnl [MainPanels\\Bancarevo.pnl]
    In reference: objects/Camera/Camera_ref.pnl Group: 26 named: \"PANEL_REF26\"
    Script: Initialize
    Library: C:\\BS_Husky_Proj\\Bancarevo\\scripts\\libs\\basicMethods.ctl
    Line: 3, dpGet, SysBancarevo: K4L.settings.isActive)"]
2018.10.02 14:28:34.386["[Log] ERROR at getDP: Failed to get dp <SysBancarevo: K3L.settings.isActive>. (DP does not exist, 
    Module: _QuickTest_
    Panel: C:\\BS_Husky_Proj\\Bancarevo\\panels\\MainPanels\\Bancarevo.pnl [MainPanels\\Bancarevo.pnl]
    In reference: objects/Camera/Camera_ref.pnl Group: 27 named: \"PANEL_REF27\"
    Script: Initialize
    Library: C:\\BS_Husky_Proj\\Bancarevo\\scripts\\libs\\basicMethods.ctl
    Line: 3, dpGet, SysBancarevo: K3L.settings.isActive)"]
2018.10.02 14:28:34.386["[Log] ERROR at getDP: Failed to get dp <SysBancarevo: K2L.settings.isActive>. (DP does not exist, 
    Module: _QuickTest_
    Panel: C:\\BS_Husky_Proj\\Bancarevo\\panels\\MainPanels\\Bancarevo.pnl [MainPanels\\Bancarevo.pnl]
    In reference: objects/Camera/Camera_ref.pnl Group: 28 named: \"PANEL_REF28\"
    Script: Initialize
    Library: C:\\BS_Husky_Proj\\Bancarevo\\scripts\\libs\\basicMethods.ctl
    Line: 3, dpGet, SysBancarevo: K2L.settings.isActive)"]
2018.10.02 14:28:34.387["[Log] ERROR at getDP: Failed to get dp <SysBancarevo: K1L.settings.isActive>. (DP does not exist, 
    Module: _QuickTest_
    Panel: C:\\BS_Husky_Proj\\Bancarevo\\panels\\MainPanels\\Bancarevo.pnl [MainPanels\\Bancarevo.pnl]
    In reference: objects/Camera/Camera_ref.pnl Group: 29 named: \"PANEL_REF29\"
    Script: Initialize
    Library: C:\\BS_Husky_Proj\\Bancarevo\\scripts\\libs\\basicMethods.ctl
    Line: 3, dpGet, SysBancarevo: K1L.settings.isActive)"]
2018.10.02 14:28:34.387["SysBancarevo"]
2018.10.02 14:28:34.440["[Log] ERROR at main: Could not load settings from camera K1D"]
2018.10.02 14:28:34.441["[Log] WARNING at main: Error in calling dpConnect while checking camera activity"]
2018.10.02 14:28:34.441["[Log] ERROR at main: Could not load settings from camera K2D"]
2018.10.02 14:28:34.441["[Log] WARNING at main: Error in calling dpConnect while checking camera activity"]
2018.10.02 14:28:34.441["[Log] ERROR at main: Could not load settings from camera K3D"]
2018.10.02 14:28:34.441["[Log] WARNING at main: Error in calling dpConnect while checking camera activity"]
2018.10.02 14:28:34.441["[Log] ERROR at main: Could not load settings from camera K4D"]
2018.10.02 14:28:34.441["[Log] WARNING at main: Error in calling dpConnect while checking camera activity"]
2018.10.02 14:28:34.442["[Log] ERROR at main: Could not load settings from camera K5D"]
2018.10.02 14:28:34.442["[Log] WARNING at main: Error in calling dpConnect while checking camera activity"]
2018.10.02 14:28:34.442["[Log] ERROR at main: Could not load settings from camera K6D"]
2018.10.02 14:28:34.442["[Log] WARNING at main: Error in calling dpConnect while checking camera activity"]
2018.10.02 14:28:34.442["[Log] ERROR at main: Could not load settings from camera K7D"]
2018.10.02 14:28:34.442["[Log] WARNING at main: Error in calling dpConnect while checking camera activity"]
2018.10.02 14:28:34.442["[Log] ERROR at main: Could not load settings from camera K12D"]
2018.10.02 14:28:34.442["[Log] WARNING at main: Error in calling dpConnect while checking camera activity"]
2018.10.02 14:28:34.442["[Log] ERROR at main: Could not load settings from camera K11D"]
2018.10.02 14:28:34.442["[Log] WARNING at main: Error in calling dpConnect while checking camera activity"]
2018.10.02 14:28:34.442["[Log] ERROR at main: Could not load settings from camera K10D"]
2018.10.02 14:28:34.443["[Log] WARNING at main: Error in calling dpConnect while checking camera activity"]
2018.10.02 14:28:34.443["[Log] ERROR at main: Could not load settings from camera K9D"]
2018.10.02 14:28:34.443["[Log] WARNING at main: Error in calling dpConnect while checking camera activity"]
2018.10.02 14:28:34.443["[Log] ERROR at main: Could not load settings from camera K15D"]
2018.10.02 14:28:34.443["[Log] WARNING at main: Error in calling dpConnect while checking camera activity"]
2018.10.02 14:28:34.443["[Log] ERROR at main: Could not load settings from camera K14D"]
2018.10.02 14:28:34.443["[Log] WARNING at main: Error in calling dpConnect while checking camera activity"]
2018.10.02 14:28:34.443["[Log] ERROR at main: Could not load settings from camera K13D"]
2018.10.02 14:28:34.443["[Log] WARNING at main: Error in calling dpConnect while checking camera activity"]
2018.10.02 14:28:34.443["[Log] ERROR at main: Could not load settings from camera K15L"]
2018.10.02 14:28:34.443["[Log] WARNING at main: Error in calling dpConnect while checking camera activity"]
2018.10.02 14:28:34.443["[Log] ERROR at main: Could not load settings from camera K14L"]
2018.10.02 14:28:34.444["[Log] WARNING at main: Error in calling dpConnect while checking camera activity"]
2018.10.02 14:28:34.444["[Log] ERROR at main: Could not load settings from camera K13L"]
2018.10.02 14:28:34.444["[Log] WARNING at main: Error in calling dpConnect while checking camera activity"]
2018.10.02 14:28:34.444["[Log] ERROR at main: Could not load settings from camera K12L"]
2018.10.02 14:28:34.444["[Log] WARNING at main: Error in calling dpConnect while checking camera activity"]
2018.10.02 14:28:34.444["[Log] ERROR at main: Could not load settings from camera K11L"]
2018.10.02 14:28:34.445["[Log] WARNING at main: Error in calling dpConnect while checking camera activity"]
2018.10.02 14:28:34.445["[Log] ERROR at main: Could not load settings from camera K10L"]
2018.10.02 14:28:34.446["[Log] WARNING at main: Error in calling dpConnect while checking camera activity"]
2018.10.02 14:28:34.446["[Log] ERROR at main: Could not load settings from camera K8L"]
2018.10.02 14:28:34.447["[Log] WARNING at main: Error in calling dpConnect while checking camera activity"]
2018.10.02 14:28:34.447["[Log] ERROR at main: Could not load settings from camera K7L"]
2018.10.02 14:28:34.447["[Log] WARNING at main: Error in calling dpConnect while checking camera activity"]
2018.10.02 14:28:34.447["[Log] ERROR at main: Could not load settings from camera K6L"]
2018.10.02 14:28:34.447["[Log] WARNING at main: Error in calling dpConnect while checking camera activity"]
2018.10.02 14:28:34.448["[Log] ERROR at main: Could not load settings from camera K5L"]
2018.10.02 14:28:34.448["[Log] WARNING at main: Error in calling dpConnect while checking camera activity"]
2018.10.02 14:28:34.448["[Log] ERROR at main: Could not load settings from camera K4L"]
2018.10.02 14:28:34.448["[Log] WARNING at main: Error in calling dpConnect while checking camera activity"]
2018.10.02 14:28:34.448["[Log] ERROR at main: Could not load settings from camera K3L"]
2018.10.02 14:28:34.449["[Log] WARNING at main: Error in calling dpConnect while checking camera activity"]
2018.10.02 14:28:34.449["[Log] ERROR at main: Could not load settings from camera K2L"]
2018.10.02 14:28:34.450["[Log] WARNING at main: Error in calling dpConnect while checking camera activity"]
2018.10.02 14:28:34.450["[Log] ERROR at main: Could not load settings from camera K1L"]
2018.10.02 14:28:34.451["[Log] WARNING at main: Error in calling dpConnect while checking camera activity"]
[""]
2018.10.02 14:56:06.810["[Log] ERROR at getDP: Failed to get dp <SysBancarevoK1D.settings.isActive>. (DP does not exist, 
    Module: _QuickTest_
    Panel: C:\\BS_Husky_Proj\\Bancarevo\\panels\\MainPanels\\Bancarevo.pnl [MainPanels\\Bancarevo.pnl]
    In reference: objects/Camera/Camera_ref.pnl Group: 0 named: \"PANEL_REF0\"
    Script: Initialize
    Library: C:\\BS_Husky_Proj\\Bancarevo\\scripts\\libs\\basicMethods.ctl
    Line: 3, dpGet, SysBancarevoK1D.settings.isActive)"]
2018.10.02 14:56:06.811["[Log] ERROR at getDP: Failed to get dp <SysBancarevoK2D.settings.isActive>. (DP does not exist, 
    Module: _QuickTest_
    Panel: C:\\BS_Husky_Proj\\Bancarevo\\panels\\MainPanels\\Bancarevo.pnl [MainPanels\\Bancarevo.pnl]
    In reference: objects/Camera/Camera_ref.pnl Group: 1 named: \"PANEL_REF1\"
    Script: Initialize
    Library: C:\\BS_Husky_Proj\\Bancarevo\\scripts\\libs\\basicMethods.ctl
    Line: 3, dpGet, SysBancarevoK2D.settings.isActive)"]
2018.10.02 14:56:06.811["[Log] ERROR at getDP: Failed to get dp <SysBancarevoK3D.settings.isActive>. (DP does not exist, 
    Module: _QuickTest_
    Panel: C:\\BS_Husky_Proj\\Bancarevo\\panels\\MainPanels\\Bancarevo.pnl [MainPanels\\Bancarevo.pnl]
    In reference: objects/Camera/Camera_ref.pnl Group: 2 named: \"PANEL_REF2\"
    Script: Initialize
    Library: C:\\BS_Husky_Proj\\Bancarevo\\scripts\\libs\\basicMethods.ctl
    Line: 3, dpGet, SysBancarevoK3D.settings.isActive)"]
2018.10.02 14:56:06.811["[Log] ERROR at getDP: Failed to get dp <SysBancarevoK4D.settings.isActive>. (DP does not exist, 
    Module: _QuickTest_
    Panel: C:\\BS_Husky_Proj\\Bancarevo\\panels\\MainPanels\\Bancarevo.pnl [MainPanels\\Bancarevo.pnl]
    In reference: objects/Camera/Camera_ref.pnl Group: 3 named: \"PANEL_REF3\"
    Script: Initialize
    Library: C:\\BS_Husky_Proj\\Bancarevo\\scripts\\libs\\basicMethods.ctl
    Line: 3, dpGet, SysBancarevoK4D.settings.isActive)"]
2018.10.02 14:56:06.812["[Log] ERROR at getDP: Failed to get dp <SysBancarevoK5D.settings.isActive>. (DP does not exist, 
    Module: _QuickTest_
    Panel: C:\\BS_Husky_Proj\\Bancarevo\\panels\\MainPanels\\Bancarevo.pnl [MainPanels\\Bancarevo.pnl]
    In reference: objects/Camera/Camera_ref.pnl Group: 4 named: \"PANEL_REF4\"
    Script: Initialize
    Library: C:\\BS_Husky_Proj\\Bancarevo\\scripts\\libs\\basicMethods.ctl
    Line: 3, dpGet, SysBancarevoK5D.settings.isActive)"]
2018.10.02 14:56:06.812["[Log] ERROR at getDP: Failed to get dp <SysBancarevoK6D.settings.isActive>. (DP does not exist, 
    Module: _QuickTest_
    Panel: C:\\BS_Husky_Proj\\Bancarevo\\panels\\MainPanels\\Bancarevo.pnl [MainPanels\\Bancarevo.pnl]
    In reference: objects/Camera/Camera_ref.pnl Group: 5 named: \"PANEL_REF5\"
    Script: Initialize
    Library: C:\\BS_Husky_Proj\\Bancarevo\\scripts\\libs\\basicMethods.ctl
    Line: 3, dpGet, SysBancarevoK6D.settings.isActive)"]
2018.10.02 14:56:06.812["[Log] ERROR at getDP: Failed to get dp <SysBancarevoK7D.settings.isActive>. (DP does not exist, 
    Module: _QuickTest_
    Panel: C:\\BS_Husky_Proj\\Bancarevo\\panels\\MainPanels\\Bancarevo.pnl [MainPanels\\Bancarevo.pnl]
    In reference: objects/Camera/Camera_ref.pnl Group: 6 named: \"PANEL_REF6\"
    Script: Initialize
    Library: C:\\BS_Husky_Proj\\Bancarevo\\scripts\\libs\\basicMethods.ctl
    Line: 3, dpGet, SysBancarevoK7D.settings.isActive)"]
2018.10.02 14:56:06.813["[Log] ERROR at getDP: Failed to get dp <SysBancarevoK12D.settings.isActive>. (DP does not exist, 
    Module: _QuickTest_
    Panel: C:\\BS_Husky_Proj\\Bancarevo\\panels\\MainPanels\\Bancarevo.pnl [MainPanels\\Bancarevo.pnl]
    In reference: objects/Camera/Camera_ref.pnl Group: 7 named: \"PANEL_REF7\"
    Script: Initialize
    Library: C:\\BS_Husky_Proj\\Bancarevo\\scripts\\libs\\basicMethods.ctl
    Line: 3, dpGet, SysBancarevoK12D.settings.isActive)"]
2018.10.02 14:56:06.813["[Log] ERROR at getDP: Failed to get dp <SysBancarevoK11D.settings.isActive>. (DP does not exist, 
    Module: _QuickTest_
    Panel: C:\\BS_Husky_Proj\\Bancarevo\\panels\\MainPanels\\Bancarevo.pnl [MainPanels\\Bancarevo.pnl]
    In reference: objects/Camera/Camera_ref.pnl Group: 8 named: \"PANEL_REF8\"
    Script: Initialize
    Library: C:\\BS_Husky_Proj\\Bancarevo\\scripts\\libs\\basicMethods.ctl
    Line: 3, dpGet, SysBancarevoK11D.settings.isActive)"]
2018.10.02 14:56:06.814["[Log] ERROR at getDP: Failed to get dp <SysBancarevoK10D.settings.isActive>. (DP does not exist, 
    Module: _QuickTest_
    Panel: C:\\BS_Husky_Proj\\Bancarevo\\panels\\MainPanels\\Bancarevo.pnl [MainPanels\\Bancarevo.pnl]
    In reference: objects/Camera/Camera_ref.pnl Group: 9 named: \"PANEL_REF9\"
    Script: Initialize
    Library: C:\\BS_Husky_Proj\\Bancarevo\\scripts\\libs\\basicMethods.ctl
    Line: 3, dpGet, SysBancarevoK10D.settings.isActive)"]
2018.10.02 14:56:06.814["[Log] ERROR at getDP: Failed to get dp <SysBancarevoK9D.settings.isActive>. (DP does not exist, 
    Module: _QuickTest_
    Panel: C:\\BS_Husky_Proj\\Bancarevo\\panels\\MainPanels\\Bancarevo.pnl [MainPanels\\Bancarevo.pnl]
    In reference: objects/Camera/Camera_ref.pnl Group: 10 named: \"PANEL_REF10\"
    Script: Initialize
    Library: C:\\BS_Husky_Proj\\Bancarevo\\scripts\\libs\\basicMethods.ctl
    Line: 3, dpGet, SysBancarevoK9D.settings.isActive)"]
2018.10.02 14:56:06.814["[Log] ERROR at getDP: Failed to get dp <SysBancarevoK15D.settings.isActive>. (DP does not exist, 
    Module: _QuickTest_
    Panel: C:\\BS_Husky_Proj\\Bancarevo\\panels\\MainPanels\\Bancarevo.pnl [MainPanels\\Bancarevo.pnl]
    In reference: objects/Camera/Camera_ref.pnl Group: 12 named: \"PANEL_REF12\"
    Script: Initialize
    Library: C:\\BS_Husky_Proj\\Bancarevo\\scripts\\libs\\basicMethods.ctl
    Line: 3, dpGet, SysBancarevoK15D.settings.isActive)"]
2018.10.02 14:56:06.815["[Log] ERROR at getDP: Failed to get dp <SysBancarevoK14D.settings.isActive>. (DP does not exist, 
    Module: _QuickTest_
    Panel: C:\\BS_Husky_Proj\\Bancarevo\\panels\\MainPanels\\Bancarevo.pnl [MainPanels\\Bancarevo.pnl]
    In reference: objects/Camera/Camera_ref.pnl Group: 13 named: \"PANEL_REF13\"
    Script: Initialize
    Library: C:\\BS_Husky_Proj\\Bancarevo\\scripts\\libs\\basicMethods.ctl
    Line: 3, dpGet, SysBancarevoK14D.settings.isActive)"]
2018.10.02 14:56:06.815["[Log] ERROR at getDP: Failed to get dp <SysBancarevoK13D.settings.isActive>. (DP does not exist, 
    Module: _QuickTest_
    Panel: C:\\BS_Husky_Proj\\Bancarevo\\panels\\MainPanels\\Bancarevo.pnl [MainPanels\\Bancarevo.pnl]
    In reference: objects/Camera/Camera_ref.pnl Group: 14 named: \"PANEL_REF14\"
    Script: Initialize
    Library: C:\\BS_Husky_Proj\\Bancarevo\\scripts\\libs\\basicMethods.ctl
    Line: 3, dpGet, SysBancarevoK13D.settings.isActive)"]
2018.10.02 14:56:06.815["[Log] ERROR at getDP: Failed to get dp <SysBancarevoK15L.settings.isActive>. (DP does not exist, 
    Module: _QuickTest_
    Panel: C:\\BS_Husky_Proj\\Bancarevo\\panels\\MainPanels\\Bancarevo.pnl [MainPanels\\Bancarevo.pnl]
    In reference: objects/Camera/Camera_ref.pnl Group: 16 named: \"PANEL_REF16\"
    Script: Initialize
    Library: C:\\BS_Husky_Proj\\Bancarevo\\scripts\\libs\\basicMethods.ctl
    Line: 3, dpGet, SysBancarevoK15L.settings.isActive)"]
2018.10.02 14:56:06.816["[Log] ERROR at getDP: Failed to get dp <SysBancarevoK14L.settings.isActive>. (DP does not exist, 
    Module: _QuickTest_
    Panel: C:\\BS_Husky_Proj\\Bancarevo\\panels\\MainPanels\\Bancarevo.pnl [MainPanels\\Bancarevo.pnl]
    In reference: objects/Camera/Camera_ref.pnl Group: 17 named: \"PANEL_REF17\"
    Script: Initialize
    Library: C:\\BS_Husky_Proj\\Bancarevo\\scripts\\libs\\basicMethods.ctl
    Line: 3, dpGet, SysBancarevoK14L.settings.isActive)"]
2018.10.02 14:56:06.816["[Log] ERROR at getDP: Failed to get dp <SysBancarevoK13L.settings.isActive>. (DP does not exist, 
    Module: _QuickTest_
    Panel: C:\\BS_Husky_Proj\\Bancarevo\\panels\\MainPanels\\Bancarevo.pnl [MainPanels\\Bancarevo.pnl]
    In reference: objects/Camera/Camera_ref.pnl Group: 18 named: \"PANEL_REF18\"
    Script: Initialize
    Library: C:\\BS_Husky_Proj\\Bancarevo\\scripts\\libs\\basicMethods.ctl
    Line: 3, dpGet, SysBancarevoK13L.settings.isActive)"]
2018.10.02 14:56:06.816["[Log] ERROR at getDP: Failed to get dp <SysBancarevoK12L.settings.isActive>. (DP does not exist, 
    Module: _QuickTest_
    Panel: C:\\BS_Husky_Proj\\Bancarevo\\panels\\MainPanels\\Bancarevo.pnl [MainPanels\\Bancarevo.pnl]
    In reference: objects/Camera/Camera_ref.pnl Group: 19 named: \"PANEL_REF19\"
    Script: Initialize
    Library: C:\\BS_Husky_Proj\\Bancarevo\\scripts\\libs\\basicMethods.ctl
    Line: 3, dpGet, SysBancarevoK12L.settings.isActive)"]
2018.10.02 14:56:06.817["[Log] ERROR at getDP: Failed to get dp <SysBancarevoK11L.settings.isActive>. (DP does not exist, 
    Module: _QuickTest_
    Panel: C:\\BS_Husky_Proj\\Bancarevo\\panels\\MainPanels\\Bancarevo.pnl [MainPanels\\Bancarevo.pnl]
    In reference: objects/Camera/Camera_ref.pnl Group: 20 named: \"PANEL_REF20\"
    Script: Initialize
    Library: C:\\BS_Husky_Proj\\Bancarevo\\scripts\\libs\\basicMethods.ctl
    Line: 3, dpGet, SysBancarevoK11L.settings.isActive)"]
2018.10.02 14:56:06.817["[Log] ERROR at getDP: Failed to get dp <SysBancarevoK10L.settings.isActive>. (DP does not exist, 
    Module: _QuickTest_
    Panel: C:\\BS_Husky_Proj\\Bancarevo\\panels\\MainPanels\\Bancarevo.pnl [MainPanels\\Bancarevo.pnl]
    In reference: objects/Camera/Camera_ref.pnl Group: 21 named: \"PANEL_REF21\"
    Script: Initialize
    Library: C:\\BS_Husky_Proj\\Bancarevo\\scripts\\libs\\basicMethods.ctl
    Line: 3, dpGet, SysBancarevoK10L.settings.isActive)"]
2018.10.02 14:56:06.818["[Log] ERROR at getDP: Failed to get dp <SysBancarevoK8L.settings.isActive>. (DP does not exist, 
    Module: _QuickTest_
    Panel: C:\\BS_Husky_Proj\\Bancarevo\\panels\\MainPanels\\Bancarevo.pnl [MainPanels\\Bancarevo.pnl]
    In reference: objects/Camera/Camera_ref.pnl Group: 22 named: \"PANEL_REF22\"
    Script: Initialize
    Library: C:\\BS_Husky_Proj\\Bancarevo\\scripts\\libs\\basicMethods.ctl
    Line: 3, dpGet, SysBancarevoK8L.settings.isActive)"]
2018.10.02 14:56:06.818["[Log] ERROR at getDP: Failed to get dp <SysBancarevoK7L.settings.isActive>. (DP does not exist, 
    Module: _QuickTest_
    Panel: C:\\BS_Husky_Proj\\Bancarevo\\panels\\MainPanels\\Bancarevo.pnl [MainPanels\\Bancarevo.pnl]
    In reference: objects/Camera/Camera_ref.pnl Group: 23 named: \"PANEL_REF23\"
    Script: Initialize
    Library: C:\\BS_Husky_Proj\\Bancarevo\\scripts\\libs\\basicMethods.ctl
    Line: 3, dpGet, SysBancarevoK7L.settings.isActive)"]
2018.10.02 14:56:06.818["[Log] ERROR at getDP: Failed to get dp <SysBancarevoK6L.settings.isActive>. (DP does not exist, 
    Module: _QuickTest_
    Panel: C:\\BS_Husky_Proj\\Bancarevo\\panels\\MainPanels\\Bancarevo.pnl [MainPanels\\Bancarevo.pnl]
    In reference: objects/Camera/Camera_ref.pnl Group: 24 named: \"PANEL_REF24\"
    Script: Initialize
    Library: C:\\BS_Husky_Proj\\Bancarevo\\scripts\\libs\\basicMethods.ctl
    Line: 3, dpGet, SysBancarevoK6L.settings.isActive)"]
2018.10.02 14:56:06.819["[Log] ERROR at getDP: Failed to get dp <SysBancarevoK5L.settings.isActive>. (DP does not exist, 
    Module: _QuickTest_
    Panel: C:\\BS_Husky_Proj\\Bancarevo\\panels\\MainPanels\\Bancarevo.pnl [MainPanels\\Bancarevo.pnl]
    In reference: objects/Camera/Camera_ref.pnl Group: 25 named: \"PANEL_REF25\"
    Script: Initialize
    Library: C:\\BS_Husky_Proj\\Bancarevo\\scripts\\libs\\basicMethods.ctl
    Line: 3, dpGet, SysBancarevoK5L.settings.isActive)"]
2018.10.02 14:56:06.819["[Log] ERROR at getDP: Failed to get dp <SysBancarevoK4L.settings.isActive>. (DP does not exist, 
    Module: _QuickTest_
    Panel: C:\\BS_Husky_Proj\\Bancarevo\\panels\\MainPanels\\Bancarevo.pnl [MainPanels\\Bancarevo.pnl]
    In reference: objects/Camera/Camera_ref.pnl Group: 26 named: \"PANEL_REF26\"
    Script: Initialize
    Library: C:\\BS_Husky_Proj\\Bancarevo\\scripts\\libs\\basicMethods.ctl
    Line: 3, dpGet, SysBancarevoK4L.settings.isActive)"]
2018.10.02 14:56:06.819["[Log] ERROR at getDP: Failed to get dp <SysBancarevoK3L.settings.isActive>. (DP does not exist, 
    Module: _QuickTest_
    Panel: C:\\BS_Husky_Proj\\Bancarevo\\panels\\MainPanels\\Bancarevo.pnl [MainPanels\\Bancarevo.pnl]
    In reference: objects/Camera/Camera_ref.pnl Group: 27 named: \"PANEL_REF27\"
    Script: Initialize
    Library: C:\\BS_Husky_Proj\\Bancarevo\\scripts\\libs\\basicMethods.ctl
    Line: 3, dpGet, SysBancarevoK3L.settings.isActive)"]
2018.10.02 14:56:06.820["[Log] ERROR at getDP: Failed to get dp <SysBancarevoK2L.settings.isActive>. (DP does not exist, 
    Module: _QuickTest_
    Panel: C:\\BS_Husky_Proj\\Bancarevo\\panels\\MainPanels\\Bancarevo.pnl [MainPanels\\Bancarevo.pnl]
    In reference: objects/Camera/Camera_ref.pnl Group: 28 named: \"PANEL_REF28\"
    Script: Initialize
    Library: C:\\BS_Husky_Proj\\Bancarevo\\scripts\\libs\\basicMethods.ctl
    Line: 3, dpGet, SysBancarevoK2L.settings.isActive)"]
2018.10.02 14:56:06.820["[Log] ERROR at getDP: Failed to get dp <SysBancarevoK1L.settings.isActive>. (DP does not exist, 
    Module: _QuickTest_
    Panel: C:\\BS_Husky_Proj\\Bancarevo\\panels\\MainPanels\\Bancarevo.pnl [MainPanels\\Bancarevo.pnl]
    In reference: objects/Camera/Camera_ref.pnl Group: 29 named: \"PANEL_REF29\"
    Script: Initialize
    Library: C:\\BS_Husky_Proj\\Bancarevo\\scripts\\libs\\basicMethods.ctl
    Line: 3, dpGet, SysBancarevoK1L.settings.isActive)"]
2018.10.02 14:56:06.820["SysBancarevo"]
2018.10.02 14:56:06.892["[Log] ERROR at main: Could not load settings from camera K1D"]
2018.10.02 14:56:06.892["[Log] WARNING at main: Error in calling dpConnect while checking camera activity"]
2018.10.02 14:56:06.892["[Log] ERROR at main: Could not load settings from camera K2D"]
2018.10.02 14:56:06.892["[Log] WARNING at main: Error in calling dpConnect while checking camera activity"]
2018.10.02 14:56:06.892["[Log] ERROR at main: Could not load settings from camera K3D"]
2018.10.02 14:56:06.893["[Log] WARNING at main: Error in calling dpConnect while checking camera activity"]
2018.10.02 14:56:06.893["[Log] ERROR at main: Could not load settings from camera K4D"]
2018.10.02 14:56:06.894["[Log] WARNING at main: Error in calling dpConnect while checking camera activity"]
2018.10.02 14:56:06.894["[Log] ERROR at main: Could not load settings from camera K5D"]
2018.10.02 14:56:06.895["[Log] WARNING at main: Error in calling dpConnect while checking camera activity"]
2018.10.02 14:56:06.895["[Log] ERROR at main: Could not load settings from camera K6D"]
2018.10.02 14:56:06.895["[Log] WARNING at main: Error in calling dpConnect while checking camera activity"]
2018.10.02 14:56:06.895["[Log] ERROR at main: Could not load settings from camera K7D"]
2018.10.02 14:56:06.895["[Log] WARNING at main: Error in calling dpConnect while checking camera activity"]
2018.10.02 14:56:06.895["[Log] ERROR at main: Could not load settings from camera K12D"]
2018.10.02 14:56:06.896["[Log] WARNING at main: Error in calling dpConnect while checking camera activity"]
2018.10.02 14:56:06.896["[Log] ERROR at main: Could not load settings from camera K11D"]
2018.10.02 14:56:06.896["[Log] WARNING at main: Error in calling dpConnect while checking camera activity"]
2018.10.02 14:56:06.896["[Log] ERROR at main: Could not load settings from camera K10D"]
2018.10.02 14:56:06.897["[Log] WARNING at main: Error in calling dpConnect while checking camera activity"]
2018.10.02 14:56:06.897["[Log] ERROR at main: Could not load settings from camera K9D"]
2018.10.02 14:56:06.898["[Log] WARNING at main: Error in calling dpConnect while checking camera activity"]
2018.10.02 14:56:06.898["[Log] ERROR at main: Could not load settings from camera K15D"]
2018.10.02 14:56:06.899["[Log] WARNING at main: Error in calling dpConnect while checking camera activity"]
2018.10.02 14:56:06.899["[Log] ERROR at main: Could not load settings from camera K14D"]
2018.10.02 14:56:06.900["[Log] WARNING at main: Error in calling dpConnect while checking camera activity"]
2018.10.02 14:56:06.900["[Log] ERROR at main: Could not load settings from camera K13D"]
2018.10.02 14:56:06.900["[Log] WARNING at main: Error in calling dpConnect while checking camera activity"]
2018.10.02 14:56:06.900["[Log] ERROR at main: Could not load settings from camera K15L"]
2018.10.02 14:56:06.900["[Log] WARNING at main: Error in calling dpConnect while checking camera activity"]
2018.10.02 14:56:06.900["[Log] ERROR at main: Could not load settings from camera K14L"]
2018.10.02 14:56:06.901["[Log] WARNING at main: Error in calling dpConnect while checking camera activity"]
2018.10.02 14:56:06.901["[Log] ERROR at main: Could not load settings from camera K13L"]
2018.10.02 14:56:06.901["[Log] WARNING at main: Error in calling dpConnect while checking camera activity"]
2018.10.02 14:56:06.901["[Log] ERROR at main: Could not load settings from camera K12L"]
2018.10.02 14:56:06.901["[Log] WARNING at main: Error in calling dpConnect while checking camera activity"]
2018.10.02 14:56:06.901["[Log] ERROR at main: Could not load settings from camera K11L"]
2018.10.02 14:56:06.901["[Log] WARNING at main: Error in calling dpConnect while checking camera activity"]
2018.10.02 14:56:06.901["[Log] ERROR at main: Could not load settings from camera K10L"]
2018.10.02 14:56:06.901["[Log] WARNING at main: Error in calling dpConnect while checking camera activity"]
2018.10.02 14:56:06.902["[Log] ERROR at main: Could not load settings from camera K8L"]
2018.10.02 14:56:06.902["[Log] WARNING at main: Error in calling dpConnect while checking camera activity"]
2018.10.02 14:56:06.902["[Log] ERROR at main: Could not load settings from camera K7L"]
2018.10.02 14:56:06.902["[Log] WARNING at main: Error in calling dpConnect while checking camera activity"]
2018.10.02 14:56:06.902["[Log] ERROR at main: Could not load settings from camera K6L"]
2018.10.02 14:56:06.902["[Log] WARNING at main: Error in calling dpConnect while checking camera activity"]
2018.10.02 14:56:06.902["[Log] ERROR at main: Could not load settings from camera K5L"]
2018.10.02 14:56:06.903["[Log] WARNING at main: Error in calling dpConnect while checking camera activity"]
2018.10.02 14:56:06.903["[Log] ERROR at main: Could not load settings from camera K4L"]
2018.10.02 14:56:06.903["[Log] WARNING at main: Error in calling dpConnect while checking camera activity"]
2018.10.02 14:56:06.903["[Log] ERROR at main: Could not load settings from camera K3L"]
2018.10.02 14:56:06.903["[Log] WARNING at main: Error in calling dpConnect while checking camera activity"]
2018.10.02 14:56:06.903["[Log] ERROR at main: Could not load settings from camera K2L"]
2018.10.02 14:56:06.903["[Log] WARNING at main: Error in calling dpConnect while checking camera activity"]
2018.10.02 14:56:06.903["[Log] ERROR at main: Could not load settings from camera K1L"]
2018.10.02 14:56:06.904["[Log] WARNING at main: Error in calling dpConnect while checking camera activity"]
2018.10.02 14:56:06.999["[Log] ERROR at getDP: Failed to get dp <SysBancarevo::SOS-1D.settings.mappedStateColor:_default.._value>. (DP does not exist, 
    Module: _QuickTest_
    Panel: C:\\BS_Husky_Proj\\Bancarevo\\panels\\MainPanels\\Bancarevo.pnl [MainPanels\\Bancarevo.pnl]
    Object: 20 named: \"PhoneFrame\" of type: ELLIPSE

    Module: _QuickTest_
    Panel: C:\\BS_Husky_Proj\\Bancarevo\\panels\\MainPanels\\Bancarevo.pnl [MainPanels\\Bancarevo.pnl]
    In reference: objects/SOSPhones/SOSPhone_ref.pnl Group: 30 named: \"PANEL_REF30\"
    Script: Initialize
    Script: Initialize
    Library: C:\\BS_Husky_Proj\\Bancarevo\\scripts\\libs\\basicMethods.ctl
    Line: 3, dpGet, SysBancarevo::SOS-1D.settings.mappedStateColor:_default.._value)"]
2018.10.02 14:57:13.576["SysBancarevo:"]
[""]
2018.10.02 14:57:13.612["[Log] ERROR at dpExists: Datapoint does not exist <SysBancarevo::SOS-1D.state.phoneState>."]
2018.10.02 14:58:36.462["SysBancarevo:"]
2018.10.03 15:27:08.971[0]
2018.10.04 11:47:59.155[0]
2018.10.04 11:47:59.235["[Log] ERROR at dpExists: Datapoint does not exist <.state.phoneState>."]
2018.10.04 11:48:52.849["SysBancarevo:"]
[""]
2018.10.04 11:48:52.907["[Log] ERROR at dpExists: Datapoint does not exist <SysBancarevo:.state.phoneState>."]
2018.10.04 11:49:15.799["SysBancarevo:"]
[""]
2018.10.04 11:49:15.858["[Log] ERROR at dpExists: Datapoint does not exist <SysBancarevo:.state.phoneState>."]
2018.10.04 11:53:31.435["SysBancarevo:"]
[""]
2018.10.04 11:53:31.490["[Log] ERROR at dpExists: Datapoint does not exist <SysBancarevo:.state.phoneState>."]
2018.10.04 11:55:13.796["SysBancarevo:"]
[""]
2018.10.04 11:55:13.859["[Log] ERROR at dpExists: Datapoint does not exist <SysBancarevo:.state.phoneState>."]
2018.10.04 12:01:13.735["SysBancarevo:"]
[""]
2018.10.04 12:01:13.794["[Log] ERROR at dpExists: Datapoint does not exist <SysBancarevo:.state.phoneState>."]
2018.10.04 12:10:42.620["SysBancarevo:"]
[""]
2018.10.04 12:10:42.674["[Log] ERROR at dpExists: Datapoint does not exist <SysBancarevo:.state.phoneState>."]
2018.10.04 12:11:51.776["SysBancarevo:"]
[""]
2018.10.04 12:11:51.814["[Log] ERROR at dpExists: Datapoint does not exist <SysBancarevo:.state.phoneState>."]
WCCOAui      (1), 2018.10.04 12:36:48.272,	Qt,	QProcess: Destroyed while process ("cmd") is still running.
WCCOAui      (1), 2018.10.04 12:59:15.259,	Qt,	QProcess: Destroyed while process ("cmd") is still running.
WCCOAui      (1), 2018.10.05 14:51:54.125,	Qt,	QFSFileEngine::open: No file name specified
WCCOAui      (1), 2018.10.05 14:51:55.695,	Qt,	QFSFileEngine::open: No file name specified
WCCOAui      (1), 2018.10.05 14:51:57.363,	Qt,	QFSFileEngine::open: No file name specified
WCCOAui      (1), 2018.10.05 14:51:58.603,	Qt,	QFSFileEngine::open: No file name specified
WCCOAui      (1), 2018.10.05 14:52:00.876,	Qt,	QFSFileEngine::open: No file name specified
WCCOAui      (1), 2018.10.05 15:38:23.373,	Qt,	QFSFileEngine::open: No file name specified
WCCOAui      (1), 2018.10.05 15:42:57.647,	Qt,	edit: editing failed
2018.10.05 16:04:46.523[0]
2018.10.05 16:04:46.573["[Log] ERROR at dpExists: Datapoint does not exist <.state.phoneState>."]
2018.10.05 16:05:35.425["SysBancarevo:"]
[""]
2018.10.05 16:05:35.464["[Log] ERROR at dpExists: Datapoint does not exist <SysBancarevo:.state.phoneState>."]
[""]
2018.10.05 16:05:36.992["[Log] ERROR at main: Datapoint D1 does not exist"]
2018.10.05 16:05:36.993["[Log] ERROR at main: Datapoint D1 does not exist"]
2018.10.05 16:05:36.993["[Log] ERROR at main: Datapoint D1 does not exist"]
[""]
2018.10.05 16:05:50.849["[Log] ERROR at main: Datapoint D1 does not exist"]
2018.10.05 16:05:50.849["[Log] ERROR at main: Datapoint D1 does not exist"]
2018.10.05 16:05:50.849["[Log] ERROR at main: Datapoint D1 does not exist"]
2018.10.05 16:06:29.060["SysBancarevo:"]
[""]
2018.10.05 16:06:29.087["[Log] ERROR at dpExists: Datapoint does not exist <SysBancarevo:.state.phoneState>."]
[""]
2018.10.05 16:06:34.140["[Log] WARNING at main: Error in calling dpConnect while checking detectors fire alarm state"]
2018.10.05 16:06:34.140["[Log] ERROR at main: Datapoint D1 does not exist"]
2018.10.05 16:06:34.140["[Log] ERROR at main: Datapoint D1 does not exist"]
2018.10.05 16:07:32.279["SysBancarevo:"]
[""]
2018.10.05 16:07:32.315["[Log] ERROR at dpExists: Datapoint does not exist <SysBancarevo:.state.phoneState>."]
2018.10.05 16:09:16.848["SysBancarevo:"]
[""]
2018.10.05 16:09:16.888["[Log] ERROR at dpExists: Datapoint does not exist <SysBancarevo:.state.phoneState>."]
2018.10.05 16:16:26.652["SysBancarevo:"]
[""]
2018.10.05 16:16:26.699["[Log] ERROR at dpExists: Datapoint does not exist <SysBancarevo:.state.phoneState>."]
[""]
2018.10.05 16:16:28.088["[Log] WARNING at main: Error in calling dpConnect while checking detectors fire alarm state"]
2018.10.05 16:16:28.089["[Log] ERROR at main: Datapoint  does not exist"]
2018.10.05 16:16:28.089["[Log] ERROR at main: Datapoint  does not exist"]
2018.10.05 16:16:28.090["[Log] ERROR at main: Datapoint  does not exist"]
[""]
2018.10.05 16:17:25.902["[Log] ERROR at main: Datapoint  does not exist"]
2018.10.05 16:17:25.902["[Log] ERROR at main: Datapoint  does not exist"]
2018.10.05 16:17:25.902["[Log] ERROR at main: Datapoint  does not exist"]
2018.10.05 16:17:25.902["[Log] ERROR at main: Datapoint  does not exist"]
2018.10.05 16:17:25.903["[Log] ERROR at main: Datapoint  does not exist"]
2018.10.05 16:17:25.903["[Log] ERROR at main: Datapoint  does not exist"]
2018.10.05 16:17:25.903["[Log] ERROR at main: Datapoint  does not exist"]
2018.10.05 16:17:25.903["[Log] ERROR at main: Datapoint  does not exist"]
2018.10.05 16:17:25.903["[Log] ERROR at main: Datapoint  does not exist"]
2018.10.05 16:17:30.310["SysBancarevo:"]
[""]
2018.10.05 16:17:30.346["[Log] ERROR at dpExists: Datapoint does not exist <SysBancarevo:.state.phoneState>."]
[""]
2018.10.05 16:17:32.110["[Log] WARNING at main: Error in calling dpConnect while checking detectors fire alarm state"]
2018.10.05 16:17:32.110["[Log] ERROR at main: Datapoint  does not exist"]
2018.10.05 16:17:32.111["[Log] ERROR at main: Datapoint  does not exist"]
2018.10.05 16:17:32.111["[Log] ERROR at main: Datapoint  does not exist"]
2018.10.05 16:20:51.076["SysBancarevo:"]
[""]
2018.10.05 16:20:51.110["[Log] ERROR at dpExists: Datapoint does not exist <SysBancarevo:.state.phoneState>."]
[""]
2018.10.05 16:20:52.562["[Log] WARNING at main: Error in calling dpConnect while checking detectors fire alarm state"]
2018.10.05 16:20:52.563["[Log] WARNING at main: Error in calling dpConnect while checking detectors fire alarm state"]
2018.10.05 16:21:21.841["SysBancarevo:"]
[""]
2018.10.05 16:21:21.876["[Log] ERROR at dpExists: Datapoint does not exist <SysBancarevo:.state.phoneState>."]
2018.10.05 16:30:25.408["SysBancarevo:"]
[""]
2018.10.05 16:30:25.452["[Log] ERROR at dpExists: Datapoint does not exist <SysBancarevo:.state.phoneState>."]
2018.10.08 08:36:47.051["SysBancarevo:"]
[""]
2018.10.08 08:36:47.090["[Log] ERROR at dpExists: Datapoint does not exist <SysBancarevo:.state.phoneState>."]
2018.10.08 08:42:38.442[0]
2018.10.08 08:42:38.469["[Log] ERROR at dpExists: Datapoint does not exist <.state.phoneState>."]
2018.10.08 08:43:56.408["SysBancarevo:"]
[""]
2018.10.08 08:43:56.442["[Log] ERROR at dpExists: Datapoint does not exist <SysBancarevo:.state.phoneState>."]
[""]
2018.10.08 08:46:35.008["[Log] ERROR at dpExists: Datapoint does not exist <SysBancarevo:.state.phoneState>."]
2018.10.08 08:46:35.008["[Log] ERROR at dpConnect: Failed dpConnect <SysBancarevo:.settings.phoneNumber>. (DP does not exist, 
    Module: Vision_6
    Panel: C:\\BS_Husky_Proj\\Bancarevo\\panels\\SOSPhones\\SOSPhone.pnl [Status za telefon]
    Object: 31 named: \"PRIMITIVE_TEXT12\" of type: PRIMITIVE_TEXT
    Script: Initialize
    Line: 9, dpConnect, SysBancarevo:.settings.phoneNumber)"]
2018.10.08 09:35:10.040["SysBancarevo:"]
2018.10.08 09:37:26.397["SysBancarevo:"]
2018.10.08 09:39:49.107["SysBancarevo:"]
2018.10.08 09:41:29.061["SysBancarevo:"]
2018.10.08 09:41:41.318["SysBancarevo:"]
2018.10.08 09:42:19.215["SysBancarevo:"]
2018.10.08 09:42:58.673[0]
2018.10.08 09:44:02.905["SysBancarevo:"]
2018.10.08 09:44:19.494["SysBancarevo:"]
2018.10.08 09:47:35.323["SysBancarevo:"]
2018.10.08 09:47:39.866["SysBancarevo:"]
2018.10.08 09:48:39.382[0]
2018.10.08 09:49:10.840["SysBancarevo:"]
2018.10.08 09:50:03.912["[Log] ERROR at main: Datapoint  does not exist"]
2018.10.08 09:50:03.916["[Log] ERROR at main: Datapoint  does not exist"]
2018.10.08 09:50:03.917["[Log] ERROR at main: Datapoint  does not exist"]
[""]
2018.10.08 09:50:09.508["[Log] ERROR at main: Datapoint  does not exist"]
2018.10.08 09:50:09.509["[Log] ERROR at main: Datapoint  does not exist"]
2018.10.08 09:50:09.510["[Log] ERROR at main: Datapoint  does not exist"]
2018.10.08 09:51:17.988["SysBancarevo:"]
2018.10.08 09:52:30.352["SysBancarevo:"]
2018.10.08 09:52:31.618["PHONE-SOS-1L"]
2018.10.08 11:56:25.009[0]
2018.10.08 11:56:25.010[0]
2018.10.08 11:56:25.010[0]
2018.10.08 11:56:25.011[0]
2018.10.08 11:56:25.011[0]
2018.10.08 11:56:25.012[0]
2018.10.08 11:56:25.013[0]
2018.10.08 11:56:57.895["PHONE-SOS-3L"]
2018.10.08 11:58:31.929["SysBancarevo:"]
2018.10.08 11:58:31.929["SysBancarevo:"]
2018.10.08 11:58:31.929["SysBancarevo:"]
2018.10.08 11:58:31.929["SysBancarevo:"]
2018.10.08 11:58:31.929["SysBancarevo:"]
2018.10.08 11:58:31.929["SysBancarevo:"]
2018.10.08 11:58:31.930["SysBancarevo:"]
2018.10.08 11:58:33.211["PHONE-SOS-1L"]["PHONE-SOS-1L"]
2018.10.08 11:58:33.218["PHONE-SOS-1L"]["SOS-1L"]
2018.10.08 11:58:38.067["PHONE-SOS-2L"]["PHONE-SOS-2L"]
2018.10.08 11:58:38.074["PHONE-SOS-2L"]["SOS-2L"]
2018.10.08 11:58:41.395["PHONE-SOS-3L"]["PHONE-SOS-3L"]
2018.10.08 11:58:41.402["PHONE-SOS-3L"]["SOS-3L"]
2018.10.08 11:58:48.206["SysBancarevo:"]
2018.10.08 11:58:48.206["SysBancarevo:"]
2018.10.08 11:58:48.207["SysBancarevo:"]
2018.10.08 11:58:48.207["SysBancarevo:"]
2018.10.08 11:58:48.207["SysBancarevo:"]
2018.10.08 11:58:48.207["SysBancarevo:"]
2018.10.08 11:58:48.207["SysBancarevo:"]
2018.10.08 12:00:09.417["SysBancarevo:"]
2018.10.08 12:00:09.417["SysBancarevo:"]
2018.10.08 12:00:09.417["SysBancarevo:"]
2018.10.08 12:00:09.417["SysBancarevo:"]
2018.10.08 12:00:09.417["SysBancarevo:"]
2018.10.08 12:00:09.418["SysBancarevo:"]
2018.10.08 12:00:09.418["SysBancarevo:"]
2018.10.08 12:01:36.136["SysBancarevo:"]
2018.10.08 12:01:36.136["SysBancarevo:"]
2018.10.08 12:01:36.137["SysBancarevo:"]
2018.10.08 12:01:36.137["SysBancarevo:"]
2018.10.08 12:01:36.137["SysBancarevo:"]
2018.10.08 12:01:36.137["SysBancarevo:"]
2018.10.08 12:01:36.138["SysBancarevo:"]
2018.10.08 12:02:01.170[0]
2018.10.08 12:02:01.170[0]
2018.10.08 12:02:01.171[0]
2018.10.08 12:02:01.172[0]
2018.10.08 12:02:01.172[0]
2018.10.08 12:02:01.173[0]
2018.10.08 12:02:01.173[0]
2018.10.08 12:02:09.934["SysBancarevo:"]
2018.10.08 12:02:09.934["SysBancarevo:"]
2018.10.08 12:02:09.934["SysBancarevo:"]
2018.10.08 12:02:09.934["SysBancarevo:"]
2018.10.08 12:02:09.935["SysBancarevo:"]
2018.10.08 12:02:09.935["SysBancarevo:"]
2018.10.08 12:02:09.935["SysBancarevo:"]
2018.10.08 12:03:04.295["SysBancarevo:"]
2018.10.08 12:03:04.295["SysBancarevo:"]
2018.10.08 12:03:04.295["SysBancarevo:"]
2018.10.08 12:03:04.296["SysBancarevo:"]
2018.10.08 12:03:04.296["SysBancarevo:"]
2018.10.08 12:03:04.296["SysBancarevo:"]
2018.10.08 12:03:04.296["SysBancarevo:"]
2018.10.08 14:22:10.270["[Log] ERROR at getDP: Failed to get dp <System1:MS-OAL.settings.maxTemperature>. (DP does not exist, 
    Module: Vision_3
    Panel: C:\\BS_Husky_Proj\\Bancarevo\\panels\\METEOSTATION\\Meteostation.pnl [METEOSTATION\\Meteostation.pnl]
    Object: 428 named: \"TEXT_FIELD29\" of type: TEXT_FIELD
    Script: Initialize
    Library: C:\\BS_Husky_Proj\\Bancarevo\\scripts\\libs\\basicMethods.ctl
    Line: 3, dpGet, System1:MS-OAL.settings.maxTemperature)"]
2018.10.08 14:26:40.775["[Log] ERROR at getDP: Failed to get dp <System1:MS-OAL.settings.maxTemperature>. (DP does not exist, 
    Module: Vision_3
    Panel: C:\\BS_Husky_Proj\\Bancarevo\\panels\\METEOSTATION\\Meteostation.pnl [METEOSTATION\\Meteostation.pnl]
    Object: 428 named: \"TEXT_FIELD29\" of type: TEXT_FIELD
    Script: Initialize
    Library: C:\\BS_Husky_Proj\\Bancarevo\\scripts\\libs\\basicMethods.ctl
    Line: 3, dpGet, System1:MS-OAL.settings.maxTemperature)"]
