WCCOAascii   (0), 2018.10.08 14:19:31.549, SYS,  INFO,        1, Manager Start, PROJ, Bancarevo, V 3.16 - 3.16   platform Windows AMD64 linked at Apr 25 2018 22:31:33 (8e7a27f47d2)
WCCOAascii   (0), 2018.10.08 14:19:31.550, SYS,  INFO,        3, Trying to connect to (SYS: 0 Data -num 0 CONN: 1) @ BST216:4897
WCCOAascii   (0), 2018.10.08 14:19:31.554, SYS,  INFO,        4, Connected to (SYS: 0 Data -num 0 CONN: 1) @ BST216.bstelecom.ba (::1)
WCCOAascii   (1), 2018.10.08 14:19:31.569, SYS,  INFO,        6, Initialization by Data Manager finished
WCCOAascii   (1), 2018.10.08 14:19:31.569, SYS,  INFO,        3, Trying to connect to (SYS: 1 Event -num 0 CONN: 1) @ BST216:4998
WCCOAascii   (1), 2018.10.08 14:19:31.571, SYS,  INFO,        4, Connected to (SYS: 1 Event -num 0 CONN: 1) @ BST216.bstelecom.ba (::1)
WCCOAascii   (1), 2018.10.08 14:19:31.589, SYS,  INFO,      102, Waiting for user names/passwords
WCCOAascii   (1), 2018.10.08 14:19:31.590, SYS,  INFO,      103, User names/passwords initialized
WCCOAascii   (1), 2018.10.08 14:19:31.605, IMPL, SEVERE,     54, Unexpected state, ElementTable, findNameLocation, Problem mit Typkontainer
WCCOAascii   (1), 2018.10.08 14:19:31.605, IMPL, SEVERE,     54, Unexpected state, ElementTable, findNameLocation, Problem mit Typkontainer
WCCOAascii   (1), 2018.10.08 14:19:31.605, IMPL, SEVERE,     54, Unexpected state, ElementTable, findNameLocation, Problem mit Typkontainer
WCCOAascii   (1), 2018.10.08 14:19:31.605, IMPL, SEVERE,     54, Unexpected state, ElementTable, findNameLocation, Problem mit Typkontainer
WCCOAascii   (1), 2018.10.08 14:19:31.606, IMPL, SEVERE,     54, Unexpected state, ElementTable, findNameLocation, Problem mit Typkontainer
WCCOAascii   (1), 2018.10.08 14:19:31.606, IMPL, SEVERE,     54, Unexpected state, ElementTable, findNameLocation, Problem mit Typkontainer
WCCOAascii   (1), 2018.10.08 14:19:31.606, IMPL, SEVERE,     54, Unexpected state, ElementTable, findNameLocation, Problem mit Typkontainer
WCCOAascii   (1), 2018.10.08 14:19:31.606, IMPL, SEVERE,     54, Unexpected state, ElementTable, findNameLocation, Problem mit Typkontainer
WCCOAascii   (1), 2018.10.08 14:19:31.606, IMPL, SEVERE,     54, Unexpected state, ElementTable, findNameLocation, Problem mit Typkontainer
WCCOAascii   (1), 2018.10.08 14:19:31.606, IMPL, SEVERE,     54, Unexpected state, ElementTable, findNameLocation, Problem mit Typkontainer
WCCOAascii   (1), 2018.10.08 14:19:31.606, IMPL, SEVERE,     54, Unexpected state, ElementTable, findNameLocation, Problem mit Typkontainer
WCCOAascii   (1), 2018.10.08 14:19:31.606, IMPL, SEVERE,     54, Unexpected state, ElementTable, findNameLocation, Problem mit Typkontainer
WCCOAascii   (1), 2018.10.08 14:19:31.794, SYS,  INFO,        2, Manager Stop
doAsciiIn returned warning code: 55
