2018.10.30 13:32:45.481["trenutno nedostupan server "]
2018.10.30 13:32:45.496[dyn_dyn_anytype 4 items
     1: dyn_anytype 3 items
	     1:  (Type: 0 Sys: 0 Dp: 0 El: 0 : 0..0)
	     2:  (Type: 0 Sys: 0 Dp: 0 El: 0 : 0..0)
	     3: :_alert_hdl.._value (Type: 0 Sys: 0 Dp: 0 El: 0 : _alert_hdl.._value)

     2: dyn_anytype 3 items
	     1: SysSozina:K1Test.incident.trafficJam (Type: 228 Sys: 2 Dp: 5702 El: 7 : 0..0)
	     2: 2018.10.30 10:19:14.963 (0 ) SysSozina:K1Test.incident.trafficJam:_alert_hdl (Type: 228 Sys: 2 Dp: 5702 El: 7 : _alert_hdl..0)
	     3: TRUE

     3: dyn_anytype 3 items
	     1: SysSozina:K1Test.incident.stoppedVehicle (Type: 228 Sys: 2 Dp: 5702 El: 8 : 0..0)
	     2: 2018.10.30 10:20:31.464 (0 ) SysSozina:K1Test.incident.stoppedVehicle:_alert_hdl (Type: 228 Sys: 2 Dp: 5702 El: 8 : _alert_hdl..0)
	     3: TRUE

     4: dyn_anytype 3 items
	     1: SysSozina:K1Test.incident.non-trafficAreaMovement (Type: 228 Sys: 2 Dp: 5702 El: 9 : 0..0)
	     2: 2018.10.30 10:19:22.660 (0 ) SysSozina:K1Test.incident.non-trafficAreaMovement:_alert_hdl (Type: 228 Sys: 2 Dp: 5702 El: 9 : _alert_hdl..0)
	     3: TRUE

]
2018.10.30 13:32:55.487["trenutno nedostupan server "]
2018.10.30 13:33:05.493["trenutno nedostupan server "]
2018.10.30 13:33:15.502["trenutno nedostupan server "]
2018.10.30 13:33:20.869["trenutno nedostupan server "]
2018.10.30 13:33:20.871[dyn_dyn_anytype 4 items
     1: dyn_anytype 3 items
	     1:  (Type: 0 Sys: 0 Dp: 0 El: 0 : 0..0)
	     2:  (Type: 0 Sys: 0 Dp: 0 El: 0 : 0..0)
	     3: :_alert_hdl.._value (Type: 0 Sys: 0 Dp: 0 El: 0 : _alert_hdl.._value)

     2: dyn_anytype 3 items
	     1: SysSozina:K1Test.incident.trafficJam (Type: 228 Sys: 2 Dp: 5702 El: 7 : 0..0)
	     2: 2018.10.30 10:19:14.963 (0 ) SysSozina:K1Test.incident.trafficJam:_alert_hdl (Type: 228 Sys: 2 Dp: 5702 El: 7 : _alert_hdl..0)
	     3: TRUE

     3: dyn_anytype 3 items
	     1: SysSozina:K1Test.incident.stoppedVehicle (Type: 228 Sys: 2 Dp: 5702 El: 8 : 0..0)
	     2: 2018.10.30 10:20:31.464 (0 ) SysSozina:K1Test.incident.stoppedVehicle:_alert_hdl (Type: 228 Sys: 2 Dp: 5702 El: 8 : _alert_hdl..0)
	     3: TRUE

     4: dyn_anytype 3 items
	     1: SysSozina:K1Test.incident.non-trafficAreaMovement (Type: 228 Sys: 2 Dp: 5702 El: 9 : 0..0)
	     2: 2018.10.30 10:19:22.660 (0 ) SysSozina:K1Test.incident.non-trafficAreaMovement:_alert_hdl (Type: 228 Sys: 2 Dp: 5702 El: 9 : _alert_hdl..0)
	     3: TRUE

]
2018.10.30 13:33:30.876["trenutno nedostupan server "]
2018.10.30 13:33:42.705["trenutno nedostupan server "]
2018.10.30 13:33:42.706[dyn_dyn_anytype 4 items
     1: dyn_anytype 3 items
	     1:  (Type: 0 Sys: 0 Dp: 0 El: 0 : 0..0)
	     2:  (Type: 0 Sys: 0 Dp: 0 El: 0 : 0..0)
	     3: :_alert_hdl.._value (Type: 0 Sys: 0 Dp: 0 El: 0 : _alert_hdl.._value)

     2: dyn_anytype 3 items
	     1: SysSozina:K1Test.incident.trafficJam (Type: 228 Sys: 2 Dp: 5702 El: 7 : 0..0)
	     2: 2018.10.30 10:19:14.963 (0 ) SysSozina:K1Test.incident.trafficJam:_alert_hdl (Type: 228 Sys: 2 Dp: 5702 El: 7 : _alert_hdl..0)
	     3: TRUE

     3: dyn_anytype 3 items
	     1: SysSozina:K1Test.incident.stoppedVehicle (Type: 228 Sys: 2 Dp: 5702 El: 8 : 0..0)
	     2: 2018.10.30 10:20:31.464 (0 ) SysSozina:K1Test.incident.stoppedVehicle:_alert_hdl (Type: 228 Sys: 2 Dp: 5702 El: 8 : _alert_hdl..0)
	     3: TRUE

     4: dyn_anytype 3 items
	     1: SysSozina:K1Test.incident.non-trafficAreaMovement (Type: 228 Sys: 2 Dp: 5702 El: 9 : 0..0)
	     2: 2018.10.30 10:19:22.660 (0 ) SysSozina:K1Test.incident.non-trafficAreaMovement:_alert_hdl (Type: 228 Sys: 2 Dp: 5702 El: 9 : _alert_hdl..0)
	     3: TRUE

]
2018.10.30 13:33:52.712["trenutno nedostupan server "]
2018.10.30 13:34:02.719["trenutno nedostupan server "]
2018.10.30 13:34:12.725["trenutno nedostupan server "]
2018.10.30 13:34:22.732["trenutno nedostupan server "]
2018.10.30 13:34:32.738["trenutno nedostupan server "]
2018.10.30 13:34:42.745["trenutno nedostupan server "]
2018.10.30 13:34:52.750["trenutno nedostupan server "]
2018.10.30 13:35:02.757["trenutno nedostupan server "]
2018.10.30 13:35:12.764["trenutno nedostupan server "]
2018.10.30 13:35:22.771["trenutno nedostupan server "]
2018.10.30 13:35:32.777["trenutno nedostupan server "]
2018.10.30 13:37:06.266["Gužva u saobraćaju"]
2018.10.30 13:37:06.267["Zaustavljeno vozilo"]
2018.10.30 13:37:06.267["Kretanje u ugibalištu"]
2018.10.30 13:53:35.659[""]
2018.10.30 13:55:26.371["D:/SCADA/BS_Husky_Proj/Sozina/data/alarmSounds/paznja_pjesak_u_tunelu.wav"]
2018.10.30 13:55:59.844["D:/SCADA/BS_Husky_Proj/Sozina/data/alarmSounds/paznja_pjesak_u_tunelu.wav"]
2018.10.30 13:56:06.079["D:/SCADA/BS_Husky_Proj/Sozina/data/alarmSounds/paznja_kretanje_vozila_u_suprotnom_smjeru.wav"]
2018.10.30 13:56:35.134["D:/SCADA/BS_Husky_Proj/Sozina/data/alarmSounds/paznja_kretanje_vozila_u_suprotnom_smjeru.wav"]
2018.10.30 13:56:46.527["D:/SCADA/BS_Husky_Proj/Sozina/data/alarmSounds/paznja_pjesak_u_tunelu.wav"]
2018.10.30 13:56:47.102["D:/SCADA/BS_Husky_Proj/Sozina/data/alarmSounds/paznja_kretanje_vozila_u_suprotnom_smjeru.wav"]
2018.10.30 13:56:54.352["D:/SCADA/BS_Husky_Proj/Sozina/data/alarmSounds/paznja_pjesak_u_tunelu.wav"]
2018.10.30 14:00:45.845[FALSE]
2018.10.30 14:00:45.847[FALSE]
2018.10.30 14:00:45.848[FALSE]
2018.10.30 14:00:45.849[FALSE]
2018.10.30 14:00:45.850[FALSE]
2018.10.30 14:00:45.851[FALSE]
2018.10.30 14:00:53.724[FALSE]
2018.10.30 14:04:34.663[FALSE]
2018.10.30 14:04:34.665[FALSE]
2018.10.30 14:04:34.666[FALSE]
2018.10.30 14:04:34.667[FALSE]
2018.10.30 14:04:34.668[FALSE]
2018.10.30 14:04:41.148[FALSE]
2018.10.30 14:04:43.342[FALSE]
2018.10.30 14:12:07.897["Gužva u saobraćaju"][TRUE]
2018.10.30 14:12:07.899["Zaustavljeno vozilo"][TRUE]
2018.10.30 14:12:07.902["Kretanje u ugibalištu"][TRUE]
2018.10.30 14:12:07.904["Pogrešan smjer"][TRUE]
2018.10.30 14:12:07.904["D:/SCADA/BS_Husky_Proj/Sozina/data/alarmSounds/paznja_kretanje_vozila_u_suprotnom_smjeru.wav"]
2018.10.30 14:12:07.908["Pješak"][TRUE]
2018.10.30 14:12:07.909["D:/SCADA/BS_Husky_Proj/Sozina/data/alarmSounds/paznja_pjesak_u_tunelu.wav"]
2018.10.30 14:13:19.074["D:/SCADA/BS_Husky_Proj/Sozina/data/alarmSounds/paznja_kretanje_vozila_u_suprotnom_smjeru.wav"]
2018.10.30 14:13:19.078["D:/SCADA/BS_Husky_Proj/Sozina/data/alarmSounds/paznja_pjesak_u_tunelu.wav"]
2018.10.30 14:13:27.068["D:/SCADA/BS_Husky_Proj/Sozina/data/alarmSounds/paznja_pjesak_u_tunelu.wav"]
2018.10.30 14:13:41.466["D:/SCADA/BS_Husky_Proj/Sozina/data/alarmSounds/paznja_kretanje_vozila_u_suprotnom_smjeru.wav"]
2018.10.30 14:13:52.972["D:/SCADA/BS_Husky_Proj/Sozina/data/alarmSounds/paznja_smanjenje_brzine_vozila_ka_jugu.wav"]
2018.10.30 14:14:04.178["D:/SCADA/BS_Husky_Proj/Sozina/data/alarmSounds/paznja_zaustavljeno_vozilo_u_tunelu.wav"]
2018.10.30 14:14:09.432["D:/SCADA/BS_Husky_Proj/Sozina/data/alarmSounds/defaultSound.wav"]
2018.10.30 14:14:14.837["D:/SCADA/BS_Husky_Proj/Sozina/data/alarmSounds/defaultSound.wav"]
2018.10.30 14:14:19.543["D:/SCADA/BS_Husky_Proj/Sozina/data/alarmSounds/paznja_pozar.wav"]
