processing file D:\SCADA\BS_Husky_Proj\Bancarevo\dplist\layers.dpl
DpType (11): Create msg for type Layers sent.
Datapoint/DpId (14): create CamerasLayer.
Datapoint/DpId (15): create InternalIlluminationSignsLayer.
Datapoint/DpId (16): create VentilationLayer.
Datapoint/DpId (17): create LightingLayer.
Datapoint/DpId (18): create SOSPhonesLayer.
Datapoint/DpId (19): Datapoint (SysBancarevo:_mp_Devices) with ID 5801 already exists, new ID will be generated
Datapoint/DpId (19): create TrafficSignsLayer.
Datapoint/DpId (20): Datapoint (SysBancarevo:_dt_Devices) with ID 5802 already exists, new ID will be generated
Datapoint/DpId (20): create FireDetectionLayer.
Datapoint/DpId (21): Datapoint (SysBancarevo:OverheightVehicle1) with ID 5803 already exists, new ID will be generated
Datapoint/DpId (21): create ElectricPowerLayer.
DpValue (26): Values for CamerasLayer.state.isVisible sent.
DpValue (27): Values for CamerasLayer.settings.layerNumber sent.
DpValue (28): Values for CamerasLayer.settings.defaultIsVisible sent.
DpValue (29): Values for InternalIlluminationSignsLayer.state.isVisible sent.
DpValue (30): Values for InternalIlluminationSignsLayer.settings.layerNumber sent.
DpValue (31): Values for VentilationLayer.state.isVisible sent.
DpValue (32): Values for VentilationLayer.settings.layerNumber sent.
DpValue (33): Values for VentilationLayer.settings.defaultIsVisible sent.
DpValue (34): Values for LightingLayer.state.isVisible sent.
DpValue (35): Values for LightingLayer.settings.defaultIsVisible sent.
DpValue (36): Values for SOSPhonesLayer.state.isVisible sent.
DpValue (37): Values for SOSPhonesLayer.settings.layerNumber sent.
DpValue (38): Values for SOSPhonesLayer.settings.defaultIsVisible sent.
DpValue (39): Values for TrafficSignsLayer.state.isVisible sent.
DpValue (40): Values for TrafficSignsLayer.settings.layerNumber sent.
DpValue (41): Values for TrafficSignsLayer.settings.defaultIsVisible sent.
DpValue (42): Values for FireDetectionLayer.state.isVisible sent.
DpValue (43): Values for FireDetectionLayer.settings.layerNumber sent.
DpValue (44): Values for FireDetectionLayer.settings.defaultIsVisible sent.
DpValue (45): Values for ElectricPowerLayer.state.isVisible sent.
DpValue (46): Values for ElectricPowerLayer.settings.layerNumber sent.
ascii dump of database (48): Values for ElectricPowerLayer.settings.defaultIsVisible sent.
Waiting for last response from eventmanager...
Scanning of file D:\SCADA\BS_Husky_Proj\Bancarevo\dplist\layers.dpl is finished (56)
End of Program
