2018.11.13 15:02:03.617["[Log] ERROR at dpExists: Failed to get dp <VMS8-OA2D_Sopot.response.signStatus>."]
2018.11.13 15:02:03.617["[Log] ERROR at dpExists: Failed to get dp <VMS8-OA2D_Sopot.command.value>."]
2018.11.13 15:02:03.617["[Log] ERROR at dpExists: Failed to get dp <VMS7-OA2D_Sopot.response.signStatus>."]
2018.11.13 15:02:03.617["[Log] ERROR at dpExists: Failed to get dp <VMS7-OA2D_Sopot.command.value>."]
2018.11.13 15:02:03.617["[Log] ERROR at dpExists: Failed to get dp <VMS6-OA2D_Sopot.response.signStatus>."]
2018.11.13 15:02:03.618["[Log] ERROR at dpExists: Failed to get dp <VMS6-OA2D_Sopot.command.value>."]
2018.11.13 15:02:03.618["[Log] ERROR at dpExists: Failed to get dp <VMS5-OA2D_Sopot.response.signStatus>."]
2018.11.13 15:02:03.618["[Log] ERROR at dpExists: Failed to get dp <VMS5-OA2D_Sopot.command.value>."]
2018.11.13 15:02:03.618["[Log] ERROR at dpExists: Failed to get dp <VMS1-OA2D_Sopot.response.signStatus>."]
2018.11.13 15:02:03.618["[Log] ERROR at dpExists: Failed to get dp <VMS1-OA2D_Sopot.command.value>."]
2018.11.13 15:02:03.618["[Log] ERROR at dpExists: Failed to get dp <VMS2-OA2D_Sopot.response.signStatus>."]
2018.11.13 15:02:03.618["[Log] ERROR at dpExists: Failed to get dp <VMS2-OA2D_Sopot.command.value>."]
2018.11.13 15:02:03.618["[Log] ERROR at dpExists: Failed to get dp <VMS3-OA2D_Sopot.response.signStatus>."]
2018.11.13 15:02:03.618["[Log] ERROR at dpExists: Failed to get dp <VMS3-OA2D_Sopot.command.value>."]
2018.11.13 15:02:03.619["[Log] ERROR at dpExists: Failed to get dp <VMS4-OA2D_Sopot.response.signStatus>."]
2018.11.13 15:02:03.619["[Log] ERROR at dpExists: Failed to get dp <VMS4-OA2D_Sopot.command.value>."]
2018.11.13 15:02:03.619["[Log] ERROR at dpExists: Failed to get dp <VMS5-OA1L_Sopot.response.signStatus>."]
2018.11.13 15:02:03.619["[Log] ERROR at dpExists: Failed to get dp <VMS5-OA1L_Sopot.command.value>."]
2018.11.13 15:02:03.619["[Log] ERROR at dpExists: Failed to get dp <VMS6-OA1L_Sopot.response.signStatus>."]
2018.11.13 15:02:03.619["[Log] ERROR at dpExists: Failed to get dp <VMS6-OA1L_Sopot.command.value>."]
2018.11.13 15:02:03.619["[Log] ERROR at dpExists: Failed to get dp <VMS7-OA1L_Sopot.response.signStatus>."]
2018.11.13 15:02:03.619["[Log] ERROR at dpExists: Failed to get dp <VMS7-OA1L_Sopot.command.value>."]
2018.11.13 15:02:03.619["[Log] ERROR at dpExists: Failed to get dp <VMS8-OA1L_Sopot.response.signStatus>."]
2018.11.13 15:02:03.619["[Log] ERROR at dpExists: Failed to get dp <VMS8-OA1L_Sopot.command.value>."]
2018.11.13 15:02:03.619["[Log] ERROR at dpExists: Failed to get dp <VMS4-OA1L_Sopot.response.signStatus>."]
2018.11.13 15:02:03.619["[Log] ERROR at dpExists: Failed to get dp <VMS4-OA1L_Sopot.command.value>."]
2018.11.13 15:02:03.619["[Log] ERROR at dpExists: Failed to get dp <VMS3-OA1L_Sopot.response.signStatus>."]
2018.11.13 15:02:03.619["[Log] ERROR at dpExists: Failed to get dp <VMS3-OA1L_Sopot.command.value>."]
2018.11.13 15:02:03.619["[Log] ERROR at dpExists: Failed to get dp <VMS2-OA1L_Sopot.response.signStatus>."]
2018.11.13 15:02:03.620["[Log] ERROR at dpExists: Failed to get dp <VMS2-OA1L_Sopot.command.value>."]
2018.11.13 15:02:03.620["[Log] ERROR at dpExists: Failed to get dp <VMS1-OA1L_Sopot.response.signStatus>."]
2018.11.13 15:02:03.620["[Log] ERROR at dpExists: Failed to get dp <VMS1-OA1L_Sopot.command.value>."]
2018.11.13 15:02:03.620["[Log] ERROR at dpExists: Failed to get dp <VMS2-OA5D.response.signStatus>."]
2018.11.13 15:02:03.620["[Log] ERROR at dpExists: Failed to get dp <VMS2-OA5D.command.value>."]
2018.11.13 15:02:03.620["[Log] ERROR at dpExists: Failed to get dp <VMS3-OA5D.response.signStatus>."]
2018.11.13 15:02:03.620["[Log] ERROR at dpExists: Failed to get dp <VMS3-OA5D.command.value>."]
2018.11.13 15:02:03.620["[Log] ERROR at dpExists: Failed to get dp <VMS4-OA5D.response.signStatus>."]
2018.11.13 15:02:03.620["[Log] ERROR at dpExists: Failed to get dp <VMS4-OA5D.command.value>."]
2018.11.13 15:02:03.620["[Log] ERROR at dpExists: Failed to get dp <VMS5-OA5D.response.signStatus>."]
2018.11.13 15:02:03.620["[Log] ERROR at dpExists: Failed to get dp <VMS5-OA5D.command.value>."]
2018.11.13 15:02:03.620["[Log] ERROR at dpExists: Failed to get dp <VMS6-OA5L.response.signStatus>."]
2018.11.13 15:02:03.620["[Log] ERROR at dpExists: Failed to get dp <VMS6-OA5L.command.value>."]
2018.11.13 15:02:03.620["[Log] ERROR at dpExists: Failed to get dp <VMS5-OA5L.response.signStatus>."]
2018.11.13 15:02:03.620["[Log] ERROR at dpExists: Failed to get dp <VMS5-OA5L.command.value>."]
2018.11.13 15:02:03.620["[Log] ERROR at dpExists: Failed to get dp <VMS4-OA5L.response.signStatus>."]
2018.11.13 15:02:03.621["[Log] ERROR at dpExists: Failed to get dp <VMS4-OA5L.command.value>."]
2018.11.13 15:02:03.621["[Log] ERROR at dpExists: Failed to get dp <VMS3-OA5L.response.signStatus>."]
2018.11.13 15:02:03.621["[Log] ERROR at dpExists: Failed to get dp <VMS3-OA5L.command.value>."]
2018.11.13 15:02:03.621["[Log] ERROR at dpExists: Failed to get dp <VMS7-OA3L.response.signStatus>."]
2018.11.13 15:02:03.621["[Log] ERROR at dpExists: Failed to get dp <VMS7-OA3L.command.value>."]
2018.11.13 15:02:03.621["[Log] ERROR at dpExists: Failed to get dp <VMS6-OA3L.response.signStatus>."]
2018.11.13 15:02:03.621["[Log] ERROR at dpExists: Failed to get dp <VMS6-OA3L.command.value>."]
2018.11.13 15:02:03.621["[Log] ERROR at dpExists: Failed to get dp <VMS3-OA3L.response.signStatus>."]
2018.11.13 15:02:03.621["[Log] ERROR at dpExists: Failed to get dp <VMS3-OA3L.command.value>."]
2018.11.13 15:02:03.621["[Log] ERROR at dpExists: Failed to get dp <VMS2-OA3L.response.signStatus>."]
2018.11.13 15:02:03.621["[Log] ERROR at dpExists: Failed to get dp <VMS2-OA3L.command.value>."]
2018.11.13 15:02:03.621["[Log] ERROR at dpExists: Failed to get dp <VMS2-OA3D.response.signStatus>."]
2018.11.13 15:02:03.621["[Log] ERROR at dpExists: Failed to get dp <VMS2-OA3D.command.value>."]
2018.11.13 15:02:03.621["[Log] ERROR at dpExists: Failed to get dp <VMS3-OA3D.response.signStatus>."]
2018.11.13 15:02:03.621["[Log] ERROR at dpExists: Failed to get dp <VMS3-OA3D.command.value>."]
2018.11.13 15:02:03.621["[Log] ERROR at dpExists: Failed to get dp <VMS6-OA3D.response.signStatus>."]
2018.11.13 15:02:03.621["[Log] ERROR at dpExists: Failed to get dp <VMS6-OA3D.command.value>."]
2018.11.13 15:02:03.621["[Log] ERROR at dpExists: Failed to get dp <VMS7-OA3D.response.signStatus>."]
2018.11.13 15:02:03.621["[Log] ERROR at dpExists: Failed to get dp <VMS7-OA3D.command.value>."]
[""]
2018.11.13 15:02:05.108["[Log] ERROR at getDP: Failed to get dp <SysSopotSarlahK1D.settings.isActive>. (DP does not exist, 
    Module: mainModule_1
    Panel: D:\\SCADA\\BS_Husky_Proj\\Bancarevo\\panels\\MainPanels\\SarlahSopot.pnl [SysBancarevo Sarlah-Sopot]
    In reference: objects/Camera/Camera_ref.pnl Group: 0 named: \"PANEL_REF0\"
    Script: Initialize
    Library: D:\\SCADA\\BS_Husky_Proj\\Bancarevo\\scripts\\libs\\basicMethods.ctl
    Line: 6, dpGet, SysSopotSarlahK1D.settings.isActive)"]
2018.11.13 15:02:05.112["[Log] ERROR at getDP: Failed to get dp <SysSopotSarlahK2D.settings.isActive>. (DP does not exist, 
    Module: mainModule_1
    Panel: D:\\SCADA\\BS_Husky_Proj\\Bancarevo\\panels\\MainPanels\\SarlahSopot.pnl [SysBancarevo Sarlah-Sopot]
    In reference: objects/Camera/Camera_ref.pnl Group: 1 named: \"PANEL_REF1\"
    Script: Initialize
    Library: D:\\SCADA\\BS_Husky_Proj\\Bancarevo\\scripts\\libs\\basicMethods.ctl
    Line: 6, dpGet, SysSopotSarlahK2D.settings.isActive)"]
2018.11.13 15:02:05.118["[Log] ERROR at getDP: Failed to get dp <SysSopotSarlahK1L.settings.isActive>. (DP does not exist, 
    Module: mainModule_1
    Panel: D:\\SCADA\\BS_Husky_Proj\\Bancarevo\\panels\\MainPanels\\SarlahSopot.pnl [SysBancarevo Sarlah-Sopot]
    In reference: objects/Camera/Camera_ref.pnl Group: 2 named: \"PANEL_REF2\"
    Script: Initialize
    Library: D:\\SCADA\\BS_Husky_Proj\\Bancarevo\\scripts\\libs\\basicMethods.ctl
    Line: 6, dpGet, SysSopotSarlahK1L.settings.isActive)"]
2018.11.13 15:02:05.123["[Log] ERROR at getDP: Failed to get dp <SysSopotSarlahK2L.settings.isActive>. (DP does not exist, 
    Module: mainModule_1
    Panel: D:\\SCADA\\BS_Husky_Proj\\Bancarevo\\panels\\MainPanels\\SarlahSopot.pnl [SysBancarevo Sarlah-Sopot]
    In reference: objects/Camera/Camera_ref.pnl Group: 3 named: \"PANEL_REF3\"
    Script: Initialize
    Library: D:\\SCADA\\BS_Husky_Proj\\Bancarevo\\scripts\\libs\\basicMethods.ctl
    Line: 6, dpGet, SysSopotSarlahK2L.settings.isActive)"]
2018.11.13 15:02:05.129["[Log] ERROR at getDP: Failed to get dp <.settings.isActive>. (DP does not exist, 
    Module: mainModule_1
    Panel: D:\\SCADA\\BS_Husky_Proj\\Bancarevo\\panels\\MainPanels\\SarlahSopot.pnl [SysBancarevo Sarlah-Sopot]
    In reference: objects/Camera/Camera_ref.pnl Group: 4 named: \"PANEL_REF4\"
    Script: Initialize
    Library: D:\\SCADA\\BS_Husky_Proj\\Bancarevo\\scripts\\libs\\basicMethods.ctl
    Line: 6, dpGet, .settings.isActive)"]
2018.11.13 15:02:05.134["[Log] ERROR at getDP: Failed to get dp <.settings.isActive>. (DP does not exist, 
    Module: mainModule_1
    Panel: D:\\SCADA\\BS_Husky_Proj\\Bancarevo\\panels\\MainPanels\\SarlahSopot.pnl [SysBancarevo Sarlah-Sopot]
    In reference: objects/Camera/Camera_ref.pnl Group: 7 named: \"PANEL_REF7\"
    Script: Initialize
    Library: D:\\SCADA\\BS_Husky_Proj\\Bancarevo\\scripts\\libs\\basicMethods.ctl
    Line: 6, dpGet, .settings.isActive)"]
2018.11.13 15:02:05.138["[Log] ERROR at getDP: Failed to get dp <.settings.isActive>. (DP does not exist, 
    Module: mainModule_1
    Panel: D:\\SCADA\\BS_Husky_Proj\\Bancarevo\\panels\\MainPanels\\SarlahSopot.pnl [SysBancarevo Sarlah-Sopot]
    In reference: objects/Camera/Camera_ref.pnl Group: 8 named: \"PANEL_REF8\"
    Script: Initialize
    Library: D:\\SCADA\\BS_Husky_Proj\\Bancarevo\\scripts\\libs\\basicMethods.ctl
    Line: 6, dpGet, .settings.isActive)"]
2018.11.13 15:02:05.143["[Log] ERROR at getDP: Failed to get dp <.settings.isActive>. (DP does not exist, 
    Module: mainModule_1
    Panel: D:\\SCADA\\BS_Husky_Proj\\Bancarevo\\panels\\MainPanels\\SarlahSopot.pnl [SysBancarevo Sarlah-Sopot]
    In reference: objects/Camera/Camera_ref.pnl Group: 9 named: \"PANEL_REF9\"
    Script: Initialize
    Library: D:\\SCADA\\BS_Husky_Proj\\Bancarevo\\scripts\\libs\\basicMethods.ctl
    Line: 6, dpGet, .settings.isActive)"]
2018.11.13 15:02:05.148["[Log] ERROR at getDP: Failed to get dp <.settings.isActive>. (DP does not exist, 
    Module: mainModule_1
    Panel: D:\\SCADA\\BS_Husky_Proj\\Bancarevo\\panels\\MainPanels\\SarlahSopot.pnl [SysBancarevo Sarlah-Sopot]
    In reference: objects/Camera/Camera_ref.pnl Group: 10 named: \"PANEL_REF10\"
    Script: Initialize
    Library: D:\\SCADA\\BS_Husky_Proj\\Bancarevo\\scripts\\libs\\basicMethods.ctl
    Line: 6, dpGet, .settings.isActive)"]
2018.11.13 15:02:05.153["[Log] ERROR at getDP: Failed to get dp <.settings.isActive>. (DP does not exist, 
    Module: mainModule_1
    Panel: D:\\SCADA\\BS_Husky_Proj\\Bancarevo\\panels\\MainPanels\\SarlahSopot.pnl [SysBancarevo Sarlah-Sopot]
    In reference: objects/Camera/Camera_ref.pnl Group: 11 named: \"PANEL_REF11\"
    Script: Initialize
    Library: D:\\SCADA\\BS_Husky_Proj\\Bancarevo\\scripts\\libs\\basicMethods.ctl
    Line: 6, dpGet, .settings.isActive)"]
2018.11.13 15:02:05.158["[Log] ERROR at getDP: Failed to get dp <.settings.isActive>. (DP does not exist, 
    Module: mainModule_1
    Panel: D:\\SCADA\\BS_Husky_Proj\\Bancarevo\\panels\\MainPanels\\SarlahSopot.pnl [SysBancarevo Sarlah-Sopot]
    In reference: objects/Camera/Camera_ref.pnl Group: 12 named: \"PANEL_REF12\"
    Script: Initialize
    Library: D:\\SCADA\\BS_Husky_Proj\\Bancarevo\\scripts\\libs\\basicMethods.ctl
    Line: 6, dpGet, .settings.isActive)"]
2018.11.13 15:02:05.164["[Log] ERROR at getDP: Failed to get dp <.settings.isActive>. (DP does not exist, 
    Module: mainModule_1
    Panel: D:\\SCADA\\BS_Husky_Proj\\Bancarevo\\panels\\MainPanels\\SarlahSopot.pnl [SysBancarevo Sarlah-Sopot]
    In reference: objects/Camera/Camera_ref.pnl Group: 13 named: \"PANEL_REF13\"
    Script: Initialize
    Library: D:\\SCADA\\BS_Husky_Proj\\Bancarevo\\scripts\\libs\\basicMethods.ctl
    Line: 6, dpGet, .settings.isActive)"]
2018.11.13 15:02:05.169["[Log] ERROR at getDP: Failed to get dp <.settings.isActive>. (DP does not exist, 
    Module: mainModule_1
    Panel: D:\\SCADA\\BS_Husky_Proj\\Bancarevo\\panels\\MainPanels\\SarlahSopot.pnl [SysBancarevo Sarlah-Sopot]
    In reference: objects/Camera/Camera_ref.pnl Group: 14 named: \"PANEL_REF14\"
    Script: Initialize
    Library: D:\\SCADA\\BS_Husky_Proj\\Bancarevo\\scripts\\libs\\basicMethods.ctl
    Line: 6, dpGet, .settings.isActive)"]
2018.11.13 15:02:05.173["[Log] ERROR at getDP: Failed to get dp <.settings.isActive>. (DP does not exist, 
    Module: mainModule_1
    Panel: D:\\SCADA\\BS_Husky_Proj\\Bancarevo\\panels\\MainPanels\\SarlahSopot.pnl [SysBancarevo Sarlah-Sopot]
    In reference: objects/Camera/Camera_ref.pnl Group: 15 named: \"PANEL_REF15\"
    Script: Initialize
    Library: D:\\SCADA\\BS_Husky_Proj\\Bancarevo\\scripts\\libs\\basicMethods.ctl
    Line: 6, dpGet, .settings.isActive)"]
2018.11.13 15:02:05.178["[Log] ERROR at getDP: Failed to get dp <.settings.isActive>. (DP does not exist, 
    Module: mainModule_1
    Panel: D:\\SCADA\\BS_Husky_Proj\\Bancarevo\\panels\\MainPanels\\SarlahSopot.pnl [SysBancarevo Sarlah-Sopot]
    In reference: objects/Camera/Camera_ref.pnl Group: 16 named: \"PANEL_REF16\"
    Script: Initialize
    Library: D:\\SCADA\\BS_Husky_Proj\\Bancarevo\\scripts\\libs\\basicMethods.ctl
    Line: 6, dpGet, .settings.isActive)"]
2018.11.13 15:02:05.183["[Log] ERROR at getDP: Failed to get dp <.settings.isActive>. (DP does not exist, 
    Module: mainModule_1
    Panel: D:\\SCADA\\BS_Husky_Proj\\Bancarevo\\panels\\MainPanels\\SarlahSopot.pnl [SysBancarevo Sarlah-Sopot]
    In reference: objects/Camera/Camera_ref.pnl Group: 17 named: \"PANEL_REF17\"
    Script: Initialize
    Library: D:\\SCADA\\BS_Husky_Proj\\Bancarevo\\scripts\\libs\\basicMethods.ctl
    Line: 6, dpGet, .settings.isActive)"]
2018.11.13 15:02:05.188["[Log] ERROR at getDP: Failed to get dp <.settings.isActive>. (DP does not exist, 
    Module: mainModule_1
    Panel: D:\\SCADA\\BS_Husky_Proj\\Bancarevo\\panels\\MainPanels\\SarlahSopot.pnl [SysBancarevo Sarlah-Sopot]
    In reference: objects/Camera/Camera_ref.pnl Group: 18 named: \"PANEL_REF18\"
    Script: Initialize
    Library: D:\\SCADA\\BS_Husky_Proj\\Bancarevo\\scripts\\libs\\basicMethods.ctl
    Line: 6, dpGet, .settings.isActive)"]
2018.11.13 15:02:05.198["[Log] ERROR at getDP: Failed to get dp <.settings.isActive>. (DP does not exist, 
    Module: mainModule_1
    Panel: D:\\SCADA\\BS_Husky_Proj\\Bancarevo\\panels\\MainPanels\\SarlahSopot.pnl [SysBancarevo Sarlah-Sopot]
    In reference: objects/Camera/Camera_ref.pnl Group: 19 named: \"PANEL_REF19\"
    Script: Initialize
    Library: D:\\SCADA\\BS_Husky_Proj\\Bancarevo\\scripts\\libs\\basicMethods.ctl
    Line: 6, dpGet, .settings.isActive)"]
2018.11.13 15:02:05.198["[Log] ERROR at getDP: Failed to get dp <.settings.isActive>. (DP does not exist, 
    Module: mainModule_1
    Panel: D:\\SCADA\\BS_Husky_Proj\\Bancarevo\\panels\\MainPanels\\SarlahSopot.pnl [SysBancarevo Sarlah-Sopot]
    In reference: objects/Camera/Camera_ref.pnl Group: 20 named: \"PANEL_REF20\"
    Script: Initialize
    Library: D:\\SCADA\\BS_Husky_Proj\\Bancarevo\\scripts\\libs\\basicMethods.ctl
    Line: 6, dpGet, .settings.isActive)"]
2018.11.13 15:02:05.199["[Log] ERROR at getDP: Failed to get dp <.settings.isActive>. (DP does not exist, 
    Module: mainModule_1
    Panel: D:\\SCADA\\BS_Husky_Proj\\Bancarevo\\panels\\MainPanels\\SarlahSopot.pnl [SysBancarevo Sarlah-Sopot]
    In reference: objects/Camera/Camera_ref.pnl Group: 21 named: \"PANEL_REF21\"
    Script: Initialize
    Library: D:\\SCADA\\BS_Husky_Proj\\Bancarevo\\scripts\\libs\\basicMethods.ctl
    Line: 6, dpGet, .settings.isActive)"]
2018.11.13 15:02:05.199["[Log] ERROR at getDP: Failed to get dp <.settings.isActive>. (DP does not exist, 
    Module: mainModule_1
    Panel: D:\\SCADA\\BS_Husky_Proj\\Bancarevo\\panels\\MainPanels\\SarlahSopot.pnl [SysBancarevo Sarlah-Sopot]
    In reference: objects/Camera/Camera_ref.pnl Group: 22 named: \"PANEL_REF22\"
    Script: Initialize
    Library: D:\\SCADA\\BS_Husky_Proj\\Bancarevo\\scripts\\libs\\basicMethods.ctl
    Line: 6, dpGet, .settings.isActive)"]
2018.11.13 15:02:05.209["[Log] ERROR at main: Could not load settings from camera K1D"]
2018.11.13 15:02:05.209["[Log] WARNING at main: Error in calling dpConnect while checking camera activity"]
2018.11.13 15:02:05.209["[Log] ERROR at main: Could not load settings from camera K2D"]
2018.11.13 15:02:05.209["[Log] WARNING at main: Error in calling dpConnect while checking camera activity"]
2018.11.13 15:02:05.210["[Log] ERROR at main: Could not load settings from camera K1L"]
2018.11.13 15:02:05.210["[Log] WARNING at main: Error in calling dpConnect while checking camera activity"]
2018.11.13 15:02:05.210["[Log] ERROR at main: Could not load settings from camera K2L"]
2018.11.13 15:02:05.210["[Log] WARNING at main: Error in calling dpConnect while checking camera activity"]
2018.11.13 15:02:05.210["[Log] ERROR at main: Could not load settings from camera "]
2018.11.13 15:02:05.210["[Log] WARNING at main: Error in calling dpConnect while checking camera activity"]
2018.11.13 15:02:05.210["[Log] ERROR at main: Could not load settings from camera "]
2018.11.13 15:02:05.210["[Log] WARNING at main: Error in calling dpConnect while checking camera activity"]
2018.11.13 15:02:05.210["[Log] ERROR at main: Could not load settings from camera "]
2018.11.13 15:02:05.210["[Log] WARNING at main: Error in calling dpConnect while checking camera activity"]
2018.11.13 15:02:05.210["[Log] ERROR at main: Could not load settings from camera "]
2018.11.13 15:02:05.211["[Log] WARNING at main: Error in calling dpConnect while checking camera activity"]
2018.11.13 15:02:05.211["[Log] ERROR at main: Could not load settings from camera "]
2018.11.13 15:02:05.211["[Log] WARNING at main: Error in calling dpConnect while checking camera activity"]
2018.11.13 15:02:05.211["[Log] ERROR at main: Could not load settings from camera "]
2018.11.13 15:02:05.211["[Log] WARNING at main: Error in calling dpConnect while checking camera activity"]
2018.11.13 15:02:05.211["[Log] ERROR at main: Could not load settings from camera "]
2018.11.13 15:02:05.211["[Log] WARNING at main: Error in calling dpConnect while checking camera activity"]
2018.11.13 15:02:05.211["[Log] ERROR at main: Could not load settings from camera "]
2018.11.13 15:02:05.211["[Log] WARNING at main: Error in calling dpConnect while checking camera activity"]
2018.11.13 15:02:05.211["[Log] ERROR at main: Could not load settings from camera "]
2018.11.13 15:02:05.211["[Log] WARNING at main: Error in calling dpConnect while checking camera activity"]
2018.11.13 15:02:05.211["[Log] ERROR at main: Could not load settings from camera "]
2018.11.13 15:02:05.211["[Log] WARNING at main: Error in calling dpConnect while checking camera activity"]
2018.11.13 15:02:05.212["[Log] ERROR at main: Could not load settings from camera "]
2018.11.13 15:02:05.212["[Log] WARNING at main: Error in calling dpConnect while checking camera activity"]
2018.11.13 15:02:05.212["[Log] ERROR at main: Could not load settings from camera "]
2018.11.13 15:02:05.212["[Log] WARNING at main: Error in calling dpConnect while checking camera activity"]
2018.11.13 15:02:05.212["[Log] ERROR at main: Could not load settings from camera "]
2018.11.13 15:02:05.212["[Log] WARNING at main: Error in calling dpConnect while checking camera activity"]
2018.11.13 15:02:05.212["[Log] ERROR at main: Could not load settings from camera "]
2018.11.13 15:02:05.212["[Log] WARNING at main: Error in calling dpConnect while checking camera activity"]
2018.11.13 15:02:05.212["[Log] ERROR at main: Could not load settings from camera "]
2018.11.13 15:02:05.212["[Log] WARNING at main: Error in calling dpConnect while checking camera activity"]
2018.11.13 15:02:05.212["[Log] ERROR at main: Could not load settings from camera "]
2018.11.13 15:02:05.212["[Log] WARNING at main: Error in calling dpConnect while checking camera activity"]
2018.11.13 15:02:05.212["[Log] ERROR at main: Could not load settings from camera "]
2018.11.13 15:02:05.213["[Log] WARNING at main: Error in calling dpConnect while checking camera activity"]
[""]
2018.11.13 15:02:36.387["[Log] ERROR at showSignOnRef: Empty array of values <SysBancarevo:VMS5-2-OA4D.command.value:_online.._value>."]
2018.11.13 15:02:36.389["[Log] ERROR at showSignOnRef: Empty array of values <SysBancarevo:VMS5-1-OA4D.command.value:_online.._value>."]
2018.11.13 15:02:36.389["[Log] ERROR at showSignOnRef: Empty array of values <SysBancarevo:VMS1-2-OA7D.command.value:_online.._value>."]
2018.11.13 15:02:36.489["[Log] ERROR at showSignOnRef: Empty array of values <SysBancarevo:VMS1-1-OA7D.command.value:_online.._value>."]
[""]
2018.11.13 15:03:15.876["[Log] ERROR at getDP: Failed to get dp <SysSopotSarlahK1D.settings.isActive>. (DP does not exist, 
    Module: mainModule_1
    Panel: D:\\SCADA\\BS_Husky_Proj\\Bancarevo\\panels\\MainPanels\\SarlahSopot.pnl [SysBancarevo Sarlah-Sopot]
    In reference: objects/Camera/Camera_ref.pnl Group: 0 named: \"PANEL_REF0\"
    Script: Initialize
    Library: D:\\SCADA\\BS_Husky_Proj\\Bancarevo\\scripts\\libs\\basicMethods.ctl
    Line: 6, dpGet, SysSopotSarlahK1D.settings.isActive)"]
2018.11.13 15:03:15.882["[Log] ERROR at getDP: Failed to get dp <SysSopotSarlahK2D.settings.isActive>. (DP does not exist, 
    Module: mainModule_1
    Panel: D:\\SCADA\\BS_Husky_Proj\\Bancarevo\\panels\\MainPanels\\SarlahSopot.pnl [SysBancarevo Sarlah-Sopot]
    In reference: objects/Camera/Camera_ref.pnl Group: 1 named: \"PANEL_REF1\"
    Script: Initialize
    Library: D:\\SCADA\\BS_Husky_Proj\\Bancarevo\\scripts\\libs\\basicMethods.ctl
    Line: 6, dpGet, SysSopotSarlahK2D.settings.isActive)"]
2018.11.13 15:03:15.889["[Log] ERROR at getDP: Failed to get dp <SysSopotSarlahK1L.settings.isActive>. (DP does not exist, 
    Module: mainModule_1
    Panel: D:\\SCADA\\BS_Husky_Proj\\Bancarevo\\panels\\MainPanels\\SarlahSopot.pnl [SysBancarevo Sarlah-Sopot]
    In reference: objects/Camera/Camera_ref.pnl Group: 2 named: \"PANEL_REF2\"
    Script: Initialize
    Library: D:\\SCADA\\BS_Husky_Proj\\Bancarevo\\scripts\\libs\\basicMethods.ctl
    Line: 6, dpGet, SysSopotSarlahK1L.settings.isActive)"]
2018.11.13 15:03:15.895["[Log] ERROR at getDP: Failed to get dp <SysSopotSarlahK2L.settings.isActive>. (DP does not exist, 
    Module: mainModule_1
    Panel: D:\\SCADA\\BS_Husky_Proj\\Bancarevo\\panels\\MainPanels\\SarlahSopot.pnl [SysBancarevo Sarlah-Sopot]
    In reference: objects/Camera/Camera_ref.pnl Group: 3 named: \"PANEL_REF3\"
    Script: Initialize
    Library: D:\\SCADA\\BS_Husky_Proj\\Bancarevo\\scripts\\libs\\basicMethods.ctl
    Line: 6, dpGet, SysSopotSarlahK2L.settings.isActive)"]
2018.11.13 15:03:15.900["[Log] ERROR at getDP: Failed to get dp <.settings.isActive>. (DP does not exist, 
    Module: mainModule_1
    Panel: D:\\SCADA\\BS_Husky_Proj\\Bancarevo\\panels\\MainPanels\\SarlahSopot.pnl [SysBancarevo Sarlah-Sopot]
    In reference: objects/Camera/Camera_ref.pnl Group: 4 named: \"PANEL_REF4\"
    Script: Initialize
    Library: D:\\SCADA\\BS_Husky_Proj\\Bancarevo\\scripts\\libs\\basicMethods.ctl
    Line: 6, dpGet, .settings.isActive)"]
2018.11.13 15:03:15.905["[Log] ERROR at getDP: Failed to get dp <.settings.isActive>. (DP does not exist, 
    Module: mainModule_1
    Panel: D:\\SCADA\\BS_Husky_Proj\\Bancarevo\\panels\\MainPanels\\SarlahSopot.pnl [SysBancarevo Sarlah-Sopot]
    In reference: objects/Camera/Camera_ref.pnl Group: 7 named: \"PANEL_REF7\"
    Script: Initialize
    Library: D:\\SCADA\\BS_Husky_Proj\\Bancarevo\\scripts\\libs\\basicMethods.ctl
    Line: 6, dpGet, .settings.isActive)"]
2018.11.13 15:03:15.910["[Log] ERROR at getDP: Failed to get dp <.settings.isActive>. (DP does not exist, 
    Module: mainModule_1
    Panel: D:\\SCADA\\BS_Husky_Proj\\Bancarevo\\panels\\MainPanels\\SarlahSopot.pnl [SysBancarevo Sarlah-Sopot]
    In reference: objects/Camera/Camera_ref.pnl Group: 8 named: \"PANEL_REF8\"
    Script: Initialize
    Library: D:\\SCADA\\BS_Husky_Proj\\Bancarevo\\scripts\\libs\\basicMethods.ctl
    Line: 6, dpGet, .settings.isActive)"]
2018.11.13 15:03:15.915["[Log] ERROR at getDP: Failed to get dp <.settings.isActive>. (DP does not exist, 
    Module: mainModule_1
    Panel: D:\\SCADA\\BS_Husky_Proj\\Bancarevo\\panels\\MainPanels\\SarlahSopot.pnl [SysBancarevo Sarlah-Sopot]
    In reference: objects/Camera/Camera_ref.pnl Group: 9 named: \"PANEL_REF9\"
    Script: Initialize
    Library: D:\\SCADA\\BS_Husky_Proj\\Bancarevo\\scripts\\libs\\basicMethods.ctl
    Line: 6, dpGet, .settings.isActive)"]
2018.11.13 15:03:15.920["[Log] ERROR at getDP: Failed to get dp <.settings.isActive>. (DP does not exist, 
    Module: mainModule_1
    Panel: D:\\SCADA\\BS_Husky_Proj\\Bancarevo\\panels\\MainPanels\\SarlahSopot.pnl [SysBancarevo Sarlah-Sopot]
    In reference: objects/Camera/Camera_ref.pnl Group: 10 named: \"PANEL_REF10\"
    Script: Initialize
    Library: D:\\SCADA\\BS_Husky_Proj\\Bancarevo\\scripts\\libs\\basicMethods.ctl
    Line: 6, dpGet, .settings.isActive)"]
2018.11.13 15:03:15.924["[Log] ERROR at getDP: Failed to get dp <.settings.isActive>. (DP does not exist, 
    Module: mainModule_1
    Panel: D:\\SCADA\\BS_Husky_Proj\\Bancarevo\\panels\\MainPanels\\SarlahSopot.pnl [SysBancarevo Sarlah-Sopot]
    In reference: objects/Camera/Camera_ref.pnl Group: 11 named: \"PANEL_REF11\"
    Script: Initialize
    Library: D:\\SCADA\\BS_Husky_Proj\\Bancarevo\\scripts\\libs\\basicMethods.ctl
    Line: 6, dpGet, .settings.isActive)"]
2018.11.13 15:03:15.929["[Log] ERROR at getDP: Failed to get dp <.settings.isActive>. (DP does not exist, 
    Module: mainModule_1
    Panel: D:\\SCADA\\BS_Husky_Proj\\Bancarevo\\panels\\MainPanels\\SarlahSopot.pnl [SysBancarevo Sarlah-Sopot]
    In reference: objects/Camera/Camera_ref.pnl Group: 12 named: \"PANEL_REF12\"
    Script: Initialize
    Library: D:\\SCADA\\BS_Husky_Proj\\Bancarevo\\scripts\\libs\\basicMethods.ctl
    Line: 6, dpGet, .settings.isActive)"]
2018.11.13 15:03:15.934["[Log] ERROR at getDP: Failed to get dp <.settings.isActive>. (DP does not exist, 
    Module: mainModule_1
    Panel: D:\\SCADA\\BS_Husky_Proj\\Bancarevo\\panels\\MainPanels\\SarlahSopot.pnl [SysBancarevo Sarlah-Sopot]
    In reference: objects/Camera/Camera_ref.pnl Group: 13 named: \"PANEL_REF13\"
    Script: Initialize
    Library: D:\\SCADA\\BS_Husky_Proj\\Bancarevo\\scripts\\libs\\basicMethods.ctl
    Line: 6, dpGet, .settings.isActive)"]
2018.11.13 15:03:15.938["[Log] ERROR at getDP: Failed to get dp <.settings.isActive>. (DP does not exist, 
    Module: mainModule_1
    Panel: D:\\SCADA\\BS_Husky_Proj\\Bancarevo\\panels\\MainPanels\\SarlahSopot.pnl [SysBancarevo Sarlah-Sopot]
    In reference: objects/Camera/Camera_ref.pnl Group: 14 named: \"PANEL_REF14\"
    Script: Initialize
    Library: D:\\SCADA\\BS_Husky_Proj\\Bancarevo\\scripts\\libs\\basicMethods.ctl
    Line: 6, dpGet, .settings.isActive)"]
2018.11.13 15:03:15.943["[Log] ERROR at getDP: Failed to get dp <.settings.isActive>. (DP does not exist, 
    Module: mainModule_1
    Panel: D:\\SCADA\\BS_Husky_Proj\\Bancarevo\\panels\\MainPanels\\SarlahSopot.pnl [SysBancarevo Sarlah-Sopot]
    In reference: objects/Camera/Camera_ref.pnl Group: 15 named: \"PANEL_REF15\"
    Script: Initialize
    Library: D:\\SCADA\\BS_Husky_Proj\\Bancarevo\\scripts\\libs\\basicMethods.ctl
    Line: 6, dpGet, .settings.isActive)"]
2018.11.13 15:03:15.948["[Log] ERROR at getDP: Failed to get dp <.settings.isActive>. (DP does not exist, 
    Module: mainModule_1
    Panel: D:\\SCADA\\BS_Husky_Proj\\Bancarevo\\panels\\MainPanels\\SarlahSopot.pnl [SysBancarevo Sarlah-Sopot]
    In reference: objects/Camera/Camera_ref.pnl Group: 16 named: \"PANEL_REF16\"
    Script: Initialize
    Library: D:\\SCADA\\BS_Husky_Proj\\Bancarevo\\scripts\\libs\\basicMethods.ctl
    Line: 6, dpGet, .settings.isActive)"]
2018.11.13 15:03:15.952["[Log] ERROR at getDP: Failed to get dp <.settings.isActive>. (DP does not exist, 
    Module: mainModule_1
    Panel: D:\\SCADA\\BS_Husky_Proj\\Bancarevo\\panels\\MainPanels\\SarlahSopot.pnl [SysBancarevo Sarlah-Sopot]
    In reference: objects/Camera/Camera_ref.pnl Group: 17 named: \"PANEL_REF17\"
    Script: Initialize
    Library: D:\\SCADA\\BS_Husky_Proj\\Bancarevo\\scripts\\libs\\basicMethods.ctl
    Line: 6, dpGet, .settings.isActive)"]
2018.11.13 15:03:15.957["[Log] ERROR at getDP: Failed to get dp <.settings.isActive>. (DP does not exist, 
    Module: mainModule_1
    Panel: D:\\SCADA\\BS_Husky_Proj\\Bancarevo\\panels\\MainPanels\\SarlahSopot.pnl [SysBancarevo Sarlah-Sopot]
    In reference: objects/Camera/Camera_ref.pnl Group: 18 named: \"PANEL_REF18\"
    Script: Initialize
    Library: D:\\SCADA\\BS_Husky_Proj\\Bancarevo\\scripts\\libs\\basicMethods.ctl
    Line: 6, dpGet, .settings.isActive)"]
2018.11.13 15:03:15.962["[Log] ERROR at getDP: Failed to get dp <.settings.isActive>. (DP does not exist, 
    Module: mainModule_1
    Panel: D:\\SCADA\\BS_Husky_Proj\\Bancarevo\\panels\\MainPanels\\SarlahSopot.pnl [SysBancarevo Sarlah-Sopot]
    In reference: objects/Camera/Camera_ref.pnl Group: 19 named: \"PANEL_REF19\"
    Script: Initialize
    Library: D:\\SCADA\\BS_Husky_Proj\\Bancarevo\\scripts\\libs\\basicMethods.ctl
    Line: 6, dpGet, .settings.isActive)"]
2018.11.13 15:03:15.967["[Log] ERROR at getDP: Failed to get dp <.settings.isActive>. (DP does not exist, 
    Module: mainModule_1
    Panel: D:\\SCADA\\BS_Husky_Proj\\Bancarevo\\panels\\MainPanels\\SarlahSopot.pnl [SysBancarevo Sarlah-Sopot]
    In reference: objects/Camera/Camera_ref.pnl Group: 20 named: \"PANEL_REF20\"
    Script: Initialize
    Library: D:\\SCADA\\BS_Husky_Proj\\Bancarevo\\scripts\\libs\\basicMethods.ctl
    Line: 6, dpGet, .settings.isActive)"]
2018.11.13 15:03:15.971["[Log] ERROR at getDP: Failed to get dp <.settings.isActive>. (DP does not exist, 
    Module: mainModule_1
    Panel: D:\\SCADA\\BS_Husky_Proj\\Bancarevo\\panels\\MainPanels\\SarlahSopot.pnl [SysBancarevo Sarlah-Sopot]
    In reference: objects/Camera/Camera_ref.pnl Group: 21 named: \"PANEL_REF21\"
    Script: Initialize
    Library: D:\\SCADA\\BS_Husky_Proj\\Bancarevo\\scripts\\libs\\basicMethods.ctl
    Line: 6, dpGet, .settings.isActive)"]
2018.11.13 15:03:15.976["[Log] ERROR at getDP: Failed to get dp <.settings.isActive>. (DP does not exist, 
    Module: mainModule_1
    Panel: D:\\SCADA\\BS_Husky_Proj\\Bancarevo\\panels\\MainPanels\\SarlahSopot.pnl [SysBancarevo Sarlah-Sopot]
    In reference: objects/Camera/Camera_ref.pnl Group: 22 named: \"PANEL_REF22\"
    Script: Initialize
    Library: D:\\SCADA\\BS_Husky_Proj\\Bancarevo\\scripts\\libs\\basicMethods.ctl
    Line: 6, dpGet, .settings.isActive)"]
2018.11.13 15:03:15.978["[Log] ERROR at main: Could not load settings from camera K1D"]
2018.11.13 15:03:15.983["[Log] WARNING at main: Error in calling dpConnect while checking camera activity"]
2018.11.13 15:03:15.983["[Log] ERROR at main: Could not load settings from camera K2D"]
2018.11.13 15:03:15.987["[Log] WARNING at main: Error in calling dpConnect while checking camera activity"]
2018.11.13 15:03:15.987["[Log] ERROR at main: Could not load settings from camera K1L"]
2018.11.13 15:03:15.991["[Log] WARNING at main: Error in calling dpConnect while checking camera activity"]
2018.11.13 15:03:15.991["[Log] ERROR at main: Could not load settings from camera K2L"]
2018.11.13 15:03:15.996["[Log] WARNING at main: Error in calling dpConnect while checking camera activity"]
2018.11.13 15:03:15.996["[Log] ERROR at main: Could not load settings from camera "]
2018.11.13 15:03:16.000["[Log] WARNING at main: Error in calling dpConnect while checking camera activity"]
2018.11.13 15:03:16.000["[Log] ERROR at main: Could not load settings from camera "]
2018.11.13 15:03:16.006["[Log] WARNING at main: Error in calling dpConnect while checking camera activity"]
2018.11.13 15:03:16.006["[Log] ERROR at main: Could not load settings from camera "]
2018.11.13 15:03:16.011["[Log] WARNING at main: Error in calling dpConnect while checking camera activity"]
2018.11.13 15:03:16.011["[Log] ERROR at main: Could not load settings from camera "]
2018.11.13 15:03:16.016["[Log] WARNING at main: Error in calling dpConnect while checking camera activity"]
2018.11.13 15:03:16.016["[Log] ERROR at main: Could not load settings from camera "]
2018.11.13 15:03:16.021["[Log] WARNING at main: Error in calling dpConnect while checking camera activity"]
2018.11.13 15:03:16.021["[Log] ERROR at main: Could not load settings from camera "]
2018.11.13 15:03:16.026["[Log] WARNING at main: Error in calling dpConnect while checking camera activity"]
2018.11.13 15:03:16.026["[Log] ERROR at main: Could not load settings from camera "]
2018.11.13 15:03:16.030["[Log] WARNING at main: Error in calling dpConnect while checking camera activity"]
2018.11.13 15:03:16.031["[Log] ERROR at main: Could not load settings from camera "]
2018.11.13 15:03:16.035["[Log] WARNING at main: Error in calling dpConnect while checking camera activity"]
2018.11.13 15:03:16.035["[Log] ERROR at main: Could not load settings from camera "]
2018.11.13 15:03:16.040["[Log] WARNING at main: Error in calling dpConnect while checking camera activity"]
2018.11.13 15:03:16.040["[Log] ERROR at main: Could not load settings from camera "]
2018.11.13 15:03:16.045["[Log] WARNING at main: Error in calling dpConnect while checking camera activity"]
2018.11.13 15:03:16.045["[Log] ERROR at main: Could not load settings from camera "]
2018.11.13 15:03:16.050["[Log] WARNING at main: Error in calling dpConnect while checking camera activity"]
2018.11.13 15:03:16.050["[Log] ERROR at main: Could not load settings from camera "]
2018.11.13 15:03:16.055["[Log] WARNING at main: Error in calling dpConnect while checking camera activity"]
2018.11.13 15:03:16.055["[Log] ERROR at main: Could not load settings from camera "]
2018.11.13 15:03:16.061["[Log] WARNING at main: Error in calling dpConnect while checking camera activity"]
2018.11.13 15:03:16.061["[Log] ERROR at main: Could not load settings from camera "]
2018.11.13 15:03:16.067["[Log] WARNING at main: Error in calling dpConnect while checking camera activity"]
2018.11.13 15:03:16.067["[Log] ERROR at main: Could not load settings from camera "]
2018.11.13 15:03:16.073["[Log] WARNING at main: Error in calling dpConnect while checking camera activity"]
2018.11.13 15:03:16.073["[Log] ERROR at main: Could not load settings from camera "]
2018.11.13 15:03:16.078["[Log] WARNING at main: Error in calling dpConnect while checking camera activity"]
2018.11.13 15:03:16.078["[Log] ERROR at main: Could not load settings from camera "]
2018.11.13 15:03:16.083["[Log] WARNING at main: Error in calling dpConnect while checking camera activity"]
[""]
2018.11.13 15:03:23.088["[Log] ERROR at showSignOnRef: Empty array of values <SysBancarevo:VMS5-2-OA4D.command.value:_online.._value>."]
2018.11.13 15:03:23.088["[Log] ERROR at showSignOnRef: Empty array of values <SysBancarevo:VMS5-1-OA4D.command.value:_online.._value>."]
2018.11.13 15:03:23.088["[Log] ERROR at showSignOnRef: Empty array of values <SysBancarevo:VMS1-2-OA7D.command.value:_online.._value>."]
2018.11.13 15:03:23.089["[Log] ERROR at showSignOnRef: Empty array of values <SysBancarevo:VMS1-1-OA7D.command.value:_online.._value>."]
2018.11.13 15:04:02.821["[Log] ERROR at dpExists: Failed to get dp <VMS8-OA2D_Sopot.response.signStatus>."]
2018.11.13 15:04:02.821["[Log] ERROR at dpExists: Failed to get dp <VMS8-OA2D_Sopot.command.value>."]
2018.11.13 15:04:02.821["[Log] ERROR at dpExists: Failed to get dp <VMS7-OA2D_Sopot.response.signStatus>."]
2018.11.13 15:04:02.821["[Log] ERROR at dpExists: Failed to get dp <VMS7-OA2D_Sopot.command.value>."]
2018.11.13 15:04:02.822["[Log] ERROR at dpExists: Failed to get dp <VMS6-OA2D_Sopot.response.signStatus>."]
2018.11.13 15:04:02.822["[Log] ERROR at dpExists: Failed to get dp <VMS6-OA2D_Sopot.command.value>."]
2018.11.13 15:04:02.822["[Log] ERROR at dpExists: Failed to get dp <VMS5-OA2D_Sopot.response.signStatus>."]
2018.11.13 15:04:02.822["[Log] ERROR at dpExists: Failed to get dp <VMS5-OA2D_Sopot.command.value>."]
2018.11.13 15:04:02.822["[Log] ERROR at dpExists: Failed to get dp <VMS1-OA2D_Sopot.response.signStatus>."]
2018.11.13 15:04:02.822["[Log] ERROR at dpExists: Failed to get dp <VMS1-OA2D_Sopot.command.value>."]
2018.11.13 15:04:02.822["[Log] ERROR at dpExists: Failed to get dp <VMS2-OA2D_Sopot.response.signStatus>."]
2018.11.13 15:04:02.822["[Log] ERROR at dpExists: Failed to get dp <VMS2-OA2D_Sopot.command.value>."]
2018.11.13 15:04:02.822["[Log] ERROR at dpExists: Failed to get dp <VMS3-OA2D_Sopot.response.signStatus>."]
2018.11.13 15:04:02.822["[Log] ERROR at dpExists: Failed to get dp <VMS3-OA2D_Sopot.command.value>."]
2018.11.13 15:04:02.822["[Log] ERROR at dpExists: Failed to get dp <VMS4-OA2D_Sopot.response.signStatus>."]
2018.11.13 15:04:02.822["[Log] ERROR at dpExists: Failed to get dp <VMS4-OA2D_Sopot.command.value>."]
2018.11.13 15:04:02.822["[Log] ERROR at dpExists: Failed to get dp <VMS5-OA1L_Sopot.response.signStatus>."]
2018.11.13 15:04:02.822["[Log] ERROR at dpExists: Failed to get dp <VMS5-OA1L_Sopot.command.value>."]
2018.11.13 15:04:02.823["[Log] ERROR at dpExists: Failed to get dp <VMS6-OA1L_Sopot.response.signStatus>."]
2018.11.13 15:04:02.823["[Log] ERROR at dpExists: Failed to get dp <VMS6-OA1L_Sopot.command.value>."]
2018.11.13 15:04:02.823["[Log] ERROR at dpExists: Failed to get dp <VMS7-OA1L_Sopot.response.signStatus>."]
2018.11.13 15:04:02.823["[Log] ERROR at dpExists: Failed to get dp <VMS7-OA1L_Sopot.command.value>."]
2018.11.13 15:04:02.823["[Log] ERROR at dpExists: Failed to get dp <VMS8-OA1L_Sopot.response.signStatus>."]
2018.11.13 15:04:02.823["[Log] ERROR at dpExists: Failed to get dp <VMS8-OA1L_Sopot.command.value>."]
2018.11.13 15:04:02.823["[Log] ERROR at dpExists: Failed to get dp <VMS4-OA1L_Sopot.response.signStatus>."]
2018.11.13 15:04:02.823["[Log] ERROR at dpExists: Failed to get dp <VMS4-OA1L_Sopot.command.value>."]
2018.11.13 15:04:02.823["[Log] ERROR at dpExists: Failed to get dp <VMS3-OA1L_Sopot.response.signStatus>."]
2018.11.13 15:04:02.823["[Log] ERROR at dpExists: Failed to get dp <VMS3-OA1L_Sopot.command.value>."]
2018.11.13 15:04:02.823["[Log] ERROR at dpExists: Failed to get dp <VMS2-OA1L_Sopot.response.signStatus>."]
2018.11.13 15:04:02.823["[Log] ERROR at dpExists: Failed to get dp <VMS2-OA1L_Sopot.command.value>."]
2018.11.13 15:04:02.823["[Log] ERROR at dpExists: Failed to get dp <VMS1-OA1L_Sopot.response.signStatus>."]
2018.11.13 15:04:02.823["[Log] ERROR at dpExists: Failed to get dp <VMS1-OA1L_Sopot.command.value>."]
2018.11.13 15:04:02.824["[Log] ERROR at dpExists: Failed to get dp <VMS2-OA5D.response.signStatus>."]
2018.11.13 15:04:02.824["[Log] ERROR at dpExists: Failed to get dp <VMS2-OA5D.command.value>."]
2018.11.13 15:04:02.824["[Log] ERROR at dpExists: Failed to get dp <VMS3-OA5D.response.signStatus>."]
2018.11.13 15:04:02.824["[Log] ERROR at dpExists: Failed to get dp <VMS3-OA5D.command.value>."]
2018.11.13 15:04:02.824["[Log] ERROR at dpExists: Failed to get dp <VMS4-OA5D.response.signStatus>."]
2018.11.13 15:04:02.824["[Log] ERROR at dpExists: Failed to get dp <VMS4-OA5D.command.value>."]
2018.11.13 15:04:02.824["[Log] ERROR at dpExists: Failed to get dp <VMS5-OA5D.response.signStatus>."]
2018.11.13 15:04:02.824["[Log] ERROR at dpExists: Failed to get dp <VMS5-OA5D.command.value>."]
2018.11.13 15:04:02.824["[Log] ERROR at dpExists: Failed to get dp <VMS6-OA5L.response.signStatus>."]
2018.11.13 15:04:02.824["[Log] ERROR at dpExists: Failed to get dp <VMS6-OA5L.command.value>."]
2018.11.13 15:04:02.825["[Log] ERROR at dpExists: Failed to get dp <VMS5-OA5L.response.signStatus>."]
2018.11.13 15:04:02.825["[Log] ERROR at dpExists: Failed to get dp <VMS5-OA5L.command.value>."]
2018.11.13 15:04:02.825["[Log] ERROR at dpExists: Failed to get dp <VMS4-OA5L.response.signStatus>."]
2018.11.13 15:04:02.825["[Log] ERROR at dpExists: Failed to get dp <VMS4-OA5L.command.value>."]
2018.11.13 15:04:02.825["[Log] ERROR at dpExists: Failed to get dp <VMS3-OA5L.response.signStatus>."]
2018.11.13 15:04:02.825["[Log] ERROR at dpExists: Failed to get dp <VMS3-OA5L.command.value>."]
2018.11.13 15:04:02.825["[Log] ERROR at dpExists: Failed to get dp <VMS7-OA3L.response.signStatus>."]
2018.11.13 15:04:02.825["[Log] ERROR at dpExists: Failed to get dp <VMS7-OA3L.command.value>."]
2018.11.13 15:04:02.825["[Log] ERROR at dpExists: Failed to get dp <VMS6-OA3L.response.signStatus>."]
2018.11.13 15:04:02.825["[Log] ERROR at dpExists: Failed to get dp <VMS6-OA3L.command.value>."]
2018.11.13 15:04:02.825["[Log] ERROR at dpExists: Failed to get dp <VMS3-OA3L.response.signStatus>."]
2018.11.13 15:04:02.825["[Log] ERROR at dpExists: Failed to get dp <VMS3-OA3L.command.value>."]
2018.11.13 15:04:02.825["[Log] ERROR at dpExists: Failed to get dp <VMS2-OA3L.response.signStatus>."]
2018.11.13 15:04:02.825["[Log] ERROR at dpExists: Failed to get dp <VMS2-OA3L.command.value>."]
2018.11.13 15:04:02.826["[Log] ERROR at dpExists: Failed to get dp <VMS2-OA3D.response.signStatus>."]
2018.11.13 15:04:02.826["[Log] ERROR at dpExists: Failed to get dp <VMS2-OA3D.command.value>."]
2018.11.13 15:04:02.826["[Log] ERROR at dpExists: Failed to get dp <VMS3-OA3D.response.signStatus>."]
2018.11.13 15:04:02.826["[Log] ERROR at dpExists: Failed to get dp <VMS3-OA3D.command.value>."]
2018.11.13 15:04:02.826["[Log] ERROR at dpExists: Failed to get dp <VMS6-OA3D.response.signStatus>."]
2018.11.13 15:04:02.826["[Log] ERROR at dpExists: Failed to get dp <VMS6-OA3D.command.value>."]
2018.11.13 15:04:02.826["[Log] ERROR at dpExists: Failed to get dp <VMS7-OA3D.response.signStatus>."]
2018.11.13 15:04:02.826["[Log] ERROR at dpExists: Failed to get dp <VMS7-OA3D.command.value>."]
[""]
2018.11.13 15:04:04.220["[Log] ERROR at getDP: Failed to get dp <SysSopotSarlahK1D.settings.isActive>. (DP does not exist, 
    Module: mainModule_1
    Panel: D:\\SCADA\\BS_Husky_Proj\\Bancarevo\\panels\\MainPanels\\SarlahSopot.pnl [SysBancarevo Sarlah-Sopot]
    In reference: objects/Camera/Camera_ref.pnl Group: 0 named: \"PANEL_REF0\"
    Script: Initialize
    Library: D:\\SCADA\\BS_Husky_Proj\\Bancarevo\\scripts\\libs\\basicMethods.ctl
    Line: 6, dpGet, SysSopotSarlahK1D.settings.isActive)"]
2018.11.13 15:04:04.225["[Log] ERROR at getDP: Failed to get dp <SysSopotSarlahK2D.settings.isActive>. (DP does not exist, 
    Module: mainModule_1
    Panel: D:\\SCADA\\BS_Husky_Proj\\Bancarevo\\panels\\MainPanels\\SarlahSopot.pnl [SysBancarevo Sarlah-Sopot]
    In reference: objects/Camera/Camera_ref.pnl Group: 1 named: \"PANEL_REF1\"
    Script: Initialize
    Library: D:\\SCADA\\BS_Husky_Proj\\Bancarevo\\scripts\\libs\\basicMethods.ctl
    Line: 6, dpGet, SysSopotSarlahK2D.settings.isActive)"]
2018.11.13 15:04:04.230["[Log] ERROR at getDP: Failed to get dp <SysSopotSarlahK1L.settings.isActive>. (DP does not exist, 
    Module: mainModule_1
    Panel: D:\\SCADA\\BS_Husky_Proj\\Bancarevo\\panels\\MainPanels\\SarlahSopot.pnl [SysBancarevo Sarlah-Sopot]
    In reference: objects/Camera/Camera_ref.pnl Group: 2 named: \"PANEL_REF2\"
    Script: Initialize
    Library: D:\\SCADA\\BS_Husky_Proj\\Bancarevo\\scripts\\libs\\basicMethods.ctl
    Line: 6, dpGet, SysSopotSarlahK1L.settings.isActive)"]
2018.11.13 15:04:04.235["[Log] ERROR at getDP: Failed to get dp <SysSopotSarlahK2L.settings.isActive>. (DP does not exist, 
    Module: mainModule_1
    Panel: D:\\SCADA\\BS_Husky_Proj\\Bancarevo\\panels\\MainPanels\\SarlahSopot.pnl [SysBancarevo Sarlah-Sopot]
    In reference: objects/Camera/Camera_ref.pnl Group: 3 named: \"PANEL_REF3\"
    Script: Initialize
    Library: D:\\SCADA\\BS_Husky_Proj\\Bancarevo\\scripts\\libs\\basicMethods.ctl
    Line: 6, dpGet, SysSopotSarlahK2L.settings.isActive)"]
2018.11.13 15:04:04.240["[Log] ERROR at getDP: Failed to get dp <.settings.isActive>. (DP does not exist, 
    Module: mainModule_1
    Panel: D:\\SCADA\\BS_Husky_Proj\\Bancarevo\\panels\\MainPanels\\SarlahSopot.pnl [SysBancarevo Sarlah-Sopot]
    In reference: objects/Camera/Camera_ref.pnl Group: 4 named: \"PANEL_REF4\"
    Script: Initialize
    Library: D:\\SCADA\\BS_Husky_Proj\\Bancarevo\\scripts\\libs\\basicMethods.ctl
    Line: 6, dpGet, .settings.isActive)"]
2018.11.13 15:04:04.246["[Log] ERROR at getDP: Failed to get dp <.settings.isActive>. (DP does not exist, 
    Module: mainModule_1
    Panel: D:\\SCADA\\BS_Husky_Proj\\Bancarevo\\panels\\MainPanels\\SarlahSopot.pnl [SysBancarevo Sarlah-Sopot]
    In reference: objects/Camera/Camera_ref.pnl Group: 7 named: \"PANEL_REF7\"
    Script: Initialize
    Library: D:\\SCADA\\BS_Husky_Proj\\Bancarevo\\scripts\\libs\\basicMethods.ctl
    Line: 6, dpGet, .settings.isActive)"]
2018.11.13 15:04:04.251["[Log] ERROR at getDP: Failed to get dp <.settings.isActive>. (DP does not exist, 
    Module: mainModule_1
    Panel: D:\\SCADA\\BS_Husky_Proj\\Bancarevo\\panels\\MainPanels\\SarlahSopot.pnl [SysBancarevo Sarlah-Sopot]
    In reference: objects/Camera/Camera_ref.pnl Group: 8 named: \"PANEL_REF8\"
    Script: Initialize
    Library: D:\\SCADA\\BS_Husky_Proj\\Bancarevo\\scripts\\libs\\basicMethods.ctl
    Line: 6, dpGet, .settings.isActive)"]
2018.11.13 15:04:04.256["[Log] ERROR at getDP: Failed to get dp <.settings.isActive>. (DP does not exist, 
    Module: mainModule_1
    Panel: D:\\SCADA\\BS_Husky_Proj\\Bancarevo\\panels\\MainPanels\\SarlahSopot.pnl [SysBancarevo Sarlah-Sopot]
    In reference: objects/Camera/Camera_ref.pnl Group: 9 named: \"PANEL_REF9\"
    Script: Initialize
    Library: D:\\SCADA\\BS_Husky_Proj\\Bancarevo\\scripts\\libs\\basicMethods.ctl
    Line: 6, dpGet, .settings.isActive)"]
2018.11.13 15:04:04.260["[Log] ERROR at getDP: Failed to get dp <.settings.isActive>. (DP does not exist, 
    Module: mainModule_1
    Panel: D:\\SCADA\\BS_Husky_Proj\\Bancarevo\\panels\\MainPanels\\SarlahSopot.pnl [SysBancarevo Sarlah-Sopot]
    In reference: objects/Camera/Camera_ref.pnl Group: 10 named: \"PANEL_REF10\"
    Script: Initialize
    Library: D:\\SCADA\\BS_Husky_Proj\\Bancarevo\\scripts\\libs\\basicMethods.ctl
    Line: 6, dpGet, .settings.isActive)"]
2018.11.13 15:04:04.265["[Log] ERROR at getDP: Failed to get dp <.settings.isActive>. (DP does not exist, 
    Module: mainModule_1
    Panel: D:\\SCADA\\BS_Husky_Proj\\Bancarevo\\panels\\MainPanels\\SarlahSopot.pnl [SysBancarevo Sarlah-Sopot]
    In reference: objects/Camera/Camera_ref.pnl Group: 11 named: \"PANEL_REF11\"
    Script: Initialize
    Library: D:\\SCADA\\BS_Husky_Proj\\Bancarevo\\scripts\\libs\\basicMethods.ctl
    Line: 6, dpGet, .settings.isActive)"]
2018.11.13 15:04:04.270["[Log] ERROR at getDP: Failed to get dp <.settings.isActive>. (DP does not exist, 
    Module: mainModule_1
    Panel: D:\\SCADA\\BS_Husky_Proj\\Bancarevo\\panels\\MainPanels\\SarlahSopot.pnl [SysBancarevo Sarlah-Sopot]
    In reference: objects/Camera/Camera_ref.pnl Group: 12 named: \"PANEL_REF12\"
    Script: Initialize
    Library: D:\\SCADA\\BS_Husky_Proj\\Bancarevo\\scripts\\libs\\basicMethods.ctl
    Line: 6, dpGet, .settings.isActive)"]
2018.11.13 15:04:04.275["[Log] ERROR at getDP: Failed to get dp <.settings.isActive>. (DP does not exist, 
    Module: mainModule_1
    Panel: D:\\SCADA\\BS_Husky_Proj\\Bancarevo\\panels\\MainPanels\\SarlahSopot.pnl [SysBancarevo Sarlah-Sopot]
    In reference: objects/Camera/Camera_ref.pnl Group: 13 named: \"PANEL_REF13\"
    Script: Initialize
    Library: D:\\SCADA\\BS_Husky_Proj\\Bancarevo\\scripts\\libs\\basicMethods.ctl
    Line: 6, dpGet, .settings.isActive)"]
2018.11.13 15:04:04.280["[Log] ERROR at getDP: Failed to get dp <.settings.isActive>. (DP does not exist, 
    Module: mainModule_1
    Panel: D:\\SCADA\\BS_Husky_Proj\\Bancarevo\\panels\\MainPanels\\SarlahSopot.pnl [SysBancarevo Sarlah-Sopot]
    In reference: objects/Camera/Camera_ref.pnl Group: 14 named: \"PANEL_REF14\"
    Script: Initialize
    Library: D:\\SCADA\\BS_Husky_Proj\\Bancarevo\\scripts\\libs\\basicMethods.ctl
    Line: 6, dpGet, .settings.isActive)"]
2018.11.13 15:04:04.285["[Log] ERROR at getDP: Failed to get dp <.settings.isActive>. (DP does not exist, 
    Module: mainModule_1
    Panel: D:\\SCADA\\BS_Husky_Proj\\Bancarevo\\panels\\MainPanels\\SarlahSopot.pnl [SysBancarevo Sarlah-Sopot]
    In reference: objects/Camera/Camera_ref.pnl Group: 15 named: \"PANEL_REF15\"
    Script: Initialize
    Library: D:\\SCADA\\BS_Husky_Proj\\Bancarevo\\scripts\\libs\\basicMethods.ctl
    Line: 6, dpGet, .settings.isActive)"]
2018.11.13 15:04:04.290["[Log] ERROR at getDP: Failed to get dp <.settings.isActive>. (DP does not exist, 
    Module: mainModule_1
    Panel: D:\\SCADA\\BS_Husky_Proj\\Bancarevo\\panels\\MainPanels\\SarlahSopot.pnl [SysBancarevo Sarlah-Sopot]
    In reference: objects/Camera/Camera_ref.pnl Group: 16 named: \"PANEL_REF16\"
    Script: Initialize
    Library: D:\\SCADA\\BS_Husky_Proj\\Bancarevo\\scripts\\libs\\basicMethods.ctl
    Line: 6, dpGet, .settings.isActive)"]
2018.11.13 15:04:04.295["[Log] ERROR at getDP: Failed to get dp <.settings.isActive>. (DP does not exist, 
    Module: mainModule_1
    Panel: D:\\SCADA\\BS_Husky_Proj\\Bancarevo\\panels\\MainPanels\\SarlahSopot.pnl [SysBancarevo Sarlah-Sopot]
    In reference: objects/Camera/Camera_ref.pnl Group: 17 named: \"PANEL_REF17\"
    Script: Initialize
    Library: D:\\SCADA\\BS_Husky_Proj\\Bancarevo\\scripts\\libs\\basicMethods.ctl
    Line: 6, dpGet, .settings.isActive)"]
2018.11.13 15:04:04.301["[Log] ERROR at getDP: Failed to get dp <.settings.isActive>. (DP does not exist, 
    Module: mainModule_1
    Panel: D:\\SCADA\\BS_Husky_Proj\\Bancarevo\\panels\\MainPanels\\SarlahSopot.pnl [SysBancarevo Sarlah-Sopot]
    In reference: objects/Camera/Camera_ref.pnl Group: 18 named: \"PANEL_REF18\"
    Script: Initialize
    Library: D:\\SCADA\\BS_Husky_Proj\\Bancarevo\\scripts\\libs\\basicMethods.ctl
    Line: 6, dpGet, .settings.isActive)"]
2018.11.13 15:04:04.311["[Log] ERROR at getDP: Failed to get dp <.settings.isActive>. (DP does not exist, 
    Module: mainModule_1
    Panel: D:\\SCADA\\BS_Husky_Proj\\Bancarevo\\panels\\MainPanels\\SarlahSopot.pnl [SysBancarevo Sarlah-Sopot]
    In reference: objects/Camera/Camera_ref.pnl Group: 19 named: \"PANEL_REF19\"
    Script: Initialize
    Library: D:\\SCADA\\BS_Husky_Proj\\Bancarevo\\scripts\\libs\\basicMethods.ctl
    Line: 6, dpGet, .settings.isActive)"]
2018.11.13 15:04:04.312["[Log] ERROR at getDP: Failed to get dp <.settings.isActive>. (DP does not exist, 
    Module: mainModule_1
    Panel: D:\\SCADA\\BS_Husky_Proj\\Bancarevo\\panels\\MainPanels\\SarlahSopot.pnl [SysBancarevo Sarlah-Sopot]
    In reference: objects/Camera/Camera_ref.pnl Group: 20 named: \"PANEL_REF20\"
    Script: Initialize
    Library: D:\\SCADA\\BS_Husky_Proj\\Bancarevo\\scripts\\libs\\basicMethods.ctl
    Line: 6, dpGet, .settings.isActive)"]
2018.11.13 15:04:04.312["[Log] ERROR at getDP: Failed to get dp <.settings.isActive>. (DP does not exist, 
    Module: mainModule_1
    Panel: D:\\SCADA\\BS_Husky_Proj\\Bancarevo\\panels\\MainPanels\\SarlahSopot.pnl [SysBancarevo Sarlah-Sopot]
    In reference: objects/Camera/Camera_ref.pnl Group: 21 named: \"PANEL_REF21\"
    Script: Initialize
    Library: D:\\SCADA\\BS_Husky_Proj\\Bancarevo\\scripts\\libs\\basicMethods.ctl
    Line: 6, dpGet, .settings.isActive)"]
2018.11.13 15:04:04.312["[Log] ERROR at getDP: Failed to get dp <.settings.isActive>. (DP does not exist, 
    Module: mainModule_1
    Panel: D:\\SCADA\\BS_Husky_Proj\\Bancarevo\\panels\\MainPanels\\SarlahSopot.pnl [SysBancarevo Sarlah-Sopot]
    In reference: objects/Camera/Camera_ref.pnl Group: 22 named: \"PANEL_REF22\"
    Script: Initialize
    Library: D:\\SCADA\\BS_Husky_Proj\\Bancarevo\\scripts\\libs\\basicMethods.ctl
    Line: 6, dpGet, .settings.isActive)"]
2018.11.13 15:04:04.323["[Log] ERROR at main: Could not load settings from camera K1D"]
2018.11.13 15:04:04.323["[Log] WARNING at main: Error in calling dpConnect while checking camera activity"]
2018.11.13 15:04:04.323["[Log] ERROR at main: Could not load settings from camera K2D"]
2018.11.13 15:04:04.323["[Log] WARNING at main: Error in calling dpConnect while checking camera activity"]
2018.11.13 15:04:04.324["[Log] ERROR at main: Could not load settings from camera K1L"]
2018.11.13 15:04:04.324["[Log] WARNING at main: Error in calling dpConnect while checking camera activity"]
2018.11.13 15:04:04.324["[Log] ERROR at main: Could not load settings from camera K2L"]
2018.11.13 15:04:04.324["[Log] WARNING at main: Error in calling dpConnect while checking camera activity"]
2018.11.13 15:04:04.324["[Log] ERROR at main: Could not load settings from camera "]
2018.11.13 15:04:04.324["[Log] WARNING at main: Error in calling dpConnect while checking camera activity"]
2018.11.13 15:04:04.324["[Log] ERROR at main: Could not load settings from camera "]
2018.11.13 15:04:04.324["[Log] WARNING at main: Error in calling dpConnect while checking camera activity"]
2018.11.13 15:04:04.324["[Log] ERROR at main: Could not load settings from camera "]
2018.11.13 15:04:04.324["[Log] WARNING at main: Error in calling dpConnect while checking camera activity"]
2018.11.13 15:04:04.324["[Log] ERROR at main: Could not load settings from camera "]
2018.11.13 15:04:04.324["[Log] WARNING at main: Error in calling dpConnect while checking camera activity"]
2018.11.13 15:04:04.324["[Log] ERROR at main: Could not load settings from camera "]
2018.11.13 15:04:04.324["[Log] WARNING at main: Error in calling dpConnect while checking camera activity"]
2018.11.13 15:04:04.324["[Log] ERROR at main: Could not load settings from camera "]
2018.11.13 15:04:04.325["[Log] WARNING at main: Error in calling dpConnect while checking camera activity"]
2018.11.13 15:04:04.325["[Log] ERROR at main: Could not load settings from camera "]
2018.11.13 15:04:04.325["[Log] WARNING at main: Error in calling dpConnect while checking camera activity"]
2018.11.13 15:04:04.325["[Log] ERROR at main: Could not load settings from camera "]
2018.11.13 15:04:04.325["[Log] WARNING at main: Error in calling dpConnect while checking camera activity"]
2018.11.13 15:04:04.325["[Log] ERROR at main: Could not load settings from camera "]
2018.11.13 15:04:04.325["[Log] WARNING at main: Error in calling dpConnect while checking camera activity"]
2018.11.13 15:04:04.325["[Log] ERROR at main: Could not load settings from camera "]
2018.11.13 15:04:04.325["[Log] WARNING at main: Error in calling dpConnect while checking camera activity"]
2018.11.13 15:04:04.325["[Log] ERROR at main: Could not load settings from camera "]
2018.11.13 15:04:04.325["[Log] WARNING at main: Error in calling dpConnect while checking camera activity"]
2018.11.13 15:04:04.325["[Log] ERROR at main: Could not load settings from camera "]
2018.11.13 15:04:04.325["[Log] WARNING at main: Error in calling dpConnect while checking camera activity"]
2018.11.13 15:04:04.325["[Log] ERROR at main: Could not load settings from camera "]
2018.11.13 15:04:04.325["[Log] WARNING at main: Error in calling dpConnect while checking camera activity"]
2018.11.13 15:04:04.325["[Log] ERROR at main: Could not load settings from camera "]
2018.11.13 15:04:04.325["[Log] WARNING at main: Error in calling dpConnect while checking camera activity"]
2018.11.13 15:04:04.326["[Log] ERROR at main: Could not load settings from camera "]
2018.11.13 15:04:04.326["[Log] WARNING at main: Error in calling dpConnect while checking camera activity"]
2018.11.13 15:04:04.326["[Log] ERROR at main: Could not load settings from camera "]
2018.11.13 15:04:04.326["[Log] WARNING at main: Error in calling dpConnect while checking camera activity"]
2018.11.13 15:04:04.326["[Log] ERROR at main: Could not load settings from camera "]
2018.11.13 15:04:04.326["[Log] WARNING at main: Error in calling dpConnect while checking camera activity"]
[""]
2018.11.13 15:04:09.819["[Log] ERROR at showSignOnRef: Empty array of values <SysBancarevo:VMS5-2-OA4D.command.value:_online.._value>."]
2018.11.13 15:04:09.820["[Log] ERROR at showSignOnRef: Empty array of values <SysBancarevo:VMS5-1-OA4D.command.value:_online.._value>."]
2018.11.13 15:04:09.820["[Log] ERROR at showSignOnRef: Empty array of values <SysBancarevo:VMS1-2-OA7D.command.value:_online.._value>."]
2018.11.13 15:04:09.913["[Log] ERROR at showSignOnRef: Empty array of values <SysBancarevo:VMS1-1-OA7D.command.value:_online.._value>."]
2018.11.19 09:48:50.597["[Log] ERROR at dpExists: Failed to get dp <VMS8-OA2D_Sopot.response.signStatus>."]
2018.11.19 09:48:50.598["[Log] ERROR at dpExists: Failed to get dp <VMS8-OA2D_Sopot.command.value>."]
2018.11.19 09:48:50.598["[Log] ERROR at dpExists: Failed to get dp <VMS7-OA2D_Sopot.response.signStatus>."]
2018.11.19 09:48:50.598["[Log] ERROR at dpExists: Failed to get dp <VMS7-OA2D_Sopot.command.value>."]
2018.11.19 09:48:50.598["[Log] ERROR at dpExists: Failed to get dp <VMS6-OA2D_Sopot.response.signStatus>."]
2018.11.19 09:48:50.598["[Log] ERROR at dpExists: Failed to get dp <VMS6-OA2D_Sopot.command.value>."]
2018.11.19 09:48:50.598["[Log] ERROR at dpExists: Failed to get dp <VMS5-OA2D_Sopot.response.signStatus>."]
2018.11.19 09:48:50.598["[Log] ERROR at dpExists: Failed to get dp <VMS5-OA2D_Sopot.command.value>."]
2018.11.19 09:48:50.598["[Log] ERROR at dpExists: Failed to get dp <VMS1-OA2D_Sopot.response.signStatus>."]
2018.11.19 09:48:50.598["[Log] ERROR at dpExists: Failed to get dp <VMS1-OA2D_Sopot.command.value>."]
2018.11.19 09:48:50.598["[Log] ERROR at dpExists: Failed to get dp <VMS2-OA2D_Sopot.response.signStatus>."]
2018.11.19 09:48:50.598["[Log] ERROR at dpExists: Failed to get dp <VMS2-OA2D_Sopot.command.value>."]
2018.11.19 09:48:50.598["[Log] ERROR at dpExists: Failed to get dp <VMS3-OA2D_Sopot.response.signStatus>."]
2018.11.19 09:48:50.598["[Log] ERROR at dpExists: Failed to get dp <VMS3-OA2D_Sopot.command.value>."]
2018.11.19 09:48:50.598["[Log] ERROR at dpExists: Failed to get dp <VMS4-OA2D_Sopot.response.signStatus>."]
2018.11.19 09:48:50.598["[Log] ERROR at dpExists: Failed to get dp <VMS4-OA2D_Sopot.command.value>."]
2018.11.19 09:48:50.598["[Log] ERROR at dpExists: Failed to get dp <VMS5-OA1L_Sopot.response.signStatus>."]
2018.11.19 09:48:50.598["[Log] ERROR at dpExists: Failed to get dp <VMS5-OA1L_Sopot.command.value>."]
2018.11.19 09:48:50.599["[Log] ERROR at dpExists: Failed to get dp <VMS6-OA1L_Sopot.response.signStatus>."]
2018.11.19 09:48:50.599["[Log] ERROR at dpExists: Failed to get dp <VMS6-OA1L_Sopot.command.value>."]
2018.11.19 09:48:50.599["[Log] ERROR at dpExists: Failed to get dp <VMS7-OA1L_Sopot.response.signStatus>."]
2018.11.19 09:48:50.599["[Log] ERROR at dpExists: Failed to get dp <VMS7-OA1L_Sopot.command.value>."]
2018.11.19 09:48:50.599["[Log] ERROR at dpExists: Failed to get dp <VMS8-OA1L_Sopot.response.signStatus>."]
2018.11.19 09:48:50.599["[Log] ERROR at dpExists: Failed to get dp <VMS8-OA1L_Sopot.command.value>."]
2018.11.19 09:48:50.599["[Log] ERROR at dpExists: Failed to get dp <VMS4-OA1L_Sopot.response.signStatus>."]
2018.11.19 09:48:50.599["[Log] ERROR at dpExists: Failed to get dp <VMS4-OA1L_Sopot.command.value>."]
2018.11.19 09:48:50.599["[Log] ERROR at dpExists: Failed to get dp <VMS3-OA1L_Sopot.response.signStatus>."]
2018.11.19 09:48:50.599["[Log] ERROR at dpExists: Failed to get dp <VMS3-OA1L_Sopot.command.value>."]
2018.11.19 09:48:50.599["[Log] ERROR at dpExists: Failed to get dp <VMS2-OA1L_Sopot.response.signStatus>."]
2018.11.19 09:48:50.599["[Log] ERROR at dpExists: Failed to get dp <VMS2-OA1L_Sopot.command.value>."]
2018.11.19 09:48:50.599["[Log] ERROR at dpExists: Failed to get dp <VMS1-OA1L_Sopot.response.signStatus>."]
2018.11.19 09:48:50.599["[Log] ERROR at dpExists: Failed to get dp <VMS1-OA1L_Sopot.command.value>."]
2018.11.19 09:48:50.600["[Log] ERROR at dpExists: Failed to get dp <VMS2-OA5D.response.signStatus>."]
2018.11.19 09:48:50.600["[Log] ERROR at dpExists: Failed to get dp <VMS2-OA5D.command.value>."]
2018.11.19 09:48:50.600["[Log] ERROR at dpExists: Failed to get dp <VMS3-OA5D.response.signStatus>."]
2018.11.19 09:48:50.600["[Log] ERROR at dpExists: Failed to get dp <VMS3-OA5D.command.value>."]
2018.11.19 09:48:50.600["[Log] ERROR at dpExists: Failed to get dp <VMS4-OA5D.response.signStatus>."]
2018.11.19 09:48:50.600["[Log] ERROR at dpExists: Failed to get dp <VMS4-OA5D.command.value>."]
2018.11.19 09:48:50.600["[Log] ERROR at dpExists: Failed to get dp <VMS5-OA5D.response.signStatus>."]
2018.11.19 09:48:50.600["[Log] ERROR at dpExists: Failed to get dp <VMS5-OA5D.command.value>."]
2018.11.19 09:48:50.600["[Log] ERROR at dpExists: Failed to get dp <VMS6-OA5L.response.signStatus>."]
2018.11.19 09:48:50.600["[Log] ERROR at dpExists: Failed to get dp <VMS6-OA5L.command.value>."]
2018.11.19 09:48:50.600["[Log] ERROR at dpExists: Failed to get dp <VMS5-OA5L.response.signStatus>."]
2018.11.19 09:48:50.600["[Log] ERROR at dpExists: Failed to get dp <VMS5-OA5L.command.value>."]
2018.11.19 09:48:50.600["[Log] ERROR at dpExists: Failed to get dp <VMS4-OA5L.response.signStatus>."]
2018.11.19 09:48:50.600["[Log] ERROR at dpExists: Failed to get dp <VMS4-OA5L.command.value>."]
2018.11.19 09:48:50.600["[Log] ERROR at dpExists: Failed to get dp <VMS3-OA5L.response.signStatus>."]
2018.11.19 09:48:50.600["[Log] ERROR at dpExists: Failed to get dp <VMS3-OA5L.command.value>."]
2018.11.19 09:48:50.601["[Log] ERROR at dpExists: Failed to get dp <VMS7-OA3L.response.signStatus>."]
2018.11.19 09:48:50.601["[Log] ERROR at dpExists: Failed to get dp <VMS7-OA3L.command.value>."]
2018.11.19 09:48:50.601["[Log] ERROR at dpExists: Failed to get dp <VMS6-OA3L.response.signStatus>."]
2018.11.19 09:48:50.601["[Log] ERROR at dpExists: Failed to get dp <VMS6-OA3L.command.value>."]
2018.11.19 09:48:50.601["[Log] ERROR at dpExists: Failed to get dp <VMS3-OA3L.response.signStatus>."]
2018.11.19 09:48:50.601["[Log] ERROR at dpExists: Failed to get dp <VMS3-OA3L.command.value>."]
2018.11.19 09:48:50.601["[Log] ERROR at dpExists: Failed to get dp <VMS2-OA3L.response.signStatus>."]
2018.11.19 09:48:50.601["[Log] ERROR at dpExists: Failed to get dp <VMS2-OA3L.command.value>."]
2018.11.19 09:48:50.601["[Log] ERROR at dpExists: Failed to get dp <VMS2-OA3D.response.signStatus>."]
2018.11.19 09:48:50.601["[Log] ERROR at dpExists: Failed to get dp <VMS2-OA3D.command.value>."]
2018.11.19 09:48:50.601["[Log] ERROR at dpExists: Failed to get dp <VMS3-OA3D.response.signStatus>."]
2018.11.19 09:48:50.601["[Log] ERROR at dpExists: Failed to get dp <VMS3-OA3D.command.value>."]
2018.11.19 09:48:50.601["[Log] ERROR at dpExists: Failed to get dp <VMS6-OA3D.response.signStatus>."]
2018.11.19 09:48:50.601["[Log] ERROR at dpExists: Failed to get dp <VMS6-OA3D.command.value>."]
2018.11.19 09:48:50.601["[Log] ERROR at dpExists: Failed to get dp <VMS7-OA3D.response.signStatus>."]
2018.11.19 09:48:50.601["[Log] ERROR at dpExists: Failed to get dp <VMS7-OA3D.command.value>."]
2018.11.19 09:48:51.504["[Log] ERROR at dpExists: Failed to get dp <VMS8-OA2D_Sopot.response.signStatus>."]
2018.11.19 09:48:51.504["[Log] ERROR at dpExists: Failed to get dp <VMS8-OA2D_Sopot.command.value>."]
2018.11.19 09:48:51.504["[Log] ERROR at dpExists: Failed to get dp <VMS7-OA2D_Sopot.response.signStatus>."]
2018.11.19 09:48:51.504["[Log] ERROR at dpExists: Failed to get dp <VMS7-OA2D_Sopot.command.value>."]
2018.11.19 09:48:51.504["[Log] ERROR at dpExists: Failed to get dp <VMS6-OA2D_Sopot.response.signStatus>."]
2018.11.19 09:48:51.504["[Log] ERROR at dpExists: Failed to get dp <VMS6-OA2D_Sopot.command.value>."]
2018.11.19 09:48:51.504["[Log] ERROR at dpExists: Failed to get dp <VMS5-OA2D_Sopot.response.signStatus>."]
2018.11.19 09:48:51.504["[Log] ERROR at dpExists: Failed to get dp <VMS5-OA2D_Sopot.command.value>."]
2018.11.19 09:48:51.504["[Log] ERROR at dpExists: Failed to get dp <VMS1-OA2D_Sopot.response.signStatus>."]
2018.11.19 09:48:51.504["[Log] ERROR at dpExists: Failed to get dp <VMS1-OA2D_Sopot.command.value>."]
2018.11.19 09:48:51.504["[Log] ERROR at dpExists: Failed to get dp <VMS2-OA2D_Sopot.response.signStatus>."]
2018.11.19 09:48:51.504["[Log] ERROR at dpExists: Failed to get dp <VMS2-OA2D_Sopot.command.value>."]
2018.11.19 09:48:51.504["[Log] ERROR at dpExists: Failed to get dp <VMS3-OA2D_Sopot.response.signStatus>."]
2018.11.19 09:48:51.504["[Log] ERROR at dpExists: Failed to get dp <VMS3-OA2D_Sopot.command.value>."]
2018.11.19 09:48:51.504["[Log] ERROR at dpExists: Failed to get dp <VMS4-OA2D_Sopot.response.signStatus>."]
2018.11.19 09:48:51.504["[Log] ERROR at dpExists: Failed to get dp <VMS4-OA2D_Sopot.command.value>."]
2018.11.19 09:48:51.504["[Log] ERROR at dpExists: Failed to get dp <VMS5-OA1L_Sopot.response.signStatus>."]
2018.11.19 09:48:51.505["[Log] ERROR at dpExists: Failed to get dp <VMS5-OA1L_Sopot.command.value>."]
2018.11.19 09:48:51.505["[Log] ERROR at dpExists: Failed to get dp <VMS6-OA1L_Sopot.response.signStatus>."]
2018.11.19 09:48:51.505["[Log] ERROR at dpExists: Failed to get dp <VMS6-OA1L_Sopot.command.value>."]
2018.11.19 09:48:51.505["[Log] ERROR at dpExists: Failed to get dp <VMS7-OA1L_Sopot.response.signStatus>."]
2018.11.19 09:48:51.505["[Log] ERROR at dpExists: Failed to get dp <VMS7-OA1L_Sopot.command.value>."]
2018.11.19 09:48:51.505["[Log] ERROR at dpExists: Failed to get dp <VMS8-OA1L_Sopot.response.signStatus>."]
2018.11.19 09:48:51.505["[Log] ERROR at dpExists: Failed to get dp <VMS8-OA1L_Sopot.command.value>."]
2018.11.19 09:48:51.505["[Log] ERROR at dpExists: Failed to get dp <VMS4-OA1L_Sopot.response.signStatus>."]
2018.11.19 09:48:51.505["[Log] ERROR at dpExists: Failed to get dp <VMS4-OA1L_Sopot.command.value>."]
2018.11.19 09:48:51.505["[Log] ERROR at dpExists: Failed to get dp <VMS3-OA1L_Sopot.response.signStatus>."]
2018.11.19 09:48:51.505["[Log] ERROR at dpExists: Failed to get dp <VMS3-OA1L_Sopot.command.value>."]
2018.11.19 09:48:51.505["[Log] ERROR at dpExists: Failed to get dp <VMS2-OA1L_Sopot.response.signStatus>."]
2018.11.19 09:48:51.505["[Log] ERROR at dpExists: Failed to get dp <VMS2-OA1L_Sopot.command.value>."]
2018.11.19 09:48:51.505["[Log] ERROR at dpExists: Failed to get dp <VMS1-OA1L_Sopot.response.signStatus>."]
2018.11.19 09:48:51.505["[Log] ERROR at dpExists: Failed to get dp <VMS1-OA1L_Sopot.command.value>."]
2018.11.19 09:48:51.505["[Log] ERROR at dpExists: Failed to get dp <VMS2-OA5D.response.signStatus>."]
2018.11.19 09:48:51.505["[Log] ERROR at dpExists: Failed to get dp <VMS2-OA5D.command.value>."]
2018.11.19 09:48:51.505["[Log] ERROR at dpExists: Failed to get dp <VMS3-OA5D.response.signStatus>."]
2018.11.19 09:48:51.505["[Log] ERROR at dpExists: Failed to get dp <VMS3-OA5D.command.value>."]
2018.11.19 09:48:51.506["[Log] ERROR at dpExists: Failed to get dp <VMS4-OA5D.response.signStatus>."]
2018.11.19 09:48:51.506["[Log] ERROR at dpExists: Failed to get dp <VMS4-OA5D.command.value>."]
2018.11.19 09:48:51.506["[Log] ERROR at dpExists: Failed to get dp <VMS5-OA5D.response.signStatus>."]
2018.11.19 09:48:51.506["[Log] ERROR at dpExists: Failed to get dp <VMS5-OA5D.command.value>."]
2018.11.19 09:48:51.506["[Log] ERROR at dpExists: Failed to get dp <VMS6-OA5L.response.signStatus>."]
2018.11.19 09:48:51.506["[Log] ERROR at dpExists: Failed to get dp <VMS6-OA5L.command.value>."]
2018.11.19 09:48:51.506["[Log] ERROR at dpExists: Failed to get dp <VMS5-OA5L.response.signStatus>."]
2018.11.19 09:48:51.506["[Log] ERROR at dpExists: Failed to get dp <VMS5-OA5L.command.value>."]
2018.11.19 09:48:51.506["[Log] ERROR at dpExists: Failed to get dp <VMS4-OA5L.response.signStatus>."]
2018.11.19 09:48:51.506["[Log] ERROR at dpExists: Failed to get dp <VMS4-OA5L.command.value>."]
2018.11.19 09:48:51.506["[Log] ERROR at dpExists: Failed to get dp <VMS3-OA5L.response.signStatus>."]
2018.11.19 09:48:51.506["[Log] ERROR at dpExists: Failed to get dp <VMS3-OA5L.command.value>."]
2018.11.19 09:48:51.506["[Log] ERROR at dpExists: Failed to get dp <VMS7-OA3L.response.signStatus>."]
2018.11.19 09:48:51.506["[Log] ERROR at dpExists: Failed to get dp <VMS7-OA3L.command.value>."]
2018.11.19 09:48:51.506["[Log] ERROR at dpExists: Failed to get dp <VMS6-OA3L.response.signStatus>."]
2018.11.19 09:48:51.507["[Log] ERROR at dpExists: Failed to get dp <VMS6-OA3L.command.value>."]
2018.11.19 09:48:51.507["[Log] ERROR at dpExists: Failed to get dp <VMS3-OA3L.response.signStatus>."]
2018.11.19 09:48:51.507["[Log] ERROR at dpExists: Failed to get dp <VMS3-OA3L.command.value>."]
2018.11.19 09:48:51.507["[Log] ERROR at dpExists: Failed to get dp <VMS2-OA3L.response.signStatus>."]
2018.11.19 09:48:51.507["[Log] ERROR at dpExists: Failed to get dp <VMS2-OA3L.command.value>."]
2018.11.19 09:48:51.507["[Log] ERROR at dpExists: Failed to get dp <VMS2-OA3D.response.signStatus>."]
2018.11.19 09:48:51.507["[Log] ERROR at dpExists: Failed to get dp <VMS2-OA3D.command.value>."]
2018.11.19 09:48:51.507["[Log] ERROR at dpExists: Failed to get dp <VMS3-OA3D.response.signStatus>."]
2018.11.19 09:48:51.507["[Log] ERROR at dpExists: Failed to get dp <VMS3-OA3D.command.value>."]
2018.11.19 09:48:51.507["[Log] ERROR at dpExists: Failed to get dp <VMS6-OA3D.response.signStatus>."]
2018.11.19 09:48:51.507["[Log] ERROR at dpExists: Failed to get dp <VMS6-OA3D.command.value>."]
2018.11.19 09:48:51.507["[Log] ERROR at dpExists: Failed to get dp <VMS7-OA3D.response.signStatus>."]
2018.11.19 09:48:51.507["[Log] ERROR at dpExists: Failed to get dp <VMS7-OA3D.command.value>."]
2018.11.20 09:18:22.007["[Log] ERROR at dpExists: Failed to get dp <SysSarlahSopot:VMS8-OA2D_Sopot.response.signStatus>."]
2018.11.20 09:18:22.008["[Log] ERROR at dpExists: Failed to get dp <SysSarlahSopot:VMS8-OA2D_Sopot.command.value>."]
2018.11.20 09:18:22.008["[Log] ERROR at dpExists: Failed to get dp <SysSarlahSopot:VMS7-OA2D_Sopot.response.signStatus>."]
2018.11.20 09:18:22.008["[Log] ERROR at dpExists: Failed to get dp <SysSarlahSopot:VMS7-OA2D_Sopot.command.value>."]
2018.11.20 09:18:22.008["[Log] ERROR at dpExists: Failed to get dp <SysSarlahSopot:VMS6-OA2D_Sopot.response.signStatus>."]
2018.11.20 09:18:22.008["[Log] ERROR at dpExists: Failed to get dp <SysSarlahSopot:VMS6-OA2D_Sopot.command.value>."]
2018.11.20 09:18:22.008["[Log] ERROR at dpExists: Failed to get dp <SysSarlahSopot:VMS5-OA2D_Sopot.response.signStatus>."]
2018.11.20 09:18:22.008["[Log] ERROR at dpExists: Failed to get dp <SysSarlahSopot:VMS5-OA2D_Sopot.command.value>."]
2018.11.20 09:18:22.008["[Log] ERROR at dpExists: Failed to get dp <SysSarlahSopot:VMS1-OA2D_Sopot.response.signStatus>."]
2018.11.20 09:18:22.008["[Log] ERROR at dpExists: Failed to get dp <SysSarlahSopot:VMS1-OA2D_Sopot.command.value>."]
2018.11.20 09:18:22.009["[Log] ERROR at dpExists: Failed to get dp <SysSarlahSopot:VMS2-OA2D_Sopot.response.signStatus>."]
2018.11.20 09:18:22.009["[Log] ERROR at dpExists: Failed to get dp <SysSarlahSopot:VMS2-OA2D_Sopot.command.value>."]
2018.11.20 09:18:22.009["[Log] ERROR at dpExists: Failed to get dp <SysSarlahSopot:VMS3-OA2D_Sopot.response.signStatus>."]
2018.11.20 09:18:22.009["[Log] ERROR at dpExists: Failed to get dp <SysSarlahSopot:VMS3-OA2D_Sopot.command.value>."]
2018.11.20 09:18:22.009["[Log] ERROR at dpExists: Failed to get dp <SysSarlahSopot:VMS4-OA2D_Sopot.response.signStatus>."]
2018.11.20 09:18:22.009["[Log] ERROR at dpExists: Failed to get dp <SysSarlahSopot:VMS4-OA2D_Sopot.command.value>."]
2018.11.20 09:18:22.009["[Log] ERROR at dpExists: Failed to get dp <SysSarlahSopot:VMS5-OA1L_Sopot.response.signStatus>."]
2018.11.20 09:18:22.010["[Log] ERROR at dpExists: Failed to get dp <SysSarlahSopot:VMS5-OA1L_Sopot.command.value>."]
2018.11.20 09:18:22.010["[Log] ERROR at dpExists: Failed to get dp <SysSarlahSopot:VMS6-OA1L_Sopot.response.signStatus>."]
2018.11.20 09:18:22.010["[Log] ERROR at dpExists: Failed to get dp <SysSarlahSopot:VMS6-OA1L_Sopot.command.value>."]
2018.11.20 09:18:22.010["[Log] ERROR at dpExists: Failed to get dp <SysSarlahSopot:VMS7-OA1L_Sopot.response.signStatus>."]
2018.11.20 09:18:22.010["[Log] ERROR at dpExists: Failed to get dp <SysSarlahSopot:VMS7-OA1L_Sopot.command.value>."]
2018.11.20 09:18:22.010["[Log] ERROR at dpExists: Failed to get dp <SysSarlahSopot:VMS8-OA1L_Sopot.response.signStatus>."]
2018.11.20 09:18:22.010["[Log] ERROR at dpExists: Failed to get dp <SysSarlahSopot:VMS8-OA1L_Sopot.command.value>."]
2018.11.20 09:18:22.010["[Log] ERROR at dpExists: Failed to get dp <SysSarlahSopot:VMS4-OA1L_Sopot.response.signStatus>."]
2018.11.20 09:18:22.010["[Log] ERROR at dpExists: Failed to get dp <SysSarlahSopot:VMS4-OA1L_Sopot.command.value>."]
2018.11.20 09:18:22.010["[Log] ERROR at dpExists: Failed to get dp <SysSarlahSopot:VMS3-OA1L_Sopot.response.signStatus>."]
2018.11.20 09:18:22.010["[Log] ERROR at dpExists: Failed to get dp <SysSarlahSopot:VMS3-OA1L_Sopot.command.value>."]
2018.11.20 09:18:22.010["[Log] ERROR at dpExists: Failed to get dp <SysSarlahSopot:VMS2-OA1L_Sopot.response.signStatus>."]
2018.11.20 09:18:22.010["[Log] ERROR at dpExists: Failed to get dp <SysSarlahSopot:VMS2-OA1L_Sopot.command.value>."]
2018.11.20 09:18:22.010["[Log] ERROR at dpExists: Failed to get dp <SysSarlahSopot:VMS1-OA1L_Sopot.response.signStatus>."]
2018.11.20 09:18:22.010["[Log] ERROR at dpExists: Failed to get dp <SysSarlahSopot:VMS1-OA1L_Sopot.command.value>."]
2018.11.20 09:18:22.010["[Log] ERROR at dpExists: Failed to get dp <SysSarlahSopot:VMS5-OA1L.response.signStatus>."]
2018.11.20 09:18:22.010["[Log] ERROR at dpExists: Failed to get dp <SysSarlahSopot:VMS5-OA1L.command.value>."]
2018.11.20 09:18:22.011["[Log] ERROR at dpExists: Failed to get dp <SysSarlahSopot:VMS4-OA1L.response.signStatus>."]
2018.11.20 09:18:22.011["[Log] ERROR at dpExists: Failed to get dp <SysSarlahSopot:VMS4-OA1L.command.value>."]
2018.11.20 09:18:22.011["[Log] ERROR at dpExists: Failed to get dp <SysSarlahSopot:VMS3-OA1L.response.signStatus>."]
2018.11.20 09:18:22.011["[Log] ERROR at dpExists: Failed to get dp <SysSarlahSopot:VMS3-OA1L.command.value>."]
2018.11.20 09:18:22.011["[Log] ERROR at dpExists: Failed to get dp <SysSarlahSopot:VMS2-OA1L.response.signStatus>."]
2018.11.20 09:18:22.011["[Log] ERROR at dpExists: Failed to get dp <SysSarlahSopot:VMS2-OA1L.command.value>."]
2018.11.20 09:18:22.011["[Log] ERROR at dpExists: Failed to get dp <SysSarlahSopot:VMS3-OA1D.response.signStatus>."]
2018.11.20 09:18:22.011["[Log] ERROR at dpExists: Failed to get dp <SysSarlahSopot:VMS3-OA1D.command.value>."]
2018.11.20 09:18:22.011["[Log] ERROR at dpExists: Failed to get dp <SysSarlahSopot:VMS4-OA1D.response.signStatus>."]
2018.11.20 09:18:22.011["[Log] ERROR at dpExists: Failed to get dp <SysSarlahSopot:VMS4-OA1D.command.value>."]
2018.11.20 09:18:22.011["[Log] ERROR at dpExists: Failed to get dp <SysSarlahSopot:VMS5-OA1D.response.signStatus>."]
2018.11.20 09:18:22.011["[Log] ERROR at dpExists: Failed to get dp <SysSarlahSopot:VMS5-OA1D.command.value>."]
2018.11.20 09:18:22.011["[Log] ERROR at dpExists: Failed to get dp <SysSarlahSopot:VMS6-OA1D.response.signStatus>."]
2018.11.20 09:18:22.011["[Log] ERROR at dpExists: Failed to get dp <SysSarlahSopot:VMS6-OA1D.command.value>."]
2018.11.20 09:18:22.011["[Log] ERROR at dpExists: Failed to get dp <SysSarlahSopot:VMS2-OA5D.response.signStatus>."]
2018.11.20 09:18:22.011["[Log] ERROR at dpExists: Failed to get dp <SysSarlahSopot:VMS2-OA5D.command.value>."]
2018.11.20 09:18:22.011["[Log] ERROR at dpExists: Failed to get dp <SysSarlahSopot:VMS3-OA5D.response.signStatus>."]
2018.11.20 09:18:22.011["[Log] ERROR at dpExists: Failed to get dp <SysSarlahSopot:VMS3-OA5D.command.value>."]
2018.11.20 09:18:22.012["[Log] ERROR at dpExists: Failed to get dp <SysSarlahSopot:VMS4-OA5D.response.signStatus>."]
2018.11.20 09:18:22.012["[Log] ERROR at dpExists: Failed to get dp <SysSarlahSopot:VMS4-OA5D.command.value>."]
2018.11.20 09:18:22.012["[Log] ERROR at dpExists: Failed to get dp <SysSarlahSopot:VMS5-OA5D.response.signStatus>."]
2018.11.20 09:18:22.012["[Log] ERROR at dpExists: Failed to get dp <SysSarlahSopot:VMS5-OA5D.command.value>."]
2018.11.20 09:18:22.012["[Log] ERROR at dpExists: Failed to get dp <SysSarlahSopot:VMS6-OA5L.response.signStatus>."]
2018.11.20 09:18:22.012["[Log] ERROR at dpExists: Failed to get dp <SysSarlahSopot:VMS6-OA5L.command.value>."]
2018.11.20 09:18:22.012["[Log] ERROR at dpExists: Failed to get dp <SysSarlahSopot:VMS5-OA5L.response.signStatus>."]
2018.11.20 09:18:22.012["[Log] ERROR at dpExists: Failed to get dp <SysSarlahSopot:VMS5-OA5L.command.value>."]
2018.11.20 09:18:22.012["[Log] ERROR at dpExists: Failed to get dp <SysSarlahSopot:VMS4-OA5L.response.signStatus>."]
2018.11.20 09:18:22.012["[Log] ERROR at dpExists: Failed to get dp <SysSarlahSopot:VMS4-OA5L.command.value>."]
2018.11.20 09:18:22.012["[Log] ERROR at dpExists: Failed to get dp <SysSarlahSopot:VMS3-OA5L.response.signStatus>."]
2018.11.20 09:18:22.012["[Log] ERROR at dpExists: Failed to get dp <SysSarlahSopot:VMS3-OA5L.command.value>."]
2018.11.20 09:18:22.012["[Log] ERROR at dpExists: Failed to get dp <SysSarlahSopot:VMS7-OA3L.response.signStatus>."]
2018.11.20 09:18:22.012["[Log] ERROR at dpExists: Failed to get dp <SysSarlahSopot:VMS7-OA3L.command.value>."]
2018.11.20 09:18:22.012["[Log] ERROR at dpExists: Failed to get dp <SysSarlahSopot:VMS6-OA3L.response.signStatus>."]
2018.11.20 09:18:22.012["[Log] ERROR at dpExists: Failed to get dp <SysSarlahSopot:VMS6-OA3L.command.value>."]
2018.11.20 09:18:22.012["[Log] ERROR at dpExists: Failed to get dp <SysSarlahSopot:VMS3-OA3L.response.signStatus>."]
2018.11.20 09:18:22.012["[Log] ERROR at dpExists: Failed to get dp <SysSarlahSopot:VMS3-OA3L.command.value>."]
2018.11.20 09:18:22.013["[Log] ERROR at dpExists: Failed to get dp <SysSarlahSopot:VMS2-OA3L.response.signStatus>."]
2018.11.20 09:18:22.013["[Log] ERROR at dpExists: Failed to get dp <SysSarlahSopot:VMS2-OA3L.command.value>."]
2018.11.20 09:18:22.013["[Log] ERROR at dpExists: Failed to get dp <SysSarlahSopot:VMS2-OA3D.response.signStatus>."]
2018.11.20 09:18:22.013["[Log] ERROR at dpExists: Failed to get dp <SysSarlahSopot:VMS2-OA3D.command.value>."]
2018.11.20 09:18:22.013["[Log] ERROR at dpExists: Failed to get dp <SysSarlahSopot:VMS3-OA3D.response.signStatus>."]
2018.11.20 09:18:22.013["[Log] ERROR at dpExists: Failed to get dp <SysSarlahSopot:VMS3-OA3D.command.value>."]
2018.11.20 09:18:22.013["[Log] ERROR at dpExists: Failed to get dp <SysSarlahSopot:VMS6-OA3D.response.signStatus>."]
2018.11.20 09:18:22.013["[Log] ERROR at dpExists: Failed to get dp <SysSarlahSopot:VMS6-OA3D.command.value>."]
2018.11.20 09:18:22.013["[Log] ERROR at dpExists: Failed to get dp <SysSarlahSopot:VMS7-OA3D.response.signStatus>."]
2018.11.20 09:18:22.013["[Log] ERROR at dpExists: Failed to get dp <SysSarlahSopot:VMS7-OA3D.command.value>."]
