processing file C:\BSTelecom\Automation\BS_Husky\3.15\dplist\update_007.dpl
DpValue (87): Values for _SysMgm_DriverS7.Title sent.
DpValue (88): Values for _SysMgm_DriverS7.Description sent.
DpValue (89): Values for _SysMgm_DriverS7.Icon sent.
DpValue (90): Values for _SysMgm_DriverS7.ViewPermission sent.
DpValue (91): Values for _SysMgm_DriverS7.Items.Titles sent.
DpValue (92): Values for _SysMgm_DriverS7.Items.Descriptions sent.
DpValue (93): Values for _SysMgm_DriverS7.Items.IconsSmall sent.
DpValue (94): Values for _SysMgm_DriverS7.Items.IconsLarge sent.
DpValue (95): Values for _SysMgm_DriverS7.Items.OwnActionScripts sent.
DpValue (96): Values for _SysMgm_DriverS7.Items.Filenames sent.
DpValue (97): Values for _SysMgm_DriverS7.Items.Dollars sent.
DpValue (98): Values for _SysMgm_DriverS7.Items.ViewPermissions sent.
DpValue (99): Values for _SysMgm_DriverS7.Items.RunPermissions sent.
DpValue (100): Values for _SysMgm_DriverS7.Items.ViewPermissionsOwn sent.
DpValue (101): Values for _SysMgm_DriverS7.Items.RunPermissionsOwn sent.
DpValue (102): Values for _SysMgm_DriverS7.Items.ActionScripts sent.
Waiting for last response from eventmanager...
Scanning of file C:\BSTelecom\Automation\BS_Husky\3.15\dplist\update_007.dpl is finished (0)
End of Program
