WCCILevent   (0), 2017.10.20 11:31:26.059, SYS,  INFO,        1, Manager Start, PROJ, Strazevica, V 3.15 - 3.15   platform Windows AMD64 linked at Jan 15 2017 22:10:59
WCCILevent   (0), 2017.10.20 11:31:26.075, SYS,  INFO,      108, License information, Host information
Hostname:   BST216
HW-code:    00209196162
HW-version: 31500002

WCCILevent   (0), 2017.10.20 11:31:26.088, SYS,  INFO,      108, License information, Using license file C:\Siemens\Automation\WinCC_OA\3.15\shield.txt
version     = 31500002
sn          = "061_9450_BS_Telecom_Dev_Lic_dh2"
expire      = 2018.07.01;00:00:00,000 
redundancy  = 1
ui          = 5
para        = 2
event       = 1
ios         = 2000000000
update      = 1
api         = 10
webclient   = 5
distributed = 2048
pararemote  = 1
gis         = 1
rdb_archive = 3
http        = 2000000000
drvPlugin   = 1
ctrlext     = 1
iec101      = 1
iec104      = 1
s7          = 1
s7plus      = 8
dnp3        = 1
tls         = 1
sinaut      = 1
dynamiclogic = 10000
modbus      = 1
modbus_srv  = 1
sanors      = 1
snmp        = 1
iec61850    = 1
sbus        = 1
opc_hda_srv = 1
opc_hda     = 1
excelreport = 5
reporting   = 5
comcenter   = 10000
advS7       = 1
maintenance = 1
scheduler   = 1
recipe      = 1
infoserver  = 10000
mobile_app  = 5
mobile_ui   = 1
opc_ua_srv  = 1
ultralight  = 5
eip         = 1
objectwizard = 1
webserver   = 5


WCCILevent   (0), 2017.10.20 11:31:26.091, SYS,  INFO,        3, Trying to connect to (SYS: 0 Data -num 0 CONN: 1) @ localhost:4897
WCCILevent   (0), 2017.10.20 11:31:26.096, SYS,  INFO,        4, Connected to (SYS: 0 Data -num 0 CONN: 1) @ BST216.bstelecom.ba (::1)
WCCILevent   (0), 2017.10.20 11:31:26.102, PARAM,SEVERE,     71, DP does not exist, _Connections.Event.ManNums:_original.._value
WCCILevent   (0), 2017.10.20 11:31:26.102, PARAM,SEVERE,     71, DP does not exist, _Connections.Event.StartTimes:_original.._value
WCCILevent   (0), 2017.10.20 11:31:26.102, PARAM,SEVERE,     71, DP does not exist, _Connections.Event.HostNames:_original.._value
WCCILevent   (0), 2017.10.20 11:31:26.102, PARAM,SEVERE,     71, DP does not exist, _Connections.Driver.ManNums:_original.._value
WCCILevent   (0), 2017.10.20 11:31:26.102, PARAM,SEVERE,     71, DP does not exist, _Connections.Driver.StartTimes:_original.._value
WCCILevent   (0), 2017.10.20 11:31:26.102, PARAM,SEVERE,     71, DP does not exist, _Connections.Driver.HostNames:_original.._value
WCCILevent   (0), 2017.10.20 11:31:26.102, PARAM,SEVERE,     71, DP does not exist, _Connections.Data.ManNums:_original.._value
WCCILevent   (0), 2017.10.20 11:31:26.102, PARAM,SEVERE,     71, DP does not exist, _Connections.Data.StartTimes:_original.._value
WCCILevent   (0), 2017.10.20 11:31:26.102, PARAM,SEVERE,     71, DP does not exist, _Connections.Data.HostNames:_original.._value
WCCILevent   (0), 2017.10.20 11:31:26.102, PARAM,SEVERE,     71, DP does not exist, _Connections.Ui.ManNums:_original.._value
WCCILevent   (0), 2017.10.20 11:31:26.102, PARAM,SEVERE,     71, DP does not exist, _Connections.Ui.StartTimes:_original.._value
WCCILevent   (0), 2017.10.20 11:31:26.102, PARAM,SEVERE,     71, DP does not exist, _Connections.Ui.HostNames:_original.._value
WCCILevent   (0), 2017.10.20 11:31:26.102, PARAM,SEVERE,     71, DP does not exist, _Connections.Ctrl.ManNums:_original.._value
WCCILevent   (0), 2017.10.20 11:31:26.102, PARAM,SEVERE,     71, DP does not exist, _Connections.Ctrl.StartTimes:_original.._value
WCCILevent   (0), 2017.10.20 11:31:26.102, PARAM,SEVERE,     71, DP does not exist, _Connections.Ctrl.HostNames:_original.._value
WCCILevent   (0), 2017.10.20 11:31:26.102, PARAM,SEVERE,     71, DP does not exist, _Connections.Ascii.ManNums:_original.._value
WCCILevent   (0), 2017.10.20 11:31:26.102, PARAM,SEVERE,     71, DP does not exist, _Connections.Ascii.StartTimes:_original.._value
WCCILevent   (0), 2017.10.20 11:31:26.102, PARAM,SEVERE,     71, DP does not exist, _Connections.Ascii.HostNames:_original.._value
WCCILevent   (0), 2017.10.20 11:31:26.102, PARAM,SEVERE,     71, DP does not exist, _Connections.Api.ManNums:_original.._value
WCCILevent   (0), 2017.10.20 11:31:26.102, PARAM,SEVERE,     71, DP does not exist, _Connections.Api.StartTimes:_original.._value
WCCILevent   (0), 2017.10.20 11:31:26.102, PARAM,SEVERE,     71, DP does not exist, _Connections.Api.HostNames:_original.._value
WCCILevent   (0), 2017.10.20 11:31:26.102, PARAM,SEVERE,     71, DP does not exist, _Connections.Device.ManNums:_original.._value
WCCILevent   (0), 2017.10.20 11:31:26.102, PARAM,SEVERE,     71, DP does not exist, _Connections.Device.StartTimes:_original.._value
WCCILevent   (0), 2017.10.20 11:31:26.102, PARAM,SEVERE,     71, DP does not exist, _Connections.Device.HostNames:_original.._value
WCCILevent   (0), 2017.10.20 11:31:26.102, PARAM,SEVERE,     71, DP does not exist, _Connections.Redu.ManNums:_original.._value
WCCILevent   (0), 2017.10.20 11:31:26.102, PARAM,SEVERE,     71, DP does not exist, _Connections.Redu.StartTimes:_original.._value
WCCILevent   (0), 2017.10.20 11:31:26.102, PARAM,SEVERE,     71, DP does not exist, _Connections.Redu.HostNames:_original.._value
WCCILevent   (0), 2017.10.20 11:31:26.103, PARAM,SEVERE,     71, DP does not exist, _Connections.Report.ManNums:_original.._value
WCCILevent   (0), 2017.10.20 11:31:26.103, PARAM,SEVERE,     71, DP does not exist, _Connections.Report.StartTimes:_original.._value
WCCILevent   (0), 2017.10.20 11:31:26.103, PARAM,SEVERE,     71, DP does not exist, _Connections.Report.HostNames:_original.._value
WCCILevent   (0), 2017.10.20 11:31:26.103, PARAM,SEVERE,     71, DP does not exist, _Connections.Dde.ManNums:_original.._value
WCCILevent   (0), 2017.10.20 11:31:26.103, PARAM,SEVERE,     71, DP does not exist, _Connections.Dde.StartTimes:_original.._value
WCCILevent   (0), 2017.10.20 11:31:26.103, PARAM,SEVERE,     71, DP does not exist, _Connections.Dde.HostNames:_original.._value
WCCILevent   (0), 2017.10.20 11:31:26.103, PARAM,SEVERE,     71, DP does not exist, _Connections.Dist.ManNums:_original.._value
WCCILevent   (0), 2017.10.20 11:31:26.103, PARAM,SEVERE,     71, DP does not exist, _Connections.Dist.StartTimes:_original.._value
WCCILevent   (0), 2017.10.20 11:31:26.103, PARAM,SEVERE,     71, DP does not exist, _Connections.Dist.HostNames:_original.._value
WCCILevent   (0), 2017.10.20 11:31:26.116, SYS,  INFO,        6, Initialization by Data Manager finished
WCCILevent   (0), 2017.10.20 11:31:26.116, SYS,  INFO,      169, Initialize 0 dp-functions
WCCILevent   (0), 2017.10.20 11:31:26.116, SYS,  INFO,      168, Initialize 0 alerts
WCCILevent   (0), 2017.10.20 11:31:26.116, PARAM,WARNING,     7, Datapoint does not exist, EvFixedLicenses, EvFixedLicenses, _Event.License.FixedShield
WCCILevent   (0), 2017.10.20 11:31:26.116, PARAM,WARNING,     7, Datapoint does not exist, UserTable, UserTable, _Users.UserId
WCCILevent   (0), 2017.10.20 11:31:26.116, PARAM,WARNING,     7, Datapoint does not exist, ManagerTable, ManagerTable, _Managers.Auth.ManType
WCCILevent   (0), 2017.10.20 11:31:26.116, PARAM,WARNING,     7, Datapoint does not exist, EventManager, doDpConnect, _System.Auth.DpType:_original.._value
WCCILevent   (0), 2017.10.20 11:31:26.117, PARAM,WARNING,     7, Datapoint does not exist, EventManager, doDpConnect, _System.Auth.Dp:_original.._value
WCCILevent   (0), 2017.10.20 11:31:26.117, PARAM,WARNING,     7, Datapoint does not exist, EventManager, doDpConnect, _System.Auth.DpAuth:_original.._value
WCCILevent   (0), 2017.10.20 11:31:26.117, PARAM,WARNING,     7, Datapoint does not exist, EventManager, doDpConnect, _System.Auth.DpAlias:_original.._value
WCCILevent   (0), 2017.10.20 11:31:26.117, PARAM,WARNING,     7, Datapoint does not exist, EventManager, dpDpConnect, _Event.ReadLicense
WCCILevent   (0), 2017.10.20 11:31:26.117, PARAM,WARNING,     8, Element does not exist, EventManager, doDpConnect, _Managers.Exit
WCCILevent   (0), 2017.10.20 11:31:26.117, PARAM,WARNING,     8, Element does not exist, EventManager, doDpConnect, _Managers.Refresh
WCCILevent   (0), 2017.10.20 11:31:26.117, PARAM,WARNING,     7, Datapoint does not exist, EventManager, evMain, _Event.License.ExpirationCnt
WCCILevent   (0), 2017.10.20 11:31:26.117, PARAM,WARNING,     7, Datapoint does not exist, EventManager, evMain, _Event.License.RemainingTime
WCCILevent   (0), 2017.10.20 11:31:26.117, PARAM,WARNING,     7, Datapoint does not exist, EventManager, evMain, _Event.License.alm.isRTILInvalid:_original.._value
WCCILevent   (0), 2017.10.20 11:31:26.117, PARAM,WARNING,     7, Datapoint does not exist, EventManager, evMain, _Event.License.alm.isPVSSInvalid:_original.._value
WCCILevent   (0), 2017.10.20 11:31:26.117, PARAM,WARNING,     7, Datapoint does not exist, EventManager, evMain, _Event.License.alm.shield:_original.._value
WCCILevent   (0), 2017.10.20 11:31:27.784, SYS,  INFO,        4, Connected to (SYS: 1 Driver -num 1 CONN: 1) @ BST216.bstelecom.ba (::1)
WCCILevent   (0), 2017.10.20 11:31:27.800, PARAM,WARNING,     7, Datapoint does not exist, DP: :_original.._value, MAN: (SYS: 1 Driver -num 1 CONN: 1)
WCCILevent   (0), 2017.10.20 11:31:27.801, PARAM,WARNING,     7, Datapoint does not exist, DP: :_original.._value, MAN: (SYS: 1 Driver -num 1 CONN: 1)
WCCILevent   (0), 2017.10.20 11:31:27.801, PARAM,WARNING,     7, Datapoint does not exist, DP: :_original.._value, MAN: (SYS: 1 Driver -num 1 CONN: 1)
WCCILevent   (0), 2017.10.20 11:31:27.801, PARAM,WARNING,     7, Datapoint does not exist, DP: :_original.._value, MAN: (SYS: 1 Driver -num 1 CONN: 1)
WCCILevent   (0), 2017.10.20 11:31:29.527, SYS,  INFO,        4, Connected to (SYS: 1 Ascii -num 1 CONN: 1) @ BST216.bstelecom.ba (::1)
WCCILevent   (0), 2017.10.20 11:31:29.821, SYS,  WARNING,    39, Connection lost, MAN: (SYS: 1 Ascii -num 1 CONN: 1), Connection reset by peer (10054)
WCCILevent   (0), 2017.10.20 11:31:29.927, SYS,  INFO,        4, Connected to (SYS: 1 Ascii -num 1 CONN: 1) @ BST216.bstelecom.ba (::1)
WCCILevent   (0), 2017.10.20 11:31:29.989, SYS,  WARNING,    39, Connection lost, MAN: (SYS: 1 Ascii -num 1 CONN: 1), Connection reset by peer (10054)
WCCILevent   (0), 2017.10.20 11:31:30.097, SYS,  INFO,        4, Connected to (SYS: 1 Ascii -num 1 CONN: 1) @ BST216.bstelecom.ba (::1)
WCCILevent   (0), 2017.10.20 11:31:30.539, SYS,  WARNING,    39, Connection lost, MAN: (SYS: 1 Ascii -num 1 CONN: 1), Connection reset by peer (10054)
WCCILevent   (0), 2017.10.20 11:31:30.647, SYS,  INFO,        4, Connected to (SYS: 1 Ascii -num 1 CONN: 1) @ BST216.bstelecom.ba (::1)
WCCILevent   (0), 2017.10.20 11:31:30.670, SYS,  WARNING,    39, Connection lost, MAN: (SYS: 1 Ascii -num 1 CONN: 1), Connection reset by peer (10054)
WCCILevent   (0), 2017.10.20 11:31:30.778, SYS,  INFO,        4, Connected to (SYS: 1 Ascii -num 1 CONN: 1) @ BST216.bstelecom.ba (::1)
WCCILevent   (0), 2017.10.20 11:31:30.799, SYS,  WARNING,    39, Connection lost, MAN: (SYS: 1 Ascii -num 1 CONN: 1), Connection reset by peer (10054)
WCCILevent   (0), 2017.10.20 11:31:30.906, SYS,  INFO,        4, Connected to (SYS: 1 Ascii -num 1 CONN: 1) @ BST216.bstelecom.ba (::1)
WCCILevent   (0), 2017.10.20 11:31:30.955, SYS,  WARNING,    39, Connection lost, MAN: (SYS: 1 Ascii -num 1 CONN: 1), Connection reset by peer (10054)
WCCILevent   (0), 2017.10.20 11:31:31.071, SYS,  INFO,        4, Connected to (SYS: 1 Ascii -num 1 CONN: 1) @ BST216.bstelecom.ba (::1)
WCCILevent   (0), 2017.10.20 11:31:35.084, SYS,  WARNING,    39, Connection lost, MAN: (SYS: 1 Ascii -num 1 CONN: 1), Connection reset by peer (10054)
WCCILevent   (0), 2017.10.20 11:31:35.194, SYS,  INFO,        4, Connected to (SYS: 1 Ascii -num 1 CONN: 1) @ BST216.bstelecom.ba (::1)
WCCILevent   (0), 2017.10.20 11:31:35.214, SYS,  WARNING,    39, Connection lost, MAN: (SYS: 1 Ascii -num 1 CONN: 1), Connection reset by peer (10054)
WCCILevent   (0), 2017.10.20 11:31:35.322, SYS,  INFO,        4, Connected to (SYS: 1 Ascii -num 1 CONN: 1) @ BST216.bstelecom.ba (::1)
WCCILevent   (0), 2017.10.20 11:31:35.440, SYS,  WARNING,    39, Connection lost, MAN: (SYS: 1 Ascii -num 1 CONN: 1), Connection reset by peer (10054)
WCCILevent   (0), 2017.10.20 11:31:35.550, SYS,  INFO,        4, Connected to (SYS: 1 Ascii -num 1 CONN: 1) @ BST216.bstelecom.ba (::1)
WCCILevent   (0), 2017.10.20 11:31:35.575, SYS,  WARNING,    39, Connection lost, MAN: (SYS: 1 Ascii -num 1 CONN: 1), Connection reset by peer (10054)
WCCILevent   (0), 2017.10.20 11:31:37.604, SYS,  INFO,       39, Connection lost, MAN: (SYS: 1 Driver -num 1 CONN: 1), Connection closed
WCCILevent   (0), 2017.10.20 11:31:37.622, SYS,  INFO,        2, Manager Stop, received signal 15, exiting
WCCILevent   (0), 2017.10.20 11:31:37.707, SYS,  INFO,        2, Manager Stop, start cleanup
WCCILevent   (0), 2017.10.20 11:31:37.708, SYS,  INFO,      181, Closing connection to (SYS: 1 Data -num 0 CONN: 1)
WCCILevent   (0), 2017.10.20 11:31:39.710, SYS,  INFO,       39, Connection lost, MAN: (SYS: 1 Data -num 0 CONN: 1), Connection closed
WCCILevent   (0), 2017.10.20 11:31:39.716, SYS,  INFO,        2, Manager Stop
