WCCILdata    (0), 2017.10.20 11:31:23.965, SYS,  INFO,        1, Manager Start, PROJ, Strazevica, V 3.15 - 3.15   platform Windows AMD64 linked at Jan 15 2017 22:10:59
WCCILdata    (0), 2017.10.20 11:31:23.972, SYS,  INFO,        0, , (Re)Opening databases in single user mode without transaction logging.
WCCILdata    (0), 2017.10.20 11:31:24.409, SYS,  INFO,        0, , Initialize archive smoothing
WCCILdata    (0), 2017.10.20 11:31:24.409, SYS,  INFO,        0, , Initialize archive smoothing
WCCILdata    (0), 2017.10.20 11:31:24.409, SYS,  INFO,        0, , Loading DpIdentification
WCCILdata    (0), 2017.10.20 11:31:24.410, SYS,  INFO,        0, , Initializing last value cache
WCCILdata    (0), 2017.10.20 11:31:24.410, SYS,  INFO,        0, , Loading internal datapoints
WCCILdata    (0), 2017.10.20 11:31:24.411, SYS,  INFO,        0, , Initializing ID history
WCCILdata    (0), 2017.10.20 11:31:24.411, SYS,  INFO,        0, , Initializing Alert history
WCCILdata    (0), 2017.10.20 11:31:24.411, SYS,  INFO,        0, , Initializing Alert Class cache
WCCILdata    (0), 2017.10.20 11:31:24.412, SYS,  INFO,        6, Initialization by Data Manager finished
WCCILdata    (0), 2017.10.20 11:31:24.412, PARAM,SEVERE,      8, Element does not exist, problem during archive initialization, datapoint does not exist:, _ValueArchive_0.arNr:_original.._value
WCCILdata    (0), 2017.10.20 11:31:24.412, PARAM,SEVERE,      8, Element does not exist, problem during archive initialization, datapoint does not exist:, _ValueArchive_0.state:_original.._value
WCCILdata    (0), 2017.10.20 11:31:24.412, PARAM,SEVERE,      8, Element does not exist, problem during archive initialization, datapoint does not exist:, _ValueArchive_0.general.arType:_original.._value
WCCILdata    (0), 2017.10.20 11:31:24.412, PARAM,SEVERE,      8, Element does not exist, problem during archive initialization, datapoint does not exist:, _ValueArchive_0.general.arName:_original.._value
WCCILdata    (0), 2017.10.20 11:31:24.412, PARAM,SEVERE,      8, Element does not exist, problem during archive initialization, datapoint does not exist:, _ValueArchive_0.general.hostNameGet:_original.._value
WCCILdata    (0), 2017.10.20 11:31:24.412, PARAM,SEVERE,      8, Element does not exist, problem during archive initialization, datapoint does not exist:, _ValueArchive_0.general.hostNameSet:_original.._value
WCCILdata    (0), 2017.10.20 11:31:24.412, PARAM,SEVERE,      8, Element does not exist, problem during archive initialization, datapoint does not exist:, _ValueArchive_0.general.filePathGet:_original.._value
WCCILdata    (0), 2017.10.20 11:31:24.412, PARAM,SEVERE,      8, Element does not exist, problem during archive initialization, datapoint does not exist:, _ValueArchive_0.general.filePathSet:_original.._value
WCCILdata    (0), 2017.10.20 11:31:24.412, PARAM,SEVERE,      8, Element does not exist, problem during archive initialization, datapoint does not exist:, _ValueArchive_0.general.fileNameGet:_original.._value
WCCILdata    (0), 2017.10.20 11:31:24.412, PARAM,SEVERE,      8, Element does not exist, problem during archive initialization, datapoint does not exist:, _ValueArchive_0.general.fileNameSet:_original.._value
WCCILdata    (0), 2017.10.20 11:31:24.412, PARAM,SEVERE,      8, Element does not exist, problem during archive initialization, datapoint does not exist:, _ValueArchive_0.general.createArchive:_original.._value
WCCILdata    (0), 2017.10.20 11:31:24.412, PARAM,SEVERE,      8, Element does not exist, problem during archive initialization, datapoint does not exist:, _ValueArchive_0.general.forwardToRDB:_original.._value
WCCILdata    (0), 2017.10.20 11:31:24.412, PARAM,SEVERE,      8, Element does not exist, problem during archive initialization, datapoint does not exist:, _ValueArchive_0.error.errNum:_original.._value
WCCILdata    (0), 2017.10.20 11:31:24.412, PARAM,SEVERE,      8, Element does not exist, problem during archive initialization, datapoint does not exist:, _ValueArchive_0.error.errDp:_original.._value
WCCILdata    (0), 2017.10.20 11:31:24.412, PARAM,SEVERE,      8, Element does not exist, problem during archive initialization, datapoint does not exist:, _ValueArchive_0.error.errBit:_original.._value
WCCILdata    (0), 2017.10.20 11:31:24.412, PARAM,SEVERE,      8, Element does not exist, problem during archive initialization, datapoint does not exist:, _ValueArchive_0.error.errRead:_original.._value
WCCILdata    (0), 2017.10.20 11:31:24.412, PARAM,SEVERE,      8, Element does not exist, problem during archive initialization, datapoint does not exist:, _ValueArchive_0.size.maxDpElGet:_original.._value
WCCILdata    (0), 2017.10.20 11:31:24.412, PARAM,SEVERE,      8, Element does not exist, problem during archive initialization, datapoint does not exist:, _ValueArchive_0.size.maxDpElSet:_original.._value
WCCILdata    (0), 2017.10.20 11:31:24.412, PARAM,SEVERE,      8, Element does not exist, problem during archive initialization, datapoint does not exist:, _ValueArchive_0.size.maxValuesGet:_original.._value
WCCILdata    (0), 2017.10.20 11:31:24.412, PARAM,SEVERE,      8, Element does not exist, problem during archive initialization, datapoint does not exist:, _ValueArchive_0.size.maxValuesSet:_original.._value
WCCILdata    (0), 2017.10.20 11:31:24.412, PARAM,SEVERE,      8, Element does not exist, problem during archive initialization, datapoint does not exist:, _ValueArchive_0.size.maxFillPctGet:_original.._value
WCCILdata    (0), 2017.10.20 11:31:24.412, PARAM,SEVERE,      8, Element does not exist, problem during archive initialization, datapoint does not exist:, _ValueArchive_0.size.maxFillPctSet:_original.._value
WCCILdata    (0), 2017.10.20 11:31:24.412, PARAM,SEVERE,      8, Element does not exist, problem during archive initialization, datapoint does not exist:, _ValueArchive_0.size.maxHeapSizeGet:_original.._value
WCCILdata    (0), 2017.10.20 11:31:24.412, PARAM,SEVERE,      8, Element does not exist, problem during archive initialization, datapoint does not exist:, _ValueArchive_0.size.maxHeapSizeSet:_original.._value
WCCILdata    (0), 2017.10.20 11:31:24.412, PARAM,SEVERE,      8, Element does not exist, problem during archive initialization, datapoint does not exist:, _ValueArchive_0.size.maxCacheGet:_original.._value
WCCILdata    (0), 2017.10.20 11:31:24.412, PARAM,SEVERE,      8, Element does not exist, problem during archive initialization, datapoint does not exist:, _ValueArchive_0.size.maxCacheSet:_original.._value
WCCILdata    (0), 2017.10.20 11:31:24.412, PARAM,SEVERE,      8, Element does not exist, problem during archive initialization, datapoint does not exist:, _ValueArchive_0.size.maxCorrCacheGet:_original.._value
WCCILdata    (0), 2017.10.20 11:31:24.412, PARAM,SEVERE,      8, Element does not exist, problem during archive initialization, datapoint does not exist:, _ValueArchive_0.size.maxCorrCacheSet:_original.._value
WCCILdata    (0), 2017.10.20 11:31:24.412, PARAM,SEVERE,      8, Element does not exist, problem during archive initialization, datapoint does not exist:, _ValueArchive_0.intervals.aliveInterval:_original.._value
WCCILdata    (0), 2017.10.20 11:31:24.412, PARAM,SEVERE,      8, Element does not exist, problem during archive initialization, datapoint does not exist:, _ValueArchive_0.intervals.saveCycle:_original.._value
WCCILdata    (0), 2017.10.20 11:31:24.412, PARAM,SEVERE,      8, Element does not exist, problem during archive initialization, datapoint does not exist:, _ValueArchive_0.setMgmt.fileSwitch.switchTimeGet.validFrom:_original.._value
WCCILdata    (0), 2017.10.20 11:31:24.412, PARAM,SEVERE,      8, Element does not exist, problem during archive initialization, datapoint does not exist:, _ValueArchive_0.setMgmt.fileSwitch.switchTimeGet.validUntil:_original.._value
WCCILdata    (0), 2017.10.20 11:31:24.412, PARAM,SEVERE,      8, Element does not exist, problem during archive initialization, datapoint does not exist:, _ValueArchive_0.setMgmt.fileSwitch.switchTimeGet.time:_original.._value
WCCILdata    (0), 2017.10.20 11:31:24.412, PARAM,SEVERE,      8, Element does not exist, problem during archive initialization, datapoint does not exist:, _ValueArchive_0.setMgmt.fileSwitch.switchTimeGet.weekDay:_original.._value
WCCILdata    (0), 2017.10.20 11:31:24.412, PARAM,SEVERE,      8, Element does not exist, problem during archive initialization, datapoint does not exist:, _ValueArchive_0.setMgmt.fileSwitch.switchTimeGet.monthDay:_original.._value
WCCILdata    (0), 2017.10.20 11:31:24.412, PARAM,SEVERE,      8, Element does not exist, problem during archive initialization, datapoint does not exist:, _ValueArchive_0.setMgmt.fileSwitch.switchTimeGet.month:_original.._value
WCCILdata    (0), 2017.10.20 11:31:24.412, PARAM,SEVERE,      8, Element does not exist, problem during archive initialization, datapoint does not exist:, _ValueArchive_0.setMgmt.fileSwitch.switchTimeGet.syncTime:_original.._value
WCCILdata    (0), 2017.10.20 11:31:24.413, PARAM,SEVERE,      8, Element does not exist, problem during archive initialization, datapoint does not exist:, _ValueArchive_0.setMgmt.fileSwitch.switchTimeGet.syncWeekDay:_original.._value
WCCILdata    (0), 2017.10.20 11:31:24.413, PARAM,SEVERE,      8, Element does not exist, problem during archive initialization, datapoint does not exist:, _ValueArchive_0.setMgmt.fileSwitch.switchTimeGet.syncDay:_original.._value
WCCILdata    (0), 2017.10.20 11:31:24.413, PARAM,SEVERE,      8, Element does not exist, problem during archive initialization, datapoint does not exist:, _ValueArchive_0.setMgmt.fileSwitch.switchTimeGet.syncMonth:_original.._value
WCCILdata    (0), 2017.10.20 11:31:24.413, PARAM,SEVERE,      8, Element does not exist, problem during archive initialization, datapoint does not exist:, _ValueArchive_0.setMgmt.fileSwitch.switchTimeGet.interval:_original.._value
WCCILdata    (0), 2017.10.20 11:31:24.413, PARAM,SEVERE,      8, Element does not exist, problem during archive initialization, datapoint does not exist:, _ValueArchive_0.setMgmt.fileSwitch.switchTimeGet.delay:_original.._value
WCCILdata    (0), 2017.10.20 11:31:24.413, PARAM,SEVERE,      8, Element does not exist, problem during archive initialization, datapoint does not exist:, _ValueArchive_0.setMgmt.fileSwitch.switchTimeSet.validFrom:_original.._value
WCCILdata    (0), 2017.10.20 11:31:24.413, PARAM,SEVERE,      8, Element does not exist, problem during archive initialization, datapoint does not exist:, _ValueArchive_0.setMgmt.fileSwitch.switchTimeSet.validUntil:_original.._value
WCCILdata    (0), 2017.10.20 11:31:24.413, PARAM,SEVERE,      8, Element does not exist, problem during archive initialization, datapoint does not exist:, _ValueArchive_0.setMgmt.fileSwitch.switchTimeSet.time:_original.._value
WCCILdata    (0), 2017.10.20 11:31:24.413, PARAM,SEVERE,      8, Element does not exist, problem during archive initialization, datapoint does not exist:, _ValueArchive_0.setMgmt.fileSwitch.switchTimeSet.weekDay:_original.._value
WCCILdata    (0), 2017.10.20 11:31:24.413, PARAM,SEVERE,      8, Element does not exist, problem during archive initialization, datapoint does not exist:, _ValueArchive_0.setMgmt.fileSwitch.switchTimeSet.monthDay:_original.._value
WCCILdata    (0), 2017.10.20 11:31:24.413, PARAM,SEVERE,      8, Element does not exist, problem during archive initialization, datapoint does not exist:, _ValueArchive_0.setMgmt.fileSwitch.switchTimeSet.month:_original.._value
WCCILdata    (0), 2017.10.20 11:31:24.413, PARAM,SEVERE,      8, Element does not exist, problem during archive initialization, datapoint does not exist:, _ValueArchive_0.setMgmt.fileSwitch.switchTimeSet.syncTime:_original.._value
WCCILdata    (0), 2017.10.20 11:31:24.413, PARAM,SEVERE,      8, Element does not exist, problem during archive initialization, datapoint does not exist:, _ValueArchive_0.setMgmt.fileSwitch.switchTimeSet.syncWeekDay:_original.._value
WCCILdata    (0), 2017.10.20 11:31:24.413, SYS,  SEVERE,    118, Last error already repeated 50 times. Until another output occurs, this one will be blocked.
WCCILdata    (0), 2017.10.20 11:31:24.414, PARAM,SEVERE,      8, Element does not exist, problem during archive initialization, datapoint does not exist:, _ValueArchive_0.setMgmt.fileCompression.autoStartAfterSwitchSet:_original.._value
WCCILdata    (0), 2017.10.20 11:31:24.414, SYS,  INFO,      119, Last error repeated 213 times.
WCCILdata    (0), 2017.10.20 11:31:24.414, SYS,  INFO,        0, , Initializing Value Archives
WCCILdata    (0), 2017.10.20 11:31:24.414, SYS,  INFO,        0, , ValueArchive will be used...
WCCILdata    (0), 2017.10.20 11:31:26.099, SYS,  INFO,        4, Connected to (SYS: 1 Event -num 0 CONN: 1) @ BST216.bstelecom.ba (::1)
WCCILdata    (0), 2017.10.20 11:31:26.103, SYS,  INFO,        0, , Manager (SYS: 1 Event -num 0 CONN: 1) initialised
WCCILdata    (0), 2017.10.20 11:31:27.763, SYS,  INFO,        4, Connected to (SYS: 1 Driver -num 1 CONN: 1) @ BST216.bstelecom.ba (::1)
WCCILdata    (0), 2017.10.20 11:31:27.767, SYS,  INFO,        0, , Manager (SYS: 1 Driver -num 1 CONN: 1) initialised
WCCILdata    (0), 2017.10.20 11:31:29.497, SYS,  INFO,        4, Connected to (SYS: 1 Ascii -num 1 CONN: 1) @ BST216.bstelecom.ba (::1)
WCCILdata    (0), 2017.10.20 11:31:29.499, SYS,  INFO,        0, , Manager (SYS: 1 Ascii -num 1 CONN: 1) initialised
WCCILdata    (0), 2017.10.20 11:31:29.821, SYS,  WARNING,    39, Connection lost, MAN: (SYS: 1 Ascii -num 1 CONN: 1), Connection reset by peer (10054)
WCCILdata    (0), 2017.10.20 11:31:29.904, SYS,  INFO,        4, Connected to (SYS: 1 Ascii -num 1 CONN: 1) @ BST216.bstelecom.ba (::1)
WCCILdata    (0), 2017.10.20 11:31:29.909, SYS,  INFO,        0, , Manager (SYS: 1 Ascii -num 1 CONN: 1) initialised
WCCILdata    (0), 2017.10.20 11:31:29.989, SYS,  WARNING,    39, Connection lost, MAN: (SYS: 1 Ascii -num 1 CONN: 1), Connection reset by peer (10054)
WCCILdata    (0), 2017.10.20 11:31:30.072, SYS,  INFO,        4, Connected to (SYS: 1 Ascii -num 1 CONN: 1) @ BST216.bstelecom.ba (::1)
WCCILdata    (0), 2017.10.20 11:31:30.080, SYS,  INFO,        0, , Manager (SYS: 1 Ascii -num 1 CONN: 1) initialised
WCCILdata    (0), 2017.10.20 11:31:30.539, SYS,  WARNING,    39, Connection lost, MAN: (SYS: 1 Ascii -num 1 CONN: 1), Connection reset by peer (10054)
WCCILdata    (0), 2017.10.20 11:31:30.623, SYS,  INFO,        4, Connected to (SYS: 1 Ascii -num 1 CONN: 1) @ BST216.bstelecom.ba (::1)
WCCILdata    (0), 2017.10.20 11:31:30.630, SYS,  INFO,        0, , Manager (SYS: 1 Ascii -num 1 CONN: 1) initialised
WCCILdata    (0), 2017.10.20 11:31:30.670, SYS,  WARNING,    39, Connection lost, MAN: (SYS: 1 Ascii -num 1 CONN: 1), Connection reset by peer (10054)
WCCILdata    (0), 2017.10.20 11:31:30.753, SYS,  INFO,        4, Connected to (SYS: 1 Ascii -num 1 CONN: 1) @ BST216.bstelecom.ba (::1)
WCCILdata    (0), 2017.10.20 11:31:30.760, SYS,  INFO,        0, , Manager (SYS: 1 Ascii -num 1 CONN: 1) initialised
WCCILdata    (0), 2017.10.20 11:31:30.799, SYS,  WARNING,    39, Connection lost, MAN: (SYS: 1 Ascii -num 1 CONN: 1), Connection reset by peer (10054)
WCCILdata    (0), 2017.10.20 11:31:30.881, SYS,  INFO,        4, Connected to (SYS: 1 Ascii -num 1 CONN: 1) @ BST216.bstelecom.ba (::1)
WCCILdata    (0), 2017.10.20 11:31:30.889, SYS,  INFO,        0, , Manager (SYS: 1 Ascii -num 1 CONN: 1) initialised
WCCILdata    (0), 2017.10.20 11:31:30.955, SYS,  WARNING,    39, Connection lost, MAN: (SYS: 1 Ascii -num 1 CONN: 1), Connection reset by peer (10054)
WCCILdata    (0), 2017.10.20 11:31:31.045, SYS,  INFO,        4, Connected to (SYS: 1 Ascii -num 1 CONN: 1) @ BST216.bstelecom.ba (::1)
WCCILdata    (0), 2017.10.20 11:31:31.053, SYS,  INFO,        0, , Manager (SYS: 1 Ascii -num 1 CONN: 1) initialised
WCCILdata    (0), 2017.10.20 11:31:35.084, SYS,  WARNING,    39, Connection lost, MAN: (SYS: 1 Ascii -num 1 CONN: 1), Connection reset by peer (10054)
WCCILdata    (0), 2017.10.20 11:31:35.170, SYS,  INFO,        4, Connected to (SYS: 1 Ascii -num 1 CONN: 1) @ BST216.bstelecom.ba (::1)
WCCILdata    (0), 2017.10.20 11:31:35.176, SYS,  INFO,        0, , Manager (SYS: 1 Ascii -num 1 CONN: 1) initialised
WCCILdata    (0), 2017.10.20 11:31:35.214, SYS,  WARNING,    39, Connection lost, MAN: (SYS: 1 Ascii -num 1 CONN: 1), Connection reset by peer (10054)
WCCILdata    (0), 2017.10.20 11:31:35.298, SYS,  INFO,        4, Connected to (SYS: 1 Ascii -num 1 CONN: 1) @ BST216.bstelecom.ba (::1)
WCCILdata    (0), 2017.10.20 11:31:35.304, SYS,  INFO,        0, , Manager (SYS: 1 Ascii -num 1 CONN: 1) initialised
WCCILdata    (0), 2017.10.20 11:31:35.439, SYS,  WARNING,    39, Connection lost, MAN: (SYS: 1 Ascii -num 1 CONN: 1), Connection reset by peer (10054)
WCCILdata    (0), 2017.10.20 11:31:35.525, SYS,  INFO,        4, Connected to (SYS: 1 Ascii -num 1 CONN: 1) @ BST216.bstelecom.ba (::1)
WCCILdata    (0), 2017.10.20 11:31:35.533, SYS,  INFO,        0, , Manager (SYS: 1 Ascii -num 1 CONN: 1) initialised
WCCILdata    (0), 2017.10.20 11:31:35.575, SYS,  WARNING,    39, Connection lost, MAN: (SYS: 1 Ascii -num 1 CONN: 1), Connection reset by peer (10054)
WCCILdata    (0), 2017.10.20 11:31:37.604, SYS,  INFO,       39, Connection lost, MAN: (SYS: 1 Driver -num 1 CONN: 1), Connection closed
WCCILdata    (0), 2017.10.20 11:31:39.710, SYS,  INFO,      181, Closing connection to (SYS: 1 Event -num 0 CONN: 1)
WCCILdata    (0), 2017.10.20 11:31:39.710, SYS,  INFO,       39, Connection lost, MAN: (SYS: 1 Event -num 0 CONN: 1), Connection closed
WCCILdata    (0), 2017.10.20 11:31:39.710, SYS,  INFO,        0, , Loading DpIdentification
WCCILdata    (0), 2017.10.20 11:31:39.716, SYS,  INFO,        2, Manager Stop
