C:\Siemens\Automation\WinCC_OA\3.15\bin\WCCILpmon: WCCILpmon is already running
WCCILpmon    (1), 2017.11.24 14:39:12.946: WARNING: pvss_path "C:\\Siemens\\Automation\\WinCC_OA\\3.15\\" in config file does not match with registered installation: "C:\\BSTelecom\\BS_Husky\\3.15\\" !
WCCILpmon    (1), 2017.11.24 14:39:12.972: cannot open language file ""
WCCILpmon    (1), 2017.11.24 14:39:12.972: exit(1) called!
WCCILpmon    (1), 2017.11.24 14:39:22.478: WARNING: pvss_path "C:\\Siemens\\Automation\\WinCC_OA\\3.15\\" in config file does not match with registered installation: "C:\\BSTelecom\\BS_Husky\\3.15\\" !
WCCILpmon    (1), 2017.11.24 14:39:22.479: cannot open language file ""
WCCILpmon    (1), 2017.11.24 14:39:22.480: exit(1) called!
WCCILpmon    (1), 2017.11.24 14:41:45.420: WARNING: pvss_path "C:\\Siemens\\Automation\\WinCC_OA\\3.15\\" in config file does not match with registered installation: "C:\\BSTelecom\\BS_Husky\\3.15\\" !
WCCILpmon    (1), 2017.11.24 14:41:45.421: cannot open language file ""
WCCILpmon    (1), 2017.11.24 14:41:45.421: exit(1) called!
....WCCILpmon    (1), 2017.11.28 10:41:12.953: WARNING: pvss_path "C:\\BSTelecom\\BS_Husky\\3.15\\" in config file does not match with registered installation: "C:\\Siemens\\Automation\\WinCC_OA\\3.15\\" !
WCCILpmon    (1), 2017.11.28 10:41:12.959: cannot open language file ""
WCCILpmon    (1), 2017.11.28 10:41:12.959: exit(1) called!
WCCILpmon    (1), 2017.11.28 10:41:16.239: WARNING: pvss_path "C:\\BSTelecom\\BS_Husky\\3.15\\" in config file does not match with registered installation: "C:\\Siemens\\Automation\\WinCC_OA\\3.15\\" !
WCCILpmon    (1), 2017.11.28 10:41:16.240: cannot open language file ""
WCCILpmon    (1), 2017.11.28 10:41:16.240: exit(1) called!
.WCCILpmon    (1), 2017.11.28 11:37:57.474: WARNING: pvss_path "C:\\Siemens\\Automation\\WinCC_OA\\3.15\\" in config file does not match with registered installation: "C:\\BSTelecom\\Automation\\BSHusky\\3.15\\" !
WCCILpmon    (1), 2017.11.28 11:37:57.481: cannot open language file ""
WCCILpmon    (1), 2017.11.28 11:37:57.481: exit(1) called!
WCCILpmon    (1), 2017.11.28 11:38:04.522: WARNING: pvss_path "C:\\Siemens\\Automation\\WinCC_OA\\3.15\\" in config file does not match with registered installation: "C:\\BSTelecom\\Automation\\BSHusky\\3.15\\" !
WCCILpmon    (1), 2017.11.28 11:38:04.523: cannot open language file ""
WCCILpmon    (1), 2017.11.28 11:38:04.523: exit(1) called!
....WCCILpmon    (1), 2017.11.28 13:51:14.690: WARNING: pvss_path "C:\\BSTelecom\\Automation\\BSHusky\\3.15\\" in config file does not match with registered installation: "C:\\Siemens\\Automation\\WinCC_OA\\3.15\\" !
WCCILpmon    (1), 2017.11.28 13:51:14.692: cannot open language file ""
WCCILpmon    (1), 2017.11.28 13:51:14.692: exit(1) called!
WCCILpmon    (1), 2017.11.28 13:51:44.783: WARNING: pvss_path "C:\\BSTelecom\\Automation\\BSHusky\\3.15\\" in config file does not match with registered installation: "C:\\Siemens\\Automation\\WinCC_OA\\3.15\\" !
WCCILpmon    (1), 2017.11.28 13:51:44.784: cannot open language file ""
WCCILpmon    (1), 2017.11.28 13:51:44.784: exit(1) called!
WCCILpmon    (1), 2017.11.28 13:56:46.775: WARNING: pvss_path "C:\\BSTelecom\\Automation\\BSHusky\\3.15\\" in config file does not match with registered installation: "C:\\Siemens\\Automation\\WinCC_OA\\3.15\\" !
WCCILpmon    (1), 2017.11.28 13:56:46.776: cannot open language file ""
WCCILpmon    (1), 2017.11.28 13:56:46.776: exit(1) called!
WCCILpmon    (1), 2017.11.28 13:56:47.333: WARNING: pvss_path "C:\\BSTelecom\\Automation\\BSHusky\\3.15\\" in config file does not match with registered installation: "C:\\Siemens\\Automation\\WinCC_OA\\3.15\\" !
WCCILpmon    (1), 2017.11.28 13:56:47.334: cannot open language file ""
WCCILpmon    (1), 2017.11.28 13:56:47.334: exit(1) called!
WCCILpmon    (1), 2017.11.28 13:56:47.793: WARNING: pvss_path "C:\\BSTelecom\\Automation\\BSHusky\\3.15\\" in config file does not match with registered installation: "C:\\Siemens\\Automation\\WinCC_OA\\3.15\\" !
WCCILpmon    (1), 2017.11.28 13:56:47.795: cannot open language file ""
WCCILpmon    (1), 2017.11.28 13:56:47.795: exit(1) called!
WCCILpmon    (1), 2017.11.28 13:56:48.375: WARNING: pvss_path "C:\\BSTelecom\\Automation\\BSHusky\\3.15\\" in config file does not match with registered installation: "C:\\Siemens\\Automation\\WinCC_OA\\3.15\\" !
WCCILpmon    (1), 2017.11.28 13:56:48.377: cannot open language file ""
WCCILpmon    (1), 2017.11.28 13:56:48.377: exit(1) called!
WCCILpmon    (1), 2017.11.28 13:56:48.839: WARNING: pvss_path "C:\\BSTelecom\\Automation\\BSHusky\\3.15\\" in config file does not match with registered installation: "C:\\Siemens\\Automation\\WinCC_OA\\3.15\\" !
WCCILpmon    (1), 2017.11.28 13:56:48.840: cannot open language file ""
WCCILpmon    (1), 2017.11.28 13:56:48.840: exit(1) called!
WCCILpmon    (1), 2017.11.28 13:56:49.816: WARNING: pvss_path "C:\\BSTelecom\\Automation\\BSHusky\\3.15\\" in config file does not match with registered installation: "C:\\Siemens\\Automation\\WinCC_OA\\3.15\\" !
WCCILpmon    (1), 2017.11.28 13:56:49.818: cannot open language file ""
WCCILpmon    (1), 2017.11.28 13:56:49.818: exit(1) called!
WCCILpmon    (1), 2017.11.28 13:56:50.384: WARNING: pvss_path "C:\\BSTelecom\\Automation\\BSHusky\\3.15\\" in config file does not match with registered installation: "C:\\Siemens\\Automation\\WinCC_OA\\3.15\\" !
WCCILpmon    (1), 2017.11.28 13:56:50.385: cannot open language file ""
WCCILpmon    (1), 2017.11.28 13:56:50.385: exit(1) called!
WCCILpmon    (1), 2017.11.28 13:56:51.155: WARNING: pvss_path "C:\\BSTelecom\\Automation\\BSHusky\\3.15\\" in config file does not match with registered installation: "C:\\Siemens\\Automation\\WinCC_OA\\3.15\\" !
WCCILpmon    (1), 2017.11.28 13:56:51.157: cannot open language file ""
WCCILpmon    (1), 2017.11.28 13:56:51.157: exit(1) called!
WCCILpmon    (1), 2017.11.28 13:56:51.621: WARNING: pvss_path "C:\\BSTelecom\\Automation\\BSHusky\\3.15\\" in config file does not match with registered installation: "C:\\Siemens\\Automation\\WinCC_OA\\3.15\\" !
WCCILpmon    (1), 2017.11.28 13:56:51.623: cannot open language file ""
WCCILpmon    (1), 2017.11.28 13:56:51.623: exit(1) called!
WCCILpmon    (1), 2017.11.28 13:56:52.189: WARNING: pvss_path "C:\\BSTelecom\\Automation\\BSHusky\\3.15\\" in config file does not match with registered installation: "C:\\Siemens\\Automation\\WinCC_OA\\3.15\\" !
WCCILpmon    (1), 2017.11.28 13:56:52.190: cannot open language file ""
WCCILpmon    (1), 2017.11.28 13:56:52.190: exit(1) called!
WCCILpmon    (1), 2017.11.28 13:56:53.054: WARNING: pvss_path "C:\\BSTelecom\\Automation\\BSHusky\\3.15\\" in config file does not match with registered installation: "C:\\Siemens\\Automation\\WinCC_OA\\3.15\\" !
WCCILpmon    (1), 2017.11.28 13:56:53.055: cannot open language file ""
WCCILpmon    (1), 2017.11.28 13:56:53.055: exit(1) called!
WCCILpmon    (1), 2017.11.28 13:56:53.822: WARNING: pvss_path "C:\\BSTelecom\\Automation\\BSHusky\\3.15\\" in config file does not match with registered installation: "C:\\Siemens\\Automation\\WinCC_OA\\3.15\\" !
WCCILpmon    (1), 2017.11.28 13:56:53.823: cannot open language file ""
WCCILpmon    (1), 2017.11.28 13:56:53.823: exit(1) called!
WCCILpmon    (1), 2017.11.28 13:56:54.481: WARNING: pvss_path "C:\\BSTelecom\\Automation\\BSHusky\\3.15\\" in config file does not match with registered installation: "C:\\Siemens\\Automation\\WinCC_OA\\3.15\\" !
WCCILpmon    (1), 2017.11.28 13:56:54.483: cannot open language file ""
WCCILpmon    (1), 2017.11.28 13:56:54.483: exit(1) called!
WCCILpmon    (1), 2017.11.28 13:56:55.249: WARNING: pvss_path "C:\\BSTelecom\\Automation\\BSHusky\\3.15\\" in config file does not match with registered installation: "C:\\Siemens\\Automation\\WinCC_OA\\3.15\\" !
WCCILpmon    (1), 2017.11.28 13:56:55.250: cannot open language file ""
WCCILpmon    (1), 2017.11.28 13:56:55.251: exit(1) called!
WCCILpmon    (1), 2017.11.28 13:56:55.703: WARNING: pvss_path "C:\\BSTelecom\\Automation\\BSHusky\\3.15\\" in config file does not match with registered installation: "C:\\Siemens\\Automation\\WinCC_OA\\3.15\\" !
WCCILpmon    (1), 2017.11.28 13:56:55.704: cannot open language file ""
WCCILpmon    (1), 2017.11.28 13:56:55.704: exit(1) called!
WCCILpmon    (1), 2017.11.28 13:56:56.279: WARNING: pvss_path "C:\\BSTelecom\\Automation\\BSHusky\\3.15\\" in config file does not match with registered installation: "C:\\Siemens\\Automation\\WinCC_OA\\3.15\\" !
WCCILpmon    (1), 2017.11.28 13:56:56.280: cannot open language file ""
WCCILpmon    (1), 2017.11.28 13:56:56.280: exit(1) called!
WCCILpmon    (1), 2017.11.28 13:56:56.747: WARNING: pvss_path "C:\\BSTelecom\\Automation\\BSHusky\\3.15\\" in config file does not match with registered installation: "C:\\Siemens\\Automation\\WinCC_OA\\3.15\\" !
WCCILpmon    (1), 2017.11.28 13:56:56.748: cannot open language file ""
WCCILpmon    (1), 2017.11.28 13:56:56.748: exit(1) called!
WCCILpmon    (1), 2017.11.28 13:56:57.335: WARNING: pvss_path "C:\\BSTelecom\\Automation\\BSHusky\\3.15\\" in config file does not match with registered installation: "C:\\Siemens\\Automation\\WinCC_OA\\3.15\\" !
WCCILpmon    (1), 2017.11.28 13:56:57.336: cannot open language file ""
WCCILpmon    (1), 2017.11.28 13:56:57.336: exit(1) called!
WCCILpmon    (1), 2017.11.28 13:56:58.822: WARNING: pvss_path "C:\\BSTelecom\\Automation\\BSHusky\\3.15\\" in config file does not match with registered installation: "C:\\Siemens\\Automation\\WinCC_OA\\3.15\\" !
WCCILpmon    (1), 2017.11.28 13:56:58.823: cannot open language file ""
WCCILpmon    (1), 2017.11.28 13:56:58.823: exit(1) called!
WCCILpmon    (1), 2017.11.28 13:59:47.430: WARNING: pvss_path "C:\\BSTelecom\\Automation\\BSHusky\\3.15\\" in config file does not match with registered installation: "C:\\Siemens\\Automation\\WinCC_OA\\3.15\\" !
WCCILpmon    (1), 2017.11.28 13:59:47.432: cannot open language file ""
WCCILpmon    (1), 2017.11.28 13:59:47.432: exit(1) called!
WCCILpmon    (1), 2017.11.28 13:59:48.102: WARNING: pvss_path "C:\\BSTelecom\\Automation\\BSHusky\\3.15\\" in config file does not match with registered installation: "C:\\Siemens\\Automation\\WinCC_OA\\3.15\\" !
WCCILpmon    (1), 2017.11.28 13:59:48.104: cannot open language file ""
WCCILpmon    (1), 2017.11.28 13:59:48.104: exit(1) called!
WCCILpmon    (1), 2017.11.28 13:59:48.556: WARNING: pvss_path "C:\\BSTelecom\\Automation\\BSHusky\\3.15\\" in config file does not match with registered installation: "C:\\Siemens\\Automation\\WinCC_OA\\3.15\\" !
WCCILpmon    (1), 2017.11.28 13:59:48.557: cannot open language file ""
WCCILpmon    (1), 2017.11.28 13:59:48.557: exit(1) called!
WCCILpmon    (1), 2017.11.28 13:59:49.118: WARNING: pvss_path "C:\\BSTelecom\\Automation\\BSHusky\\3.15\\" in config file does not match with registered installation: "C:\\Siemens\\Automation\\WinCC_OA\\3.15\\" !
WCCILpmon    (1), 2017.11.28 13:59:49.120: cannot open language file ""
WCCILpmon    (1), 2017.11.28 13:59:49.120: exit(1) called!
WCCILpmon    (1), 2017.11.28 13:59:53.662: WARNING: pvss_path "C:\\BSTelecom\\Automation\\BSHusky\\3.15\\" in config file does not match with registered installation: "C:\\Siemens\\Automation\\WinCC_OA\\3.15\\" !
WCCILpmon    (1), 2017.11.28 13:59:53.663: cannot open language file ""
WCCILpmon    (1), 2017.11.28 13:59:53.663: exit(1) called!
WCCILpmon    (1), 2017.11.28 13:59:54.936: WARNING: pvss_path "C:\\BSTelecom\\Automation\\BSHusky\\3.15\\" in config file does not match with registered installation: "C:\\Siemens\\Automation\\WinCC_OA\\3.15\\" !
WCCILpmon    (1), 2017.11.28 13:59:54.938: cannot open language file ""
WCCILpmon    (1), 2017.11.28 13:59:54.938: exit(1) called!
WCCILpmon    (1), 2017.11.28 13:59:55.389: WARNING: pvss_path "C:\\BSTelecom\\Automation\\BSHusky\\3.15\\" in config file does not match with registered installation: "C:\\Siemens\\Automation\\WinCC_OA\\3.15\\" !
WCCILpmon    (1), 2017.11.28 13:59:55.390: cannot open language file ""
WCCILpmon    (1), 2017.11.28 13:59:55.390: exit(1) called!
WCCILpmon    (1), 2017.11.28 13:59:55.850: WARNING: pvss_path "C:\\BSTelecom\\Automation\\BSHusky\\3.15\\" in config file does not match with registered installation: "C:\\Siemens\\Automation\\WinCC_OA\\3.15\\" !
WCCILpmon    (1), 2017.11.28 13:59:55.852: cannot open language file ""
WCCILpmon    (1), 2017.11.28 13:59:55.852: exit(1) called!
WCCILpmon    (1), 2017.11.28 14:00:04.737: WARNING: pvss_path "C:\\BSTelecom\\Automation\\BSHusky\\3.15\\" in config file does not match with registered installation: "C:\\Siemens\\Automation\\WinCC_OA\\3.15\\" !
WCCILpmon    (1), 2017.11.28 14:00:04.738: cannot open language file ""
WCCILpmon    (1), 2017.11.28 14:00:04.739: exit(1) called!
