2017.11.22 11:24:35.127["Data:  |  | :_alert_hdl.._value | System1:K1.wrongDirection | 2017.11.22 11:00:29.939 | TRUE | System1:K1.stoppedVehicle | 2017.11.22 11:01:03.401 | TRUE | System1:K2.wrongDirection | 2017.11.22 11:00:29.949 | TRUE | System1:K2.stoppedVehicle | 2017.11.22 11:01:03.411 | TRUE"]
2017.11.22 11:24:35.127["Camera: "]
2017.11.22 11:24:35.127["Camera: "]
2017.11.22 11:24:35.128["Camera: "]
2017.11.22 11:24:35.128["Camera: "]
2017.11.22 11:25:40.245["Data:  |  | :_alert_hdl.._value | System1:K1.wrongDirection | 2017.11.22 11:00:29.939 | TRUE | System1:K1.stoppedVehicle | 2017.11.22 11:01:03.401 | TRUE | System1:K2.wrongDirection | 2017.11.22 11:00:29.949 | TRUE | System1:K2.stoppedVehicle | 2017.11.22 11:01:03.411 | TRUE"]
2017.11.22 11:25:40.246["Camera: K1"]
2017.11.22 11:25:40.246["Camera: K1"]
2017.11.22 11:25:40.246["Camera: K2"]
2017.11.22 11:25:40.246["Camera: K2"]
2017.11.22 11:56:32.728["Data:  |  | :_alert_hdl.._value | System1:K1.wrongDirection | 2017.11.22 11:56:32.727 | FALSE"]
2017.11.22 11:56:32.728["Camera: K1"]
2017.11.22 11:56:36.980["Data:  |  | :_alert_hdl.._value | System1:K1.stoppedVehicle | 2017.11.22 11:56:36.980 | FALSE"]
2017.11.22 11:56:36.980["Camera: K1"]
2017.11.22 11:57:42.581["Data:  |  | :_alert_hdl.._value | System1:K2.wrongDirection | 2017.11.22 11:57:42.581 | FALSE"]
2017.11.22 11:57:42.581["Camera: K2"]
2017.11.22 11:57:46.475["Data:  |  | :_alert_hdl.._value | System1:K2.stoppedVehicle | 2017.11.22 11:57:46.474 | FALSE"]
2017.11.22 11:57:46.475["Camera: K2"]
2017.11.22 12:09:02.528["K1"]["2017.11.22 12:09:02.527"]["TRUE"]
2017.11.22 12:10:09.253["K1"]["2017.11.22 12:09:02.527"]["TRUE"]
2017.11.22 12:10:09.254["Camera_00001"]["cmd=clearalarm;streamIndex=1"]
2017.11.22 12:10:56.681["K1"]["2017.11.22 12:10:56.681"]["FALSE"]
2017.11.22 12:10:56.682["Camera_00001"]["cmd=triggeralarm;streamIndex=1"]
2017.11.22 12:11:50.733["K1"]["2017.11.22 12:11:50.733"]["TRUE"]
2017.11.22 12:11:50.734["Camera_00001"]["cmd=triggeralarm;streamIndex=1"]
2017.11.22 12:11:56.567["K1"]["2017.11.22 12:11:56.566"]["FALSE"]
2017.11.22 12:11:56.568["Camera_00001"]["cmd=triggeralarm;streamIndex=1"]
2017.11.22 12:13:13.549["K1"]["2017.11.22 12:11:50.733"]["TRUE"]
2017.11.22 12:13:13.549["Camera_00001"]["cmd=triggeralarm;streamIndex=1"]
2017.11.22 12:13:13.549["K1"]["2017.11.22 12:11:56.566"]["FALSE"]
2017.11.22 12:13:13.550["Camera_00001"]["cmd=triggeralarm;streamIndex=1"]
2017.11.22 12:13:13.550[0]
2017.11.22 12:13:13.550[0]
2017.11.22 12:13:56.194["K1"]["2017.11.22 12:11:50.733"]["TRUE"]
2017.11.22 12:13:56.194["Camera_00001"]["cmd=triggeralarm;streamIndex=1"]
2017.11.22 12:13:56.194["K1"]["2017.11.22 12:11:56.566"]["FALSE"]
2017.11.22 12:13:56.195["Camera_00001"]["cmd=triggeralarm;streamIndex=1"]
2017.11.22 12:14:03.478["K1"]["2017.11.22 12:14:03.477"]["TRUE"]
2017.11.22 12:14:03.479["Camera_00001"]["cmd=clearalarm;streamIndex=1"]
2017.11.22 12:14:18.437["K1"]["2017.11.22 12:14:18.436"]["TRUE"]
2017.11.22 12:14:18.437["Camera_00001"]["cmd=triggeralarm;streamIndex=1"]
2017.11.22 12:14:23.358["K1"]["2017.11.22 12:14:23.357"]["FALSE"]
2017.11.22 12:14:23.358["Camera_00001"]["cmd=triggeralarm;streamIndex=1"]
2017.11.22 12:14:28.797["K1"]["2017.11.22 12:14:28.796"]["FALSE"]
2017.11.22 12:14:28.797["Camera_00001"]["cmd=triggeralarm;streamIndex=1"]
2017.11.22 12:25:30.783["K2"]["2017.11.22 12:25:30.782"]["TRUE"]
2017.11.22 12:25:30.784["Camera_00002"]["cmd=getstreamtimeline"]
2017.11.22 12:25:58.373["K2"]["2017.11.22 12:25:58.373"]["FALSE"]
2017.11.22 12:25:58.374["Camera_00002"]["cmd=clearalarm"]
2017.11.22 12:26:04.613["K2"]["2017.11.22 12:26:04.613"]["TRUE"]
2017.11.22 12:26:04.614["Camera_00002"]["cmd=clearalarm"]
2017.11.22 12:26:10.087["K2"]["2017.11.22 12:26:10.086"]["FALSE"]
2017.11.22 12:26:10.087["Camera_00002"]["cmd=triggeralarm;streamIndex=1"]
2017.11.22 12:28:10.853["K3"]["2017.11.22 12:28:10.852"]["TRUE"]
2017.11.22 12:28:10.853["Camera_00003"]["cmd=clearalarm;streamIndex=1"]
2017.11.22 12:28:15.220["K3"]["2017.11.22 12:28:15.219"]["FALSE"]
2017.11.22 12:28:15.221["Camera_00003"]["cmd=triggeralarm;streamIndex=1"]
2017.11.22 12:30:38.282["K3"]["2017.11.22 12:30:38.281"]["TRUE"]
2017.11.22 12:30:38.282["Camera_00003"]["cmd=getstreamtimeline"]
2017.11.22 12:30:49.225["K3"]["2017.11.22 12:30:49.224"]["FALSE"]
2017.11.22 12:30:49.225["Camera_00003"]["cmd=getstreamtimeline"]
2017.11.22 12:37:25.671["K1"]["2017.11.22 12:14:03.477"]["TRUE"]
2017.11.22 12:37:25.672["Camera_00001"]["cmd=clearalarm;streamIndex=1"]
2017.11.22 12:37:25.672["K1"]["2017.11.22 12:14:23.357"]["FALSE"]
2017.11.22 12:37:25.672["Camera_00001"]["cmd=triggeralarm;streamIndex=1"]
2017.11.22 12:37:26.843["K3"]["2017.11.22 12:37:26.842"]["TRUE"]
2017.11.22 12:37:26.843["Camera_00003"]["cmd=getstreamtimeline"]
2017.11.22 12:37:51.179["K1"]["2017.11.22 12:14:03.477"]["TRUE"]
2017.11.22 12:37:51.180["Camera_00001"]["cmd=clearalarm;streamIndex=1"]
2017.11.22 12:37:51.180["K1"]["2017.11.22 12:14:23.357"]["FALSE"]
2017.11.22 12:37:51.181["Camera_00001"]["cmd=triggeralarm;streamIndex=1"]
2017.11.22 12:37:51.181["K3"]["2017.11.22 12:37:26.842"]["TRUE"]
2017.11.22 12:37:51.187["Camera_00003"]["cmd=getstreamtimeline"]
2017.11.22 12:37:59.898["K3"]["2017.11.22 12:37:59.898"]["FALSE"]
2017.11.22 12:37:59.899["Camera_00003"]["cmd=triggeralarm;streamIndex=1"]
2017.11.22 12:38:58.130["K3"]["2017.11.22 12:38:58.129"]["TRUE"]
2017.11.22 12:38:58.130["Camera_00003"]["cmd=getstreamtimeline"]
2017.11.22 12:39:07.354["K3"]["2017.11.22 12:39:07.353"]["FALSE"]
2017.11.22 12:39:07.354["Camera_00003"]["cmd=triggeralarm;streamIndex=1"]
2017.11.23 11:18:42.776["K1"]["2017.11.22 12:14:03.477"]["TRUE"]
2017.11.23 11:18:42.778["Camera_00001"]["cmd=getstreamtimeline"]
2017.11.23 11:18:42.778["K1"]["2017.11.22 12:14:23.357"]["FALSE"]
2017.11.23 11:18:42.779["Camera_00001"]["cmd=triggeralarm;streamIndex=1"]
2017.11.23 11:33:25.357["K1"]["2017.11.22 12:14:03.477"]["TRUE"]
2017.11.23 11:33:25.358["Camera_00001"]["cmd=clearalarm;streamIndex=1"]
2017.11.23 11:33:25.358["K1"]["2017.11.22 12:14:23.357"]["FALSE"]
2017.11.23 11:33:25.359["Camera_00001"]["cmd=triggeralarm;streamIndex=1"]
2017.11.23 11:35:45.045["K1"]["2017.11.22 12:14:03.477"]["TRUE"]
2017.11.23 11:35:45.046["Camera_00001"]["cmd=clearalarm;streamIndex=1"]
2017.11.23 11:35:45.046["K1"]["2017.11.22 12:14:23.357"]["FALSE"]
2017.11.23 11:35:45.047["Camera_00001"]["cmd=triggeralarm;streamIndex=1"]
2017.11.23 11:48:40.917["K1"]["2017.11.22 12:14:03.477"]["TRUE"]
2017.11.23 11:48:40.918["Camera_00001"]["cmd=clearalarm;streamIndex=1"]
2017.11.23 11:48:40.918["K1"]["2017.11.22 12:14:23.357"]["FALSE"]
2017.11.23 11:48:40.918["Camera_00001"]["cmd=triggeralarm;streamIndex=1"]
2017.11.23 12:43:19.504["K1"]["2017.11.22 12:14:03.477"]["TRUE"]
2017.11.23 12:43:19.519["Camera_00001"]["cmd=clearalarm;streamIndex=1"]
2017.11.23 12:43:19.519["K1"]["2017.11.22 12:14:23.357"]["FALSE"]
2017.11.23 12:43:19.520["Camera_00001"]["cmd=triggeralarm;streamIndex=1"]
2017.11.24 09:38:51.594["K1"]["2017.11.22 12:14:03.477"]["TRUE"]
2017.11.24 09:38:51.595["Camera_00001"]["cmd=getstreamtimeline"]
2017.11.24 09:38:51.595["K1"]["2017.11.22 12:14:23.357"]["FALSE"]
2017.11.24 09:38:51.596["Camera_00001"]["cmd=triggeralarm;streamIndex=1"]
2017.11.24 14:43:21.720["K1"]["2017.11.22 12:14:03.477"]["TRUE"]
2017.11.24 14:43:21.748["Camera_00001"]["cmd=clearalarm;streamIndex=1"]
2017.11.24 14:43:21.748["K1"]["2017.11.22 12:14:23.357"]["FALSE"]
2017.11.24 14:43:21.749["Camera_00001"]["cmd=triggeralarm;streamIndex=1"]
2017.11.24 14:45:18.764["K1"]["2017.11.22 12:14:03.477"]["TRUE"]
2017.11.24 14:45:18.764["Camera_00001"]["cmd=clearalarm;streamIndex=1"]
2017.11.24 14:45:18.765["K1"]["2017.11.22 12:14:23.357"]["FALSE"]
2017.11.24 14:45:18.765["Camera_00001"]["cmd=triggeralarm;streamIndex=1"]
2017.11.24 14:47:32.775["K1"]["2017.11.22 12:14:03.477"]["TRUE"]
2017.11.24 14:47:32.776["Camera_00001"]["cmd=clearalarm;streamIndex=1"]
2017.11.24 14:47:32.776["K1"]["2017.11.22 12:14:23.357"]["FALSE"]
2017.11.24 14:47:32.777["Camera_00001"]["cmd=triggeralarm;streamIndex=1"]
2017.11.24 14:58:01.472["K1"]["2017.11.22 12:14:03.477"]["TRUE"]
2017.11.24 14:58:01.473["Camera_00001"]["cmd=clearalarm;streamIndex=1"]
2017.11.24 14:58:01.473["K1"]["2017.11.22 12:14:23.357"]["FALSE"]
2017.11.24 14:58:01.474["Camera_00001"]["cmd=triggeralarm;streamIndex=1"]
2017.11.24 15:18:36.909["K1"]["2017.11.22 12:14:03.477"]["TRUE"]
2017.11.24 15:18:36.909["Camera_00001"]["cmd=clearalarm;streamIndex=1"]
2017.11.24 15:18:36.909["K1"]["2017.11.22 12:14:23.357"]["FALSE"]
2017.11.24 15:18:36.910["Camera_00001"]["cmd=triggeralarm;streamIndex=1"]
2017.11.24 15:24:53.334["K1"]["2017.11.22 12:14:03.477"]["TRUE"]
2017.11.24 15:24:53.335["Camera_00001"]["cmd=clearalarm;streamIndex=1"]
2017.11.24 15:24:53.335["K1"]["2017.11.22 12:14:23.357"]["FALSE"]
2017.11.24 15:24:53.335["Camera_00001"]["cmd=triggeralarm;streamIndex=1"]
2017.11.24 15:28:34.755["K1"]["2017.11.22 12:14:03.477"]["TRUE"]
2017.11.24 15:28:34.756["Camera_00001"]["cmd=clearalarm;streamIndex=1"]
2017.11.24 15:28:34.756["K1"]["2017.11.22 12:14:23.357"]["FALSE"]
2017.11.24 15:28:34.756["Camera_00001"]["cmd=triggeralarm;streamIndex=1"]
2017.11.24 16:06:48.201["K1"]["2017.11.24 16:06:48.200"]["TRUE"]
2017.11.24 16:06:48.201["Camera_00001"]["cmd=clearalarm;streamIndex=1"]
2017.11.24 16:07:24.796["K1"]["2017.11.24 16:07:24.795"]["FALSE"]
2017.11.24 16:07:24.796["Camera_00001"]["cmd=triggeralarm;streamIndex=1"]
2017.11.24 16:07:24.801["K1"]["2017.11.24 16:07:24.798"]["TRUE"]
2017.11.24 16:07:24.802["Camera_00001"]["cmd=clearalarm;streamIndex=1"]
2017.11.24 16:07:24.802["K1"]["2017.11.24 16:07:24.795"]["FALSE"]
2017.11.24 16:07:24.803["Camera_00001"]["cmd=triggeralarm;streamIndex=1"]
2017.11.24 16:07:24.803["K1"]["2017.11.24 16:06:48.200"]["TRUE"]
2017.11.24 16:07:24.806["Camera_00001"]["cmd=clearalarm;streamIndex=1"]
2017.11.24 16:09:04.677["K1"]["2017.11.24 16:09:04.675"]["FALSE"]
2017.11.24 16:09:04.679["Camera_00001"]["cmd=triggeralarm;streamIndex=1"]
2017.11.24 16:09:09.695["K1"]["2017.11.24 16:09:09.694"]["TRUE"]
2017.11.24 16:09:09.695["Camera_00001"]["cmd=clearalarm;streamIndex=1"]
2017.11.24 16:09:23.382["K1"]["2017.11.24 16:09:23.381"]["FALSE"]
2017.11.24 16:09:23.382["Camera_00001"]["cmd=triggeralarm;streamIndex=1"]
2017.11.24 16:10:50.895["K1"]["2017.11.24 16:10:50.894"]["TRUE"]
2017.11.24 16:10:50.896["Camera_00001"]["cmd=getstreamtimeline"]
2017.11.24 16:11:01.794["K1"]["2017.11.24 16:11:01.793"]["FALSE"]
2017.11.24 16:11:01.794["Camera_00001"]["cmd=triggeralarm;streamIndex=1"]
2017.11.27 09:46:39.580["K1"]["2017.11.27 09:46:39.577"]["TRUE"]
2017.11.27 09:46:39.583["Camera_00001"]["cmd=getstreamtimeline"]
2017.11.27 09:48:13.146["K1"]["2017.11.27 09:48:13.144"]["FALSE"]
2017.11.27 09:48:13.147["Camera_00001"]["cmd=triggeralarm;streamIndex=1"]
2017.11.27 09:48:18.666["K1"]["2017.11.27 09:48:18.664"]["TRUE"]
2017.11.27 09:48:18.667["Camera_00001"]["cmd=clearalarm;streamIndex=1"]
2017.11.27 09:48:49.092["K1"]["2017.11.27 09:48:49.091"]["FALSE"]
2017.11.27 09:48:49.092["Camera_00001"]["cmd=triggeralarm;streamIndex=1"]
2017.11.27 09:48:49.605["K1"]["2017.11.27 09:48:49.605"]["TRUE"]
2017.11.27 09:48:49.606["Camera_00001"]["cmd=clearalarm;streamIndex=1"]
2017.11.27 09:50:27.389["K1"]["2017.11.27 09:50:27.388"]["FALSE"]
2017.11.27 09:50:27.389["Camera_00001"]["cmd=triggeralarm;streamIndex=1"]
2017.11.27 09:50:32.013["K1"]["2017.11.27 09:50:32.011"]["TRUE"]
2017.11.27 09:50:32.014["Camera_00001"]["cmd=clearalarm;streamIndex=1"]
2017.11.27 09:51:32.569["K1"]["2017.11.27 09:51:32.567"]["FALSE"]
2017.11.27 09:51:32.570["Camera_00001"]["cmd=triggeralarm;streamIndex=1"]
2017.11.27 09:51:34.571["K1"]["2017.11.27 09:51:34.571"]["TRUE"]
2017.11.27 09:51:34.572["Camera_00001"]["cmd=clearalarm;streamIndex=1"]
2017.11.27 09:53:11.577["K1"]["2017.11.27 09:53:11.575"]["FALSE"]
2017.11.27 09:53:11.578["Camera_00001"]["cmd=triggeralarm;streamIndex=1"]
2017.11.27 09:53:17.101["K1"]["2017.11.27 09:53:17.100"]["TRUE"]
2017.11.27 09:53:17.102["Camera_00001"]["cmd=clearalarm;streamIndex=1"]
2017.11.27 09:53:50.045["K1"]["2017.11.27 09:53:50.044"]["FALSE"]
2017.11.27 09:53:50.046["Camera_00001"]["cmd=triggeralarm;streamIndex=1"]
2017.11.27 09:53:52.573["K1"]["2017.11.27 09:53:52.570"]["TRUE"]
2017.11.27 09:53:52.574["Camera_00001"]["cmd=clearalarm;streamIndex=1"]
2017.11.27 09:54:55.739["K1"]["2017.11.27 09:54:55.738"]["FALSE"]
2017.11.27 09:54:55.739["Camera_00001"]["cmd=triggeralarm;streamIndex=1"]
2017.11.27 09:54:58.882["K1"]["2017.11.27 09:53:52.570"]["TRUE"]
2017.11.27 09:54:58.882["Camera_00001"]["cmd=clearalarm;streamIndex=1"]
2017.11.27 09:54:58.882["K1"]["2017.11.27 09:54:55.738"]["FALSE"]
2017.11.27 09:54:58.883["Camera_00001"]["cmd=triggeralarm;streamIndex=1"]
2017.11.27 10:56:15.552["K1"]["2017.11.27 10:56:15.551"]["TRUE"]
2017.11.27 10:56:15.553["Camera_00001"]["cmd=clearalarm;streamIndex=1"]
2017.11.27 10:57:49.148["K1"]["2017.11.27 10:57:49.148"]["FALSE"]
2017.11.27 10:57:49.149["Camera_00001"]["cmd=triggeralarm;streamIndex=1"]
2017.11.27 10:57:55.271["K1"]["2017.11.27 10:57:55.270"]["TRUE"]
2017.11.27 10:57:55.272["Camera_00001"]["cmd=clearalarm;streamIndex=1"]
2017.11.27 10:58:25.617["K1"]["2017.11.27 10:58:25.616"]["FALSE"]
2017.11.27 10:58:25.617["Camera_00001"]["cmd=triggeralarm;streamIndex=1"]
2017.11.27 10:58:26.125["K1"]["2017.11.27 10:58:26.124"]["TRUE"]
2017.11.27 10:58:26.127["Camera_00001"]["cmd=clearalarm;streamIndex=1"]
2017.11.27 11:00:04.613["K1"]["2017.11.27 11:00:04.612"]["FALSE"]
2017.11.27 11:00:04.613["Camera_00001"]["cmd=triggeralarm;streamIndex=1"]
2017.11.27 11:00:07.638["K1"]["2017.11.27 11:00:07.638"]["TRUE"]
2017.11.27 11:00:07.639["Camera_00001"]["cmd=clearalarm;streamIndex=1"]
2017.11.27 11:01:41.597["K1"]["2017.11.27 11:01:41.596"]["FALSE"]
2017.11.27 11:01:41.597["Camera_00001"]["cmd=triggeralarm;streamIndex=1"]
2017.11.27 11:01:42.601["K1"]["2017.11.27 11:01:42.599"]["TRUE"]
2017.11.27 11:01:42.602["Camera_00001"]["cmd=clearalarm;streamIndex=1"]
2017.11.27 11:03:17.474["K1"]["2017.11.27 11:03:17.473"]["FALSE"]
2017.11.27 11:03:17.474["Camera_00001"]["cmd=triggeralarm;streamIndex=1"]
2017.11.27 11:03:24.097["K1"]["2017.11.27 11:03:24.097"]["TRUE"]
2017.11.27 11:03:24.098["Camera_00001"]["cmd=clearalarm;streamIndex=1"]
2017.11.27 11:04:04.862["K1"]["2017.11.27 11:04:04.861"]["FALSE"]
2017.11.27 11:04:04.863["Camera_00001"]["cmd=triggeralarm;streamIndex=1"]
2017.11.27 11:04:11.997["K1"]["2017.11.27 11:04:11.995"]["TRUE"]
2017.11.27 11:04:11.999["Camera_00001"]["cmd=clearalarm;streamIndex=1"]
2017.11.27 11:04:41.815["K1"]["2017.11.27 11:04:41.814"]["FALSE"]
2017.11.27 11:04:41.816["Camera_00001"]["cmd=triggeralarm;streamIndex=1"]
2017.11.27 11:04:43.323["K1"]["2017.11.27 11:04:43.321"]["TRUE"]
2017.11.27 11:04:43.324["Camera_00001"]["cmd=clearalarm;streamIndex=1"]
2017.11.27 11:05:26.407["K1"]["2017.11.27 11:05:26.406"]["FALSE"]
2017.11.27 11:05:26.407["Camera_00001"]["cmd=triggeralarm;streamIndex=1"]
2017.11.27 11:09:20.860["K1"]["2017.11.27 11:09:20.858"]["TRUE"]
2017.11.27 11:09:20.861["Camera_00001"]["cmd=clearalarm;streamIndex=1"]
2017.11.27 11:09:20.861["K1"]["2017.11.27 11:05:26.406"]["FALSE"]
2017.11.27 11:09:20.863["Camera_00001"]["cmd=triggeralarm;streamIndex=1"]
2017.11.27 11:09:20.867["K1"]["2017.11.27 11:04:43.321"]["TRUE"]
2017.11.27 11:09:20.871["Camera_00001"]["cmd=clearalarm;streamIndex=1"]
2017.11.27 11:11:36.488["K1"]["2017.11.27 11:11:36.487"]["FALSE"]
2017.11.27 11:11:36.489["Camera_00001"]["cmd=triggeralarm;streamIndex=1"]
2017.11.27 11:11:40.610["K1"]["2017.11.27 11:11:40.608"]["TRUE"]
2017.11.27 11:11:40.614["Camera_00001"]["cmd=clearalarm;streamIndex=1"]
2017.11.27 11:11:40.614["K1"]["2017.11.27 11:11:36.487"]["FALSE"]
2017.11.27 11:11:40.620["Camera_00001"]["cmd=triggeralarm;streamIndex=1"]
2017.11.27 11:11:40.624["K1"]["2017.11.27 11:09:20.858"]["TRUE"]
2017.11.27 11:11:40.625["Camera_00001"]["cmd=clearalarm;streamIndex=1"]
2017.11.27 11:12:17.242["K1"]["2017.11.27 11:12:17.242"]["FALSE"]
2017.11.27 11:12:17.243["Camera_00001"]["cmd=triggeralarm;streamIndex=1"]
2017.11.27 11:12:17.246["K1"]["2017.11.27 11:12:17.245"]["TRUE"]
2017.11.27 11:12:17.249["Camera_00001"]["cmd=clearalarm;streamIndex=1"]
2017.11.27 11:12:17.249["K1"]["2017.11.27 11:12:17.242"]["FALSE"]
2017.11.27 11:12:17.250["Camera_00001"]["cmd=triggeralarm;streamIndex=1"]
2017.11.27 11:12:17.250["K1"]["2017.11.27 11:11:40.608"]["TRUE"]
2017.11.27 11:12:17.252["Camera_00001"]["cmd=clearalarm;streamIndex=1"]
2017.11.27 11:14:03.756["K1"]["2017.11.27 11:14:03.756"]["FALSE"]
2017.11.27 11:14:03.757["Camera_00001"]["cmd=triggeralarm;streamIndex=1"]
2017.11.27 11:14:04.867["K1"]["2017.11.27 11:14:04.865"]["TRUE"]
2017.11.27 11:14:04.868["Camera_00001"]["cmd=clearalarm;streamIndex=1"]
2017.11.27 11:14:04.868["K1"]["2017.11.27 11:14:03.756"]["FALSE"]
2017.11.27 11:14:04.871["Camera_00001"]["cmd=triggeralarm;streamIndex=1"]
2017.11.27 11:14:04.874["K1"]["2017.11.27 11:12:17.245"]["TRUE"]
2017.11.27 11:14:04.879["Camera_00001"]["cmd=clearalarm;streamIndex=1"]
2017.11.27 11:15:37.340["K1"]["2017.11.27 11:15:37.338"]["FALSE"]
2017.11.27 11:15:37.341["Camera_00001"]["cmd=triggeralarm;streamIndex=1"]
2017.11.27 11:15:40.954["K1"]["2017.11.27 11:15:40.952"]["TRUE"]
2017.11.27 11:15:40.956["Camera_00001"]["cmd=clearalarm;streamIndex=1"]
2017.11.27 11:15:40.956["K1"]["2017.11.27 11:15:37.338"]["FALSE"]
2017.11.27 11:15:40.957["Camera_00001"]["cmd=triggeralarm;streamIndex=1"]
2017.11.27 11:15:40.964["K1"]["2017.11.27 11:14:04.865"]["TRUE"]
2017.11.27 11:15:40.965["Camera_00001"]["cmd=clearalarm;streamIndex=1"]
2017.11.27 11:17:18.328["K1"]["2017.11.27 11:17:18.326"]["FALSE"]
2017.11.27 11:17:18.329["Camera_00001"]["cmd=triggeralarm;streamIndex=1"]
2017.11.27 11:17:19.840["K1"]["2017.11.27 11:17:19.838"]["TRUE"]
2017.11.27 11:17:19.843["Camera_00001"]["cmd=clearalarm;streamIndex=1"]
2017.11.27 11:17:19.843["K1"]["2017.11.27 11:17:18.326"]["FALSE"]
2017.11.27 11:17:19.845["Camera_00001"]["cmd=triggeralarm;streamIndex=1"]
2017.11.27 11:17:19.853["K1"]["2017.11.27 11:15:40.952"]["TRUE"]
2017.11.27 11:17:19.855["Camera_00001"]["cmd=clearalarm;streamIndex=1"]
2017.11.27 11:18:53.910["K1"]["2017.11.27 11:18:53.908"]["FALSE"]
2017.11.27 11:18:53.911["Camera_00001"]["cmd=triggeralarm;streamIndex=1"]
2017.11.27 11:18:54.916["K1"]["2017.11.27 11:18:54.914"]["TRUE"]
2017.11.27 11:18:54.917["Camera_00001"]["cmd=clearalarm;streamIndex=1"]
2017.11.27 11:18:54.917["K1"]["2017.11.27 11:18:53.908"]["FALSE"]
2017.11.27 11:18:54.919["Camera_00001"]["cmd=triggeralarm;streamIndex=1"]
2017.11.27 11:18:54.924["K1"]["2017.11.27 11:17:19.838"]["TRUE"]
2017.11.27 11:18:54.927["Camera_00001"]["cmd=clearalarm;streamIndex=1"]
2017.11.27 11:19:31.153["K1"]["2017.11.27 11:19:31.152"]["FALSE"]
2017.11.27 11:19:31.154["Camera_00001"]["cmd=triggeralarm;streamIndex=1"]
2017.11.27 11:19:31.654["K1"]["2017.11.27 11:19:31.653"]["TRUE"]
2017.11.27 11:19:31.655["Camera_00001"]["cmd=clearalarm;streamIndex=1"]
2017.11.27 11:19:31.655["K1"]["2017.11.27 11:19:31.152"]["FALSE"]
2017.11.27 11:19:31.655["Camera_00001"]["cmd=triggeralarm;streamIndex=1"]
2017.11.27 11:19:31.658["K1"]["2017.11.27 11:18:54.914"]["TRUE"]
2017.11.27 11:19:31.659["Camera_00001"]["cmd=clearalarm;streamIndex=1"]
2017.11.27 11:21:11.170["K1"]["2017.11.27 11:21:11.169"]["FALSE"]
2017.11.27 11:21:11.170["Camera_00001"]["cmd=triggeralarm;streamIndex=1"]
2017.11.27 11:21:15.891["K1"]["2017.11.27 11:21:15.890"]["TRUE"]
2017.11.27 11:21:15.891["Camera_00001"]["cmd=clearalarm;streamIndex=1"]
2017.11.27 11:22:54.279["K1"]["2017.11.27 11:22:54.278"]["FALSE"]
2017.11.27 11:22:54.280["Camera_00001"]["cmd=triggeralarm;streamIndex=1"]
2017.11.27 11:23:01.012["K1"]["2017.11.27 11:23:01.011"]["TRUE"]
2017.11.27 11:23:01.014["Camera_00001"]["cmd=clearalarm;streamIndex=1"]
2017.11.27 11:23:12.860["K1"]["2017.11.27 11:23:12.858"]["FALSE"]
2017.11.27 11:23:12.861["Camera_00001"]["cmd=triggeralarm;streamIndex=1"]
2017.11.27 12:03:11.278["K1"]["2017.11.27 11:23:01.011"]["TRUE"]
2017.11.27 12:03:11.280["Camera_00001"]["cmd=clearalarm;streamIndex=1"]
2017.11.27 12:03:11.280["K1"]["2017.11.27 11:23:12.858"]["FALSE"]
2017.11.27 12:03:11.282["Camera_00001"]["cmd=triggeralarm;streamIndex=1"]
2017.11.27 12:08:22.925["K1"]["2017.11.27 12:08:22.922"]["TRUE"]
2017.11.27 12:08:22.928["Camera_00001"]["cmd=clearalarm;streamIndex=1"]
2017.11.27 12:08:22.928["K1"]["2017.11.27 11:23:12.858"]["FALSE"]
2017.11.27 12:08:22.932["Camera_00001"]["cmd=triggeralarm;streamIndex=1"]
2017.11.27 12:08:22.937["K1"]["2017.11.27 11:23:01.011"]["TRUE"]
2017.11.27 12:08:22.938["Camera_00001"]["cmd=clearalarm;streamIndex=1"]
2017.11.27 12:09:56.279["K1"]["2017.11.27 12:09:56.278"]["FALSE"]
2017.11.27 12:09:56.280["Camera_00001"]["cmd=triggeralarm;streamIndex=1"]
2017.11.27 12:10:02.305["K1"]["2017.11.27 12:10:02.304"]["TRUE"]
2017.11.27 12:10:02.306["Camera_00001"]["cmd=clearalarm;streamIndex=1"]
2017.11.27 12:10:32.723["K1"]["2017.11.27 12:10:32.722"]["FALSE"]
2017.11.27 12:10:32.725["Camera_00001"]["cmd=triggeralarm;streamIndex=1"]
2017.11.27 12:10:33.222["K1"]["2017.11.27 12:10:33.221"]["TRUE"]
2017.11.27 12:10:33.223["Camera_00001"]["cmd=clearalarm;streamIndex=1"]
2017.11.27 12:12:12.415["K1"]["2017.11.27 12:12:12.414"]["FALSE"]
2017.11.27 12:12:12.416["Camera_00001"]["cmd=triggeralarm;streamIndex=1"]
2017.11.27 12:12:16.432["K1"]["2017.11.27 12:12:16.431"]["TRUE"]
2017.11.27 12:12:16.433["Camera_00001"]["cmd=clearalarm;streamIndex=1"]
2017.11.27 12:14:32.017["K1"]["2017.11.27 12:14:32.016"]["FALSE"]
2017.11.27 12:14:32.017["Camera_00001"]["cmd=triggeralarm;streamIndex=1"]
2017.11.27 12:14:34.627["K1"]["2017.11.27 12:14:34.626"]["TRUE"]
2017.11.27 12:14:34.628["Camera_00001"]["cmd=clearalarm;streamIndex=1"]
2017.11.27 12:34:24.504["K1"]["2017.11.27 12:34:24.503"]["FALSE"]
2017.11.27 12:34:24.505["Camera_00001"]["cmd=triggeralarm;streamIndex=1"]
