processing file C:\BSTelecom\BS_Husky\3.15\dplist\update_006.dpl

deleted elements:
_SNMPV3Entity.AliasName
_SNMPV3Entity.Vendor
_SNMPV3Entity.Model
_SNMPV3Entity.Location
DpType (47): Modify msg for type _SNMPV3Entity sent.

deleted elements:
_SNMPAgent.Redundancy
_SNMPAgent.Redundancy.ReduAgent
_SNMPAgent.Redundancy.FallBack
_SNMPAgent.Redundancy.DataFromRedu
DpType (79): Modify msg for type _SNMPAgent sent.
DpValue (83): Values for _dt_SSC_KPI_Instance.Leaf sent.
Datapoint/DpId (86): Values for _dt_SSC_KPI_Instance.DynamicAttribute sent.
Datapoint/DpId (87): create _Conn_redu_2_1_to_redu_2_2.
Datapoint/DpId (88): create _Conn_redu_2_2_to_redu_2_1.
Waiting for last response from eventmanager...
Scanning of file C:\BSTelecom\BS_Husky\3.15\dplist\update_006.dpl is finished (0)
End of Program
