processing file C:\BS_Husky_Proj\Brancici\dplist\vrata_prolaza_22_11_2016.dpl
DpType (29): Create msg for type vrata_prolaza sent.
Datapoint/DpId (32): create EP1-D.
Datapoint/DpId (33): create EP2-D.
Datapoint/DpId (34): create EP3-D.
Datapoint/DpId (35): create EP1-L.
Datapoint/DpId (36): create EP2-L.
Datapoint/DpId (37): create EP3-L.
Datapoint/DpId (38): Datapoint (SysBrancici:K11L) with ID 5267 already exists, new ID will be generated
Datapoint/DpId (38): create _mp_vrata_prolaza.
DpValue (43): Values for EP1-D.cmd.ukljuci_bljeskalicu sent.
DpValue (44): Values for EP1-D.state.alarm_sa_centrale sent.
DpValue (45): Values for EP1-D.state.vrijednost_sa_centrale sent.
DpValue (46): Values for EP1-D.state.Fault sent.
DpValue (47): Values for EP1-D.state.SwitchOff sent.
DpValue (48): Values for EP1-D.state.greska_sa_centrale sent.
DpValue (49): Values for EP1-D.kategorijaAlarma sent.
DpValue (50): Values for EP1-D.zona sent.
DpValue (51): Values for EP2-D.cmd.ukljuci_bljeskalicu sent.
DpValue (52): Values for EP2-D.state.alarm_sa_centrale sent.
DpValue (53): Values for EP2-D.state.vrijednost_sa_centrale sent.
DpValue (54): Values for EP2-D.state.Fault sent.
DpValue (55): Values for EP2-D.state.SwitchOff sent.
DpValue (56): Values for EP2-D.state.greska_sa_centrale sent.
DpValue (57): Values for EP2-D.state.velika_vrata_otvorena sent.
DpValue (58): Values for EP2-D.cmd.otvori_velika_vrata sent.
DpValue (59): Values for EP2-D.cmd.zatvori_velika_vrata sent.
DpValue (60): Values for EP2-D.state.vrata_u_otvaranju sent.
DpValue (61): Values for EP2-D.state.vrata_u_zatvaranju sent.
DpValue (62): Values for EP2-D.state.vrata_otvorena sent.
DpValue (63): Values for EP2-D.alarm.greska_otvaranja sent.
DpValue (64): Values for EP2-D.alarm.greska_zatvaranja sent.
DpValue (65): Values for EP2-D.state.prelazno_stanje sent.
DpValue (66): Values for EP2-D.state.vrata_zatvorena sent.
DpValue (67): Values for EP2-D.state.pokrenuto_otvaranje sent.
DpValue (68): Values for EP2-D.state.pokrenuto_zatvaranje sent.
DpValue (69): Values for EP2-D.zona sent.
DpValue (70): Values for EP3-D.cmd.ukljuci_bljeskalicu sent.
DpValue (71): Values for EP3-D.state.alarm_sa_centrale sent.
DpValue (72): Values for EP3-D.state.vrijednost_sa_centrale sent.
DpValue (73): Values for EP3-D.state.Fault sent.
DpValue (74): Values for EP3-D.state.SwitchOff sent.
DpValue (75): Values for EP3-D.state.greska_sa_centrale sent.
DpValue (76): Values for EP3-D.kategorijaAlarma sent.
DpValue (77): Values for EP3-D.zona sent.
DpValue (78): Values for EP1-L.cmd.ukljuci_bljeskalicu sent.
DpValue (79): Values for EP1-L.state.alarm_sa_centrale sent.
DpValue (80): Values for EP1-L.state.vrijednost_sa_centrale sent.
DpValue (81): Values for EP1-L.state.Fault sent.
DpValue (82): Values for EP1-L.state.SwitchOff sent.
DpValue (83): Values for EP1-L.state.greska_sa_centrale sent.
DpValue (84): Values for EP1-L.zona sent.
DpValue (85): Values for EP2-L.cmd.ukljuci_bljeskalicu sent.
DpValue (86): Values for EP2-L.state.alarm_sa_centrale sent.
DpValue (87): Values for EP2-L.state.vrijednost_sa_centrale sent.
DpValue (88): Values for EP2-L.state.Fault sent.
DpValue (89): Values for EP2-L.state.SwitchOff sent.
DpValue (90): Values for EP2-L.state.greska_sa_centrale sent.
DpValue (91): Values for EP2-L.state.velika_vrata_otvorena sent.
DpValue (92): Values for EP2-L.cmd.otvori_velika_vrata sent.
DpValue (93): Values for EP2-L.cmd.zatvori_velika_vrata sent.
DpValue (94): Values for EP2-L.state.vrata_u_otvaranju sent.
DpValue (95): Values for EP2-L.state.vrata_u_zatvaranju sent.
DpValue (96): Values for EP2-L.state.vrata_otvorena sent.
DpValue (97): Values for EP2-L.alarm.greska_otvaranja sent.
DpValue (98): Values for EP2-L.alarm.greska_zatvaranja sent.
DpValue (99): Values for EP2-L.state.prelazno_stanje sent.
DpValue (100): Values for EP2-L.state.vrata_zatvorena sent.
DpValue (101): Values for EP2-L.state.pokrenuto_otvaranje sent.
DpValue (102): Values for EP2-L.state.pokrenuto_zatvaranje sent.
DpValue (103): Values for EP2-L.kategorijaAlarma sent.
DpValue (104): Values for EP2-L.zona sent.
DpValue (105): Values for EP3-L.cmd.ukljuci_bljeskalicu sent.
DpValue (106): Values for EP3-L.state.alarm_sa_centrale sent.
DpValue (107): Values for EP3-L.state.vrijednost_sa_centrale sent.
DpValue (108): Values for EP3-L.state.Fault sent.
DpValue (109): Values for EP3-L.state.SwitchOff sent.
DpValue (110): Values for EP3-L.state.greska_sa_centrale sent.
DpValue (111): Values for EP3-L.kategorijaAlarma sent.
AlertValue (114): Values for EP3-L.zona sent.
AlertValue (116): Values for EP1-D.state.alarm_sa_centrale sent.
AlertValue (117): Values for EP1-D.state.alarm_sa_centrale sent.
AlertValue (118): Values for EP2-D.state.alarm_sa_centrale sent.
AlertValue (119): Values for EP2-D.state.alarm_sa_centrale sent.
AlertValue (120): Values for EP3-D.state.alarm_sa_centrale sent.
AlertValue (121): Values for EP3-D.state.alarm_sa_centrale sent.
AlertValue (122): Values for EP1-L.state.alarm_sa_centrale sent.
AlertValue (123): Values for EP1-L.state.alarm_sa_centrale sent.
AlertValue (124): Values for EP2-L.state.alarm_sa_centrale sent.
AlertValue (125): Values for EP3-L.state.alarm_sa_centrale sent.
AlertValue (126): Values for _mp_vrata_prolaza.state.alarm_sa_centrale sent.
AlertValue (127): Values for _mp_vrata_prolaza.state.alarm_sa_centrale sent.
DistributionInfo (130): Values for _mp_vrata_prolaza.state.alarm_sa_centrale sent.
DistributionInfo (132): Values for EP1-D.state.vrijednost_sa_centrale sent.
DistributionInfo (133): Values for EP1-D.state.greska_sa_centrale sent.
DistributionInfo (134): Values for EP2-D.state.vrijednost_sa_centrale sent.
DistributionInfo (135): Values for EP2-D.state.greska_sa_centrale sent.
DistributionInfo (136): Values for EP3-D.state.vrijednost_sa_centrale sent.
DistributionInfo (137): Values for EP3-D.state.greska_sa_centrale sent.
DistributionInfo (138): Values for EP1-L.state.vrijednost_sa_centrale sent.
DistributionInfo (139): Values for EP1-L.state.greska_sa_centrale sent.
DistributionInfo (140): Values for EP2-L.state.vrijednost_sa_centrale sent.
DistributionInfo (141): Values for EP2-L.state.greska_sa_centrale sent.
DistributionInfo (142): Values for EP3-L.state.vrijednost_sa_centrale sent.
DpFunction (145): Values for EP3-L.state.greska_sa_centrale sent.
DpIdentifier EP1-D2.cmd.ukljuci_bljeskalicu:_original.._value for attribute EP1-D.cmd.ukljuci_bljeskalicu:_dp_fct.._param does not exist!
DpFunction (147): Values for EP1-D.cmd.ukljuci_bljeskalicu sent.
DpFunction (148): Values for EP1-D.state.alarm_sa_centrale sent.
DpFunction (149): Values for EP1-D.state.Fault sent.
DpFunction (150): Values for EP1-D.state.SwitchOff sent.
DpIdentifier EP1-D4.cmd.ukljuci_bljeskalicu:_original.._value for attribute EP2-D.cmd.ukljuci_bljeskalicu:_dp_fct.._param does not exist!
DpFunction (151): Values for EP2-D.cmd.ukljuci_bljeskalicu sent.
DpFunction (152): Values for EP2-D.state.alarm_sa_centrale sent.
DpFunction (153): Values for EP2-D.state.Fault sent.
DpFunction (154): Values for EP2-D.state.SwitchOff sent.
DpIdentifier OA-SOS-D4.A10.state.bit.b7:_original.._value for attribute EP2-D.state.velika_vrata_otvorena:_dp_fct.._param does not exist!
DpFunction (155): Values for EP2-D.state.velika_vrata_otvorena sent.
DpFunction (156): Values for EP2-D.state.vrata_u_otvaranju sent.
DpFunction (157): Values for EP2-D.state.vrata_u_zatvaranju sent.
DpFunction (158): Values for EP2-D.state.vrata_otvorena sent.
DpFunction (159): Values for EP2-D.state.prelazno_stanje sent.
DpFunction (160): Values for EP2-D.state.vrata_zatvorena sent.
DpFunction (161): Values for EP2-D.state.pokrenuto_otvaranje sent.
DpFunction (162): Values for EP2-D.state.pokrenuto_zatvaranje sent.
DpIdentifier EP1-D6.cmd.ukljuci_bljeskalicu:_original.._value for attribute EP3-D.cmd.ukljuci_bljeskalicu:_dp_fct.._param does not exist!
DpFunction (163): Values for EP3-D.cmd.ukljuci_bljeskalicu sent.
DpFunction (164): Values for EP3-D.state.alarm_sa_centrale sent.
DpFunction (165): Values for EP3-D.state.Fault sent.
DpFunction (166): Values for EP3-D.state.SwitchOff sent.
DpIdentifier EP1-D2.cmd.ukljuci_bljeskalicu:_original.._value for attribute EP1-L.cmd.ukljuci_bljeskalicu:_dp_fct.._param does not exist!
DpFunction (167): Values for EP1-L.cmd.ukljuci_bljeskalicu sent.
DpFunction (168): Values for EP1-L.state.alarm_sa_centrale sent.
DpFunction (169): Values for EP1-L.state.Fault sent.
DpFunction (170): Values for EP1-L.state.SwitchOff sent.
DpIdentifier EP1-L4.cmd.ukljuci_bljeskalicu:_original.._value for attribute EP2-L.cmd.ukljuci_bljeskalicu:_dp_fct.._param does not exist!
DpFunction (171): Values for EP2-L.cmd.ukljuci_bljeskalicu sent.
DpFunction (172): Values for EP2-L.state.alarm_sa_centrale sent.
DpFunction (173): Values for EP2-L.state.Fault sent.
DpFunction (174): Values for EP2-L.state.SwitchOff sent.
DpIdentifier OA-SOS-L4.A10.state.bit.b7:_original.._value for attribute EP2-L.state.velika_vrata_otvorena:_dp_fct.._param does not exist!
DpFunction (175): Values for EP2-L.state.velika_vrata_otvorena sent.
DpFunction (176): Values for EP2-L.state.vrata_u_otvaranju sent.
DpFunction (177): Values for EP2-L.state.vrata_otvorena sent.
DpFunction (178): Values for EP2-L.state.prelazno_stanje sent.
DpFunction (179): Values for EP2-L.state.vrata_zatvorena sent.
DpIdentifier EP1-L6.cmd.ukljuci_bljeskalicu:_original.._value for attribute EP3-L.cmd.ukljuci_bljeskalicu:_dp_fct.._param does not exist!
DpFunction (180): Values for EP3-L.cmd.ukljuci_bljeskalicu sent.
DpFunction (181): Values for EP3-L.state.alarm_sa_centrale sent.
DpFunction (182): Values for EP3-L.state.Fault sent.
PeriphAddrMain (185): Values for EP3-L.state.SwitchOff sent.
DpIdentifier _vatrodojava for attribute EP1-D.state.vrijednost_sa_centrale:_address.._poll_group does not exist!
PeriphAddrMain (187): Values for EP1-D.state.vrijednost_sa_centrale sent.
Error in answer from Event Manager, corresponding ascii file entry before or in line 187, DP: SysBrancici:EP1-D.state.vrijednost_sa_centrale:_address.._type
DpIdentifier _vatrodojava for attribute EP1-D.state.greska_sa_centrale:_address.._poll_group does not exist!
PeriphAddrMain (188): Values for EP1-D.state.greska_sa_centrale sent.
Error in answer from Event Manager, corresponding ascii file entry before or in line 188, DP: SysBrancici:EP1-D.state.greska_sa_centrale:_address.._type
DpIdentifier _vatrodojava for attribute EP2-D.state.vrijednost_sa_centrale:_address.._poll_group does not exist!
PeriphAddrMain (189): Values for EP2-D.state.vrijednost_sa_centrale sent.
Error in answer from Event Manager, corresponding ascii file entry before or in line 189, DP: SysBrancici:EP2-D.state.vrijednost_sa_centrale:_address.._type
DpIdentifier _vatrodojava for attribute EP2-D.state.greska_sa_centrale:_address.._poll_group does not exist!
PeriphAddrMain (190): Values for EP2-D.state.greska_sa_centrale sent.
Error in answer from Event Manager, corresponding ascii file entry before or in line 190, DP: SysBrancici:EP2-D.state.greska_sa_centrale:_address.._type
DpIdentifier _vatrodojava for attribute EP3-D.state.vrijednost_sa_centrale:_address.._poll_group does not exist!
PeriphAddrMain (191): Values for EP3-D.state.vrijednost_sa_centrale sent.
Error in answer from Event Manager, corresponding ascii file entry before or in line 191, DP: SysBrancici:EP3-D.state.vrijednost_sa_centrale:_address.._type
DpIdentifier _vatrodojava for attribute EP3-D.state.greska_sa_centrale:_address.._poll_group does not exist!
PeriphAddrMain (192): Values for EP3-D.state.greska_sa_centrale sent.
Error in answer from Event Manager, corresponding ascii file entry before or in line 192, DP: SysBrancici:EP3-D.state.greska_sa_centrale:_address.._type
DpIdentifier _vatrodojava for attribute EP1-L.state.vrijednost_sa_centrale:_address.._poll_group does not exist!
PeriphAddrMain (193): Values for EP1-L.state.vrijednost_sa_centrale sent.
Error in answer from Event Manager, corresponding ascii file entry before or in line 193, DP: SysBrancici:EP1-L.state.vrijednost_sa_centrale:_address.._type
DpIdentifier _vatrodojava for attribute EP1-L.state.greska_sa_centrale:_address.._poll_group does not exist!
PeriphAddrMain (194): Values for EP1-L.state.greska_sa_centrale sent.
Error in answer from Event Manager, corresponding ascii file entry before or in line 194, DP: SysBrancici:EP1-L.state.greska_sa_centrale:_address.._type
DpIdentifier _vatrodojava for attribute EP2-L.state.vrijednost_sa_centrale:_address.._poll_group does not exist!
PeriphAddrMain (195): Values for EP2-L.state.vrijednost_sa_centrale sent.
Error in answer from Event Manager, corresponding ascii file entry before or in line 195, DP: SysBrancici:EP2-L.state.vrijednost_sa_centrale:_address.._type
DpIdentifier _vatrodojava for attribute EP2-L.state.greska_sa_centrale:_address.._poll_group does not exist!
PeriphAddrMain (196): Values for EP2-L.state.greska_sa_centrale sent.
Error in answer from Event Manager, corresponding ascii file entry before or in line 196, DP: SysBrancici:EP2-L.state.greska_sa_centrale:_address.._type
DpIdentifier _vatrodojava for attribute EP3-L.state.vrijednost_sa_centrale:_address.._poll_group does not exist!
PeriphAddrMain (197): Values for EP3-L.state.vrijednost_sa_centrale sent.
Error in answer from Event Manager, corresponding ascii file entry before or in line 197, DP: SysBrancici:EP3-L.state.vrijednost_sa_centrale:_address.._type
DpIdentifier _vatrodojava for attribute EP3-L.state.greska_sa_centrale:_address.._poll_group does not exist!
DbArchiveInfo (200): Values for EP3-L.state.greska_sa_centrale sent.
Error in answer from Event Manager, corresponding ascii file entry before or in line 200, DP: SysBrancici:EP3-L.state.greska_sa_centrale:_address.._type
DbArchiveInfo (202): Values for EP1-D.cmd.otvori_velika_vrata sent.
DbArchiveInfo (204): Values for EP2-D.cmd.otvori_velika_vrata sent.
DbArchiveInfo (206): Values for EP2-D.cmd.zatvori_velika_vrata sent.
DbArchiveInfo (208): Values for EP2-L.cmd.otvori_velika_vrata sent.
Datapoint/DpId (213): Values for EP2-L.cmd.zatvori_velika_vrata sent.
Datapoint/DpId (214): create _ds_vrata_prolaza.
Datapoint/DpId (215): Datapoint (SysBrancici:K12L) with ID 5268 already exists, new ID will be generated
Datapoint/DpId (215): create _dt_vrata_prolaza.
DpValue (220): Values for _ds_vrata_prolaza.symbols sent.
DpValue (221): Values for _ds_vrata_prolaza.symboldefault sent.
DpValue (222): Values for _ds_vrata_prolaza.trendElements sent.
DpValue (223): Values for _dt_vrata_prolaza.Leaf sent.
DpValue (224): Values for _dt_vrata_prolaza.DynamicAttribute sent.
Waiting for last response from eventmanager...
Scanning of file C:\BS_Husky_Proj\Brancici\dplist\vrata_prolaza_22_11_2016.dpl is finished (-50)
End of Program
