WCCOAascii   (0), 2018.06.18 16:07:52.472, SYS,  INFO,        1, Manager Start, PROJ, Brancici, V 3.16 - 3.16   platform Windows AMD64 linked at Apr 25 2018 22:31:33 (8e7a27f47d2)
WCCOAascii   (0), 2018.06.18 16:07:52.472, SYS,  INFO,        3, Trying to connect to (SYS: 0 Data -num 0 CONN: 1) @ BST216:4897
WCCOAascii   (0), 2018.06.18 16:07:52.477, SYS,  INFO,        4, Connected to (SYS: 0 Data -num 0 CONN: 1) @ BST216.bstelecom.ba (::1)
WCCOAascii   (1), 2018.06.18 16:07:52.489, SYS,  INFO,        6, Initialization by Data Manager finished
WCCOAascii   (1), 2018.06.18 16:07:52.489, SYS,  INFO,        3, Trying to connect to (SYS: 5 Event -num 0 CONN: 1) @ BST216:4998
WCCOAascii   (1), 2018.06.18 16:07:52.492, SYS,  INFO,        4, Connected to (SYS: 5 Event -num 0 CONN: 1) @ BST216.bstelecom.ba (::1)
WCCOAascii   (1), 2018.06.18 16:07:52.510, SYS,  INFO,      102, Waiting for user names/passwords
WCCOAascii   (1), 2018.06.18 16:07:52.511, SYS,  INFO,      103, User names/passwords initialized
WCCOAascii   (1), 2018.06.18 16:07:52.636, SYS,  SEVERE,     38, Message could not be sent, DP: SysBrancici:EP1-D.state.vrijednost_sa_centrale:_address.._type, MAN: (SYS: 5 Driver -num 14 CONN: 1(R)), Could not send message DP_MSG_COMPLEX_VC #22412
WCCOAascii   (1), 2018.06.18 16:07:52.639, SYS,  SEVERE,     38, Message could not be sent, DP: SysBrancici:EP1-D.state.greska_sa_centrale:_address.._type, MAN: (SYS: 5 Driver -num 14 CONN: 1(R)), Could not send message DP_MSG_COMPLEX_VC #22415
WCCOAascii   (1), 2018.06.18 16:07:52.640, SYS,  SEVERE,     38, Message could not be sent, DP: SysBrancici:EP2-D.state.vrijednost_sa_centrale:_address.._type, MAN: (SYS: 5 Driver -num 14 CONN: 1(R)), Could not send message DP_MSG_COMPLEX_VC #22418
WCCOAascii   (1), 2018.06.18 16:07:52.641, SYS,  SEVERE,     38, Message could not be sent, DP: SysBrancici:EP2-D.state.greska_sa_centrale:_address.._type, MAN: (SYS: 5 Driver -num 14 CONN: 1(R)), Could not send message DP_MSG_COMPLEX_VC #22421
WCCOAascii   (1), 2018.06.18 16:07:52.642, SYS,  SEVERE,     38, Message could not be sent, DP: SysBrancici:EP3-D.state.vrijednost_sa_centrale:_address.._type, MAN: (SYS: 5 Driver -num 14 CONN: 1(R)), Could not send message DP_MSG_COMPLEX_VC #22424
WCCOAascii   (1), 2018.06.18 16:07:52.643, SYS,  SEVERE,     38, Message could not be sent, DP: SysBrancici:EP3-D.state.greska_sa_centrale:_address.._type, MAN: (SYS: 5 Driver -num 14 CONN: 1(R)), Could not send message DP_MSG_COMPLEX_VC #22427
WCCOAascii   (1), 2018.06.18 16:07:52.644, SYS,  SEVERE,     38, Message could not be sent, DP: SysBrancici:EP1-L.state.vrijednost_sa_centrale:_address.._type, MAN: (SYS: 5 Driver -num 14 CONN: 1(R)), Could not send message DP_MSG_COMPLEX_VC #22430
WCCOAascii   (1), 2018.06.18 16:07:52.645, SYS,  SEVERE,     38, Message could not be sent, DP: SysBrancici:EP1-L.state.greska_sa_centrale:_address.._type, MAN: (SYS: 5 Driver -num 14 CONN: 1(R)), Could not send message DP_MSG_COMPLEX_VC #22433
WCCOAascii   (1), 2018.06.18 16:07:52.647, SYS,  SEVERE,     38, Message could not be sent, DP: SysBrancici:EP2-L.state.vrijednost_sa_centrale:_address.._type, MAN: (SYS: 5 Driver -num 14 CONN: 1(R)), Could not send message DP_MSG_COMPLEX_VC #22436
WCCOAascii   (1), 2018.06.18 16:07:52.648, SYS,  SEVERE,     38, Message could not be sent, DP: SysBrancici:EP2-L.state.greska_sa_centrale:_address.._type, MAN: (SYS: 5 Driver -num 14 CONN: 1(R)), Could not send message DP_MSG_COMPLEX_VC #22439
WCCOAascii   (1), 2018.06.18 16:07:52.649, SYS,  SEVERE,     38, Message could not be sent, DP: SysBrancici:EP3-L.state.vrijednost_sa_centrale:_address.._type, MAN: (SYS: 5 Driver -num 14 CONN: 1(R)), Could not send message DP_MSG_COMPLEX_VC #22442
WCCOAascii   (1), 2018.06.18 16:07:52.650, SYS,  SEVERE,     38, Message could not be sent, DP: SysBrancici:EP3-L.state.greska_sa_centrale:_address.._type, MAN: (SYS: 5 Driver -num 14 CONN: 1(R)), Could not send message DP_MSG_COMPLEX_VC #22445
WCCOAascii   (1), 2018.06.18 16:07:52.663, SYS,  INFO,        2, Manager Stop
doAsciiIn returned error code: -50
