WCCILpmon    (1), 2018.04.17 14:45:08.237, PARAM,WARNING,   224, Security issue: Username or Password entry found in config file!
WCCILpmon    (1), 2018.04.17 14:45:08.250, SYS,  INFO,        1, Manager Start, START_MODE
WCCILpmon    (1), 2018.04.17 14:45:08.359, SYS,  INFO,        1, Manager Start, C:\BSTelecom\Automation\BS_Husky\3.15\bin\WCCILdata.exe -PROJ Sarani -pmonIndex 1 
WCCILdata    (0), 2018.04.17 14:45:08.400, PARAM,WARNING,   224, Security issue: Username or Password entry found in config file!
WCCILdata    (0), 2018.04.17 14:45:08.406, SYS,  INFO,        1, Manager Start, PROJ, Sarani, V 3.15 - 3.15   platform Windows AMD64 linked at Nov  7 2017 21:47:36
WCCILdata    (0), 2018.04.17 14:45:08.410, SYS,  INFO,        0, , (Re)Opening databases in single user mode without transaction logging.
WCCILpmon    (1), 2018.04.17 14:45:08.540, PARAM,WARNING,   224, Security issue: Username or Password entry found in config file!
WCCILdata    (0), 2018.04.17 14:45:08.955, SYS,  SEVERE,     69, Database error, DataManTask, dbError, RAIMA Database Error *** Code:-4 (PROGRAMMER/USER error: -4
can not open dictionary
C errno = 5: Input/output error
FILE: D:\workspaces\3.15\workspace\ExternLibs\rdm45\runtime\Inittab.c(87)), errno:5 (Input/output error) FATAL ERROR - Trying to exit
WCCILdata    (0), 2018.04.17 14:45:08.955, SYS,  SEVERE,     69, Database error, AlertHistDb, open, al1519603200\AlertHist
WCCILdata    (0), 2018.04.17 14:45:08.956, IMPL, SEVERE,     54, Unexpected state, DataManDpIntern, init, Datenbank konnte nicht geoeffnet werden!
WCCILdata    (0), 2018.04.17 14:45:08.957, SYS,  INFO,        0, , Loading DpIdentification
WCCILdata    (0), 2018.04.17 14:45:08.957, SYS,  SEVERE,     66, Error when connecting, DataManager, initialize
WCCOAtoolLogViewer(1), 2018.04.17 14:45:08.971, PARAM,WARNING,   224, Security issue: Username or Password entry found in config file!
WCCILdata    (0), 2018.04.17 14:45:10.959, SYS,  INFO,        2, Manager Stop
WCCILpmon    (1), 2018.04.17 14:45:10.969, SYS,  INFO,       11/pmon, Detected stopped manager WCCILdata(0) - restarting it #1
WCCILpmon    (1), 2018.04.17 14:45:10.973, SYS,  INFO,        1, Manager Start, C:\BSTelecom\Automation\BS_Husky\3.15\bin\WCCILdata.exe -PROJ Sarani -pmonIndex 1 
WCCILdata    (0), 2018.04.17 14:45:11.010, PARAM,WARNING,   224, Security issue: Username or Password entry found in config file!
WCCILdata    (0), 2018.04.17 14:45:11.016, SYS,  INFO,        1, Manager Start, PROJ, Sarani, V 3.15 - 3.15   platform Windows AMD64 linked at Nov  7 2017 21:47:36
WCCILdata    (0), 2018.04.17 14:45:11.020, SYS,  INFO,        0, , (Re)Opening databases in single user mode without transaction logging.
WCCILdata    (0), 2018.04.17 14:45:11.556, SYS,  SEVERE,     69, Database error, DataManTask, dbError, RAIMA Database Error *** Code:-4 (PROGRAMMER/USER error: -4
can not open dictionary
C errno = 5: Input/output error
FILE: D:\workspaces\3.15\workspace\ExternLibs\rdm45\runtime\Inittab.c(87)), errno:5 (Input/output error) FATAL ERROR - Trying to exit
WCCILdata    (0), 2018.04.17 14:45:11.556, SYS,  SEVERE,     69, Database error, AlertHistDb, open, al1519603200\AlertHist
WCCILdata    (0), 2018.04.17 14:45:11.557, IMPL, SEVERE,     54, Unexpected state, DataManDpIntern, init, Datenbank konnte nicht geoeffnet werden!
WCCILdata    (0), 2018.04.17 14:45:11.557, SYS,  INFO,        0, , Loading DpIdentification
WCCILdata    (0), 2018.04.17 14:45:11.558, SYS,  SEVERE,     66, Error when connecting, DataManager, initialize
WCCILdata    (0), 2018.04.17 14:45:13.560, SYS,  INFO,        2, Manager Stop
WCCILpmon    (1), 2018.04.17 14:45:13.622, SYS,  INFO,       11/pmon, Detected stopped manager WCCILdata(0) - restarting it #2
WCCILpmon    (1), 2018.04.17 14:45:13.632, SYS,  INFO,        1, Manager Start, C:\BSTelecom\Automation\BS_Husky\3.15\bin\WCCILdata.exe -PROJ Sarani -pmonIndex 1 
WCCILdata    (0), 2018.04.17 14:45:13.769, PARAM,WARNING,   224, Security issue: Username or Password entry found in config file!
WCCILdata    (0), 2018.04.17 14:45:13.775, SYS,  INFO,        1, Manager Start, PROJ, Sarani, V 3.15 - 3.15   platform Windows AMD64 linked at Nov  7 2017 21:47:36
WCCILdata    (0), 2018.04.17 14:45:13.778, SYS,  INFO,        0, , (Re)Opening databases in single user mode without transaction logging.
WCCILdata    (0), 2018.04.17 14:45:14.321, SYS,  SEVERE,     69, Database error, DataManTask, dbError, RAIMA Database Error *** Code:-4 (PROGRAMMER/USER error: -4
can not open dictionary
C errno = 5: Input/output error
FILE: D:\workspaces\3.15\workspace\ExternLibs\rdm45\runtime\Inittab.c(87)), errno:5 (Input/output error) FATAL ERROR - Trying to exit
WCCILdata    (0), 2018.04.17 14:45:14.321, SYS,  SEVERE,     69, Database error, AlertHistDb, open, al1519603200\AlertHist
WCCILdata    (0), 2018.04.17 14:45:14.322, IMPL, SEVERE,     54, Unexpected state, DataManDpIntern, init, Datenbank konnte nicht geoeffnet werden!
WCCILdata    (0), 2018.04.17 14:45:14.322, SYS,  INFO,        0, , Loading DpIdentification
WCCILdata    (0), 2018.04.17 14:45:14.323, SYS,  SEVERE,     66, Error when connecting, DataManager, initialize
WCCILdata    (0), 2018.04.17 14:45:16.325, SYS,  INFO,        2, Manager Stop
WCCILpmon    (1), 2018.04.17 14:45:16.377, SYS,  INFO,       11/pmon, Detected stopped manager WCCILdata(0) - restarting it #3
WCCILpmon    (1), 2018.04.17 14:45:16.382, SYS,  INFO,        1, Manager Start, C:\BSTelecom\Automation\BS_Husky\3.15\bin\WCCILdata.exe -PROJ Sarani -pmonIndex 1 
WCCILdata    (0), 2018.04.17 14:45:16.523, PARAM,WARNING,   224, Security issue: Username or Password entry found in config file!
WCCILdata    (0), 2018.04.17 14:45:16.529, SYS,  INFO,        1, Manager Start, PROJ, Sarani, V 3.15 - 3.15   platform Windows AMD64 linked at Nov  7 2017 21:47:36
WCCILdata    (0), 2018.04.17 14:45:16.533, SYS,  INFO,        0, , (Re)Opening databases in single user mode without transaction logging.
WCCILdata    (0), 2018.04.17 14:45:17.066, SYS,  SEVERE,     69, Database error, DataManTask, dbError, RAIMA Database Error *** Code:-4 (PROGRAMMER/USER error: -4
can not open dictionary
C errno = 5: Input/output error
FILE: D:\workspaces\3.15\workspace\ExternLibs\rdm45\runtime\Inittab.c(87)), errno:5 (Input/output error) FATAL ERROR - Trying to exit
WCCILdata    (0), 2018.04.17 14:45:17.066, SYS,  SEVERE,     69, Database error, AlertHistDb, open, al1519603200\AlertHist
WCCILdata    (0), 2018.04.17 14:45:17.067, IMPL, SEVERE,     54, Unexpected state, DataManDpIntern, init, Datenbank konnte nicht geoeffnet werden!
WCCILdata    (0), 2018.04.17 14:45:17.067, SYS,  INFO,        0, , Loading DpIdentification
WCCILdata    (0), 2018.04.17 14:45:17.068, SYS,  SEVERE,     66, Error when connecting, DataManager, initialize
WCCILdata    (0), 2018.04.17 14:45:19.070, SYS,  INFO,        2, Manager Stop
WCCILpmon    (1), 2018.04.17 14:45:19.072, SYS,  SEVERE,      7/pmon, The manager WCCILdata(0) did not start correctly! Stopping the startup sequence and waiting for commands
WCCILpmon    (1), 2018.04.17 14:45:28.063, SYS,  INFO,       20/pmon, Got START_ALL command from ::1, starting the project
WCCILpmon    (1), 2018.04.17 14:45:28.068, SYS,  INFO,        1, Manager Start, C:\BSTelecom\Automation\BS_Husky\3.15\bin\WCCILdata.exe -PROJ Sarani -pmonIndex 1 
WCCILdata    (0), 2018.04.17 14:45:28.202, PARAM,WARNING,   224, Security issue: Username or Password entry found in config file!
WCCILdata    (0), 2018.04.17 14:45:28.207, SYS,  INFO,        1, Manager Start, PROJ, Sarani, V 3.15 - 3.15   platform Windows AMD64 linked at Nov  7 2017 21:47:36
WCCILdata    (0), 2018.04.17 14:45:28.211, SYS,  INFO,        0, , (Re)Opening databases in single user mode without transaction logging.
WCCILdata    (0), 2018.04.17 14:45:28.750, SYS,  SEVERE,     69, Database error, DataManTask, dbError, RAIMA Database Error *** Code:-4 (PROGRAMMER/USER error: -4
can not open dictionary
C errno = 5: Input/output error
FILE: D:\workspaces\3.15\workspace\ExternLibs\rdm45\runtime\Inittab.c(87)), errno:5 (Input/output error) FATAL ERROR - Trying to exit
WCCILdata    (0), 2018.04.17 14:45:28.750, SYS,  SEVERE,     69, Database error, AlertHistDb, open, al1519603200\AlertHist
WCCILdata    (0), 2018.04.17 14:45:28.751, IMPL, SEVERE,     54, Unexpected state, DataManDpIntern, init, Datenbank konnte nicht geoeffnet werden!
WCCILdata    (0), 2018.04.17 14:45:28.751, SYS,  INFO,        0, , Loading DpIdentification
WCCILdata    (0), 2018.04.17 14:45:28.752, SYS,  SEVERE,     66, Error when connecting, DataManager, initialize
WCCILdata    (0), 2018.04.17 14:45:30.754, SYS,  INFO,        2, Manager Stop
WCCILpmon    (1), 2018.04.17 14:45:30.837, SYS,  INFO,       11/pmon, Detected stopped manager WCCILdata(0) - restarting it #1
WCCILpmon    (1), 2018.04.17 14:45:30.841, SYS,  INFO,        1, Manager Start, C:\BSTelecom\Automation\BS_Husky\3.15\bin\WCCILdata.exe -PROJ Sarani -pmonIndex 1 
WCCILdata    (0), 2018.04.17 14:45:30.878, PARAM,WARNING,   224, Security issue: Username or Password entry found in config file!
WCCILdata    (0), 2018.04.17 14:45:30.883, SYS,  INFO,        1, Manager Start, PROJ, Sarani, V 3.15 - 3.15   platform Windows AMD64 linked at Nov  7 2017 21:47:36
WCCILdata    (0), 2018.04.17 14:45:30.887, SYS,  INFO,        0, , (Re)Opening databases in single user mode without transaction logging.
WCCILdata    (0), 2018.04.17 14:45:31.424, SYS,  SEVERE,     69, Database error, DataManTask, dbError, RAIMA Database Error *** Code:-4 (PROGRAMMER/USER error: -4
can not open dictionary
C errno = 5: Input/output error
FILE: D:\workspaces\3.15\workspace\ExternLibs\rdm45\runtime\Inittab.c(87)), errno:5 (Input/output error) FATAL ERROR - Trying to exit
WCCILdata    (0), 2018.04.17 14:45:31.425, SYS,  SEVERE,     69, Database error, AlertHistDb, open, al1519603200\AlertHist
WCCILdata    (0), 2018.04.17 14:45:31.425, IMPL, SEVERE,     54, Unexpected state, DataManDpIntern, init, Datenbank konnte nicht geoeffnet werden!
WCCILdata    (0), 2018.04.17 14:45:31.426, SYS,  INFO,        0, , Loading DpIdentification
WCCILdata    (0), 2018.04.17 14:45:31.426, SYS,  SEVERE,     66, Error when connecting, DataManager, initialize
WCCILdata    (0), 2018.04.17 14:45:33.428, SYS,  INFO,        2, Manager Stop
WCCILpmon    (1), 2018.04.17 14:45:33.436, SYS,  INFO,       11/pmon, Detected stopped manager WCCILdata(0) - restarting it #2
WCCILpmon    (1), 2018.04.17 14:45:33.440, SYS,  INFO,        1, Manager Start, C:\BSTelecom\Automation\BS_Husky\3.15\bin\WCCILdata.exe -PROJ Sarani -pmonIndex 1 
WCCILdata    (0), 2018.04.17 14:45:33.578, PARAM,WARNING,   224, Security issue: Username or Password entry found in config file!
WCCILdata    (0), 2018.04.17 14:45:33.583, SYS,  INFO,        1, Manager Start, PROJ, Sarani, V 3.15 - 3.15   platform Windows AMD64 linked at Nov  7 2017 21:47:36
WCCILdata    (0), 2018.04.17 14:45:33.587, SYS,  INFO,        0, , (Re)Opening databases in single user mode without transaction logging.
WCCILdata    (0), 2018.04.17 14:45:34.122, SYS,  SEVERE,     69, Database error, DataManTask, dbError, RAIMA Database Error *** Code:-4 (PROGRAMMER/USER error: -4
can not open dictionary
C errno = 5: Input/output error
FILE: D:\workspaces\3.15\workspace\ExternLibs\rdm45\runtime\Inittab.c(87)), errno:5 (Input/output error) FATAL ERROR - Trying to exit
WCCILdata    (0), 2018.04.17 14:45:34.122, SYS,  SEVERE,     69, Database error, AlertHistDb, open, al1519603200\AlertHist
WCCILdata    (0), 2018.04.17 14:45:34.123, IMPL, SEVERE,     54, Unexpected state, DataManDpIntern, init, Datenbank konnte nicht geoeffnet werden!
WCCILdata    (0), 2018.04.17 14:45:34.123, SYS,  INFO,        0, , Loading DpIdentification
WCCILdata    (0), 2018.04.17 14:45:34.124, SYS,  SEVERE,     66, Error when connecting, DataManager, initialize
WCCILdata    (0), 2018.04.17 14:45:36.126, SYS,  INFO,        2, Manager Stop
WCCILpmon    (1), 2018.04.17 14:45:36.188, SYS,  INFO,       11/pmon, Detected stopped manager WCCILdata(0) - restarting it #3
WCCILpmon    (1), 2018.04.17 14:45:36.194, SYS,  INFO,        1, Manager Start, C:\BSTelecom\Automation\BS_Husky\3.15\bin\WCCILdata.exe -PROJ Sarani -pmonIndex 1 
WCCILdata    (0), 2018.04.17 14:45:36.233, PARAM,WARNING,   224, Security issue: Username or Password entry found in config file!
WCCILdata    (0), 2018.04.17 14:45:36.238, SYS,  INFO,        1, Manager Start, PROJ, Sarani, V 3.15 - 3.15   platform Windows AMD64 linked at Nov  7 2017 21:47:36
WCCILdata    (0), 2018.04.17 14:45:36.242, SYS,  INFO,        0, , (Re)Opening databases in single user mode without transaction logging.
WCCILdata    (0), 2018.04.17 14:45:36.787, SYS,  SEVERE,     69, Database error, DataManTask, dbError, RAIMA Database Error *** Code:-4 (PROGRAMMER/USER error: -4
can not open dictionary
C errno = 5: Input/output error
FILE: D:\workspaces\3.15\workspace\ExternLibs\rdm45\runtime\Inittab.c(87)), errno:5 (Input/output error) FATAL ERROR - Trying to exit
WCCILdata    (0), 2018.04.17 14:45:36.787, SYS,  SEVERE,     69, Database error, AlertHistDb, open, al1519603200\AlertHist
WCCILdata    (0), 2018.04.17 14:45:36.788, IMPL, SEVERE,     54, Unexpected state, DataManDpIntern, init, Datenbank konnte nicht geoeffnet werden!
WCCILdata    (0), 2018.04.17 14:45:36.788, SYS,  INFO,        0, , Loading DpIdentification
WCCILdata    (0), 2018.04.17 14:45:36.789, SYS,  SEVERE,     66, Error when connecting, DataManager, initialize
WCCILdata    (0), 2018.04.17 14:45:38.791, SYS,  INFO,        2, Manager Stop
WCCILpmon    (1), 2018.04.17 14:45:38.844, SYS,  SEVERE,      7/pmon, The manager WCCILdata(0) did not start correctly! Stopping the startup sequence and waiting for commands
WCCILpmon    (1), 2018.04.17 14:46:15.752, PARAM,WARNING,   224, Security issue: Username or Password entry found in config file!
WCCILpmon    (1), 2018.04.17 14:46:20.363, PARAM,WARNING,   224, Security issue: Username or Password entry found in config file!
WCCILpmon    (1), 2018.04.17 14:46:34.764, PARAM,WARNING,   224, Security issue: Username or Password entry found in config file!
WCCILpmon    (1), 2018.04.17 14:46:34.853, SYS,  INFO,        3/pmon, Got shutdown command - stopping the project and terminating
WCCILpmon    (1), 2018.04.17 14:46:34.855, SYS,  INFO,       15/pmon, Completely stopped the project - terminating
WCCILpmon    (1), 2018.04.17 14:46:34.855, SYS,  INFO,        2, Manager Stop
WCCOAtoolLogViewer(1), 2018.04.17 14:46:35.855, PARAM,WARNING,   224, Security issue: Username or Password entry found in config file!
WCCILpmon    (1), 2018.04.17 14:47:32.426, PARAM,WARNING,   224, Security issue: Username or Password entry found in config file!
WCCILpmon    (1), 2018.04.17 15:00:06.149, PARAM,WARNING,   224, Security issue: Username or Password entry found in config file!
WCCILpmon    (1), 2018.04.17 15:00:06.886, PARAM,WARNING,   224, Security issue: Username or Password entry found in config file!
WCCILpmon    (1), 2018.04.17 15:00:07.689, PARAM,WARNING,   224, Security issue: Username or Password entry found in config file!
WCCILpmon    (1), 2018.04.17 15:00:08.342, PARAM,WARNING,   224, Security issue: Username or Password entry found in config file!
WCCILpmon    (1), 2018.04.17 15:00:12.381, PARAM,WARNING,   224, Security issue: Username or Password entry found in config file!
WCCILpmon    (1), 2018.04.19 11:36:02.983, PARAM,WARNING,   224, Security issue: Username or Password entry found in config file!
WCCILpmon    (1), 2018.04.24 09:41:24.365, PARAM,WARNING,   224, Security issue: Username or Password entry found in config file!
WCCILpmon    (1), 2018.05.10 08:56:56.125, PARAM,WARNING,   224, Security issue: Username or Password entry found in config file!
WCCILpmon    (1), 2018.05.10 09:36:29.661, PARAM,WARNING,   224, Security issue: Username or Password entry found in config file!
WCCILpmon    (1), 2018.05.10 09:36:30.946, PARAM,WARNING,   224, Security issue: Username or Password entry found in config file!
WCCILpmon    (1), 2018.05.10 09:36:32.130, PARAM,WARNING,   224, Security issue: Username or Password entry found in config file!
WCCILpmon    (1), 2018.05.10 09:36:35.252, PARAM,WARNING,   224, Security issue: Username or Password entry found in config file!
WCCILpmon    (1), 2018.09.25 12:22:09.013, PARAM,WARNING,   224, Security issue: Username or Password entry found in config file!
