WCCILdata    (0), 2018.11.08 08:35:15.423, SYS,  INFO,        1, Manager Start, PROJ, Ras, V 3.16 - 3.16   platform Windows AMD64 linked at Apr 25 2018 22:31:33 (8e7a27f47d2)
WCCILdata    (0), 2018.11.08 08:35:15.427, SYS,  INFO,        0, , (Re)Opening databases in single user mode without transaction logging.
WCCILdata    (0), 2018.11.08 08:35:15.909, SYS,  INFO,        0, , Initialize archive smoothing
WCCILdata    (0), 2018.11.08 08:35:15.910, SYS,  INFO,        0, , Initialize archive smoothing
WCCILdata    (0), 2018.11.08 08:35:15.910, SYS,  INFO,        0, , Loading DpIdentification
WCCILdata    (0), 2018.11.08 08:35:15.911, SYS,  INFO,        0, , Initializing last value cache
WCCILdata    (0), 2018.11.08 08:35:15.911, SYS,  INFO,        0, , Loading internal datapoints
WCCILdata    (0), 2018.11.08 08:35:15.912, SYS,  INFO,        0, , Initializing ID history
WCCILdata    (0), 2018.11.08 08:35:15.912, SYS,  INFO,        0, , Initializing Alert history
WCCILdata    (0), 2018.11.08 08:35:15.912, SYS,  INFO,        0, , Initializing Alert Class cache
WCCILdata    (0), 2018.11.08 08:35:15.913, SYS,  INFO,        6, Initialization by Data Manager finished
WCCILdata    (0), 2018.11.08 08:35:15.913, PARAM,SEVERE,      8, Element does not exist, problem during archive initialization, datapoint does not exist:, _ValueArchive_0.arNr:_original.._value
WCCILdata    (0), 2018.11.08 08:35:15.914, PARAM,SEVERE,      8, Element does not exist, problem during archive initialization, datapoint does not exist:, _ValueArchive_0.state:_original.._value
WCCILdata    (0), 2018.11.08 08:35:15.914, PARAM,SEVERE,      8, Element does not exist, problem during archive initialization, datapoint does not exist:, _ValueArchive_0.general.arType:_original.._value
WCCILdata    (0), 2018.11.08 08:35:15.914, PARAM,SEVERE,      8, Element does not exist, problem during archive initialization, datapoint does not exist:, _ValueArchive_0.general.arName:_original.._value
WCCILdata    (0), 2018.11.08 08:35:15.914, PARAM,SEVERE,      8, Element does not exist, problem during archive initialization, datapoint does not exist:, _ValueArchive_0.general.hostNameGet:_original.._value
WCCILdata    (0), 2018.11.08 08:35:15.914, PARAM,SEVERE,      8, Element does not exist, problem during archive initialization, datapoint does not exist:, _ValueArchive_0.general.hostNameSet:_original.._value
WCCILdata    (0), 2018.11.08 08:35:15.914, PARAM,SEVERE,      8, Element does not exist, problem during archive initialization, datapoint does not exist:, _ValueArchive_0.general.filePathGet:_original.._value
WCCILdata    (0), 2018.11.08 08:35:15.914, PARAM,SEVERE,      8, Element does not exist, problem during archive initialization, datapoint does not exist:, _ValueArchive_0.general.filePathSet:_original.._value
WCCILdata    (0), 2018.11.08 08:35:15.914, PARAM,SEVERE,      8, Element does not exist, problem during archive initialization, datapoint does not exist:, _ValueArchive_0.general.fileNameGet:_original.._value
WCCILdata    (0), 2018.11.08 08:35:15.914, PARAM,SEVERE,      8, Element does not exist, problem during archive initialization, datapoint does not exist:, _ValueArchive_0.general.fileNameSet:_original.._value
WCCILdata    (0), 2018.11.08 08:35:15.914, PARAM,SEVERE,      8, Element does not exist, problem during archive initialization, datapoint does not exist:, _ValueArchive_0.general.createArchive:_original.._value
WCCILdata    (0), 2018.11.08 08:35:15.914, PARAM,SEVERE,      8, Element does not exist, problem during archive initialization, datapoint does not exist:, _ValueArchive_0.general.forwardToRDB:_original.._value
WCCILdata    (0), 2018.11.08 08:35:15.914, PARAM,SEVERE,      8, Element does not exist, problem during archive initialization, datapoint does not exist:, _ValueArchive_0.error.errNum:_original.._value
WCCILdata    (0), 2018.11.08 08:35:15.914, PARAM,SEVERE,      8, Element does not exist, problem during archive initialization, datapoint does not exist:, _ValueArchive_0.error.errDp:_original.._value
WCCILdata    (0), 2018.11.08 08:35:15.914, PARAM,SEVERE,      8, Element does not exist, problem during archive initialization, datapoint does not exist:, _ValueArchive_0.error.errBit:_original.._value
WCCILdata    (0), 2018.11.08 08:35:15.914, PARAM,SEVERE,      8, Element does not exist, problem during archive initialization, datapoint does not exist:, _ValueArchive_0.error.errRead:_original.._value
WCCILdata    (0), 2018.11.08 08:35:15.914, PARAM,SEVERE,      8, Element does not exist, problem during archive initialization, datapoint does not exist:, _ValueArchive_0.size.maxDpElGet:_original.._value
WCCILdata    (0), 2018.11.08 08:35:15.914, PARAM,SEVERE,      8, Element does not exist, problem during archive initialization, datapoint does not exist:, _ValueArchive_0.size.maxDpElSet:_original.._value
WCCILdata    (0), 2018.11.08 08:35:15.914, PARAM,SEVERE,      8, Element does not exist, problem during archive initialization, datapoint does not exist:, _ValueArchive_0.size.maxValuesGet:_original.._value
WCCILdata    (0), 2018.11.08 08:35:15.914, PARAM,SEVERE,      8, Element does not exist, problem during archive initialization, datapoint does not exist:, _ValueArchive_0.size.maxValuesSet:_original.._value
WCCILdata    (0), 2018.11.08 08:35:15.914, PARAM,SEVERE,      8, Element does not exist, problem during archive initialization, datapoint does not exist:, _ValueArchive_0.size.maxFillPctGet:_original.._value
WCCILdata    (0), 2018.11.08 08:35:15.914, PARAM,SEVERE,      8, Element does not exist, problem during archive initialization, datapoint does not exist:, _ValueArchive_0.size.maxFillPctSet:_original.._value
WCCILdata    (0), 2018.11.08 08:35:15.914, PARAM,SEVERE,      8, Element does not exist, problem during archive initialization, datapoint does not exist:, _ValueArchive_0.size.maxHeapSizeGet:_original.._value
WCCILdata    (0), 2018.11.08 08:35:15.914, PARAM,SEVERE,      8, Element does not exist, problem during archive initialization, datapoint does not exist:, _ValueArchive_0.size.maxHeapSizeSet:_original.._value
WCCILdata    (0), 2018.11.08 08:35:15.914, PARAM,SEVERE,      8, Element does not exist, problem during archive initialization, datapoint does not exist:, _ValueArchive_0.size.maxCacheGet:_original.._value
WCCILdata    (0), 2018.11.08 08:35:15.914, PARAM,SEVERE,      8, Element does not exist, problem during archive initialization, datapoint does not exist:, _ValueArchive_0.size.maxCacheSet:_original.._value
WCCILdata    (0), 2018.11.08 08:35:15.914, PARAM,SEVERE,      8, Element does not exist, problem during archive initialization, datapoint does not exist:, _ValueArchive_0.size.maxCorrCacheGet:_original.._value
WCCILdata    (0), 2018.11.08 08:35:15.914, PARAM,SEVERE,      8, Element does not exist, problem during archive initialization, datapoint does not exist:, _ValueArchive_0.size.maxCorrCacheSet:_original.._value
WCCILdata    (0), 2018.11.08 08:35:15.914, PARAM,SEVERE,      8, Element does not exist, problem during archive initialization, datapoint does not exist:, _ValueArchive_0.intervals.aliveInterval:_original.._value
WCCILdata    (0), 2018.11.08 08:35:15.914, PARAM,SEVERE,      8, Element does not exist, problem during archive initialization, datapoint does not exist:, _ValueArchive_0.intervals.saveCycle:_original.._value
WCCILdata    (0), 2018.11.08 08:35:15.914, PARAM,SEVERE,      8, Element does not exist, problem during archive initialization, datapoint does not exist:, _ValueArchive_0.setMgmt.fileSwitch.switchTimeGet.validFrom:_original.._value
WCCILdata    (0), 2018.11.08 08:35:15.914, PARAM,SEVERE,      8, Element does not exist, problem during archive initialization, datapoint does not exist:, _ValueArchive_0.setMgmt.fileSwitch.switchTimeGet.validUntil:_original.._value
WCCILdata    (0), 2018.11.08 08:35:15.915, PARAM,SEVERE,      8, Element does not exist, problem during archive initialization, datapoint does not exist:, _ValueArchive_0.setMgmt.fileSwitch.switchTimeGet.time:_original.._value
WCCILdata    (0), 2018.11.08 08:35:15.916, PARAM,SEVERE,      8, Element does not exist, problem during archive initialization, datapoint does not exist:, _ValueArchive_0.setMgmt.fileSwitch.switchTimeGet.weekDay:_original.._value
WCCILdata    (0), 2018.11.08 08:35:15.916, PARAM,SEVERE,      8, Element does not exist, problem during archive initialization, datapoint does not exist:, _ValueArchive_0.setMgmt.fileSwitch.switchTimeGet.monthDay:_original.._value
WCCILdata    (0), 2018.11.08 08:35:15.916, PARAM,SEVERE,      8, Element does not exist, problem during archive initialization, datapoint does not exist:, _ValueArchive_0.setMgmt.fileSwitch.switchTimeGet.month:_original.._value
WCCILdata    (0), 2018.11.08 08:35:15.916, PARAM,SEVERE,      8, Element does not exist, problem during archive initialization, datapoint does not exist:, _ValueArchive_0.setMgmt.fileSwitch.switchTimeGet.syncTime:_original.._value
WCCILdata    (0), 2018.11.08 08:35:15.916, PARAM,SEVERE,      8, Element does not exist, problem during archive initialization, datapoint does not exist:, _ValueArchive_0.setMgmt.fileSwitch.switchTimeGet.syncWeekDay:_original.._value
WCCILdata    (0), 2018.11.08 08:35:15.916, PARAM,SEVERE,      8, Element does not exist, problem during archive initialization, datapoint does not exist:, _ValueArchive_0.setMgmt.fileSwitch.switchTimeGet.syncDay:_original.._value
WCCILdata    (0), 2018.11.08 08:35:15.916, PARAM,SEVERE,      8, Element does not exist, problem during archive initialization, datapoint does not exist:, _ValueArchive_0.setMgmt.fileSwitch.switchTimeGet.syncMonth:_original.._value
WCCILdata    (0), 2018.11.08 08:35:15.916, PARAM,SEVERE,      8, Element does not exist, problem during archive initialization, datapoint does not exist:, _ValueArchive_0.setMgmt.fileSwitch.switchTimeGet.interval:_original.._value
WCCILdata    (0), 2018.11.08 08:35:15.916, PARAM,SEVERE,      8, Element does not exist, problem during archive initialization, datapoint does not exist:, _ValueArchive_0.setMgmt.fileSwitch.switchTimeGet.delay:_original.._value
WCCILdata    (0), 2018.11.08 08:35:15.916, PARAM,SEVERE,      8, Element does not exist, problem during archive initialization, datapoint does not exist:, _ValueArchive_0.setMgmt.fileSwitch.switchTimeSet.validFrom:_original.._value
WCCILdata    (0), 2018.11.08 08:35:15.916, PARAM,SEVERE,      8, Element does not exist, problem during archive initialization, datapoint does not exist:, _ValueArchive_0.setMgmt.fileSwitch.switchTimeSet.validUntil:_original.._value
WCCILdata    (0), 2018.11.08 08:35:15.916, PARAM,SEVERE,      8, Element does not exist, problem during archive initialization, datapoint does not exist:, _ValueArchive_0.setMgmt.fileSwitch.switchTimeSet.time:_original.._value
WCCILdata    (0), 2018.11.08 08:35:15.916, PARAM,SEVERE,      8, Element does not exist, problem during archive initialization, datapoint does not exist:, _ValueArchive_0.setMgmt.fileSwitch.switchTimeSet.weekDay:_original.._value
WCCILdata    (0), 2018.11.08 08:35:15.916, PARAM,SEVERE,      8, Element does not exist, problem during archive initialization, datapoint does not exist:, _ValueArchive_0.setMgmt.fileSwitch.switchTimeSet.monthDay:_original.._value
WCCILdata    (0), 2018.11.08 08:35:15.916, PARAM,SEVERE,      8, Element does not exist, problem during archive initialization, datapoint does not exist:, _ValueArchive_0.setMgmt.fileSwitch.switchTimeSet.month:_original.._value
WCCILdata    (0), 2018.11.08 08:35:15.916, PARAM,SEVERE,      8, Element does not exist, problem during archive initialization, datapoint does not exist:, _ValueArchive_0.setMgmt.fileSwitch.switchTimeSet.syncTime:_original.._value
WCCILdata    (0), 2018.11.08 08:35:15.916, PARAM,SEVERE,      8, Element does not exist, problem during archive initialization, datapoint does not exist:, _ValueArchive_0.setMgmt.fileSwitch.switchTimeSet.syncWeekDay:_original.._value
WCCILdata    (0), 2018.11.08 08:35:15.916, SYS,  SEVERE,    118, Last error already repeated 50 times. Until another output occurs, this one will be blocked.
WCCILdata    (0), 2018.11.08 08:35:15.918, PARAM,SEVERE,      8, Element does not exist, problem during archive initialization, datapoint does not exist:, _ValueArchive_0.setMgmt.fileCompression.autoStartAfterSwitchSet:_original.._value
WCCILdata    (0), 2018.11.08 08:35:15.918, SYS,  INFO,      119, Last error repeated 213 times.
WCCILdata    (0), 2018.11.08 08:35:15.918, SYS,  INFO,        0, , Initializing Value Archives
WCCILdata    (0), 2018.11.08 08:35:15.918, SYS,  INFO,        0, , ValueArchive will be used...
WCCILdata    (0), 2018.11.08 08:35:16.064, SYS,  INFO,        4, Connected to (SYS: 1 Event -num 0 CONN: 1) @ BST216.bstelecom.ba (::1)
WCCILdata    (0), 2018.11.08 08:35:16.071, SYS,  INFO,        0, , Manager (SYS: 1 Event -num 0 CONN: 1) initialised
WCCILdata    (0), 2018.11.08 08:35:16.174, SYS,  INFO,        4, Connected to (SYS: 1 Driver -num 1 CONN: 1) @ BST216.bstelecom.ba (::1)
WCCILdata    (0), 2018.11.08 08:35:16.179, SYS,  INFO,        0, , Manager (SYS: 1 Driver -num 1 CONN: 1) initialised
WCCILdata    (0), 2018.11.08 08:35:16.302, SYS,  INFO,        4, Connected to (SYS: 1 Ascii -num 1 CONN: 1) @ BST216.bstelecom.ba (::1)
WCCILdata    (0), 2018.11.08 08:35:16.308, SYS,  INFO,        0, , Manager (SYS: 1 Ascii -num 1 CONN: 1) initialised
WCCILdata    (0), 2018.11.08 08:35:16.873, SYS,  WARNING,    39, Connection lost, MAN: (SYS: 1 Ascii -num 1 CONN: 1), Connection reset by peer (10054)
WCCILdata    (0), 2018.11.08 08:35:16.971, SYS,  INFO,        4, Connected to (SYS: 1 Ascii -num 1 CONN: 1) @ BST216.bstelecom.ba (::1)
WCCILdata    (0), 2018.11.08 08:35:16.979, SYS,  INFO,        0, , Manager (SYS: 1 Ascii -num 1 CONN: 1) initialised
WCCILdata    (0), 2018.11.08 08:35:17.977, SYS,  WARNING,    39, Connection lost, MAN: (SYS: 1 Ascii -num 1 CONN: 1), Connection reset by peer (10054)
WCCILdata    (0), 2018.11.08 08:35:18.068, SYS,  INFO,        4, Connected to (SYS: 1 Ascii -num 1 CONN: 1) @ BST216.bstelecom.ba (::1)
WCCILdata    (0), 2018.11.08 08:35:18.076, SYS,  INFO,        0, , Manager (SYS: 1 Ascii -num 1 CONN: 1) initialised
WCCILdata    (0), 2018.11.08 08:35:25.514, SYS,  WARNING,    39, Connection lost, MAN: (SYS: 1 Ascii -num 1 CONN: 1), Connection reset by peer (10054)
WCCILdata    (0), 2018.11.08 08:35:27.543, SYS,  INFO,       39, Connection lost, MAN: (SYS: 1 Driver -num 1 CONN: 1), Connection closed
WCCILdata    (0), 2018.11.08 08:35:27.646, SYS,  INFO,       39, Connection lost, MAN: (SYS: 1 Event -num 0 CONN: 1), Connection closed
WCCILdata    (0), 2018.11.08 08:35:29.697, SYS,  INFO,        0, , Loading DpIdentification
WCCILdata    (0), 2018.11.08 08:35:29.925, SYS,  INFO,        2, Manager Stop
