WCCILsim     (1), 2018.11.08 08:41:58.275, SYS,  INFO,        1, Manager Start, PROJ, Predejane, V 3.16 - 3.16   platform Windows AMD64 linked at Apr 25 2018 22:31:33 (8e7a27f47d2)
WCCILsim     (1), 2018.11.08 08:41:58.282, SYS,  INFO,        3, Trying to connect to (SYS: 0 Data -num 0 CONN: 1) @ localhost:4897
WCCILsim     (1), 2018.11.08 08:41:58.317, SYS,  INFO,        4, Connected to (SYS: 0 Data -num 0 CONN: 1) @ BST216.bstelecom.ba (::1)
WCCILsim     (1), 2018.11.08 08:41:58.330, PARAM,SEVERE,     71, DP does not exist, _Stat_Configs_driver_1._address:_original.._value
WCCILsim     (1), 2018.11.08 08:41:58.330, PARAM,SEVERE,     71, DP does not exist, _Stat_Configs_driver_1._cmd_conv:_original.._value
WCCILsim     (1), 2018.11.08 08:41:58.331, PARAM,SEVERE,     71, DP does not exist, _Stat_Configs_driver_1._msg_conv:_original.._value
WCCILsim     (1), 2018.11.08 08:41:58.331, PARAM,SEVERE,     71, DP does not exist, _Stat_Configs_driver_1._smooth:_original.._value
WCCILsim     (1), 2018.11.08 08:41:58.331, PARAM,SEVERE,     71, DP does not exist, _Stat_Configs_Refresh.SecsToRefresh:_original.._value
WCCILsim     (1), 2018.11.08 08:41:58.334, SYS,  INFO,        6, Initialization by Data Manager finished
WCCILsim     (1), 2018.11.08 08:41:58.335, SYS,  INFO,        3, Trying to connect to (SYS: 1 Event -num 0 CONN: 1) @ localhost:4998
WCCILsim     (1), 2018.11.08 08:41:58.340, SYS,  INFO,        4, Connected to (SYS: 1 Event -num 0 CONN: 1) @ BST216.bstelecom.ba (::1)
WCCILsim     (1), 2018.11.08 08:41:58.375, SYS,  INFO,      156, Driver initialization finished.
WCCILsim     (1), 2018.11.08 08:41:58.378, PARAM,WARNING,    54, Unexpected state, Cannot get DPID for _Driver1.AL.AClasses:_original.._value
WCCILsim     (1), 2018.11.08 08:41:58.378, PARAM,WARNING,    54, Unexpected state, Cannot get DPID for _Driver1.AL.AckDps:_original.._value
WCCILsim     (1), 2018.11.08 08:41:58.378, PARAM,WARNING,    54, Unexpected state, Cannot get DPID for _Driver1.AL.AckData:_original.._value
WCCILsim     (1), 2018.11.08 08:41:58.389, PARAM,WARNING,    90, DP attribute was connected twice, DP: (Type: 0 Sys: 1 Dp: 0 El: 0 : ..)
WCCILsim     (1), 2018.11.08 08:41:58.389, PARAM,WARNING,    54, Unexpected state, AlertDrvIntDp, dpReady, dpConnect failed to Ack DPs
WCCILsim     (1), 2018.11.08 08:42:11.130, SYS,  INFO,      170, Signal SIGTERM received - exiting ...
WCCILsim     (1), 2018.11.08 08:42:13.154, SYS,  INFO,      181, Closing connection to (SYS: 1 Data -num 0 CONN: 1)
WCCILsim     (1), 2018.11.08 08:42:13.154, SYS,  INFO,      181, Closing connection to (SYS: 1 Event -num 0 CONN: 1)
WCCILsim     (1), 2018.11.08 08:42:13.155, SYS,  INFO,       39, Connection lost, MAN: (SYS: 1 Data -num 0 CONN: 1), Connection closed
WCCILsim     (1), 2018.11.08 08:42:13.156, SYS,  INFO,       39, Connection lost, MAN: (SYS: 1 Event -num 0 CONN: 1), Connection closed
WCCILsim     (1), 2018.11.08 08:42:13.156, SYS,  INFO,        2, Manager Stop
