WCCILpmon    (1), 2018.11.08 09:03:07.446, SYS,  INFO,        1, Manager Start, START_MODE
WCCILpmon    (1), 2018.11.08 09:03:07.576, SYS,  INFO,        1, Manager Start, C:\Siemens\Automation\WinCC_OA\3.16\bin\WCCILdata.exe -PROJ Predejane -pmonIndex 1 
WCCILdata    (0), 2018.11.08 09:03:07.691, SYS,  INFO,        1, Manager Start, PROJ, Predejane, V 3.16 - 3.16   platform Windows AMD64 linked at Apr 25 2018 22:31:33 (8e7a27f47d2)
WCCILdata    (0), 2018.11.08 09:03:07.705, SYS,  INFO,        0, , (Re)Opening databases in single user mode without transaction logging.
WCCILdata    (0), 2018.11.08 09:03:08.198, SYS,  INFO,        0, , Initialize archive smoothing
WCCILdata    (0), 2018.11.08 09:03:08.215, SYS,  INFO,        0, , Initialize archive smoothing
WCCILdata    (0), 2018.11.08 09:03:08.410, SYS,  INFO,        0, , Loading DpIdentification
WCCILdata    (0), 2018.11.08 09:03:08.495, SYS,  INFO,        0, , Initializing last value cache
WCCILdata    (0), 2018.11.08 09:03:08.604, SYS,  INFO,        0, , Loading internal datapoints
WCCILdata    (0), 2018.11.08 09:03:08.608, SYS,  INFO,        0, , Initializing ID history
WCCILdata    (0), 2018.11.08 09:03:08.612, SYS,  INFO,        0, , Initializing Alert history
WCCILdata    (0), 2018.11.08 09:03:08.629, SYS,  INFO,        0, , Initializing Alert Class cache
WCCILdata    (0), 2018.11.08 09:03:08.649, SYS,  INFO,        6, Initialization by Data Manager finished
WCCILdata    (0), 2018.11.08 09:03:08.679, SYS,  INFO,        0, , Initializing Value Archives
WCCILdata    (0), 2018.11.08 09:03:08.686, SYS,  INFO,        0, , ValueArchive will be used...
WCCILpmon    (1), 2018.11.08 09:03:08.750, SYS,  INFO,        1, Manager Start, C:\Siemens\Automation\WinCC_OA\3.16\bin\WCCOAvalarch.exe -PROJ Predejane -pmonIndex 2 -num 0
WCCOAvalarch (0), 2018.11.08 09:03:08.829, SYS,  INFO,        1, Manager Start, PROJ, Predejane, V 3.16 - 3.16   platform Windows AMD64 linked at Apr 25 2018 22:31:33 (8e7a27f47d2)
WCCOAvalarch (0), 2018.11.08 09:03:08.836, SYS,  INFO,        3, Trying to connect to (SYS: 0 Data -num 0 CONN: 1) @ localhost:4897
WCCOAvalarch (0), 2018.11.08 09:03:08.846, SYS,  INFO,        4, Connected to (SYS: 0 Data -num 0 CONN: 1) @ BST216.bstelecom.ba (::1)
WCCILdata    (0), 2018.11.08 09:03:08.855, SYS,  INFO,        4, Connected to (SYS: 2 Data -num 2 CONN: 1) @ BST216.bstelecom.ba (::1)
WCCILdata    (0), 2018.11.08 09:03:08.862, PARAM,INFO,        1, Manager Start, HistOrgMain, connection from archive received - initializing, archive number is: 0
WCCILdata    (0), 2018.11.08 09:03:08.868, SYS,  INFO,        0, , Manager (SYS: 2 Data -num 2 CONN: 1) initialised
WCCILpmon    (1), 2018.11.08 09:03:08.974, SYS,  INFO,        1, Manager Start, C:\Siemens\Automation\WinCC_OA\3.16\bin\WCCOAvalarch.exe -PROJ Predejane -pmonIndex 3 -num 1
WCCOAvalarch (1), 2018.11.08 09:03:09.040, SYS,  INFO,        1, Manager Start, PROJ, Predejane, V 3.16 - 3.16   platform Windows AMD64 linked at Apr 25 2018 22:31:33 (8e7a27f47d2)
WCCOAvalarch (1), 2018.11.08 09:03:09.047, SYS,  INFO,        3, Trying to connect to (SYS: 0 Data -num 0 CONN: 1) @ localhost:4897
WCCOAvalarch (1), 2018.11.08 09:03:09.057, SYS,  INFO,        4, Connected to (SYS: 0 Data -num 0 CONN: 1) @ BST216.bstelecom.ba (::1)
WCCILdata    (0), 2018.11.08 09:03:09.064, SYS,  INFO,        4, Connected to (SYS: 2 Data -num 3 CONN: 1) @ BST216.bstelecom.ba (::1)
WCCILdata    (0), 2018.11.08 09:03:09.071, PARAM,INFO,        1, Manager Start, HistOrgMain, connection from archive received - initializing, archive number is: 1
WCCILdata    (0), 2018.11.08 09:03:09.077, SYS,  INFO,        0, , Manager (SYS: 2 Data -num 3 CONN: 1) initialised
WCCILpmon    (1), 2018.11.08 09:03:09.196, SYS,  INFO,        1, Manager Start, C:\Siemens\Automation\WinCC_OA\3.16\bin\WCCOAvalarch.exe -PROJ Predejane -pmonIndex 4 -num 2
WCCOAvalarch (2), 2018.11.08 09:03:09.258, SYS,  INFO,        1, Manager Start, PROJ, Predejane, V 3.16 - 3.16   platform Windows AMD64 linked at Apr 25 2018 22:31:33 (8e7a27f47d2)
WCCOAvalarch (2), 2018.11.08 09:03:09.265, SYS,  INFO,        3, Trying to connect to (SYS: 0 Data -num 0 CONN: 1) @ localhost:4897
WCCOAvalarch (2), 2018.11.08 09:03:09.275, SYS,  INFO,        4, Connected to (SYS: 0 Data -num 0 CONN: 1) @ BST216.bstelecom.ba (::1)
WCCILdata    (0), 2018.11.08 09:03:09.283, SYS,  INFO,        4, Connected to (SYS: 2 Data -num 4 CONN: 1) @ BST216.bstelecom.ba (::1)
WCCILdata    (0), 2018.11.08 09:03:09.290, PARAM,INFO,        1, Manager Start, HistOrgMain, connection from archive received - initializing, archive number is: 2
WCCILdata    (0), 2018.11.08 09:03:09.295, SYS,  INFO,        0, , Manager (SYS: 2 Data -num 4 CONN: 1) initialised
WCCILpmon    (1), 2018.11.08 09:03:09.415, SYS,  INFO,        1, Manager Start, C:\Siemens\Automation\WinCC_OA\3.16\bin\WCCOAvalarch.exe -PROJ Predejane -pmonIndex 5 -num 3
WCCOAvalarch (3), 2018.11.08 09:03:09.480, SYS,  INFO,        1, Manager Start, PROJ, Predejane, V 3.16 - 3.16   platform Windows AMD64 linked at Apr 25 2018 22:31:33 (8e7a27f47d2)
WCCOAvalarch (3), 2018.11.08 09:03:09.487, SYS,  INFO,        3, Trying to connect to (SYS: 0 Data -num 0 CONN: 1) @ localhost:4897
WCCOAvalarch (3), 2018.11.08 09:03:09.498, SYS,  INFO,        4, Connected to (SYS: 0 Data -num 0 CONN: 1) @ BST216.bstelecom.ba (::1)
WCCILdata    (0), 2018.11.08 09:03:09.505, SYS,  INFO,        4, Connected to (SYS: 2 Data -num 5 CONN: 1) @ BST216.bstelecom.ba (::1)
WCCILdata    (0), 2018.11.08 09:03:09.513, PARAM,INFO,        1, Manager Start, HistOrgMain, connection from archive received - initializing, archive number is: 3
WCCILdata    (0), 2018.11.08 09:03:09.519, SYS,  INFO,        0, , Manager (SYS: 2 Data -num 5 CONN: 1) initialised
WCCILpmon    (1), 2018.11.08 09:03:09.639, SYS,  INFO,        1, Manager Start, C:\Siemens\Automation\WinCC_OA\3.16\bin\WCCOAvalarch.exe -PROJ Predejane -pmonIndex 6 -num 4
WCCOAvalarch (4), 2018.11.08 09:03:09.715, SYS,  INFO,        1, Manager Start, PROJ, Predejane, V 3.16 - 3.16   platform Windows AMD64 linked at Apr 25 2018 22:31:33 (8e7a27f47d2)
WCCOAvalarch (4), 2018.11.08 09:03:09.738, SYS,  INFO,        3, Trying to connect to (SYS: 0 Data -num 0 CONN: 1) @ localhost:4897
WCCOAvalarch (4), 2018.11.08 09:03:09.749, SYS,  INFO,        4, Connected to (SYS: 0 Data -num 0 CONN: 1) @ BST216.bstelecom.ba (::1)
WCCILdata    (0), 2018.11.08 09:03:09.758, SYS,  INFO,        4, Connected to (SYS: 2 Data -num 6 CONN: 1) @ BST216.bstelecom.ba (::1)
WCCILdata    (0), 2018.11.08 09:03:09.769, PARAM,INFO,        1, Manager Start, HistOrgMain, connection from archive received - initializing, archive number is: 4
WCCILdata    (0), 2018.11.08 09:03:09.776, SYS,  INFO,        0, , Manager (SYS: 2 Data -num 6 CONN: 1) initialised
WCCOAvalarch (0), 2018.11.08 09:03:09.837, SYS,  INFO,        0, , Archive-directory was not present - will be created
WCCILpmon    (1), 2018.11.08 09:03:09.853, SYS,  INFO,        1, Manager Start, C:\Siemens\Automation\WinCC_OA\3.16\bin\WCCOAvalarch.exe -PROJ Predejane -pmonIndex 7 -num 5
WCCOAvalarch (5), 2018.11.08 09:03:09.964, SYS,  INFO,        1, Manager Start, PROJ, Predejane, V 3.16 - 3.16   platform Windows AMD64 linked at Apr 25 2018 22:31:33 (8e7a27f47d2)
WCCOAvalarch (5), 2018.11.08 09:03:09.976, SYS,  INFO,        3, Trying to connect to (SYS: 0 Data -num 0 CONN: 1) @ localhost:4897
WCCOAvalarch (5), 2018.11.08 09:03:10.020, SYS,  INFO,        4, Connected to (SYS: 0 Data -num 0 CONN: 1) @ BST216.bstelecom.ba (::1)
WCCILdata    (0), 2018.11.08 09:03:10.033, SYS,  INFO,        4, Connected to (SYS: 2 Data -num 7 CONN: 1) @ BST216.bstelecom.ba (::1)
WCCOAvalarch (1), 2018.11.08 09:03:10.060, SYS,  INFO,        0, , Archive-directory was not present - will be created
WCCILdata    (0), 2018.11.08 09:03:10.104, PARAM,INFO,        1, Manager Start, HistOrgMain, connection from archive received - initializing, archive number is: 5
WCCILdata    (0), 2018.11.08 09:03:10.117, SYS,  INFO,        0, , Manager (SYS: 2 Data -num 7 CONN: 1) initialised
WCCOAvalarch (2), 2018.11.08 09:03:10.268, SYS,  INFO,        0, , Archive-directory was not present - will be created
WCCOAvalarch (3), 2018.11.08 09:03:10.488, SYS,  INFO,        0, , Archive-directory was not present - will be created
WCCOAvalarch (4), 2018.11.08 09:03:10.742, SYS,  INFO,        0, , Archive-directory was not present - will be created
WCCOAvalarch (5), 2018.11.08 09:03:10.976, SYS,  INFO,        0, , Archive-directory was not present - will be created
WCCOAvalarch (0), 2018.11.08 09:03:12.069, SYS,  INFO,        6, Initialization by Data Manager finished
WCCILdata    (0), 2018.11.08 09:03:12.079, SYS,  INFO,        0, , Sending initial values to archive
WCCOAvalarch (1), 2018.11.08 09:03:12.342, SYS,  INFO,        6, Initialization by Data Manager finished
WCCILdata    (0), 2018.11.08 09:03:12.349, SYS,  INFO,        0, , Sending initial values to archive
WCCOAvalarch (2), 2018.11.08 09:03:12.539, SYS,  INFO,        6, Initialization by Data Manager finished
WCCILdata    (0), 2018.11.08 09:03:12.544, SYS,  INFO,        0, , Sending initial values to archive
WCCOAvalarch (3), 2018.11.08 09:03:12.717, SYS,  INFO,        6, Initialization by Data Manager finished
WCCILdata    (0), 2018.11.08 09:03:12.723, SYS,  INFO,        0, , Sending initial values to archive
WCCOAvalarch (0), 2018.11.08 09:03:13.081, SYS,  INFO,        0, , Ready for operation.
WCCOAvalarch (4), 2018.11.08 09:03:13.142, SYS,  INFO,        6, Initialization by Data Manager finished
WCCILdata    (0), 2018.11.08 09:03:13.162, SYS,  INFO,        0, , Sending initial values to archive
WCCOAvalarch (5), 2018.11.08 09:03:13.278, SYS,  INFO,        6, Initialization by Data Manager finished
WCCILdata    (0), 2018.11.08 09:03:13.282, SYS,  INFO,        0, , Sending initial values to archive
WCCOAvalarch (1), 2018.11.08 09:03:13.352, SYS,  INFO,        0, , Ready for operation.
WCCILpmon    (1), 2018.11.08 09:03:13.399, SYS,  INFO,        1, Manager Start, C:\Siemens\Automation\WinCC_OA\3.16\bin\WCCILevent.exe -PROJ Predejane -pmonIndex 8 
WCCILevent   (0), 2018.11.08 09:03:13.488, SYS,  INFO,        1, Manager Start, PROJ, Predejane, V 3.16 - 3.16   platform Windows AMD64 linked at Apr 25 2018 22:31:33 (8e7a27f47d2)
WCCILevent   (0), 2018.11.08 09:03:13.513, SYS,  INFO,      108, License information, Host information
Hostname:   BST216
HW-code:    22440127576
HW-version: 31600002

WCCILevent   (0), 2018.11.08 09:03:13.542, SYS,  INFO,      108, License information, Using license file C:\Siemens\Automation\WinCC_OA\3.16\shield.txt
version     = 31600002
sn          = "061_9450_BS_Telecom_Dev_Lic_dh1"
expire      = 2019.07.01;00:00:00,000 
redundancy  = 1
ui          = 5
para        = 2
event       = 1
ios         = 2000000000
update      = 1
api         = 10
webclient   = 5
distributed = 2048
pararemote  = 1
gis         = 1
rdb_archive = 3
http        = 2000000000
drvPlugin   = 1
ctrlext     = 1
iec101      = 1
iec104      = 1
s7          = 1
s7plus      = 8
dnp3        = 1
tls         = 1
sinaut      = 1
dynamiclogic = 10000
modbus      = 1
modbus_srv  = 1
sanors      = 1
snmp        = 1
iec61850    = 1
sbus        = 1
opc_hda_srv = 1
opc_hda     = 1
excelreport = 5
reporting   = 5
comcenter   = 10000
advS7       = 1
maintenance = 1
scheduler   = 1
recipe      = 1
infoserver  = 10000
mobile_app  = 5
mobile_ui   = 5
opc_ua_srv  = 1
ultralight  = 5
eip         = 1
objectwizard = 1
webserver   = 5


WCCOAvalarch (2), 2018.11.08 09:03:13.549, SYS,  INFO,        0, , Ready for operation.
WCCILevent   (0), 2018.11.08 09:03:13.725, SYS,  INFO,        3, Trying to connect to (SYS: 0 Data -num 0 CONN: 1) @ localhost:4897
WCCOAvalarch (3), 2018.11.08 09:03:13.730, SYS,  INFO,        0, , Ready for operation.
WCCILevent   (0), 2018.11.08 09:03:13.737, SYS,  INFO,        4, Connected to (SYS: 0 Data -num 0 CONN: 1) @ BST216.bstelecom.ba (::1)
WCCILdata    (0), 2018.11.08 09:03:13.745, SYS,  INFO,        4, Connected to (SYS: 2 Event -num 0 CONN: 1) @ BST216.bstelecom.ba (::1)
WCCILdata    (0), 2018.11.08 09:03:14.125, SYS,  INFO,        0, , Manager (SYS: 2 Event -num 0 CONN: 1) initialised
WCCILevent   (0), 2018.11.08 09:03:14.132, SYS,  INFO,        6, Initialization by Data Manager finished
WCCILevent   (0), 2018.11.08 09:03:14.138, SYS,  INFO,      169, Initialize 72 dp-functions
WCCOAvalarch (4), 2018.11.08 09:03:14.152, SYS,  INFO,        0, , Ready for operation.
WCCILevent   (0), 2018.11.08 09:03:14.185, SYS,  INFO,      168, Initialize 100 alerts
WCCILevent   (0), 2018.11.08 09:03:14.252, SYS,  INFO,      103, User names/passwords initialized
WCCOAvalarch (5), 2018.11.08 09:03:14.290, SYS,  INFO,        0, , Ready for operation.
WCCILpmon    (1), 2018.11.08 09:03:14.306, SYS,  INFO,        1, Manager Start, C:\Siemens\Automation\WinCC_OA\3.16\bin\WCCILproxy.exe -PROJ Predejane -pmonIndex 9 
WCCILproxy   (1), 2018.11.08 09:03:30.493, SYS,  INFO,      220, Multiplexing proxy Start, PROJ, Predejane, V 3.16 - 3.16   platform Windows AMD64 linked at Apr 25 2018 22:31:33 (8e7a27f47d2)
WCCILproxy   (1), 2018.11.08 09:03:30.625, SYS,  INFO,        0, , Can maintain up to 4088 concurrent connections
WCCILpmon    (1), 2018.11.08 09:03:30.746, SYS,  INFO,        1, Manager Start, C:\Siemens\Automation\WinCC_OA\3.16\bin\WCCOActrl.exe -PROJ Predejane -pmonIndex 10 -f pvss_scripts.lst
WCCOActrl    (0), 2018.11.08 09:03:30.821, SYS,  INFO,        1, Manager Start, PROJ, Predejane, V 3.16 - 3.16   platform Windows AMD64 linked at Apr 25 2018 22:31:33 (8e7a27f47d2)
WCCOActrl    (0), 2018.11.08 09:03:30.828, SYS,  INFO,        3, Trying to connect to (SYS: 0 Data -num 0 CONN: 1) @ localhost:4897
WCCOActrl    (0), 2018.11.08 09:03:30.837, SYS,  INFO,        4, Connected to (SYS: 0 Data -num 0 CONN: 1) @ BST216.bstelecom.ba (::1)
WCCILdata    (0), 2018.11.08 09:03:30.845, SYS,  INFO,        4, Connected to (SYS: 2 Ctrl -num 1 CONN: 1) @ BST216.bstelecom.ba (::1)
WCCILdata    (0), 2018.11.08 09:03:30.859, SYS,  INFO,        0, , Manager (SYS: 2 Ctrl -num 1 CONN: 1) initialised
WCCOActrl    (1), 2018.11.08 09:03:30.865, SYS,  INFO,        6, Initialization by Data Manager finished
WCCOActrl    (1), 2018.11.08 09:03:30.870, SYS,  INFO,        3, Trying to connect to (SYS: 2 Event -num 0 CONN: 1) @ localhost:4998
WCCOActrl    (1), 2018.11.08 09:03:30.878, SYS,  INFO,        4, Connected to (SYS: 2 Event -num 0 CONN: 1) @ BST216.bstelecom.ba (::1)
WCCILevent   (0), 2018.11.08 09:03:30.899, SYS,  INFO,        4, Connected to (SYS: 2 Ctrl -num 1 CONN: 1) @ BST216.bstelecom.ba (::1)
WCCOActrl    (1), 2018.11.08 09:03:30.906, SYS,  INFO,      102, Waiting for user names/passwords
WCCOActrl    (1), 2018.11.08 09:03:30.911, SYS,  INFO,      103, User names/passwords initialized
WCCILpmon    (1), 2018.11.08 09:03:30.978, SYS,  INFO,        1, Manager Start, C:\Siemens\Automation\WinCC_OA\3.16\bin\WCCILsim.exe -PROJ Predejane -pmonIndex 11 
WCCOActrl    (1), 2018.11.08 09:03:31.140, CTRL, INFO,        0, , DB Version Update, Initial set of project DB version: 3.16 DB version 0
WCCILsim     (1), 2018.11.08 09:03:31.154, SYS,  INFO,        1, Manager Start, PROJ, Predejane, V 3.16 - 3.16   platform Windows AMD64 linked at Apr 25 2018 22:31:33 (8e7a27f47d2)
WCCILsim     (1), 2018.11.08 09:03:31.161, SYS,  INFO,        3, Trying to connect to (SYS: 0 Data -num 0 CONN: 1) @ localhost:4897
WCCILsim     (1), 2018.11.08 09:03:31.173, SYS,  INFO,        4, Connected to (SYS: 0 Data -num 0 CONN: 1) @ BST216.bstelecom.ba (::1)
WCCILdata    (0), 2018.11.08 09:03:31.182, SYS,  INFO,        4, Connected to (SYS: 2 Driver -num 1 CONN: 1) @ BST216.bstelecom.ba (::1)
WCCOActrl    (1), 2018.11.08 09:03:31.205, PARAM,INFO,        0, , Automatic online backup configured with default settings. Backup target directory: D:/SCADA/BS_Husky_Proj/Predejane/data/OnlineBackup/
WCCILdata    (0), 2018.11.08 09:03:31.249, SYS,  INFO,        0, , Manager (SYS: 2 Driver -num 1 CONN: 1) initialised
WCCILsim     (1), 2018.11.08 09:03:31.257, SYS,  INFO,        6, Initialization by Data Manager finished
WCCILsim     (1), 2018.11.08 09:03:31.263, SYS,  INFO,        3, Trying to connect to (SYS: 2 Event -num 0 CONN: 1) @ localhost:4998
WCCILsim     (1), 2018.11.08 09:03:31.273, SYS,  INFO,        4, Connected to (SYS: 2 Event -num 0 CONN: 1) @ BST216.bstelecom.ba (::1)
WCCILevent   (0), 2018.11.08 09:03:31.295, SYS,  INFO,        4, Connected to (SYS: 2 Driver -num 1 CONN: 1) @ BST216.bstelecom.ba (::1)
WCCILsim     (1), 2018.11.08 09:03:31.317, SYS,  INFO,      156, Driver initialization finished.
WCCILpmon    (1), 2018.11.08 09:03:31.411, SYS,  INFO,        1, Manager Start, C:\Siemens\Automation\WinCC_OA\3.16\bin\WCCILdist.exe -PROJ Predejane -pmonIndex 12 
WCCILdist    (0), 2018.11.08 09:03:31.483, SYS,  INFO,        1, Manager Start, PROJ, Predejane, V 3.16 - 3.16   platform Windows AMD64 linked at Apr 25 2018 22:31:33 (8e7a27f47d2)
WCCILdist    (0), 2018.11.08 09:03:31.492, SYS,  INFO,        3, Trying to connect to (SYS: 0 Data -num 0 CONN: 1) @ localhost:4897
WCCILdist    (0), 2018.11.08 09:03:31.502, SYS,  INFO,        4, Connected to (SYS: 0 Data -num 0 CONN: 1) @ BST216.bstelecom.ba (::1)
WCCILdata    (0), 2018.11.08 09:03:31.511, SYS,  INFO,        4, Connected to (SYS: 2 Dist -num 1 CONN: 1) @ BST216.bstelecom.ba (::1)
WCCILdata    (0), 2018.11.08 09:03:31.528, SYS,  INFO,        0, , Manager (SYS: 2 Dist -num 1 CONN: 1) initialised
WCCILdist    (1), 2018.11.08 09:03:31.536, SYS,  INFO,        6, Initialization by Data Manager finished
WCCILdist    (1), 2018.11.08 09:03:31.541, SYS,  INFO,        3, Trying to connect to (SYS: 2 Event -num 0 CONN: 1) @ localhost:4998
WCCILdist    (1), 2018.11.08 09:03:31.550, SYS,  INFO,        4, Connected to (SYS: 2 Event -num 0 CONN: 1) @ BST216.bstelecom.ba (::1)
WCCILevent   (0), 2018.11.08 09:03:31.570, SYS,  INFO,        4, Connected to (SYS: 2 Dist -num 1 CONN: 1) @ BST216.bstelecom.ba (::1)
WCCILpmon    (1), 2018.11.08 09:03:31.649, SYS,  INFO,        1, Manager Start, C:\Siemens\Automation\WinCC_OA\3.16\bin\WCCOAui.exe -PROJ Predejane -pmonIndex 13 -m gedi
WCCOAui      (0), 2018.11.08 09:03:32.286, SYS,  INFO,        1, Manager Start, PROJ, Predejane, V 3.16 - 3.16   platform Windows AMD64 linked at Apr 25 2018 22:31:33 (8e7a27f47d2)
WCCOAui      (0), 2018.11.08 09:03:34.233, SYS,  INFO,        3, Trying to connect to (SYS: 0 Data -num 0 CONN: 1) @ localhost:4897
WCCOAui      (0), 2018.11.08 09:03:34.247, SYS,  INFO,        4, Connected to (SYS: 0 Data -num 0 CONN: 1) @ BST216.bstelecom.ba (::1)
WCCILdata    (0), 2018.11.08 09:03:34.269, SYS,  INFO,        4, Connected to (SYS: 2 Ui -num 1 CONN: 1) @ BST216.bstelecom.ba (::1)
WCCILdata    (0), 2018.11.08 09:03:34.283, SYS,  INFO,        0, , Manager (SYS: 2 Ui -num 1 CONN: 1) initialised
WCCOAui      (1), 2018.11.08 09:03:34.288, SYS,  INFO,        6, Initialization by Data Manager finished
WCCOAui      (1), 2018.11.08 09:03:34.296, SYS,  INFO,        3, Trying to connect to (SYS: 2 Event -num 0 CONN: 1) @ localhost:4998
WCCOAui      (1), 2018.11.08 09:03:34.304, SYS,  INFO,        4, Connected to (SYS: 2 Event -num 0 CONN: 1) @ BST216.bstelecom.ba (::1)
WCCILevent   (0), 2018.11.08 09:03:34.335, SYS,  INFO,        4, Connected to (SYS: 2 Ui -num 1 CONN: 1) @ BST216.bstelecom.ba (::1)
WCCOAui      (1), 2018.11.08 09:03:34.342, SYS,  INFO,      102, Waiting for user names/passwords
WCCOAui      (1), 2018.11.08 09:03:34.349, SYS,  INFO,      103, User names/passwords initialized
WCCILpmon    (1), 2018.11.08 09:03:34.357, SYS,  INFO,        9/pmon, The project is up and running. Entering monitor mode
WCCOAui      (1), 2018.11.08 09:03:37.010, SYS,  INFO,        0, , CtrlRDBArchive, Using DP element names for ReadRequests is enabled
WCCILevent   (0), 2018.11.08 09:03:59.492, IMPL, WARNING,    54, Unexpected state, DP: SysPredejane:_mp_COUNTER1.value.pvssCounter:_dp_fct, EvDpManager::, handleDpFuncHL #2, error starting Ctrl-Function
WCCOActrl    (1), 2018.11.08 09:04:01.151, CTRL, INFO,        0, , Cyclic updateUserGroups running every 60 minutes.
WCCOAui      (1), 2018.11.08 09:04:04.946, PARAM,WARNING,   107, Automatic disconnect of attributes due to config type change, DP: SysPredejane:_mp_DRIVE2.alert.controlFuse:_alert_hdl, MAN: (SYS: 2 Event -num 0 CONN: 1)
WCCOAui      (1), 2018.11.08 09:04:04.946, PARAM,WARNING,   107, Automatic disconnect of attributes due to config type change, DP: SysPredejane:_mp_DRIVE2.alert.converter:_alert_hdl, MAN: (SYS: 2 Event -num 0 CONN: 1)
WCCOAui      (1), 2018.11.08 09:04:04.946, PARAM,WARNING,   107, Automatic disconnect of attributes due to config type change, DP: SysPredejane:_mp_DRIVE2.alert.motorSwitch:_alert_hdl, MAN: (SYS: 2 Event -num 0 CONN: 1)
WCCOAui      (1), 2018.11.08 09:04:04.946, PARAM,WARNING,   107, Automatic disconnect of attributes due to config type change, DP: SysPredejane:_mp_DRIVE2.alert.motorTherm:_alert_hdl, MAN: (SYS: 2 Event -num 0 CONN: 1)
WCCOAui      (1), 2018.11.08 09:04:04.946, PARAM,WARNING,   107, Automatic disconnect of attributes due to config type change, DP: SysPredejane:_mp_DRIVE2.alert.overload:_alert_hdl, MAN: (SYS: 2 Event -num 0 CONN: 1)
WCCOAui      (1), 2018.11.08 09:04:04.946, PARAM,WARNING,   107, Automatic disconnect of attributes due to config type change, DP: SysPredejane:_mp_DRIVE2.alert.speed:_alert_hdl, MAN: (SYS: 2 Event -num 0 CONN: 1)
WCCOAui      (1), 2018.11.08 09:04:04.946, PARAM,WARNING,   107, Automatic disconnect of attributes due to config type change, DP: SysPredejane:_mp_DRIVE2.alert.sumalertPLC:_alert_hdl, MAN: (SYS: 2 Event -num 0 CONN: 1)
WCCOAui      (1), 2018.11.08 09:04:04.946, PARAM,WARNING,   107, Automatic disconnect of attributes due to config type change, DP: SysPredejane:_mp_DRIVE2.alert.sumalert:_alert_hdl, MAN: (SYS: 2 Event -num 0 CONN: 1)
WCCOAui      (1), 2018.11.08 09:04:04.946, PARAM,WARNING,   107, Automatic disconnect of attributes due to config type change, DP: SysPredejane:_mp_DRIVE2.cmd.on, MAN: (SYS: 2 Event -num 0 CONN: 1)
WCCOAui      (1), 2018.11.08 09:04:04.946, PARAM,WARNING,   107, Automatic disconnect of attributes due to config type change, DP: SysPredejane:_mp_DRIVE2.para.speed, MAN: (SYS: 2 Event -num 0 CONN: 1)
WCCOAui      (1), 2018.11.08 09:04:04.946, PARAM,WARNING,   107, Automatic disconnect of attributes due to config type change, DP: SysPredejane:_mp_DRIVE2.state.on, MAN: (SYS: 2 Event -num 0 CONN: 1)
WCCOAui      (1), 2018.11.08 09:04:04.946, PARAM,WARNING,   107, Automatic disconnect of attributes due to config type change, DP: SysPredejane:_mp_DRIVE2.state.ccOn, MAN: (SYS: 2 Event -num 0 CONN: 1)
WCCOAui      (1), 2018.11.08 09:04:04.946, PARAM,WARNING,   107, Automatic disconnect of attributes due to config type change, DP: SysPredejane:_mp_DRIVE2.state.on_2, MAN: (SYS: 2 Event -num 0 CONN: 1)
WCCOAui      (1), 2018.11.08 09:04:04.946, PARAM,WARNING,   107, Automatic disconnect of attributes due to config type change, DP: SysPredejane:_mp_DRIVE2.state.ccOn_2, MAN: (SYS: 2 Event -num 0 CONN: 1)
WCCOAui      (1), 2018.11.08 09:04:04.946, PARAM,WARNING,   107, Automatic disconnect of attributes due to config type change, DP: SysPredejane:_mp_DRIVE2.state.off, MAN: (SYS: 2 Event -num 0 CONN: 1)
WCCOAui      (1), 2018.11.08 09:04:04.946, PARAM,WARNING,   107, Automatic disconnect of attributes due to config type change, DP: SysPredejane:_mp_DRIVE2.value.powerCon:_alert_hdl, MAN: (SYS: 2 Event -num 0 CONN: 1)
WCCOAui      (1), 2018.11.08 09:04:04.946, PARAM,WARNING,   107, Automatic disconnect of attributes due to config type change, DP: SysPredejane:_mp_DRIVE2.value.speed:_alert_hdl, MAN: (SYS: 2 Event -num 0 CONN: 1)
WCCOAui      (1), 2018.11.08 09:04:04.946, PARAM,WARNING,   107, Automatic disconnect of attributes due to config type change, DP: SysPredejane:_mp_DRIVE2.cmd.mode.auto, MAN: (SYS: 2 Event -num 0 CONN: 1)
WCCOAui      (1), 2018.11.08 09:04:04.946, PARAM,WARNING,   107, Automatic disconnect of attributes due to config type change, DP: SysPredejane:_mp_DRIVE2.state.mode.remote, MAN: (SYS: 2 Event -num 0 CONN: 1)
WCCOAui      (1), 2018.11.08 09:04:04.946, PARAM,WARNING,   107, Automatic disconnect of attributes due to config type change, DP: SysPredejane:_mp_DRIVE2.state.mode.local, MAN: (SYS: 2 Event -num 0 CONN: 1)
WCCOAui      (1), 2018.11.08 09:04:04.946, PARAM,WARNING,   107, Automatic disconnect of attributes due to config type change, DP: SysPredejane:_mp_DRIVE2.state.mode.auto, MAN: (SYS: 2 Event -num 0 CONN: 1)
WCCOAui      (1), 2018.11.08 09:04:04.946, PARAM,WARNING,   107, Automatic disconnect of attributes due to config type change, DP: SysPredejane:_mp_DRIVE2.state.mode.man, MAN: (SYS: 2 Event -num 0 CONN: 1)
WCCOAui      (1), 2018.11.08 09:04:04.946, PARAM,WARNING,   107, Automatic disconnect of attributes due to config type change, DP: SysPredejane:_mp_DRIVE2.state.mode.service, MAN: (SYS: 2 Event -num 0 CONN: 1)
WCCOAui      (1), 2018.11.08 09:04:04.946, PARAM,WARNING,   107, Automatic disconnect of attributes due to config type change, DP: SysPredejane:_mp_DRIVE2.alert.controlFuse:_alert_hdl, MAN: (SYS: 2 Event -num 0 CONN: 1)
WCCOAui      (1), 2018.11.08 09:04:04.946, PARAM,WARNING,   107, Automatic disconnect of attributes due to config type change, DP: SysPredejane:_mp_DRIVE2.alert.converter:_alert_hdl, MAN: (SYS: 2 Event -num 0 CONN: 1)
WCCOAui      (1), 2018.11.08 09:04:04.946, PARAM,WARNING,   107, Automatic disconnect of attributes due to config type change, DP: SysPredejane:_mp_DRIVE2.alert.motorSwitch:_alert_hdl, MAN: (SYS: 2 Event -num 0 CONN: 1)
WCCOAui      (1), 2018.11.08 09:04:04.946, PARAM,WARNING,   107, Automatic disconnect of attributes due to config type change, DP: SysPredejane:_mp_DRIVE2.alert.motorTherm:_alert_hdl, MAN: (SYS: 2 Event -num 0 CONN: 1)
WCCOAui      (1), 2018.11.08 09:04:04.946, PARAM,WARNING,   107, Automatic disconnect of attributes due to config type change, DP: SysPredejane:_mp_DRIVE2.alert.overload:_alert_hdl, MAN: (SYS: 2 Event -num 0 CONN: 1)
WCCOAui      (1), 2018.11.08 09:04:04.946, PARAM,WARNING,   107, Automatic disconnect of attributes due to config type change, DP: SysPredejane:_mp_DRIVE2.alert.speed:_alert_hdl, MAN: (SYS: 2 Event -num 0 CONN: 1)
WCCOAui      (1), 2018.11.08 09:04:04.946, PARAM,WARNING,   107, Automatic disconnect of attributes due to config type change, DP: SysPredejane:_mp_DRIVE2.alert.sumalertPLC:_alert_hdl, MAN: (SYS: 2 Event -num 0 CONN: 1)
WCCOAui      (1), 2018.11.08 09:04:04.946, PARAM,WARNING,   107, Automatic disconnect of attributes due to config type change, DP: SysPredejane:_mp_DRIVE2.alert.sumalert:_alert_hdl, MAN: (SYS: 2 Event -num 0 CONN: 1)
WCCOAui      (1), 2018.11.08 09:04:04.946, PARAM,WARNING,   107, Automatic disconnect of attributes due to config type change, DP: SysPredejane:_mp_DRIVE2.cmd.on, MAN: (SYS: 2 Event -num 0 CONN: 1)
WCCOAui      (1), 2018.11.08 09:04:04.946, PARAM,WARNING,   107, Automatic disconnect of attributes due to config type change, DP: SysPredejane:_mp_DRIVE2.para.speed, MAN: (SYS: 2 Event -num 0 CONN: 1)
WCCOAui      (1), 2018.11.08 09:04:04.946, PARAM,WARNING,   107, Automatic disconnect of attributes due to config type change, DP: SysPredejane:_mp_DRIVE2.state.on, MAN: (SYS: 2 Event -num 0 CONN: 1)
WCCOAui      (1), 2018.11.08 09:04:04.946, PARAM,WARNING,   107, Automatic disconnect of attributes due to config type change, DP: SysPredejane:_mp_DRIVE2.state.ccOn, MAN: (SYS: 2 Event -num 0 CONN: 1)
WCCOAui      (1), 2018.11.08 09:04:04.946, PARAM,WARNING,   107, Automatic disconnect of attributes due to config type change, DP: SysPredejane:_mp_DRIVE2.state.on_2, MAN: (SYS: 2 Event -num 0 CONN: 1)
WCCOAui      (1), 2018.11.08 09:04:04.946, PARAM,WARNING,   107, Automatic disconnect of attributes due to config type change, DP: SysPredejane:_mp_DRIVE2.state.ccOn_2, MAN: (SYS: 2 Event -num 0 CONN: 1)
WCCOAui      (1), 2018.11.08 09:04:04.946, PARAM,WARNING,   107, Automatic disconnect of attributes due to config type change, DP: SysPredejane:_mp_DRIVE2.state.off, MAN: (SYS: 2 Event -num 0 CONN: 1)
WCCOAui      (1), 2018.11.08 09:04:04.946, PARAM,WARNING,   107, Automatic disconnect of attributes due to config type change, DP: SysPredejane:_mp_DRIVE2.value.powerCon:_alert_hdl, MAN: (SYS: 2 Event -num 0 CONN: 1)
WCCOAui      (1), 2018.11.08 09:04:04.946, PARAM,WARNING,   107, Automatic disconnect of attributes due to config type change, DP: SysPredejane:_mp_DRIVE2.value.speed:_alert_hdl, MAN: (SYS: 2 Event -num 0 CONN: 1)
WCCOAui      (1), 2018.11.08 09:04:04.946, PARAM,WARNING,   107, Automatic disconnect of attributes due to config type change, DP: SysPredejane:_mp_DRIVE2.cmd.mode.auto, MAN: (SYS: 2 Event -num 0 CONN: 1)
WCCOAui      (1), 2018.11.08 09:04:04.946, PARAM,WARNING,   107, Automatic disconnect of attributes due to config type change, DP: SysPredejane:_mp_DRIVE2.state.mode.remote, MAN: (SYS: 2 Event -num 0 CONN: 1)
WCCOAui      (1), 2018.11.08 09:04:04.946, PARAM,WARNING,   107, Automatic disconnect of attributes due to config type change, DP: SysPredejane:_mp_DRIVE2.state.mode.local, MAN: (SYS: 2 Event -num 0 CONN: 1)
WCCOAui      (1), 2018.11.08 09:04:04.946, PARAM,WARNING,   107, Automatic disconnect of attributes due to config type change, DP: SysPredejane:_mp_DRIVE2.state.mode.auto, MAN: (SYS: 2 Event -num 0 CONN: 1)
WCCOAui      (1), 2018.11.08 09:04:04.946, PARAM,WARNING,   107, Automatic disconnect of attributes due to config type change, DP: SysPredejane:_mp_DRIVE2.state.mode.man, MAN: (SYS: 2 Event -num 0 CONN: 1)
WCCOAui      (1), 2018.11.08 09:04:04.946, PARAM,WARNING,   107, Automatic disconnect of attributes due to config type change, DP: SysPredejane:_mp_DRIVE2.state.mode.service, MAN: (SYS: 2 Event -num 0 CONN: 1)
WCCILdata    (0), 2018.11.08 09:04:34.343, SYS,  INFO,        0, , Closing databases...
WCCILdata    (0), 2018.11.08 09:04:34.377, SYS,  INFO,        0, , Loading DpIdentification
WCCILdata    (0), 2018.11.08 09:04:34.595, SYS,  INFO,        0, , Databases closed.
WCCILdata    (0), 2018.11.08 09:04:34.600, SYS,  INFO,        0, , Opening databases...
WCCILdata    (0), 2018.11.08 09:04:34.607, SYS,  INFO,        0, , (Re)Opening databases in multi user mode without transaction logging.
WCCILdata    (0), 2018.11.08 09:04:34.988, SYS,  INFO,        0, , Databases opened.
WCCILdata    (0), 2018.11.08 09:04:34.993, SYS,  INFO,        0, , Restoring last value cache...
WCCILdata    (0), 2018.11.08 09:04:34.999, SYS,  INFO,        0, , Refreshing value DB list...
WCCILdata    (0), 2018.11.08 09:04:35.006, SYS,  INFO,        0, , Refreshing alert DB list...
WCCILdata    (0), 2018.11.08 09:04:35.011, SYS,  INFO,        0, , Reopening database done.
WCCILdata    (0), 2018.11.08 09:04:35.018, SYS,  INFO,        0, , DataManager, startBgMgr, (Re)starting WCCILdatabg
WCCILdatabg  (1), 2018.11.08 09:04:35.124, SYS,  INFO,        1, Manager Start, PROJ, Predejane, V 3.16 - 3.16   platform Windows AMD64 linked at Apr 25 2018 22:31:33 (8e7a27f47d2)
WCCILdatabg  (1), 2018.11.08 09:04:35.131, SYS,  INFO,        3, Trying to connect to (SYS: 0 Data -num 0 CONN: 1) @ localhost:4897
WCCILdatabg  (1), 2018.11.08 09:04:35.140, SYS,  INFO,        4, Connected to (SYS: 0 Data -num 0 CONN: 1) @ BST216.bstelecom.ba (::1)
WCCILdata    (0), 2018.11.08 09:04:35.148, SYS,  INFO,        4, Connected to (SYS: 2 Data -num 1 CONN: 1) @ BST216.bstelecom.ba (::1)
WCCILdata    (0), 2018.11.08 09:04:35.162, SYS,  INFO,        0, , Manager (SYS: 2 Data -num 1 CONN: 1) initialised
WCCILdatabg  (1), 2018.11.08 09:04:35.358, SYS,  INFO,        6, Initialization by Data Manager finished
WCCOAui      (1), 2018.11.08 09:04:51.462, PARAM,WARNING,   107, Automatic disconnect of attributes due to config type change, DP: SysPredejane:_mp_PUMP1.alert.controlFuse:_alert_hdl, MAN: (SYS: 2 Event -num 0 CONN: 1)
WCCOAui      (1), 2018.11.08 09:04:51.462, PARAM,WARNING,   107, Automatic disconnect of attributes due to config type change, DP: SysPredejane:_mp_PUMP1.alert.motorSwitch:_alert_hdl, MAN: (SYS: 2 Event -num 0 CONN: 1)
WCCOAui      (1), 2018.11.08 09:04:51.462, PARAM,WARNING,   107, Automatic disconnect of attributes due to config type change, DP: SysPredejane:_mp_PUMP1.alert.sumalertPLC:_alert_hdl, MAN: (SYS: 2 Event -num 0 CONN: 1)
WCCOAui      (1), 2018.11.08 09:04:51.462, PARAM,WARNING,   107, Automatic disconnect of attributes due to config type change, DP: SysPredejane:_mp_PUMP1.alert.sumalert:_alert_hdl, MAN: (SYS: 2 Event -num 0 CONN: 1)
WCCOAui      (1), 2018.11.08 09:04:51.462, PARAM,WARNING,   107, Automatic disconnect of attributes due to config type change, DP: SysPredejane:_mp_PUMP1.state.on, MAN: (SYS: 2 Event -num 0 CONN: 1)
WCCOAui      (1), 2018.11.08 09:04:51.462, PARAM,WARNING,   107, Automatic disconnect of attributes due to config type change, DP: SysPredejane:_mp_PUMP1.state.on_2, MAN: (SYS: 2 Event -num 0 CONN: 1)
WCCOAui      (1), 2018.11.08 09:04:51.462, PARAM,WARNING,   107, Automatic disconnect of attributes due to config type change, DP: SysPredejane:_mp_PUMP1.state.off, MAN: (SYS: 2 Event -num 0 CONN: 1)
WCCOAui      (1), 2018.11.08 09:04:51.462, PARAM,WARNING,   107, Automatic disconnect of attributes due to config type change, DP: SysPredejane:_mp_PUMP1.value.speed:_alert_hdl, MAN: (SYS: 2 Event -num 0 CONN: 1)
WCCOAui      (1), 2018.11.08 09:04:51.462, PARAM,WARNING,   107, Automatic disconnect of attributes due to config type change, DP: SysPredejane:_mp_PUMP1.value.powerCon:_alert_hdl, MAN: (SYS: 2 Event -num 0 CONN: 1)
WCCOAui      (1), 2018.11.08 09:04:51.462, PARAM,WARNING,   107, Automatic disconnect of attributes due to config type change, DP: SysPredejane:_mp_PUMP1.state.mode.remote, MAN: (SYS: 2 Event -num 0 CONN: 1)
WCCOAui      (1), 2018.11.08 09:04:51.462, PARAM,WARNING,   107, Automatic disconnect of attributes due to config type change, DP: SysPredejane:_mp_PUMP1.state.mode.local, MAN: (SYS: 2 Event -num 0 CONN: 1)
WCCOAui      (1), 2018.11.08 09:04:51.462, PARAM,WARNING,   107, Automatic disconnect of attributes due to config type change, DP: SysPredejane:_mp_PUMP1.state.mode.auto, MAN: (SYS: 2 Event -num 0 CONN: 1)
WCCOAui      (1), 2018.11.08 09:04:51.462, PARAM,WARNING,   107, Automatic disconnect of attributes due to config type change, DP: SysPredejane:_mp_PUMP1.state.mode.man, MAN: (SYS: 2 Event -num 0 CONN: 1)
WCCOAui      (1), 2018.11.08 09:04:51.462, PARAM,WARNING,   107, Automatic disconnect of attributes due to config type change, DP: SysPredejane:_mp_PUMP1.state.mode.service, MAN: (SYS: 2 Event -num 0 CONN: 1)
WCCOAui      (1), 2018.11.08 09:04:51.462, PARAM,WARNING,   107, Automatic disconnect of attributes due to config type change, DP: SysPredejane:_mp_PUMP1.alert.controlFuse:_alert_hdl, MAN: (SYS: 2 Event -num 0 CONN: 1)
WCCOAui      (1), 2018.11.08 09:04:51.462, PARAM,WARNING,   107, Automatic disconnect of attributes due to config type change, DP: SysPredejane:_mp_PUMP1.alert.motorSwitch:_alert_hdl, MAN: (SYS: 2 Event -num 0 CONN: 1)
WCCOAui      (1), 2018.11.08 09:04:51.462, PARAM,WARNING,   107, Automatic disconnect of attributes due to config type change, DP: SysPredejane:_mp_PUMP1.alert.sumalertPLC:_alert_hdl, MAN: (SYS: 2 Event -num 0 CONN: 1)
WCCOAui      (1), 2018.11.08 09:04:51.462, PARAM,WARNING,   107, Automatic disconnect of attributes due to config type change, DP: SysPredejane:_mp_PUMP1.alert.sumalert:_alert_hdl, MAN: (SYS: 2 Event -num 0 CONN: 1)
WCCOAui      (1), 2018.11.08 09:04:51.462, PARAM,WARNING,   107, Automatic disconnect of attributes due to config type change, DP: SysPredejane:_mp_PUMP1.state.on, MAN: (SYS: 2 Event -num 0 CONN: 1)
WCCOAui      (1), 2018.11.08 09:04:51.462, PARAM,WARNING,   107, Automatic disconnect of attributes due to config type change, DP: SysPredejane:_mp_PUMP1.state.on_2, MAN: (SYS: 2 Event -num 0 CONN: 1)
WCCOAui      (1), 2018.11.08 09:04:51.462, PARAM,WARNING,   107, Automatic disconnect of attributes due to config type change, DP: SysPredejane:_mp_PUMP1.state.off, MAN: (SYS: 2 Event -num 0 CONN: 1)
WCCOAui      (1), 2018.11.08 09:04:51.462, PARAM,WARNING,   107, Automatic disconnect of attributes due to config type change, DP: SysPredejane:_mp_PUMP1.value.speed:_alert_hdl, MAN: (SYS: 2 Event -num 0 CONN: 1)
WCCOAui      (1), 2018.11.08 09:04:51.462, PARAM,WARNING,   107, Automatic disconnect of attributes due to config type change, DP: SysPredejane:_mp_PUMP1.value.powerCon:_alert_hdl, MAN: (SYS: 2 Event -num 0 CONN: 1)
WCCOAui      (1), 2018.11.08 09:04:51.462, PARAM,WARNING,   107, Automatic disconnect of attributes due to config type change, DP: SysPredejane:_mp_PUMP1.state.mode.remote, MAN: (SYS: 2 Event -num 0 CONN: 1)
WCCOAui      (1), 2018.11.08 09:04:51.462, PARAM,WARNING,   107, Automatic disconnect of attributes due to config type change, DP: SysPredejane:_mp_PUMP1.state.mode.local, MAN: (SYS: 2 Event -num 0 CONN: 1)
WCCOAui      (1), 2018.11.08 09:04:51.462, PARAM,WARNING,   107, Automatic disconnect of attributes due to config type change, DP: SysPredejane:_mp_PUMP1.state.mode.auto, MAN: (SYS: 2 Event -num 0 CONN: 1)
WCCOAui      (1), 2018.11.08 09:04:51.462, PARAM,WARNING,   107, Automatic disconnect of attributes due to config type change, DP: SysPredejane:_mp_PUMP1.state.mode.man, MAN: (SYS: 2 Event -num 0 CONN: 1)
WCCOAui      (1), 2018.11.08 09:04:51.462, PARAM,WARNING,   107, Automatic disconnect of attributes due to config type change, DP: SysPredejane:_mp_PUMP1.state.mode.service, MAN: (SYS: 2 Event -num 0 CONN: 1)
WCCOAui      (1), 2018.11.08 09:04:53.813, PARAM,WARNING,   107, Automatic disconnect of attributes due to config type change, DP: SysPredejane:_mp_PUMP2.alert.controlFuse:_alert_hdl, MAN: (SYS: 2 Event -num 0 CONN: 1)
WCCOAui      (1), 2018.11.08 09:04:53.813, PARAM,WARNING,   107, Automatic disconnect of attributes due to config type change, DP: SysPredejane:_mp_PUMP2.alert.converter:_alert_hdl, MAN: (SYS: 2 Event -num 0 CONN: 1)
WCCOAui      (1), 2018.11.08 09:04:53.813, PARAM,WARNING,   107, Automatic disconnect of attributes due to config type change, DP: SysPredejane:_mp_PUMP2.alert.flow:_alert_hdl, MAN: (SYS: 2 Event -num 0 CONN: 1)
WCCOAui      (1), 2018.11.08 09:04:53.813, PARAM,WARNING,   107, Automatic disconnect of attributes due to config type change, DP: SysPredejane:_mp_PUMP2.alert.motorSwitch:_alert_hdl, MAN: (SYS: 2 Event -num 0 CONN: 1)
WCCOAui      (1), 2018.11.08 09:04:53.813, PARAM,WARNING,   107, Automatic disconnect of attributes due to config type change, DP: SysPredejane:_mp_PUMP2.alert.motorTherm:_alert_hdl, MAN: (SYS: 2 Event -num 0 CONN: 1)
WCCOAui      (1), 2018.11.08 09:04:53.813, PARAM,WARNING,   107, Automatic disconnect of attributes due to config type change, DP: SysPredejane:_mp_PUMP2.alert.overload:_alert_hdl, MAN: (SYS: 2 Event -num 0 CONN: 1)
WCCOAui      (1), 2018.11.08 09:04:53.813, PARAM,WARNING,   107, Automatic disconnect of attributes due to config type change, DP: SysPredejane:_mp_PUMP2.alert.pressure:_alert_hdl, MAN: (SYS: 2 Event -num 0 CONN: 1)
WCCOAui      (1), 2018.11.08 09:04:53.813, PARAM,WARNING,   107, Automatic disconnect of attributes due to config type change, DP: SysPredejane:_mp_PUMP2.alert.runDry:_alert_hdl, MAN: (SYS: 2 Event -num 0 CONN: 1)
WCCOAui      (1), 2018.11.08 09:04:53.813, PARAM,WARNING,   107, Automatic disconnect of attributes due to config type change, DP: SysPredejane:_mp_PUMP2.alert.speed:_alert_hdl, MAN: (SYS: 2 Event -num 0 CONN: 1)
WCCOAui      (1), 2018.11.08 09:04:53.813, PARAM,WARNING,   107, Automatic disconnect of attributes due to config type change, DP: SysPredejane:_mp_PUMP2.alert.sumalertPLC:_alert_hdl, MAN: (SYS: 2 Event -num 0 CONN: 1)
WCCOAui      (1), 2018.11.08 09:04:53.813, PARAM,WARNING,   107, Automatic disconnect of attributes due to config type change, DP: SysPredejane:_mp_PUMP2.alert.sumalert:_alert_hdl, MAN: (SYS: 2 Event -num 0 CONN: 1)
WCCOAui      (1), 2018.11.08 09:04:53.813, PARAM,WARNING,   107, Automatic disconnect of attributes due to config type change, DP: SysPredejane:_mp_PUMP2.cmd.on, MAN: (SYS: 2 Event -num 0 CONN: 1)
WCCOAui      (1), 2018.11.08 09:04:53.813, PARAM,WARNING,   107, Automatic disconnect of attributes due to config type change, DP: SysPredejane:_mp_PUMP2.para.speed, MAN: (SYS: 2 Event -num 0 CONN: 1)
WCCOAui      (1), 2018.11.08 09:04:53.813, PARAM,WARNING,   107, Automatic disconnect of attributes due to config type change, DP: SysPredejane:_mp_PUMP2.state.on, MAN: (SYS: 2 Event -num 0 CONN: 1)
WCCOAui      (1), 2018.11.08 09:04:53.813, PARAM,WARNING,   107, Automatic disconnect of attributes due to config type change, DP: SysPredejane:_mp_PUMP2.state.on_2, MAN: (SYS: 2 Event -num 0 CONN: 1)
WCCOAui      (1), 2018.11.08 09:04:53.813, PARAM,WARNING,   107, Automatic disconnect of attributes due to config type change, DP: SysPredejane:_mp_PUMP2.state.off, MAN: (SYS: 2 Event -num 0 CONN: 1)
WCCOAui      (1), 2018.11.08 09:04:53.813, PARAM,WARNING,   107, Automatic disconnect of attributes due to config type change, DP: SysPredejane:_mp_PUMP2.value.powerCon:_alert_hdl, MAN: (SYS: 2 Event -num 0 CONN: 1)
WCCOAui      (1), 2018.11.08 09:04:53.813, PARAM,WARNING,   107, Automatic disconnect of attributes due to config type change, DP: SysPredejane:_mp_PUMP2.value.speed:_alert_hdl, MAN: (SYS: 2 Event -num 0 CONN: 1)
WCCOAui      (1), 2018.11.08 09:04:53.813, PARAM,WARNING,   107, Automatic disconnect of attributes due to config type change, DP: SysPredejane:_mp_PUMP2.cmd.mode.auto, MAN: (SYS: 2 Event -num 0 CONN: 1)
WCCOAui      (1), 2018.11.08 09:04:53.813, PARAM,WARNING,   107, Automatic disconnect of attributes due to config type change, DP: SysPredejane:_mp_PUMP2.state.mode.remote, MAN: (SYS: 2 Event -num 0 CONN: 1)
WCCOAui      (1), 2018.11.08 09:04:53.813, PARAM,WARNING,   107, Automatic disconnect of attributes due to config type change, DP: SysPredejane:_mp_PUMP2.state.mode.local, MAN: (SYS: 2 Event -num 0 CONN: 1)
WCCOAui      (1), 2018.11.08 09:04:53.813, PARAM,WARNING,   107, Automatic disconnect of attributes due to config type change, DP: SysPredejane:_mp_PUMP2.state.mode.auto, MAN: (SYS: 2 Event -num 0 CONN: 1)
WCCOAui      (1), 2018.11.08 09:04:53.813, PARAM,WARNING,   107, Automatic disconnect of attributes due to config type change, DP: SysPredejane:_mp_PUMP2.state.mode.man, MAN: (SYS: 2 Event -num 0 CONN: 1)
WCCOAui      (1), 2018.11.08 09:04:53.813, PARAM,WARNING,   107, Automatic disconnect of attributes due to config type change, DP: SysPredejane:_mp_PUMP2.state.mode.service, MAN: (SYS: 2 Event -num 0 CONN: 1)
WCCOAui      (1), 2018.11.08 09:04:53.813, PARAM,WARNING,   107, Automatic disconnect of attributes due to config type change, DP: SysPredejane:_mp_PUMP2.alert.controlFuse:_alert_hdl, MAN: (SYS: 2 Event -num 0 CONN: 1)
WCCOAui      (1), 2018.11.08 09:04:53.813, PARAM,WARNING,   107, Automatic disconnect of attributes due to config type change, DP: SysPredejane:_mp_PUMP2.alert.converter:_alert_hdl, MAN: (SYS: 2 Event -num 0 CONN: 1)
WCCOAui      (1), 2018.11.08 09:04:53.813, PARAM,WARNING,   107, Automatic disconnect of attributes due to config type change, DP: SysPredejane:_mp_PUMP2.alert.flow:_alert_hdl, MAN: (SYS: 2 Event -num 0 CONN: 1)
WCCOAui      (1), 2018.11.08 09:04:53.813, PARAM,WARNING,   107, Automatic disconnect of attributes due to config type change, DP: SysPredejane:_mp_PUMP2.alert.motorSwitch:_alert_hdl, MAN: (SYS: 2 Event -num 0 CONN: 1)
WCCOAui      (1), 2018.11.08 09:04:53.813, PARAM,WARNING,   107, Automatic disconnect of attributes due to config type change, DP: SysPredejane:_mp_PUMP2.alert.motorTherm:_alert_hdl, MAN: (SYS: 2 Event -num 0 CONN: 1)
WCCOAui      (1), 2018.11.08 09:04:53.813, PARAM,WARNING,   107, Automatic disconnect of attributes due to config type change, DP: SysPredejane:_mp_PUMP2.alert.overload:_alert_hdl, MAN: (SYS: 2 Event -num 0 CONN: 1)
WCCOAui      (1), 2018.11.08 09:04:53.813, PARAM,WARNING,   107, Automatic disconnect of attributes due to config type change, DP: SysPredejane:_mp_PUMP2.alert.pressure:_alert_hdl, MAN: (SYS: 2 Event -num 0 CONN: 1)
WCCOAui      (1), 2018.11.08 09:04:53.813, PARAM,WARNING,   107, Automatic disconnect of attributes due to config type change, DP: SysPredejane:_mp_PUMP2.alert.runDry:_alert_hdl, MAN: (SYS: 2 Event -num 0 CONN: 1)
WCCOAui      (1), 2018.11.08 09:04:53.813, PARAM,WARNING,   107, Automatic disconnect of attributes due to config type change, DP: SysPredejane:_mp_PUMP2.alert.speed:_alert_hdl, MAN: (SYS: 2 Event -num 0 CONN: 1)
WCCOAui      (1), 2018.11.08 09:04:53.813, PARAM,WARNING,   107, Automatic disconnect of attributes due to config type change, DP: SysPredejane:_mp_PUMP2.alert.sumalertPLC:_alert_hdl, MAN: (SYS: 2 Event -num 0 CONN: 1)
WCCOAui      (1), 2018.11.08 09:04:53.813, PARAM,WARNING,   107, Automatic disconnect of attributes due to config type change, DP: SysPredejane:_mp_PUMP2.alert.sumalert:_alert_hdl, MAN: (SYS: 2 Event -num 0 CONN: 1)
WCCOAui      (1), 2018.11.08 09:04:53.813, PARAM,WARNING,   107, Automatic disconnect of attributes due to config type change, DP: SysPredejane:_mp_PUMP2.cmd.on, MAN: (SYS: 2 Event -num 0 CONN: 1)
WCCOAui      (1), 2018.11.08 09:04:53.813, PARAM,WARNING,   107, Automatic disconnect of attributes due to config type change, DP: SysPredejane:_mp_PUMP2.para.speed, MAN: (SYS: 2 Event -num 0 CONN: 1)
WCCOAui      (1), 2018.11.08 09:04:53.813, PARAM,WARNING,   107, Automatic disconnect of attributes due to config type change, DP: SysPredejane:_mp_PUMP2.state.on, MAN: (SYS: 2 Event -num 0 CONN: 1)
WCCOAui      (1), 2018.11.08 09:04:53.813, PARAM,WARNING,   107, Automatic disconnect of attributes due to config type change, DP: SysPredejane:_mp_PUMP2.state.on_2, MAN: (SYS: 2 Event -num 0 CONN: 1)
WCCOAui      (1), 2018.11.08 09:04:53.813, PARAM,WARNING,   107, Automatic disconnect of attributes due to config type change, DP: SysPredejane:_mp_PUMP2.state.off, MAN: (SYS: 2 Event -num 0 CONN: 1)
WCCOAui      (1), 2018.11.08 09:04:53.813, PARAM,WARNING,   107, Automatic disconnect of attributes due to config type change, DP: SysPredejane:_mp_PUMP2.value.powerCon:_alert_hdl, MAN: (SYS: 2 Event -num 0 CONN: 1)
WCCOAui      (1), 2018.11.08 09:04:53.813, PARAM,WARNING,   107, Automatic disconnect of attributes due to config type change, DP: SysPredejane:_mp_PUMP2.value.speed:_alert_hdl, MAN: (SYS: 2 Event -num 0 CONN: 1)
WCCOAui      (1), 2018.11.08 09:04:53.813, PARAM,WARNING,   107, Automatic disconnect of attributes due to config type change, DP: SysPredejane:_mp_PUMP2.cmd.mode.auto, MAN: (SYS: 2 Event -num 0 CONN: 1)
WCCOAui      (1), 2018.11.08 09:04:53.813, PARAM,WARNING,   107, Automatic disconnect of attributes due to config type change, DP: SysPredejane:_mp_PUMP2.state.mode.remote, MAN: (SYS: 2 Event -num 0 CONN: 1)
WCCOAui      (1), 2018.11.08 09:04:53.813, PARAM,WARNING,   107, Automatic disconnect of attributes due to config type change, DP: SysPredejane:_mp_PUMP2.state.mode.local, MAN: (SYS: 2 Event -num 0 CONN: 1)
WCCOAui      (1), 2018.11.08 09:04:53.813, PARAM,WARNING,   107, Automatic disconnect of attributes due to config type change, DP: SysPredejane:_mp_PUMP2.state.mode.auto, MAN: (SYS: 2 Event -num 0 CONN: 1)
WCCOAui      (1), 2018.11.08 09:04:53.813, PARAM,WARNING,   107, Automatic disconnect of attributes due to config type change, DP: SysPredejane:_mp_PUMP2.state.mode.man, MAN: (SYS: 2 Event -num 0 CONN: 1)
WCCOAui      (1), 2018.11.08 09:04:53.813, PARAM,WARNING,   107, Automatic disconnect of attributes due to config type change, DP: SysPredejane:_mp_PUMP2.state.mode.service, MAN: (SYS: 2 Event -num 0 CONN: 1)
WCCOAui      (1), 2018.11.08 09:04:56.521, PARAM,WARNING,   107, Automatic disconnect of attributes due to config type change, DP: SysPredejane:_mp_SETPOINT.cmd, MAN: (SYS: 2 Event -num 0 CONN: 1)
WCCOAui      (1), 2018.11.08 09:04:56.521, PARAM,WARNING,   107, Automatic disconnect of attributes due to config type change, DP: SysPredejane:_mp_SETPOINT.value:_alert_hdl, MAN: (SYS: 2 Event -num 0 CONN: 1)
WCCOAui      (1), 2018.11.08 09:04:56.521, PARAM,WARNING,   107, Automatic disconnect of attributes due to config type change, DP: SysPredejane:_mp_SETPOINT.cmd, MAN: (SYS: 2 Event -num 0 CONN: 1)
WCCOAui      (1), 2018.11.08 09:04:56.521, PARAM,WARNING,   107, Automatic disconnect of attributes due to config type change, DP: SysPredejane:_mp_SETPOINT.value:_alert_hdl, MAN: (SYS: 2 Event -num 0 CONN: 1)
WCCOAui      (1), 2018.11.08 09:05:02.895, PARAM,WARNING,   107, Automatic disconnect of attributes due to config type change, DP: SysPredejane:_mp_SLIDE_VALVE1.alert.controlFuse:_alert_hdl, MAN: (SYS: 2 Event -num 0 CONN: 1)
WCCOAui      (1), 2018.11.08 09:05:02.895, PARAM,WARNING,   107, Automatic disconnect of attributes due to config type change, DP: SysPredejane:_mp_SLIDE_VALVE1.alert.motorSwitch:_alert_hdl, MAN: (SYS: 2 Event -num 0 CONN: 1)
WCCOAui      (1), 2018.11.08 09:05:02.895, PARAM,WARNING,   107, Automatic disconnect of attributes due to config type change, DP: SysPredejane:_mp_SLIDE_VALVE1.alert.sumalertPLC:_alert_hdl, MAN: (SYS: 2 Event -num 0 CONN: 1)
WCCOAui      (1), 2018.11.08 09:05:02.895, PARAM,WARNING,   107, Automatic disconnect of attributes due to config type change, DP: SysPredejane:_mp_SLIDE_VALVE1.alert.sumalert:_alert_hdl, MAN: (SYS: 2 Event -num 0 CONN: 1)
WCCOAui      (1), 2018.11.08 09:05:02.895, PARAM,WARNING,   107, Automatic disconnect of attributes due to config type change, DP: SysPredejane:_mp_SLIDE_VALVE1.state.open, MAN: (SYS: 2 Event -num 0 CONN: 1)
WCCOAui      (1), 2018.11.08 09:05:02.895, PARAM,WARNING,   107, Automatic disconnect of attributes due to config type change, DP: SysPredejane:_mp_SLIDE_VALVE1.state.close, MAN: (SYS: 2 Event -num 0 CONN: 1)
WCCOAui      (1), 2018.11.08 09:05:02.895, PARAM,WARNING,   107, Automatic disconnect of attributes due to config type change, DP: SysPredejane:_mp_SLIDE_VALVE1.state.opening, MAN: (SYS: 2 Event -num 0 CONN: 1)
WCCOAui      (1), 2018.11.08 09:05:02.895, PARAM,WARNING,   107, Automatic disconnect of attributes due to config type change, DP: SysPredejane:_mp_SLIDE_VALVE1.state.closing, MAN: (SYS: 2 Event -num 0 CONN: 1)
WCCOAui      (1), 2018.11.08 09:05:02.895, PARAM,WARNING,   107, Automatic disconnect of attributes due to config type change, DP: SysPredejane:_mp_SLIDE_VALVE1.value.position:_alert_hdl, MAN: (SYS: 2 Event -num 0 CONN: 1)
WCCOAui      (1), 2018.11.08 09:05:02.895, PARAM,WARNING,   107, Automatic disconnect of attributes due to config type change, DP: SysPredejane:_mp_SLIDE_VALVE1.state.mode.remote, MAN: (SYS: 2 Event -num 0 CONN: 1)
WCCOAui      (1), 2018.11.08 09:05:02.895, PARAM,WARNING,   107, Automatic disconnect of attributes due to config type change, DP: SysPredejane:_mp_SLIDE_VALVE1.state.mode.local, MAN: (SYS: 2 Event -num 0 CONN: 1)
WCCOAui      (1), 2018.11.08 09:05:02.895, PARAM,WARNING,   107, Automatic disconnect of attributes due to config type change, DP: SysPredejane:_mp_SLIDE_VALVE1.state.mode.auto, MAN: (SYS: 2 Event -num 0 CONN: 1)
WCCOAui      (1), 2018.11.08 09:05:02.895, PARAM,WARNING,   107, Automatic disconnect of attributes due to config type change, DP: SysPredejane:_mp_SLIDE_VALVE1.state.mode.man, MAN: (SYS: 2 Event -num 0 CONN: 1)
WCCOAui      (1), 2018.11.08 09:05:02.895, PARAM,WARNING,   107, Automatic disconnect of attributes due to config type change, DP: SysPredejane:_mp_SLIDE_VALVE1.state.mode.service, MAN: (SYS: 2 Event -num 0 CONN: 1)
WCCOAui      (1), 2018.11.08 09:05:02.895, PARAM,WARNING,   107, Automatic disconnect of attributes due to config type change, DP: SysPredejane:_mp_SLIDE_VALVE1.alert.controlFuse:_alert_hdl, MAN: (SYS: 2 Event -num 0 CONN: 1)
WCCOAui      (1), 2018.11.08 09:05:02.895, PARAM,WARNING,   107, Automatic disconnect of attributes due to config type change, DP: SysPredejane:_mp_SLIDE_VALVE1.alert.motorSwitch:_alert_hdl, MAN: (SYS: 2 Event -num 0 CONN: 1)
WCCOAui      (1), 2018.11.08 09:05:02.895, PARAM,WARNING,   107, Automatic disconnect of attributes due to config type change, DP: SysPredejane:_mp_SLIDE_VALVE1.alert.sumalertPLC:_alert_hdl, MAN: (SYS: 2 Event -num 0 CONN: 1)
WCCOAui      (1), 2018.11.08 09:05:02.895, PARAM,WARNING,   107, Automatic disconnect of attributes due to config type change, DP: SysPredejane:_mp_SLIDE_VALVE1.alert.sumalert:_alert_hdl, MAN: (SYS: 2 Event -num 0 CONN: 1)
WCCOAui      (1), 2018.11.08 09:05:02.895, PARAM,WARNING,   107, Automatic disconnect of attributes due to config type change, DP: SysPredejane:_mp_SLIDE_VALVE1.state.open, MAN: (SYS: 2 Event -num 0 CONN: 1)
WCCOAui      (1), 2018.11.08 09:05:02.895, PARAM,WARNING,   107, Automatic disconnect of attributes due to config type change, DP: SysPredejane:_mp_SLIDE_VALVE1.state.close, MAN: (SYS: 2 Event -num 0 CONN: 1)
WCCOAui      (1), 2018.11.08 09:05:02.895, PARAM,WARNING,   107, Automatic disconnect of attributes due to config type change, DP: SysPredejane:_mp_SLIDE_VALVE1.state.opening, MAN: (SYS: 2 Event -num 0 CONN: 1)
WCCOAui      (1), 2018.11.08 09:05:02.895, PARAM,WARNING,   107, Automatic disconnect of attributes due to config type change, DP: SysPredejane:_mp_SLIDE_VALVE1.state.closing, MAN: (SYS: 2 Event -num 0 CONN: 1)
WCCOAui      (1), 2018.11.08 09:05:02.895, PARAM,WARNING,   107, Automatic disconnect of attributes due to config type change, DP: SysPredejane:_mp_SLIDE_VALVE1.value.position:_alert_hdl, MAN: (SYS: 2 Event -num 0 CONN: 1)
WCCOAui      (1), 2018.11.08 09:05:02.895, PARAM,WARNING,   107, Automatic disconnect of attributes due to config type change, DP: SysPredejane:_mp_SLIDE_VALVE1.state.mode.remote, MAN: (SYS: 2 Event -num 0 CONN: 1)
WCCOAui      (1), 2018.11.08 09:05:02.895, PARAM,WARNING,   107, Automatic disconnect of attributes due to config type change, DP: SysPredejane:_mp_SLIDE_VALVE1.state.mode.local, MAN: (SYS: 2 Event -num 0 CONN: 1)
WCCOAui      (1), 2018.11.08 09:05:02.895, PARAM,WARNING,   107, Automatic disconnect of attributes due to config type change, DP: SysPredejane:_mp_SLIDE_VALVE1.state.mode.auto, MAN: (SYS: 2 Event -num 0 CONN: 1)
WCCOAui      (1), 2018.11.08 09:05:02.895, PARAM,WARNING,   107, Automatic disconnect of attributes due to config type change, DP: SysPredejane:_mp_SLIDE_VALVE1.state.mode.man, MAN: (SYS: 2 Event -num 0 CONN: 1)
WCCOAui      (1), 2018.11.08 09:05:02.895, PARAM,WARNING,   107, Automatic disconnect of attributes due to config type change, DP: SysPredejane:_mp_SLIDE_VALVE1.state.mode.service, MAN: (SYS: 2 Event -num 0 CONN: 1)
WCCOAui      (1), 2018.11.08 09:05:06.154, PARAM,WARNING,   107, Automatic disconnect of attributes due to config type change, DP: SysPredejane:_mp_SLIDE_VALVE2.alert.controlFuse:_alert_hdl, MAN: (SYS: 2 Event -num 0 CONN: 1)
WCCOAui      (1), 2018.11.08 09:05:06.154, PARAM,WARNING,   107, Automatic disconnect of attributes due to config type change, DP: SysPredejane:_mp_SLIDE_VALVE2.alert.heater:_alert_hdl, MAN: (SYS: 2 Event -num 0 CONN: 1)
WCCOAui      (1), 2018.11.08 09:05:06.154, PARAM,WARNING,   107, Automatic disconnect of attributes due to config type change, DP: SysPredejane:_mp_SLIDE_VALVE2.alert.motorSwitch:_alert_hdl, MAN: (SYS: 2 Event -num 0 CONN: 1)
WCCOAui      (1), 2018.11.08 09:05:06.154, PARAM,WARNING,   107, Automatic disconnect of attributes due to config type change, DP: SysPredejane:_mp_SLIDE_VALVE2.alert.motorTherm:_alert_hdl, MAN: (SYS: 2 Event -num 0 CONN: 1)
WCCOAui      (1), 2018.11.08 09:05:06.154, PARAM,WARNING,   107, Automatic disconnect of attributes due to config type change, DP: SysPredejane:_mp_SLIDE_VALVE2.alert.time:_alert_hdl, MAN: (SYS: 2 Event -num 0 CONN: 1)
WCCOAui      (1), 2018.11.08 09:05:06.154, PARAM,WARNING,   107, Automatic disconnect of attributes due to config type change, DP: SysPredejane:_mp_SLIDE_VALVE2.alert.torque:_alert_hdl, MAN: (SYS: 2 Event -num 0 CONN: 1)
WCCOAui      (1), 2018.11.08 09:05:06.154, PARAM,WARNING,   107, Automatic disconnect of attributes due to config type change, DP: SysPredejane:_mp_SLIDE_VALVE2.alert.sumalertPLC:_alert_hdl, MAN: (SYS: 2 Event -num 0 CONN: 1)
WCCOAui      (1), 2018.11.08 09:05:06.154, PARAM,WARNING,   107, Automatic disconnect of attributes due to config type change, DP: SysPredejane:_mp_SLIDE_VALVE2.alert.sumalert:_alert_hdl, MAN: (SYS: 2 Event -num 0 CONN: 1)
WCCOAui      (1), 2018.11.08 09:05:06.154, PARAM,WARNING,   107, Automatic disconnect of attributes due to config type change, DP: SysPredejane:_mp_SLIDE_VALVE2.cmd.open, MAN: (SYS: 2 Event -num 0 CONN: 1)
WCCOAui      (1), 2018.11.08 09:05:06.154, PARAM,WARNING,   107, Automatic disconnect of attributes due to config type change, DP: SysPredejane:_mp_SLIDE_VALVE2.para.position, MAN: (SYS: 2 Event -num 0 CONN: 1)
WCCOAui      (1), 2018.11.08 09:05:06.154, PARAM,WARNING,   107, Automatic disconnect of attributes due to config type change, DP: SysPredejane:_mp_SLIDE_VALVE2.state.open, MAN: (SYS: 2 Event -num 0 CONN: 1)
WCCOAui      (1), 2018.11.08 09:05:06.154, PARAM,WARNING,   107, Automatic disconnect of attributes due to config type change, DP: SysPredejane:_mp_SLIDE_VALVE2.state.close, MAN: (SYS: 2 Event -num 0 CONN: 1)
WCCOAui      (1), 2018.11.08 09:05:06.154, PARAM,WARNING,   107, Automatic disconnect of attributes due to config type change, DP: SysPredejane:_mp_SLIDE_VALVE2.state.opening, MAN: (SYS: 2 Event -num 0 CONN: 1)
WCCOAui      (1), 2018.11.08 09:05:06.154, PARAM,WARNING,   107, Automatic disconnect of attributes due to config type change, DP: SysPredejane:_mp_SLIDE_VALVE2.state.closing, MAN: (SYS: 2 Event -num 0 CONN: 1)
WCCOAui      (1), 2018.11.08 09:05:06.154, PARAM,WARNING,   107, Automatic disconnect of attributes due to config type change, DP: SysPredejane:_mp_SLIDE_VALVE2.value.position:_alert_hdl, MAN: (SYS: 2 Event -num 0 CONN: 1)
WCCOAui      (1), 2018.11.08 09:05:06.154, PARAM,WARNING,   107, Automatic disconnect of attributes due to config type change, DP: SysPredejane:_mp_SLIDE_VALVE2.cmd.mode.auto, MAN: (SYS: 2 Event -num 0 CONN: 1)
WCCOAui      (1), 2018.11.08 09:05:06.154, PARAM,WARNING,   107, Automatic disconnect of attributes due to config type change, DP: SysPredejane:_mp_SLIDE_VALVE2.state.mode.remote, MAN: (SYS: 2 Event -num 0 CONN: 1)
WCCOAui      (1), 2018.11.08 09:05:06.154, PARAM,WARNING,   107, Automatic disconnect of attributes due to config type change, DP: SysPredejane:_mp_SLIDE_VALVE2.state.mode.local, MAN: (SYS: 2 Event -num 0 CONN: 1)
WCCOAui      (1), 2018.11.08 09:05:06.154, PARAM,WARNING,   107, Automatic disconnect of attributes due to config type change, DP: SysPredejane:_mp_SLIDE_VALVE2.state.mode.auto, MAN: (SYS: 2 Event -num 0 CONN: 1)
WCCOAui      (1), 2018.11.08 09:05:06.154, PARAM,WARNING,   107, Automatic disconnect of attributes due to config type change, DP: SysPredejane:_mp_SLIDE_VALVE2.state.mode.man, MAN: (SYS: 2 Event -num 0 CONN: 1)
WCCOAui      (1), 2018.11.08 09:05:06.154, PARAM,WARNING,   107, Automatic disconnect of attributes due to config type change, DP: SysPredejane:_mp_SLIDE_VALVE2.state.mode.service, MAN: (SYS: 2 Event -num 0 CONN: 1)
WCCOAui      (1), 2018.11.08 09:05:06.154, PARAM,WARNING,   107, Automatic disconnect of attributes due to config type change, DP: SysPredejane:_mp_SLIDE_VALVE2.alert.controlFuse:_alert_hdl, MAN: (SYS: 2 Event -num 0 CONN: 1)
WCCOAui      (1), 2018.11.08 09:05:06.154, PARAM,WARNING,   107, Automatic disconnect of attributes due to config type change, DP: SysPredejane:_mp_SLIDE_VALVE2.alert.heater:_alert_hdl, MAN: (SYS: 2 Event -num 0 CONN: 1)
WCCOAui      (1), 2018.11.08 09:05:06.154, PARAM,WARNING,   107, Automatic disconnect of attributes due to config type change, DP: SysPredejane:_mp_SLIDE_VALVE2.alert.motorSwitch:_alert_hdl, MAN: (SYS: 2 Event -num 0 CONN: 1)
WCCOAui      (1), 2018.11.08 09:05:06.154, PARAM,WARNING,   107, Automatic disconnect of attributes due to config type change, DP: SysPredejane:_mp_SLIDE_VALVE2.alert.motorTherm:_alert_hdl, MAN: (SYS: 2 Event -num 0 CONN: 1)
WCCOAui      (1), 2018.11.08 09:05:06.154, PARAM,WARNING,   107, Automatic disconnect of attributes due to config type change, DP: SysPredejane:_mp_SLIDE_VALVE2.alert.time:_alert_hdl, MAN: (SYS: 2 Event -num 0 CONN: 1)
WCCOAui      (1), 2018.11.08 09:05:06.154, PARAM,WARNING,   107, Automatic disconnect of attributes due to config type change, DP: SysPredejane:_mp_SLIDE_VALVE2.alert.torque:_alert_hdl, MAN: (SYS: 2 Event -num 0 CONN: 1)
WCCOAui      (1), 2018.11.08 09:05:06.154, PARAM,WARNING,   107, Automatic disconnect of attributes due to config type change, DP: SysPredejane:_mp_SLIDE_VALVE2.alert.sumalertPLC:_alert_hdl, MAN: (SYS: 2 Event -num 0 CONN: 1)
WCCOAui      (1), 2018.11.08 09:05:06.154, PARAM,WARNING,   107, Automatic disconnect of attributes due to config type change, DP: SysPredejane:_mp_SLIDE_VALVE2.alert.sumalert:_alert_hdl, MAN: (SYS: 2 Event -num 0 CONN: 1)
WCCOAui      (1), 2018.11.08 09:05:06.154, PARAM,WARNING,   107, Automatic disconnect of attributes due to config type change, DP: SysPredejane:_mp_SLIDE_VALVE2.cmd.open, MAN: (SYS: 2 Event -num 0 CONN: 1)
WCCOAui      (1), 2018.11.08 09:05:06.154, PARAM,WARNING,   107, Automatic disconnect of attributes due to config type change, DP: SysPredejane:_mp_SLIDE_VALVE2.para.position, MAN: (SYS: 2 Event -num 0 CONN: 1)
WCCOAui      (1), 2018.11.08 09:05:06.154, PARAM,WARNING,   107, Automatic disconnect of attributes due to config type change, DP: SysPredejane:_mp_SLIDE_VALVE2.state.open, MAN: (SYS: 2 Event -num 0 CONN: 1)
WCCOAui      (1), 2018.11.08 09:05:06.154, PARAM,WARNING,   107, Automatic disconnect of attributes due to config type change, DP: SysPredejane:_mp_SLIDE_VALVE2.state.close, MAN: (SYS: 2 Event -num 0 CONN: 1)
WCCOAui      (1), 2018.11.08 09:05:06.154, PARAM,WARNING,   107, Automatic disconnect of attributes due to config type change, DP: SysPredejane:_mp_SLIDE_VALVE2.state.opening, MAN: (SYS: 2 Event -num 0 CONN: 1)
WCCOAui      (1), 2018.11.08 09:05:06.154, PARAM,WARNING,   107, Automatic disconnect of attributes due to config type change, DP: SysPredejane:_mp_SLIDE_VALVE2.state.closing, MAN: (SYS: 2 Event -num 0 CONN: 1)
WCCOAui      (1), 2018.11.08 09:05:06.154, PARAM,WARNING,   107, Automatic disconnect of attributes due to config type change, DP: SysPredejane:_mp_SLIDE_VALVE2.value.position:_alert_hdl, MAN: (SYS: 2 Event -num 0 CONN: 1)
WCCOAui      (1), 2018.11.08 09:05:06.154, PARAM,WARNING,   107, Automatic disconnect of attributes due to config type change, DP: SysPredejane:_mp_SLIDE_VALVE2.cmd.mode.auto, MAN: (SYS: 2 Event -num 0 CONN: 1)
WCCOAui      (1), 2018.11.08 09:05:06.154, PARAM,WARNING,   107, Automatic disconnect of attributes due to config type change, DP: SysPredejane:_mp_SLIDE_VALVE2.state.mode.remote, MAN: (SYS: 2 Event -num 0 CONN: 1)
WCCOAui      (1), 2018.11.08 09:05:06.154, PARAM,WARNING,   107, Automatic disconnect of attributes due to config type change, DP: SysPredejane:_mp_SLIDE_VALVE2.state.mode.local, MAN: (SYS: 2 Event -num 0 CONN: 1)
WCCOAui      (1), 2018.11.08 09:05:06.154, PARAM,WARNING,   107, Automatic disconnect of attributes due to config type change, DP: SysPredejane:_mp_SLIDE_VALVE2.state.mode.auto, MAN: (SYS: 2 Event -num 0 CONN: 1)
WCCOAui      (1), 2018.11.08 09:05:06.154, PARAM,WARNING,   107, Automatic disconnect of attributes due to config type change, DP: SysPredejane:_mp_SLIDE_VALVE2.state.mode.man, MAN: (SYS: 2 Event -num 0 CONN: 1)
WCCOAui      (1), 2018.11.08 09:05:06.154, PARAM,WARNING,   107, Automatic disconnect of attributes due to config type change, DP: SysPredejane:_mp_SLIDE_VALVE2.state.mode.service, MAN: (SYS: 2 Event -num 0 CONN: 1)
WCCOAui      (1), 2018.11.08 09:05:08.765, PARAM,WARNING,   107, Automatic disconnect of attributes due to config type change, DP: SysPredejane:_mp_SSC_KPI_Instance.kpiKey, MAN: (SYS: 2 Event -num 0 CONN: 1)
WCCOAui      (1), 2018.11.08 09:05:08.765, PARAM,WARNING,   107, Automatic disconnect of attributes due to config type change, DP: SysPredejane:_mp_SSC_KPI_Instance.result, MAN: (SYS: 2 Event -num 0 CONN: 1)
WCCOAui      (1), 2018.11.08 09:05:08.765, PARAM,WARNING,   107, Automatic disconnect of attributes due to config type change, DP: SysPredejane:_mp_SSC_KPI_Instance.comment, MAN: (SYS: 2 Event -num 0 CONN: 1)
WCCOAui      (1), 2018.11.08 09:05:08.765, PARAM,WARNING,   107, Automatic disconnect of attributes due to config type change, DP: SysPredejane:_mp_SSC_KPI_Instance.configuration.kpiName, MAN: (SYS: 2 Event -num 0 CONN: 1)
WCCOAui      (1), 2018.11.08 09:05:08.765, PARAM,WARNING,   107, Automatic disconnect of attributes due to config type change, DP: SysPredejane:_mp_SSC_KPI_Instance.configuration.parameterInstances, MAN: (SYS: 2 Event -num 0 CONN: 1)
WCCOAui      (1), 2018.11.08 09:05:08.765, PARAM,WARNING,   107, Automatic disconnect of attributes due to config type change, DP: SysPredejane:_mp_SSC_KPI_Instance.configuration.trigger, MAN: (SYS: 2 Event -num 0 CONN: 1)
WCCOAui      (1), 2018.11.08 09:05:08.765, PARAM,WARNING,   107, Automatic disconnect of attributes due to config type change, DP: SysPredejane:_mp_SSC_KPI_Instance.configuration.parameterTypes, MAN: (SYS: 2 Event -num 0 CONN: 1)
WCCOAui      (1), 2018.11.08 09:05:08.765, PARAM,WARNING,   107, Automatic disconnect of attributes due to config type change, DP: SysPredejane:_mp_SSC_KPI_Instance.configuration.searchInContext, MAN: (SYS: 2 Event -num 0 CONN: 1)
WCCOAui      (1), 2018.11.08 09:05:08.765, PARAM,WARNING,   107, Automatic disconnect of attributes due to config type change, DP: SysPredejane:_mp_SSC_KPI_Instance.configuration.context, MAN: (SYS: 2 Event -num 0 CONN: 1)
WCCOAui      (1), 2018.11.08 09:05:08.765, PARAM,WARNING,   107, Automatic disconnect of attributes due to config type change, DP: SysPredejane:_mp_SSC_KPI_Instance.configuration.parameterInputs, MAN: (SYS: 2 Event -num 0 CONN: 1)
WCCOAui      (1), 2018.11.08 09:05:08.765, PARAM,WARNING,   107, Automatic disconnect of attributes due to config type change, DP: SysPredejane:_mp_SSC_KPI_Instance.enabled:_alert_hdl, MAN: (SYS: 2 Event -num 0 CONN: 1)
WCCOAui      (1), 2018.11.08 09:05:08.765, PARAM,WARNING,   107, Automatic disconnect of attributes due to config type change, DP: SysPredejane:_mp_SSC_KPI_Instance.singleUpdated, MAN: (SYS: 2 Event -num 0 CONN: 1)
WCCOAui      (1), 2018.11.08 09:05:08.765, PARAM,WARNING,   107, Automatic disconnect of attributes due to config type change, DP: SysPredejane:_mp_SSC_KPI_Instance.kpiKey, MAN: (SYS: 2 Event -num 0 CONN: 1)
WCCOAui      (1), 2018.11.08 09:05:08.765, PARAM,WARNING,   107, Automatic disconnect of attributes due to config type change, DP: SysPredejane:_mp_SSC_KPI_Instance.result, MAN: (SYS: 2 Event -num 0 CONN: 1)
WCCOAui      (1), 2018.11.08 09:05:08.765, PARAM,WARNING,   107, Automatic disconnect of attributes due to config type change, DP: SysPredejane:_mp_SSC_KPI_Instance.comment, MAN: (SYS: 2 Event -num 0 CONN: 1)
WCCOAui      (1), 2018.11.08 09:05:08.765, PARAM,WARNING,   107, Automatic disconnect of attributes due to config type change, DP: SysPredejane:_mp_SSC_KPI_Instance.configuration.kpiName, MAN: (SYS: 2 Event -num 0 CONN: 1)
WCCOAui      (1), 2018.11.08 09:05:08.765, PARAM,WARNING,   107, Automatic disconnect of attributes due to config type change, DP: SysPredejane:_mp_SSC_KPI_Instance.configuration.parameterInstances, MAN: (SYS: 2 Event -num 0 CONN: 1)
WCCOAui      (1), 2018.11.08 09:05:08.765, PARAM,WARNING,   107, Automatic disconnect of attributes due to config type change, DP: SysPredejane:_mp_SSC_KPI_Instance.configuration.trigger, MAN: (SYS: 2 Event -num 0 CONN: 1)
WCCOAui      (1), 2018.11.08 09:05:08.765, PARAM,WARNING,   107, Automatic disconnect of attributes due to config type change, DP: SysPredejane:_mp_SSC_KPI_Instance.configuration.parameterTypes, MAN: (SYS: 2 Event -num 0 CONN: 1)
WCCOAui      (1), 2018.11.08 09:05:08.765, PARAM,WARNING,   107, Automatic disconnect of attributes due to config type change, DP: SysPredejane:_mp_SSC_KPI_Instance.configuration.searchInContext, MAN: (SYS: 2 Event -num 0 CONN: 1)
WCCOAui      (1), 2018.11.08 09:05:08.765, PARAM,WARNING,   107, Automatic disconnect of attributes due to config type change, DP: SysPredejane:_mp_SSC_KPI_Instance.configuration.context, MAN: (SYS: 2 Event -num 0 CONN: 1)
WCCOAui      (1), 2018.11.08 09:05:08.765, PARAM,WARNING,   107, Automatic disconnect of attributes due to config type change, DP: SysPredejane:_mp_SSC_KPI_Instance.configuration.parameterInputs, MAN: (SYS: 2 Event -num 0 CONN: 1)
WCCOAui      (1), 2018.11.08 09:05:08.765, PARAM,WARNING,   107, Automatic disconnect of attributes due to config type change, DP: SysPredejane:_mp_SSC_KPI_Instance.enabled:_alert_hdl, MAN: (SYS: 2 Event -num 0 CONN: 1)
WCCOAui      (1), 2018.11.08 09:05:08.765, PARAM,WARNING,   107, Automatic disconnect of attributes due to config type change, DP: SysPredejane:_mp_SSC_KPI_Instance.singleUpdated, MAN: (SYS: 2 Event -num 0 CONN: 1)
WCCILevent   (0), 2018.11.08 09:05:11.760, IMPL, WARNING,    54, Unexpected state, DP: SysPredejane:_mp_WH_SC_SERVICE.value.timeLeft:_dp_fct, EvDpManager::, handleDpFuncHL #2, error starting Ctrl-Function
WCCILevent   (0), 2018.11.08 09:05:11.766, IMPL, WARNING,    54, Unexpected state, DP: SysPredejane:_mp_WH_SC_SERVICE.cmd.off:_dp_fct, EvDpManager::, handleDpFuncHL #2, error starting Ctrl-Function
WCCILevent   (0), 2018.11.08 09:05:19.368, IMPL, WARNING,    54, Unexpected state, DP: SysPredejane:_mp_WH_SC1.value.pvssCounter:_dp_fct, EvDpManager::, handleDpFuncHL #2, error starting Ctrl-Function
WCCILevent   (0), 2018.11.08 09:05:19.373, IMPL, WARNING,    54, Unexpected state, DP: SysPredejane:_mp_WH_SC1.value.on:_dp_fct, EvDpManager::, handleDpFuncHL #2, error starting Ctrl-Function
WCCILpmon    (1), 2018.11.08 09:07:26.707, SYS,  INFO,       21/pmon, Got STOP_ALL command from ::1, stopping the project
WCCILpmon    (1), 2018.11.08 09:07:26.718, SYS,  INFO,       17/pmon, Stopping Manager WCCOAui(1) with signal SIGTERM
WCCOAui      (1), 2018.11.08 09:07:26.733, SYS,  INFO,      170, Signal SIGTERM received - exiting ...
WCCILpmon    (1), 2018.11.08 09:07:26.733, SYS,  INFO,       17/pmon, Stopping Manager WCCILsim(1) with signal SIGTERM
WCCILsim     (1), 2018.11.08 09:07:26.740, SYS,  INFO,      170, Signal SIGTERM received - exiting ...
WCCILpmon    (1), 2018.11.08 09:07:26.740, SYS,  INFO,       17/pmon, Stopping Manager WCCOActrl(1) with signal SIGTERM
WCCOActrl    (1), 2018.11.08 09:07:26.747, SYS,  INFO,      170, Signal SIGTERM received - exiting ...
WCCILpmon    (1), 2018.11.08 09:07:26.747, SYS,  INFO,       17/pmon, Stopping Manager WCCOAvalarch(5) with signal SIGTERM
WCCILpmon    (1), 2018.11.08 09:07:26.759, SYS,  INFO,       17/pmon, Stopping Manager WCCOAvalarch(4) with signal SIGTERM
WCCILpmon    (1), 2018.11.08 09:07:26.771, SYS,  INFO,       17/pmon, Stopping Manager WCCOAvalarch(3) with signal SIGTERM
WCCILpmon    (1), 2018.11.08 09:07:26.789, SYS,  INFO,       17/pmon, Stopping Manager WCCOAvalarch(2) with signal SIGTERM
WCCILpmon    (1), 2018.11.08 09:07:26.799, SYS,  INFO,       17/pmon, Stopping Manager WCCOAvalarch(1) with signal SIGTERM
WCCILpmon    (1), 2018.11.08 09:07:26.809, SYS,  INFO,       17/pmon, Stopping Manager WCCOAvalarch(0) with signal SIGTERM
WCCILsim     (1), 2018.11.08 09:07:28.774, SYS,  INFO,      181, Closing connection to (SYS: 2 Data -num 0 CONN: 1)
WCCILsim     (1), 2018.11.08 09:07:28.781, SYS,  INFO,      181, Closing connection to (SYS: 2 Event -num 0 CONN: 1)
 Connection closed
WCCILevent   (0), 2018.11.08 09:07:28.788, SYS,  INFO,       39, Connection lost, MAN: (SYS: 2 Driver -num 1 CONN: 1), Connection closed
WCCILsim     (1), 2018.11.08 09:07:28.788, SYS,  INFO,       39, Connection lost, MAN: (SYS: 2 Data -num 0 CONN: 1), Connection closed
WCCILsim     (1), 2018.11.08 09:07:28.795, SYS,  INFO,       39, Connection lost, MAN: (SYS: 2 Event -num 0 CONN: 1), Connection closed
WCCILsim     (1), 2018.11.08 09:07:28.802, SYS,  INFO,        2, Manager Stop
WCCOAui      (1), 2018.11.08 09:07:28.900, SYS,  INFO,      181, Closing connection to (SYS: 2 Data -num 0 CONN: 1)
WCCILdata    (0), 2018.11.08 09:07:28.905, SYS,  INFO,       39, Connection lost, MAN: (SYS: 2 Ui -num 1 CONN: 1), Connection closed
WCCOAui      (1), 2018.11.08 09:07:28.905, SYS,  INFO,      181, Closing connection to (SYS: 2 Event -num 0 CONN: 1)
WCCOAui      (1), 2018.11.08 09:07:28.909, SYS,  INFO,       39, Connection lost, MAN: (SYS: 2 Data -num 0 CONN: 1), Connection closed
WCCILevent   (0), 2018.11.08 09:07:28.915, SYS,  INFO,       39, Connection lost, MAN: (SYS: 2 Ui -num 1 CONN: 1), Connection closed
WCCOAui      (1), 2018.11.08 09:07:28.919, SYS,  INFO,       39, Connection lost, MAN: (SYS: 2 Event -num 0 CONN: 1), Connection closed
WCCOAui      (1), 2018.11.08 09:07:28.969, SYS,  INFO,        2, Manager Stop
WCCOActrl    (1), 2018.11.08 09:07:29.033, SYS,  INFO,      181, Closing connection to (SYS: 2 Data -num 0 CONN: 1)
WCCOActrl    (1), 2018.11.08 09:07:29.038, SYS,  INFO,      181, Closing connection to (SYS: 2 Event -num 0 CONN: 1)
onnection closed
WCCOActrl    (1), 2018.11.08 09:07:29.045, SYS,  INFO,       39, Connection lost, MAN: (SYS: 2 Data -num 0 CONN: 1), Connection closed
WCCILevent   (0), 2018.11.08 09:07:29.051, SYS,  INFO,       39, Connection lost, MAN: (SYS: 2 Ctrl -num 1 CONN: 1), Connection closed
WCCOActrl    (1), 2018.11.08 09:07:29.057, SYS,  INFO,       39, Connection lost, MAN: (SYS: 2 Event -num 0 CONN: 1), Connection closed
WCCOActrl    (1), 2018.11.08 09:07:29.064, SYS,  SEVERE,     54, Unexpected state, CtrlMgr, doConnectionClose, Lost Connection to Event Manager, exiting ...
WCCOActrl    (1), 2018.11.08 09:07:29.083, SYS,  INFO,        2, Manager Stop
WCCOAvalarch (5), 2018.11.08 09:07:32.783, SYS,  INFO,      181, Closing connection to (SYS: 2 Data -num 0 CONN: 1)
WCCILdata    (0), 2018.11.08 09:07:32.788, SYS,  INFO,       39, Connection lost, MAN: (SYS: 2 Data -num 7 CONN: 1), Connection closed
WCCOAvalarch (4), 2018.11.08 09:07:32.791, SYS,  INFO,      181, Closing connection to (SYS: 2 Data -num 0 CONN: 1)
WCCILdata    (0), 2018.11.08 09:07:32.792, PARAM,INFO,        2, Manager Stop, HistOrgMain, archive is now offline, archive number is:5
WCCOAvalarch (5), 2018.11.08 09:07:32.798, SYS,  INFO,       39, Connection lost, (SYS: 2 Data -num 0 CONN: 1)
WCCILdata    (0), 2018.11.08 09:07:32.798, SYS,  INFO,       39, Connection lost, MAN: (SYS: 2 Data -num 6 CONN: 1), Connection closed
WCCOAvalarch (5), 2018.11.08 09:07:32.803, SYS,  INFO,        2, Manager Stop
WCCOAvalarch (4), 2018.11.08 09:07:32.803, SYS,  INFO,       39, Connection lost, MAN: (SYS: 2 Data -num 0 CONN: 1), Connection closed
WCCILdata    (0), 2018.11.08 09:07:32.803, PARAM,INFO,        2, Manager Stop, HistOrgMain, archive is now offline, archive number is:4
WCCOAvalarch (3), 2018.11.08 09:07:32.806, SYS,  INFO,      181, Closing connection to (SYS: 2 Data -num 0 CONN: 1)
WCCOAvalarch (4), 2018.11.08 09:07:32.808, SYS,  INFO,       39, Connection lost, (SYS: 2 Data -num 0 CONN: 1)
WCCILdata    (0), 2018.11.08 09:07:32.808, SYS,  INFO,       39, Connection lost, MAN: (SYS: 2 Data -num 5 CONN: 1), Connection closed
WCCOAvalarch (2), 2018.11.08 09:07:32.808, SYS,  INFO,      181, Closing connection to (SYS: 2 Data -num 0 CONN: 1)
WCCOAvalarch (4), 2018.11.08 09:07:32.814, SYS,  INFO,        2, Manager Stop
WCCOAvalarch (3), 2018.11.08 09:07:32.814, SYS,  INFO,       39, Connection lost, MAN: (SYS: 2 Data -num 0 CONN: 1), Connection closed
WCCILdata    (0), 2018.11.08 09:07:32.814, PARAM,INFO,        2, Manager Stop, HistOrgMain, archive is now offline, archive number is:3
WCCOAvalarch (3), 2018.11.08 09:07:32.819, SYS,  INFO,       39, Connection lost, (SYS: 2 Data -num 0 CONN: 1)
WCCILdata    (0), 2018.11.08 09:07:32.819, SYS,  INFO,       39, Connection lost, MAN: (SYS: 2 Data -num 4 CONN: 1), Connection closed
WCCOAvalarch (3), 2018.11.08 09:07:32.825, SYS,  INFO,        2, Manager Stop
WCCILdata    (0), 2018.11.08 09:07:32.825, PARAM,INFO,        2, Manager Stop, HistOrgMain, archive is now offline, archive number is:2
WCCOAvalarch (2), 2018.11.08 09:07:32.830, SYS,  INFO,       39, Connection lost, (SYS: 2 Data -num 0 CONN: 1)
WCCOAvalarch (0), 2018.11.08 09:07:32.833, SYS,  INFO,      181, Closing connection to (SYS: 2 Data -num 0 CONN: 1)
WCCOAvalarch (1), 2018.11.08 09:07:32.834, SYS,  INFO,      181, Closing connection to (SYS: 2 Data -num 0 CONN: 1)
WCCOAvalarch (2), 2018.11.08 09:07:32.837, SYS,  INFO,        2, Manager Stop
t, MAN: (SYS: 2 Data -num 2 CONN: 1), Connection closed
WCCILdata    (0), 2018.11.08 09:07:32.842, PARAM,INFO,        2, Manager Stop, HistOrgMain, archive is now offline, archive number is:0
WCCOAvalarch (0), 2018.11.08 09:07:32.842, SYS,  INFO,       39, Connection lost, MAN: (SYS: 2 Data -num 0 CONN: 1), Connection closed
WCCOAvalarch (0), 2018.11.08 09:07:32.848, SYS,  INFO,       39, Connection lost, (SYS: 2 Data -num 0 CONN: 1)
WCCILdata    (0), 2018.11.08 09:07:32.848, SYS,  INFO,       39, Connection lost, MAN: (SYS: 2 Data -num 3 CONN: 1), Connection closed
WCCOAvalarch (0), 2018.11.08 09:07:32.854, SYS,  INFO,        2, Manager Stop
WCCOAvalarch (1), 2018.11.08 09:07:32.854, SYS,  INFO,       39, Connection lost, MAN: (SYS: 2 Data -num 0 CONN: 1), Connection closed
WCCILdata    (0), 2018.11.08 09:07:32.854, PARAM,INFO,        2, Manager Stop, HistOrgMain, archive is now offline, archive number is:1
WCCOAvalarch (1), 2018.11.08 09:07:32.857, SYS,  INFO,       39, Connection lost, (SYS: 2 Data -num 0 CONN: 1)
WCCOAvalarch (1), 2018.11.08 09:07:32.863, SYS,  INFO,        2, Manager Stop
WCCILpmon    (1), 2018.11.08 09:07:32.970, SYS,  INFO,       17/pmon, Stopping Manager WCCILevent(0) with signal SIGTERM
WCCILevent   (0), 2018.11.08 09:07:32.979, SYS,  INFO,        2, Manager Stop, received signal 15, exiting
WCCILevent   (0), 2018.11.08 09:07:33.059, SYS,  INFO,        2, Manager Stop, start cleanup
WCCILevent   (0), 2018.11.08 09:07:33.064, SYS,  INFO,      181, Closing connection to (SYS: 2 Dist -num 1 CONN: 1)
WCCILdist    (1), 2018.11.08 09:07:33.069, SYS,  WARNING,    39, Connection lost, MAN: (SYS: 2 Event -num 0 CONN: 1), Connection reset by peer (10054)
WCCILdata    (0), 2018.11.08 09:07:33.070, SYS,  SEVERE,    161, Lost connection to all systems
ta -num 0 CONN: 1)
WCCILdata    (0), 2018.11.08 09:07:33.073, SYS,  INFO,       39, Connection lost, MAN: (SYS: 2 Event -num 0 CONN: 1), Connection closed
WCCILdist    (1), 2018.11.08 09:07:33.073, SYS,  SEVERE,     39, Connection lost, Lost connection to (SYS: 2 Event -num 0 CONN: 1), exiting...
WCCILevent   (0), 2018.11.08 09:07:33.078, SYS,  INFO,       39, Connection lost, MAN: (SYS: 2 Data -num 0 CONN: 1), Connection closed
WCCILevent   (0), 2018.11.08 09:07:33.088, SYS,  INFO,        2, Manager Stop
WCCILpmon    (1), 2018.11.08 09:07:33.180, SYS,  INFO,       17/pmon, Stopping Manager WCCILdata(0) with signal SIGTERM
WCCILdata    (0), 2018.11.08 09:07:34.079, SYS,  INFO,        0, , DataManager, stopBgMgr, Stopping WCCILdatabg
WCCILdata    (0), 2018.11.08 09:07:34.087, SYS,  INFO,      181, Closing connection to (SYS: 2 Data -num 1 CONN: 1)
WCCILdatabg  (1), 2018.11.08 09:07:34.094, SYS,  INFO,       39, Connection lost, MAN: (SYS: 2 Data -num 0 CONN: 1), Connection closed
WCCILdata    (0), 2018.11.08 09:07:34.101, SYS,  INFO,       39, Connection lost, MAN: (SYS: 2 Data -num 1 CONN: 1), Connection closed
WCCILdatabg  (1), 2018.11.08 09:07:34.101, SYS,  SEVERE,     39, Connection lost, (SYS: 2 Data -num 0 CONN: 1), exiting ...
WCCILdata    (0), 2018.11.08 09:07:34.107, SYS,  WARNING,    65, Wrong destination address, (SYS: 2 Event -num 0 CONN: 1), DP_MSG_COMPLEX_VC
WCCILdata    (0), 2018.11.08 09:07:34.111, SYS,  WARNING,    65, Wrong destination address, (SYS: 2 Event -num 0 CONN: 1), DP_MSG_COMPLEX_VC
WCCILdist    (1), 2018.11.08 09:07:35.080, SYS,  INFO,      181, Closing connection to (SYS: 2 Data -num 0 CONN: 1)
WCCILdata    (0), 2018.11.08 09:07:35.085, SYS,  INFO,       39, Connection lost, MAN: (SYS: 2 Dist -num 1 CONN: 1), Connection closed
WCCILdist    (1), 2018.11.08 09:07:35.091, SYS,  INFO,       39, Connection lost, MAN: (SYS: 2 Data -num 0 CONN: 1), Connection closed
WCCILdist    (1), 2018.11.08 09:07:35.096, SYS,  INFO,        2, Manager Stop
WCCILdatabg  (1), 2018.11.08 09:07:36.116, SYS,  INFO,        2, Manager Stop
WCCILdata    (0), 2018.11.08 09:07:39.133, SYS,  INFO,        0, , Loading DpIdentification
WCCILdata    (0), 2018.11.08 09:07:39.348, SYS,  INFO,        2, Manager Stop
WCCILpmon    (1), 2018.11.08 09:07:39.427, SYS,  INFO,       17/pmon, Stopping Manager WCCILproxy(1) with signal SIGTERM
WCCILproxy   (1), 2018.11.08 09:07:39.437, SYS,  INFO,      170, Signal SIGTERM received - exiting ...
WCCILproxy   (1), 2018.11.08 09:07:39.761, SYS,  INFO,      221, Multiplexing proxy Stop
WCCILpmon    (1), 2018.11.08 09:07:39.839, SYS,  INFO,       13/pmon, Completely stopped the project - waiting for commands
WCCILpmon    (1), 2018.11.08 09:07:45.279, SYS,  INFO,        3/pmon, Got shutdown command - stopping the project and terminating
WCCILpmon    (1), 2018.11.08 09:07:45.290, SYS,  INFO,       15/pmon, Completely stopped the project - terminating
WCCILpmon    (1), 2018.11.08 09:07:45.299, SYS,  INFO,        2, Manager Stop
