WCCOAui      (1), 2018.11.20 12:51:07.042,	Qt,	DirectWrite: CreateFontFaceFromHDC() failed (Indicates an error in an input file such as a font file.) for QFontDef(Family="MS Sans Serif", pointsize=7, pixelsize=13, styleHint=5, weight=50, stretch=100, hintingPreference=0) LOGFONT("MS Sans Serif", lfWidth=0, lfHeight=-13) dpi=120
2018.11.20 13:06:42.898["879+799"]
2018.11.20 13:06:42.898["879+850"]
2018.11.20 13:06:42.898["879+910"]
2018.11.20 13:06:42.898["879+960"]
2018.11.20 13:06:42.898["880+010"]
2018.11.20 13:06:42.898["880+060"]
2018.11.20 13:06:42.898["880+110"]
2018.11.20 13:06:42.899["880+160"]
2018.11.20 13:06:42.899["880+210"]
2018.11.20 13:06:42.899["880+260"]
2018.11.20 13:06:42.899["880+310"]
2018.11.20 13:06:42.899["880+360"]
2018.11.20 13:06:42.899["880+410"]
2018.11.20 13:06:42.899["880+460"]
2018.11.20 13:06:42.899["880+510"]
2018.11.20 13:06:42.899["880+560"]
2018.11.20 13:06:42.899["880+610"]
2018.11.20 13:06:42.899["880+660"]
2018.11.20 13:06:42.899["880+710"]
2018.11.20 13:06:42.899["880+760"]
2018.11.20 13:06:42.899["880+784"]
2018.11.20 13:06:42.900["880+810"]
2018.11.20 13:06:42.900["880+897"]
2018.11.20 13:06:42.900["880+910"]
2018.11.20 13:13:19.123["879+799"]
2018.11.20 13:13:19.123["879+850"]
2018.11.20 13:13:19.123["879+910"]
2018.11.20 13:13:19.124["879+960"]
2018.11.20 13:13:19.124["880+010"]
2018.11.20 13:13:19.124["880+060"]
2018.11.20 13:13:19.124["880+110"]
2018.11.20 13:13:19.124["880+160"]
2018.11.20 13:13:19.124["880+210"]
2018.11.20 13:13:19.124["880+260"]
2018.11.20 13:13:19.124["880+310"]
2018.11.20 13:13:19.124["880+360"]
2018.11.20 13:13:19.124["880+410"]
2018.11.20 13:13:19.124["880+460"]
2018.11.20 13:13:19.124["880+510"]
2018.11.20 13:13:19.124["880+560"]
2018.11.20 13:13:19.124["880+610"]
2018.11.20 13:13:19.124["880+660"]
2018.11.20 13:13:19.124["880+710"]
2018.11.20 13:13:19.124["880+760"]
2018.11.20 13:13:19.124["880+784"]
2018.11.20 13:13:19.125["880+810"]
2018.11.20 13:13:19.125["880+897"]
2018.11.20 13:13:19.125["880+910"]
2018.11.20 13:16:14.837["879+799"]
2018.11.20 13:16:14.837["879+850"]
2018.11.20 13:16:14.837["879+910"]
2018.11.20 13:16:14.837["879+960"]
2018.11.20 13:16:14.837["880+010"]
2018.11.20 13:16:14.837["880+060"]
2018.11.20 13:16:14.837["880+110"]
2018.11.20 13:16:14.838["880+160"]
2018.11.20 13:16:14.838["880+210"]
2018.11.20 13:16:14.838["880+260"]
2018.11.20 13:16:14.838["880+310"]
2018.11.20 13:16:14.838["880+360"]
2018.11.20 13:16:14.838["880+410"]
2018.11.20 13:16:14.838["880+460"]
2018.11.20 13:16:14.838["880+510"]
2018.11.20 13:16:14.838["880+560"]
2018.11.20 13:16:14.838["880+610"]
2018.11.20 13:16:14.838["880+660"]
2018.11.20 13:16:14.838["880+710"]
2018.11.20 13:16:14.838["880+760"]
2018.11.20 13:16:14.838["880+784"]
2018.11.20 13:16:14.838["880+810"]
2018.11.20 13:16:14.838["880+897"]
2018.11.20 13:16:14.838["880+910"]
2018.11.20 13:16:54.947["879+799"]
2018.11.20 13:16:54.947["879+850"]
2018.11.20 13:16:54.947["879+910"]
2018.11.20 13:16:54.947["879+960"]
2018.11.20 13:16:54.947["880+010"]
2018.11.20 13:16:54.947["880+060"]
2018.11.20 13:16:54.947["880+110"]
2018.11.20 13:16:54.947["880+160"]
2018.11.20 13:16:54.947["880+210"]
2018.11.20 13:16:54.947["880+260"]
2018.11.20 13:16:54.947["880+310"]
2018.11.20 13:16:54.947["880+360"]
2018.11.20 13:16:54.948["880+410"]
2018.11.20 13:16:54.948["880+460"]
2018.11.20 13:16:54.948["880+510"]
2018.11.20 13:16:54.948["880+560"]
2018.11.20 13:16:54.948["880+610"]
2018.11.20 13:16:54.948["880+660"]
2018.11.20 13:16:54.948["880+710"]
2018.11.20 13:16:54.948["880+760"]
2018.11.20 13:16:54.948["880+784"]
2018.11.20 13:16:54.948["880+810"]
2018.11.20 13:16:54.948["880+897"]
2018.11.20 13:16:54.948["880+910"]
2018.11.20 13:17:29.533["879+799"]
2018.11.20 13:17:29.533["879+850"]
2018.11.20 13:17:29.534["879+910"]
2018.11.20 13:17:29.534["879+960"]
2018.11.20 13:17:29.534["880+010"]
2018.11.20 13:17:29.534["880+060"]
2018.11.20 13:17:29.534["880+110"]
2018.11.20 13:17:29.534["880+160"]
2018.11.20 13:17:29.534["880+210"]
2018.11.20 13:17:29.534["880+260"]
2018.11.20 13:17:29.534["880+310"]
2018.11.20 13:17:29.534["880+360"]
2018.11.20 13:17:29.534["880+410"]
2018.11.20 13:17:29.534["880+460"]
2018.11.20 13:17:29.534["880+510"]
2018.11.20 13:17:29.534["880+560"]
2018.11.20 13:17:29.534["880+610"]
2018.11.20 13:17:29.534["880+660"]
2018.11.20 13:17:29.534["880+710"]
2018.11.20 13:17:29.534["880+760"]
2018.11.20 13:17:29.535["880+784"]
2018.11.20 13:17:29.535["880+810"]
2018.11.20 13:17:29.535["880+897"]
2018.11.20 13:17:29.535["880+910"]
2018.11.20 13:48:06.741["[Log] ERROR at dpExists: Failed to get dp <.state.red>."]
2018.11.20 13:48:06.742["[Log] ERROR at dpExists: Failed to get dp <.state.yellow>."]
2018.11.20 13:48:06.742["[Log] ERROR at dpExists: Failed to get dp <.state.green>."]
2018.11.20 13:48:06.742["[Log] ERROR at dpExists: Failed to get dp <.state.red>."]
2018.11.20 13:48:06.742["[Log] ERROR at dpExists: Failed to get dp <.state.yellow>."]
2018.11.20 13:48:06.742["[Log] ERROR at dpExists: Failed to get dp <.state.green>."]
WCCOAui      (1), 2018.11.20 13:48:16.751,	Qt,	DirectWrite: CreateFontFaceFromHDC() failed (Indicates an error in an input file such as a font file.) for QFontDef(Family="MS Sans Serif", pointsize=7, pixelsize=13, styleHint=5, weight=75, stretch=100, hintingPreference=0) LOGFONT("MS Sans Serif", lfWidth=0, lfHeight=-13) dpi=120
WCCOAui      (1), 2018.11.20 14:01:45.366,	Qt,	DirectWrite: CreateFontFaceFromHDC() failed (Indicates an error in an input file such as a font file.) for QFontDef(Family="MS Sans Serif", pointsize=7.8, pixelsize=13, styleHint=5, weight=50, stretch=100, hintingPreference=0) LOGFONT("MS Sans Serif", lfWidth=0, lfHeight=-13) dpi=120
WCCOAui      (1), 2018.11.20 14:03:34.424,	Qt,	DirectWrite: CreateFontFaceFromHDC() failed (Indicates an error in an input file such as a font file.) for QFontDef(Family="MS Serif", pointsize=36, pixelsize=43, styleHint=5, weight=50, stretch=100, hintingPreference=0) LOGFONT("MS Serif", lfWidth=0, lfHeight=-43) dpi=120
WCCOAui      (1), 2018.11.20 14:03:34.430,	Qt,	DirectWrite: CreateFontFaceFromHDC() failed (Indicates an error in an input file such as a font file.) for QFontDef(Family="MS Serif", pointsize=7.8, pixelsize=10, styleHint=5, weight=50, stretch=100, hintingPreference=0) LOGFONT("MS Serif", lfWidth=0, lfHeight=-10) dpi=120
