processing file D:\SCADA\BS_Husky_Proj\Predejane\dplist\FireDetectors_21_11_Predejane.dpl
Datapoint/DpId (53): create SOS-1D-MD.
Datapoint/DpId (54): create SOS-2D-MD.
Datapoint/DpId (55): create SOS-3D-MD.
Datapoint/DpId (56): create SOS-4D-MD.
Datapoint/DpId (57): create SOS-5D-MD.
Datapoint/DpId (58): create SOS-6D-MD.
Datapoint/DpId (59): create SOS-7D-MD.
Datapoint/DpId (60): create SOS-1L-MD.
Datapoint/DpId (61): create SOS-2L-MD.
Datapoint/DpId (62): create SOS-3L-MD.
Datapoint/DpId (63): create SOS-4L-MD.
Datapoint/DpId (64): create SOS-5L-MD.
Datapoint/DpId (65): create SOS-6L-MD.
Datapoint/DpId (66): create SOS-7L-MD.
Datapoint/DpId (67): create SOS-1D-MSD.
Datapoint/DpId (68): create SOS-2D-MSD.
Datapoint/DpId (69): create SOS-3D-MSD.
Datapoint/DpId (70): create SOS-4D-MSD.
Datapoint/DpId (71): create SOS-5D-MSD.
Datapoint/DpId (72): create SOS-6D-MSD.
Datapoint/DpId (73): create SOS-7D-MSD.
Datapoint/DpId (74): create SOS-1L-MSD.
Datapoint/DpId (75): create SOS-2L-MSD.
Datapoint/DpId (76): create SOS-3L-MSD.
Datapoint/DpId (77): create SOS-4L-MSD.
Datapoint/DpId (78): create SOS-5L-MSD.
Datapoint/DpId (79): create SOS-6L-MSD.
Datapoint/DpId (80): create SOS-7L-MSD.
Datapoint/DpId (81): create SOS-1D-EXT1.
Datapoint/DpId (82): create SOS-2D-EXT1.
Datapoint/DpId (83): create SOS-3D-EXT1.
Datapoint/DpId (84): create SOS-4D-EXT1.
Datapoint/DpId (85): create SOS-5D-EXT1.
Datapoint/DpId (86): create SOS-6D-EXT1.
Datapoint/DpId (87): create SOS-7D-EXT1.
Datapoint/DpId (88): create SOS-1L-EXT1.
Datapoint/DpId (89): create SOS-2L-EXT1.
Datapoint/DpId (90): create SOS-3L-EXT1.
Datapoint/DpId (91): create SOS-4L-EXT1.
Datapoint/DpId (92): create SOS-5L-EXT1.
Datapoint/DpId (93): create SOS-6L-EXT1.
Datapoint/DpId (94): create SOS-7L-EXT1.
Datapoint/DpId (95): create PS1-MSD1.
Datapoint/DpId (96): create PS1-MSD2.
Datapoint/DpId (97): create PS1-MSD3.
Datapoint/DpId (98): create PS1-MSD4.
Datapoint/DpId (99): create PS1-MSD5.
Datapoint/DpId (100): create PS1-MSD6.
Datapoint/DpId (101): create PS1-MSD7.
Datapoint/DpId (102): create PS1-MSD8.
Datapoint/DpId (103): create PS1-MSD9.
Datapoint/DpId (104): create PS1-MSD10.
Datapoint/DpId (105): create PS1-MD.
Datapoint/DpId (106): create EP-1D-MD.
Datapoint/DpId (107): create EP-2D-MD.
Datapoint/DpId (108): create EP-1L-MD.
Datapoint/DpId (109): create EP-2L-MD.
Datapoint/DpId (110): create EN-1D-MSD.
Datapoint/DpId (111): create EN-2D-MSD.
Datapoint/DpId (112): create EN-3D-MSD.
Datapoint/DpId (113): create EN-4D-MSD.
Datapoint/DpId (114): create EN-1L-MSD.
Datapoint/DpId (115): create EN-2L-MSD.
Datapoint/DpId (116): create EN-3L-MSD.
Datapoint/DpId (117): create EN-4L-MSD.
Datapoint/DpId (119): create EP-1D-MSD.
Datapoint/DpId (120): create EP-1L-MSD.
Datapoint/DpId (121): create EP-2D-MSD.
Datapoint/DpId (122): create EP-2L-MSD.
Datapoint/DpId (123): create TK-1D-MSD.
Datapoint/DpId (124): create TK-2D-MSD.
Datapoint/DpId (125): create PS2-MSD1.
Datapoint/DpId (126): create PS2-MSD2.
Datapoint/DpId (127): create PS2-MSD3.
Datapoint/DpId (128): create PS2-MSD4.
Datapoint/DpId (129): create PS2-MSD5.
Datapoint/DpId (130): create PS2-MSD6.
Datapoint/DpId (131): create PS2-MSD7.
Datapoint/DpId (132): create PS2-MSD8.
Datapoint/DpId (133): create PS2-MSD9.
Datapoint/DpId (134): create PS2-MSD10.
Datapoint/DpId (135): create PS2-MD.
Datapoint/DpId (136): create EN-5D-MSD.
Datapoint/DpId (137): create EN-6D-MSD.
Datapoint/DpId (138): create EN-5L-MSD.
Datapoint/DpId (139): create EN-6L-MSD.
Datapoint/DpId (140): create EP-3D-MSD.
Datapoint/DpId (141): create EP-3D-MD.
Datapoint/DpId (142): create EP-3L-MD.
Datapoint/DpId (143): create EP-3L-MSD.
Datapoint/DpId (144): create PPC-MSD.
Datapoint/DpId (145): create PPC-MD.
Datapoint/DpId (146): create PS1-EXT1.
Datapoint/DpId (147): create PS1-EXT2.
Datapoint/DpId (148): create PS1-EXT3.
Datapoint/DpId (149): create PS1-EXT4.
DpValue (154): Values for _mp_FireDetectors.settings.displayName sent.
DpValue (155): Values for SOS-1D-MD.settings.displayName sent.
DpValue (156): Values for SOS-2D-MD.settings.displayName sent.
DpValue (157): Values for SOS-3D-MD.settings.displayName sent.
DpValue (158): Values for SOS-4D-MD.settings.displayName sent.
DpValue (159): Values for SOS-5D-MD.settings.displayName sent.
DpValue (160): Values for SOS-6D-MD.settings.displayName sent.
DpValue (161): Values for SOS-7D-MD.settings.displayName sent.
DpValue (162): Values for SOS-1L-MD.alarm.fireAlarm sent.
DpValue (163): Values for SOS-1L-MD.settings.displayName sent.
DpValue (164): Values for SOS-2L-MD.settings.displayName sent.
DpValue (165): Values for SOS-3L-MD.settings.displayName sent.
DpValue (166): Values for SOS-4L-MD.settings.displayName sent.
DpValue (167): Values for SOS-5L-MD.settings.displayName sent.
DpValue (168): Values for SOS-6L-MD.settings.displayName sent.
DpValue (169): Values for SOS-7L-MD.settings.displayName sent.
DpValue (170): Values for SOS-1D-MSD.settings.displayName sent.
DpValue (171): Values for SOS-2D-MSD.settings.displayName sent.
DpValue (172): Values for SOS-3D-MSD.settings.displayName sent.
DpValue (173): Values for SOS-4D-MSD.settings.displayName sent.
DpValue (174): Values for SOS-5D-MSD.settings.displayName sent.
DpValue (175): Values for SOS-6D-MSD.settings.displayName sent.
DpValue (176): Values for SOS-7D-MSD.settings.displayName sent.
DpValue (177): Values for SOS-1L-MSD.settings.displayName sent.
DpValue (178): Values for SOS-2L-MSD.settings.displayName sent.
DpValue (179): Values for SOS-3L-MSD.settings.displayName sent.
DpValue (180): Values for SOS-4L-MSD.settings.displayName sent.
DpValue (181): Values for SOS-5L-MSD.settings.displayName sent.
DpValue (182): Values for SOS-6L-MSD.settings.displayName sent.
DpValue (183): Values for SOS-7L-MSD.settings.displayName sent.
DpValue (184): Values for SOS-1D-EXT1.settings.displayName sent.
DpValue (185): Values for SOS-2D-EXT1.settings.displayName sent.
DpValue (186): Values for SOS-3D-EXT1.settings.displayName sent.
DpValue (187): Values for SOS-4D-EXT1.settings.displayName sent.
DpValue (188): Values for SOS-5D-EXT1.settings.displayName sent.
DpValue (189): Values for SOS-6D-EXT1.alarm.fireAlarm sent.
DpValue (190): Values for SOS-6D-EXT1.settings.displayName sent.
DpValue (191): Values for SOS-7D-EXT1.settings.displayName sent.
DpValue (192): Values for SOS-1L-EXT1.settings.displayName sent.
DpValue (193): Values for SOS-2L-EXT1.settings.displayName sent.
DpValue (194): Values for SOS-3L-EXT1.settings.displayName sent.
DpValue (195): Values for SOS-4L-EXT1.settings.displayName sent.
DpValue (196): Values for SOS-5L-EXT1.settings.displayName sent.
DpValue (197): Values for SOS-6L-EXT1.settings.displayName sent.
DpValue (198): Values for SOS-7L-EXT1.settings.displayName sent.
DpValue (199): Values for PS1-MSD1.settings.displayName sent.
DpValue (200): Values for PS1-MSD2.settings.displayName sent.
DpValue (201): Values for PS1-MSD3.settings.displayName sent.
DpValue (202): Values for PS1-MSD4.settings.displayName sent.
DpValue (203): Values for PS1-MSD5.settings.displayName sent.
DpValue (204): Values for PS1-MSD6.settings.displayName sent.
DpValue (205): Values for PS1-MSD7.settings.displayName sent.
DpValue (206): Values for PS1-MSD8.settings.displayName sent.
DpValue (207): Values for PS1-MSD9.settings.displayName sent.
DpValue (208): Values for PS1-MSD10.settings.displayName sent.
DpValue (209): Values for PS1-MD.settings.displayName sent.
DpValue (210): Values for EP-1D-MD.settings.displayName sent.
DpValue (211): Values for EP-2D-MD.settings.displayName sent.
DpValue (212): Values for EP-1L-MD.alarm.fireAlarm sent.
DpValue (213): Values for EP-1L-MD.settings.displayName sent.
DpValue (214): Values for EP-2L-MD.settings.displayName sent.
DpValue (215): Values for EN-1D-MSD.settings.displayName sent.
DpValue (216): Values for EN-2D-MSD.settings.displayName sent.
DpValue (217): Values for EN-3D-MSD.settings.displayName sent.
DpValue (218): Values for EN-4D-MSD.settings.displayName sent.
DpValue (219): Values for EN-1L-MSD.settings.displayName sent.
DpValue (220): Values for EN-2L-MSD.alarm.fireAlarm sent.
DpValue (221): Values for EN-2L-MSD.settings.displayName sent.
DpValue (222): Values for EN-3L-MSD.settings.displayName sent.
DpValue (223): Values for EN-4L-MSD.settings.displayName sent.
DpValue (224): Values for _mp_FireDetectorsSettings.settings.controlUnitObjectStatus sent.
DpValue (225): Values for _mp_FireDetectorsSettings.settings.detectorsObjectStatus sent.
DpValue (226): Values for _mp_FireDetectorsSettings.settings.loopObjectStatus sent.
DpValue (227): Values for _mp_FireDetectorsSettings.settings.objectTypesMeaning sent.
DpValue (228): Values for EP-1D-MSD.settings.displayName sent.
DpValue (229): Values for EP-1L-MSD.settings.displayName sent.
DpValue (230): Values for EP-2D-MSD.settings.displayName sent.
DpValue (231): Values for EP-2L-MSD.settings.displayName sent.
DpValue (232): Values for TK-1D-MSD.settings.displayName sent.
DpValue (233): Values for TK-2D-MSD.settings.displayName sent.
DpValue (234): Values for PS2-MSD1.settings.displayName sent.
DpValue (235): Values for PS2-MSD2.settings.displayName sent.
DpValue (236): Values for PS2-MSD3.settings.displayName sent.
DpValue (237): Values for PS2-MSD4.settings.displayName sent.
DpValue (238): Values for PS2-MSD5.settings.displayName sent.
DpValue (239): Values for PS2-MSD6.settings.displayName sent.
DpValue (240): Values for PS2-MSD7.settings.displayName sent.
DpValue (241): Values for PS2-MSD8.settings.displayName sent.
DpValue (242): Values for PS2-MSD9.settings.displayName sent.
DpValue (243): Values for PS2-MSD10.settings.displayName sent.
DpValue (244): Values for PS2-MD.settings.displayName sent.
DpValue (245): Values for EN-5D-MSD.settings.displayName sent.
DpValue (246): Values for EN-6D-MSD.settings.displayName sent.
DpValue (247): Values for EN-5L-MSD.settings.displayName sent.
DpValue (248): Values for EN-6L-MSD.settings.displayName sent.
DpValue (249): Values for EP-3D-MSD.settings.displayName sent.
DpValue (250): Values for EP-3D-MD.settings.displayName sent.
DpValue (251): Values for EP-3L-MD.settings.displayName sent.
DpValue (252): Values for EP-3L-MSD.settings.displayName sent.
DpValue (253): Values for PPC-MSD.settings.displayName sent.
DpValue (254): Values for PPC-MD.settings.displayName sent.
DpValue (255): Values for PS1-EXT1.settings.displayName sent.
DpValue (256): Values for PS1-EXT2.settings.displayName sent.
DpValue (257): Values for PS1-EXT3.settings.displayName sent.
Datapoint/DpId (261): Values for PS1-EXT4.settings.displayName sent.
DpValue (270): Values for _ds_FireDetectors.symbols sent.
DpValue (271): Values for _ds_FireDetectors.symboldefault sent.
DpValue (272): Values for _ds_FireDetectors.trendElements sent.
Waiting for last response from eventmanager...
Scanning of file D:\SCADA\BS_Husky_Proj\Predejane\dplist\FireDetectors_21_11_Predejane.dpl is finished (0)
End of Program
