WCCOAtoolCreateDb(1), 2017.11.28 11:54:26.740, SYS,  SEVERE,     54, Unexpected state, C:\BSTelecom\Automation\BSHusky\3.15\bin\WCCILevent -log +stderr -log -file -data localhost -event localhost , error in CreateProcess C:\BSTelecom\Automation\BSHusky\3.15\bin\WCCILevent -log +stderr -log -file -data localhost -event localhost  -pmonIndex 2
ctive}{Para}{Meta}
[2017.11.28;11:54:24:368 ] Creating ... 
[2017.11.28;11:54:26:752 ] Finished
###################
Date : 2017.11.28;11:54:24:370 
Create new database and install internal datapoints
  Version : "3.15"
From      : "C:\\BSTelecom\\Automation\\BSHusky\\3.15\\"
To        : "C:\\BS_Husky_Proj\\Strazevica2\\db\\wincc_oa\\"
Logfile   : "C:\\BS_Husky_Proj\\Strazevica2\\log\\createDb.log"
Languages :
  [10001]	"en_US.utf8" ("american_usa.1252") {Active}{Para}{Meta}
========================================================
[2017.11.28;11:54:24:374 ] Copy from C:\BSTelecom\Automation\BSHusky\3.15\dbdfiles\version_3.15\ConfHist.dbd to C:\BS_Husky_Proj\Strazevica2\db\wincc_oa\ConfHist.dbd
[2017.11.28;11:54:24:387 ] C:\BSTelecom\Automation\BSHusky\3.15\bin\initdb -y ConfHist
ConfHist initialized

Raima Database Manager 4.5 [Build 17]
Database Initialization Utility
Copyright (C) 1984-1997, Raima Corporation, All Rights Reserved

[2017.11.28;11:54:24:503 ] Copy from C:\BSTelecom\Automation\BSHusky\3.15\dbdfiles\version_3.15\TypeAndId.dbd to C:\BS_Husky_Proj\Strazevica2\db\wincc_oa\TypeAndId.dbd
[2017.11.28;11:54:24:512 ] C:\BSTelecom\Automation\BSHusky\3.15\bin\initdb -y TypeAndId
TypeAndId initialized

Raima Database Manager 4.5 [Build 17]
Database Initialization Utility
Copyright (C) 1984-1997, Raima Corporation, All Rights Reserved

[2017.11.28;11:54:24:572 ] Copy from C:\BSTelecom\Automation\BSHusky\3.15\dbdfiles\version_3.15\DbDir.dbd to C:\BS_Husky_Proj\Strazevica2\db\wincc_oa\DbDir.dbd
[2017.11.28;11:54:24:579 ] C:\BSTelecom\Automation\BSHusky\3.15\bin\initdb -y DbDir
DbDir initialized

Raima Database Manager 4.5 [Build 17]
Database Initialization Utility
Copyright (C) 1984-1997, Raima Corporation, All Rights Reserved

[2017.11.28;11:54:24:619 ] Copy from C:\BSTelecom\Automation\BSHusky\3.15\dbdfiles\version_3.15\BgStatus.dbd to C:\BS_Husky_Proj\Strazevica2\db\wincc_oa\BgStatus.dbd
[2017.11.28;11:54:24:626 ] C:\BSTelecom\Automation\BSHusky\3.15\bin\initdb -y BgStatus
BgStatus initialized

Raima Database Manager 4.5 [Build 17]
Database Initialization Utility
Copyright (C) 1984-1997, Raima Corporation, All Rights Reserved

[2017.11.28;11:54:24:682 ] Copy from C:\BSTelecom\Automation\BSHusky\3.15\dbdfiles\version_3.15\AlertDir.dbd to C:\BS_Husky_Proj\Strazevica2\db\wincc_oa\AlertDir.dbd
[2017.11.28;11:54:24:691 ] C:\BSTelecom\Automation\BSHusky\3.15\bin\initdb -y AlertDir
AlertDir initialized

Raima Database Manager 4.5 [Build 17]
Database Initialization Utility
Copyright (C) 1984-1997, Raima Corporation, All Rights Reserved

[2017.11.28;11:54:24:730 ] Copy from C:\BSTelecom\Automation\BSHusky\3.15\dbdfiles\version_3.15\ValHist.dbd to C:\BS_Husky_Proj\Strazevica2\db\wincc_oa\empty\ValHist.dbd
[2017.11.28;11:54:24:741 ] C:\BSTelecom\Automation\BSHusky\3.15\bin\initdb -y empty\ValHist
empty\ValHist initialized

Raima Database Manager 4.5 [Build 17]
Database Initialization Utility
Copyright (C) 1984-1997, Raima Corporation, All Rights Reserved

[2017.11.28;11:54:24:827 ] Copy from C:\BSTelecom\Automation\BSHusky\3.15\dbdfiles\version_3.15\DpList.dbd to C:\BS_Husky_Proj\Strazevica2\db\wincc_oa\empty\DpList.dbd
[2017.11.28;11:54:24:833 ] C:\BSTelecom\Automation\BSHusky\3.15\bin\initdb -y empty\DpList
empty\DpList initialized

Raima Database Manager 4.5 [Build 17]
Database Initialization Utility
Copyright (C) 1984-1997, Raima Corporation, All Rights Reserved

[2017.11.28;11:54:24:872 ] Copy from C:\BSTelecom\Automation\BSHusky\3.15\dbdfiles\version_3.15\AlertHist.dbd to C:\BS_Husky_Proj\Strazevica2\db\wincc_oa\empty\AlertHist.dbd
[2017.11.28;11:54:24:880 ] C:\BSTelecom\Automation\BSHusky\3.15\bin\initdb -y empty\AlertHist
empty\AlertHist initialized

Raima Database Manager 4.5 [Build 17]
Database Initialization Utility
Copyright (C) 1984-1997, Raima Corporation, All Rights Reserved

[2017.11.28;11:54:24:935 ] Copy from C:\BSTelecom\Automation\BSHusky\3.15\dbdfiles\version_3.15\AlertDpList.dbd to C:\BS_Husky_Proj\Strazevica2\db\wincc_oa\empty\AlertDpList.dbd
[2017.11.28;11:54:24:944 ] C:\BSTelecom\Automation\BSHusky\3.15\bin\initdb -y empty\AlertDpList
empty\AlertDpList initialized

Raima Database Manager 4.5 [Build 17]
Database Initialization Utility
Copyright (C) 1984-1997, Raima Corporation, All Rights Reserved

[2017.11.28;11:54:24:986 ] Copy from C:\BSTelecom\Automation\BSHusky\3.15\dbdfiles\version_3.15\ValHist.dbd to C:\BS_Husky_Proj\Strazevica2\db\wincc_oa\ancient\ValHist.dbd
[2017.11.28;11:54:24:993 ] C:\BSTelecom\Automation\BSHusky\3.15\bin\initdb -y ancient\ValHist
ancient\ValHist initialized

Raima Database Manager 4.5 [Build 17]
Database Initialization Utility
Copyright (C) 1984-1997, Raima Corporation, All Rights Reserved

[2017.11.28;11:54:25:082 ] Copy from C:\BSTelecom\Automation\BSHusky\3.15\dbdfiles\version_3.15\AlertHist.dbd to C:\BS_Husky_Proj\Strazevica2\db\wincc_oa\alliving\AlertHist.dbd
[2017.11.28;11:54:25:088 ] C:\BSTelecom\Automation\BSHusky\3.15\bin\initdb -y alliving\AlertHist
alliving\AlertHist initialized

Raima Database Manager 4.5 [Build 17]
Database Initialization Utility
Copyright (C) 1984-1997, Raima Corporation, All Rights Reserved

[2017.11.28;11:54:25:149 ] Copy from C:\BSTelecom\Automation\BSHusky\3.15\dbdfiles\version_3.15\AlertHist.dbd to C:\BS_Husky_Proj\Strazevica2\db\wincc_oa\aloverflow\AlertHist.dbd
[2017.11.28;11:54:25:156 ] C:\BSTelecom\Automation\BSHusky\3.15\bin\initdb -y aloverflow\AlertHist
aloverflow\AlertHist initialized

Raima Database Manager 4.5 [Build 17]
Database Initialization Utility
Copyright (C) 1984-1997, Raima Corporation, All Rights Reserved

[2017.11.28;11:54:25:210 ] Copy from C:\BSTelecom\Automation\BSHusky\3.15\dbdfiles\version_3.15\ValHist.dbd to C:\BS_Husky_Proj\Strazevica2\db\wincc_oa\lastval\ValHist.dbd
[2017.11.28;11:54:25:220 ] C:\BSTelecom\Automation\BSHusky\3.15\bin\initdb -y lastval\ValHist
lastval\ValHist initialized

Raima Database Manager 4.5 [Build 17]
Database Initialization Utility
Copyright (C) 1984-1997, Raima Corporation, All Rights Reserved

[2017.11.28;11:54:25:736 ] C:\BSTelecom\Automation\BSHusky\3.15\bin\WCCOAtoolSysNames -yes -s=C:\BSTelecom\Automation\BSHusky\3.15\dbdfiles\version_3.15\tesystem.txt -log +stderr
PVSS_2 Database Utility (!!!!! Internal Use Only !!!!)
Setup database system settings, (system No. & names)
DataBase Found at : "C:\\BS_Husky_Proj\\Strazevica2\\db\\wincc_oa\\"
SETTINGS :
System Number       : 1
Number Of Languages : 1
-yes (NoConfirm)    : 1
File name           : C:\BSTelecom\Automation\BSHusky\3.15\dbdfiles\version_3.15\tesystem.txt
Name [1] =	System1
HighestAssignedDpId   : 0
HighestAssignedTypeId : 0
HighestAssignedViewId : 0

STORED OK
System Nr             : 1
m_iNofLanguages       : 1
HighestAssignedDpId   : 0
HighestAssignedTypeId : 0
HighestAssignedViewId : 0
[2017.11.28;11:54:26:093 ] C:\BSTelecom\Automation\BSHusky\3.15\bin\WCCILdata -log +stderr -log -file -data localhost -event localhost 
[2017.11.28;11:54:26:739 ] C:\BSTelecom\Automation\BSHusky\3.15\bin\WCCILevent -log +stderr -log -file -data localhost -event localhost 
-------------------------------------------------------
Finished : 2017.11.28;11:54:26:747 

