processing file D:\SCADA\BS_Husky_Proj\Manajle\dplist\FireDetectors_21_11_Manajle.dpl
DpType (18): Element FireDetectors.settings.displayName with ID 22 renamed

modifying type FireDetectors:
DpType (19): Modify msg for type FireDetectors sent.
Datapoint/DpId (51): create _mp_FireDetectors.
Datapoint/DpId (54): create SOS-1D-MD.
Datapoint/DpId (55): create SOS-2D-MD.
Datapoint/DpId (56): create SOS-3D-MD.
Datapoint/DpId (57): create SOS-4D-MD.
Datapoint/DpId (58): create SOS-5D-MD.
Datapoint/DpId (59): create SOS-6D-MD.
Datapoint/DpId (60): create SOS-7D-MD.
Datapoint/DpId (61): create SOS-8D-MD.
Datapoint/DpId (62): create SOS-9D-MD.
Datapoint/DpId (63): create SOS-10D-MD.
Datapoint/DpId (64): create SOS-11D-MD.
Datapoint/DpId (65): create SOS-12D-MD.
Datapoint/DpId (66): create SOS-13D-MD.
Datapoint/DpId (67): create SOS-14D-MD.
Datapoint/DpId (68): create SOS-15D-MD.
Datapoint/DpId (69): create SOS-1L-MD.
Datapoint/DpId (70): create SOS-2L-MD.
Datapoint/DpId (71): create SOS-3L-MD.
Datapoint/DpId (72): create SOS-4L-MD.
Datapoint/DpId (73): create SOS-5L-MD.
Datapoint/DpId (74): create SOS-6L-MD.
Datapoint/DpId (75): create SOS-7L-MD.
Datapoint/DpId (76): create SOS-8L-MD.
Datapoint/DpId (77): create SOS-9L-MD.
Datapoint/DpId (78): create SOS-10L-MD.
Datapoint/DpId (79): create SOS-11L-MD.
Datapoint/DpId (80): create SOS-12L-MD.
Datapoint/DpId (81): create SOS-13L-MD.
Datapoint/DpId (82): create SOS-14L-MD.
Datapoint/DpId (83): create SOS-15L-MD.
Datapoint/DpId (84): create SOS-1D-MSD.
Datapoint/DpId (85): create SOS-2D-MSD.
Datapoint/DpId (86): create SOS-3D-MSD.
Datapoint/DpId (87): create SOS-4D-MSD.
Datapoint/DpId (88): create SOS-5D-MSD.
Datapoint/DpId (89): create SOS-6D-MSD.
Datapoint/DpId (90): create SOS-7D-MSD.
Datapoint/DpId (91): create SOS-8D-MSD.
Datapoint/DpId (92): create SOS-9D-MSD.
Datapoint/DpId (93): create SOS-10D-MSD.
Datapoint/DpId (94): create SOS-11D-MSD.
Datapoint/DpId (95): create SOS-12D-MSD.
Datapoint/DpId (96): create SOS-13D-MSD.
Datapoint/DpId (97): create SOS-14D-MSD.
Datapoint/DpId (98): create SOS-15D-MSD.
Datapoint/DpId (99): create SOS-1L-MSD.
Datapoint/DpId (100): create SOS-2L-MSD.
Datapoint/DpId (101): create SOS-3L-MSD.
Datapoint/DpId (102): create SOS-4L-MSD.
Datapoint/DpId (103): create SOS-5L-MSD.
Datapoint/DpId (104): create SOS-6L-MSD.
Datapoint/DpId (105): create SOS-7L-MSD.
Datapoint/DpId (106): create SOS-8L-MSD.
Datapoint/DpId (107): create SOS-9L-MSD.
Datapoint/DpId (108): create SOS-10L-MSD.
Datapoint/DpId (109): create SOS-11L-MSD.
Datapoint/DpId (110): create SOS-12L-MSD.
Datapoint/DpId (111): create SOS-13L-MSD.
Datapoint/DpId (112): create SOS-14L-MSD.
Datapoint/DpId (113): create SOS-15L-MSD.
Datapoint/DpId (114): create SOS-1D-EXT1.
Datapoint/DpId (115): create SOS-2D-EXT1.
Datapoint/DpId (116): create SOS-3D-EXT1.
Datapoint/DpId (117): create SOS-4D-EXT1.
Datapoint/DpId (118): create SOS-5D-EXT1.
Datapoint/DpId (119): create SOS-6D-EXT1.
Datapoint/DpId (120): create SOS-7D-EXT1.
Datapoint/DpId (121): create SOS-8D-EXT1.
Datapoint/DpId (122): create SOS-9D-EXT1.
Datapoint/DpId (123): create SOS-10D-EXT1.
Datapoint/DpId (124): create SOS-11D-EXT1.
Datapoint/DpId (125): create SOS-12D-EXT1.
Datapoint/DpId (126): create SOS-13D-EXT1.
Datapoint/DpId (127): create SOS-14D-EXT1.
Datapoint/DpId (128): create SOS-15D-EXT1.
Datapoint/DpId (129): create SOS-1L-EXT1.
Datapoint/DpId (130): create SOS-2L-EXT1.
Datapoint/DpId (131): create SOS-3L-EXT1.
Datapoint/DpId (132): create SOS-4L-EXT1.
Datapoint/DpId (133): create SOS-5L-EXT1.
Datapoint/DpId (134): create SOS-6L-EXT1.
Datapoint/DpId (135): create SOS-7L-EXT1.
Datapoint/DpId (136): create SOS-8L-EXT1.
Datapoint/DpId (137): create SOS-9L-EXT1.
Datapoint/DpId (138): create SOS-10L-EXT1.
Datapoint/DpId (139): create SOS-11L-EXT1.
Datapoint/DpId (140): create SOS-12L-EXT1.
Datapoint/DpId (141): create SOS-13L-EXT1.
Datapoint/DpId (142): create SOS-14L-EXT1.
Datapoint/DpId (143): create SOS-15L-EXT1.
Datapoint/DpId (144): create EP-1D-MSD.
Datapoint/DpId (145): create EP-2D-MSD.
Datapoint/DpId (146): create EP-3D-MSD.
Datapoint/DpId (147): create EP-4D-MSD.
Datapoint/DpId (148): create EP-5D-MSD.
Datapoint/DpId (149): create EP-6D-MSD.
Datapoint/DpId (150): create EP-7D-MSD.
Datapoint/DpId (151): create EP-8D-MSD.
Datapoint/DpId (152): create EP-1L-MSD.
Datapoint/DpId (153): create EP-2L-MSD.
Datapoint/DpId (154): create EP-3L-MSD.
Datapoint/DpId (155): create EP-4L-MSD.
Datapoint/DpId (156): create EP-5L-MSD.
Datapoint/DpId (157): create EP-6L-MSD.
Datapoint/DpId (158): create EP-7L-MSD.
Datapoint/DpId (159): create EP-8L-MSD.
Datapoint/DpId (160): create EP-1D-MD.
Datapoint/DpId (161): create EP-2D-MD.
Datapoint/DpId (162): create EP-3D-MD.
Datapoint/DpId (163): create EP-4D-MD.
Datapoint/DpId (164): create EP-5D-MD.
Datapoint/DpId (165): create EP-6D-MD.
Datapoint/DpId (166): create EP-7D-MD.
Datapoint/DpId (167): create EP-8D-MD.
Datapoint/DpId (168): create EP-1L-MD.
Datapoint/DpId (169): create EP-2L-MD.
Datapoint/DpId (170): create EP-3L-MD.
Datapoint/DpId (171): create EP-4L-MD.
Datapoint/DpId (172): create EP-5L-MD.
Datapoint/DpId (173): create EP-6L-MD.
Datapoint/DpId (174): create EP-7L-MD.
Datapoint/DpId (175): create EP-8L-MD.
Datapoint/DpId (176): create EN-1D-MSD.
Datapoint/DpId (177): create EN-2D-MSD.
Datapoint/DpId (178): create EN-3D-MSD.
Datapoint/DpId (179): create EN-4D-MSD.
Datapoint/DpId (180): create EN-5D-MSD.
Datapoint/DpId (181): create EN-6D-MSD.
Datapoint/DpId (182): create EN-1L-MSD.
Datapoint/DpId (183): create EN-2L-MSD.
Datapoint/DpId (184): create EN-3L-MSD.
Datapoint/DpId (185): create EN-4L-MSD.
Datapoint/DpId (186): create EN-5L-MSD.
Datapoint/DpId (187): create EN-6L-MSD.
Datapoint/DpId (188): create TS1-MSD1.
Datapoint/DpId (189): create TS1-MSD2.
Datapoint/DpId (190): create TS1-MSD3.
Datapoint/DpId (191): create TS2-MSD1.
Datapoint/DpId (192): create TS2-MSD2.
Datapoint/DpId (193): create TS2-MSD3.
Datapoint/DpId (194): create TOC-EXT1.
Datapoint/DpId (195): create TOC-EXT2.
Datapoint/DpId (196): create TOC-EXT3.
Datapoint/DpId (197): create TOC-EXT4.
DpValue (202): Values for _mp_FireDetectorsSettings.settings.controlUnitObjectStatus sent.
DpValue (203): Values for _mp_FireDetectorsSettings.settings.detectorsObjectStatus sent.
DpValue (204): Values for _mp_FireDetectorsSettings.settings.loopObjectStatus sent.
DpValue (205): Values for _mp_FireDetectorsSettings.settings.objectTypesMeaning sent.
DpValue (206): Values for SOS-1D-MD.settings.displayName sent.
DpValue (207): Values for SOS-2D-MD.settings.displayName sent.
DpValue (208): Values for SOS-3D-MD.settings.displayName sent.
DpValue (209): Values for SOS-4D-MD.settings.displayName sent.
DpValue (210): Values for SOS-5D-MD.settings.displayName sent.
DpValue (211): Values for SOS-6D-MD.settings.displayName sent.
DpValue (212): Values for SOS-7D-MD.settings.displayName sent.
DpValue (213): Values for SOS-8D-MD.settings.displayName sent.
DpValue (214): Values for SOS-9D-MD.settings.displayName sent.
DpValue (215): Values for SOS-10D-MD.settings.displayName sent.
DpValue (216): Values for SOS-11D-MD.settings.displayName sent.
DpValue (217): Values for SOS-12D-MD.settings.displayName sent.
DpValue (218): Values for SOS-13D-MD.settings.displayName sent.
DpValue (219): Values for SOS-14D-MD.settings.displayName sent.
DpValue (220): Values for SOS-15D-MD.settings.displayName sent.
DpValue (221): Values for SOS-1L-MD.settings.displayName sent.
DpValue (222): Values for SOS-2L-MD.settings.displayName sent.
DpValue (223): Values for SOS-3L-MD.settings.displayName sent.
DpValue (224): Values for SOS-4L-MD.settings.displayName sent.
DpValue (225): Values for SOS-5L-MD.settings.displayName sent.
DpValue (226): Values for SOS-6L-MD.settings.displayName sent.
DpValue (227): Values for SOS-7L-MD.settings.displayName sent.
DpValue (228): Values for SOS-8L-MD.settings.displayName sent.
DpValue (229): Values for SOS-9L-MD.settings.displayName sent.
DpValue (230): Values for SOS-10L-MD.settings.displayName sent.
DpValue (231): Values for SOS-11L-MD.settings.displayName sent.
DpValue (232): Values for SOS-12L-MD.settings.displayName sent.
DpValue (233): Values for SOS-13L-MD.settings.displayName sent.
DpValue (234): Values for SOS-14L-MD.settings.displayName sent.
DpValue (235): Values for SOS-15L-MD.settings.displayName sent.
DpValue (236): Values for SOS-1D-MSD.settings.displayName sent.
DpValue (237): Values for SOS-2D-MSD.settings.displayName sent.
DpValue (238): Values for SOS-3D-MSD.settings.displayName sent.
DpValue (239): Values for SOS-4D-MSD.settings.displayName sent.
DpValue (240): Values for SOS-5D-MSD.settings.displayName sent.
DpValue (241): Values for SOS-6D-MSD.settings.displayName sent.
DpValue (242): Values for SOS-7D-MSD.settings.displayName sent.
DpValue (243): Values for SOS-8D-MSD.settings.displayName sent.
DpValue (244): Values for SOS-9D-MSD.settings.displayName sent.
DpValue (245): Values for SOS-10D-MSD.settings.displayName sent.
DpValue (246): Values for SOS-11D-MSD.settings.displayName sent.
DpValue (247): Values for SOS-12D-MSD.settings.displayName sent.
DpValue (248): Values for SOS-13D-MSD.settings.displayName sent.
DpValue (249): Values for SOS-14D-MSD.settings.displayName sent.
DpValue (250): Values for SOS-15D-MSD.settings.displayName sent.
DpValue (251): Values for SOS-1L-MSD.settings.displayName sent.
DpValue (252): Values for SOS-2L-MSD.settings.displayName sent.
DpValue (253): Values for SOS-3L-MSD.settings.displayName sent.
DpValue (254): Values for SOS-4L-MSD.settings.displayName sent.
DpValue (255): Values for SOS-5L-MSD.settings.displayName sent.
DpValue (256): Values for SOS-6L-MSD.settings.displayName sent.
DpValue (257): Values for SOS-7L-MSD.settings.displayName sent.
DpValue (258): Values for SOS-8L-MSD.settings.displayName sent.
DpValue (259): Values for SOS-9L-MSD.settings.displayName sent.
DpValue (260): Values for SOS-10L-MSD.settings.displayName sent.
DpValue (261): Values for SOS-11L-MSD.settings.displayName sent.
DpValue (262): Values for SOS-12L-MSD.settings.displayName sent.
DpValue (263): Values for SOS-13L-MSD.settings.displayName sent.
DpValue (264): Values for SOS-14L-MSD.settings.displayName sent.
DpValue (265): Values for SOS-15L-MSD.settings.displayName sent.
DpValue (266): Values for SOS-1D-EXT1.settings.displayName sent.
DpValue (267): Values for SOS-2D-EXT1.settings.displayName sent.
DpValue (268): Values for SOS-3D-EXT1.settings.displayName sent.
DpValue (269): Values for SOS-4D-EXT1.settings.displayName sent.
DpValue (270): Values for SOS-5D-EXT1.settings.displayName sent.
DpValue (271): Values for SOS-6D-EXT1.settings.displayName sent.
DpValue (272): Values for SOS-7D-EXT1.settings.displayName sent.
DpValue (273): Values for SOS-8D-EXT1.settings.displayName sent.
DpValue (274): Values for SOS-9D-EXT1.settings.displayName sent.
DpValue (275): Values for SOS-10D-EXT1.settings.displayName sent.
DpValue (276): Values for SOS-11D-EXT1.settings.displayName sent.
DpValue (277): Values for SOS-12D-EXT1.settings.displayName sent.
DpValue (278): Values for SOS-13D-EXT1.settings.displayName sent.
DpValue (279): Values for SOS-14D-EXT1.settings.displayName sent.
DpValue (280): Values for SOS-15D-EXT1.settings.displayName sent.
DpValue (281): Values for SOS-1L-EXT1.settings.displayName sent.
DpValue (282): Values for SOS-2L-EXT1.settings.displayName sent.
DpValue (283): Values for SOS-3L-EXT1.settings.displayName sent.
DpValue (284): Values for SOS-4L-EXT1.settings.displayName sent.
DpValue (285): Values for SOS-5L-EXT1.settings.displayName sent.
DpValue (286): Values for SOS-6L-EXT1.settings.displayName sent.
DpValue (287): Values for SOS-7L-EXT1.settings.displayName sent.
DpValue (288): Values for SOS-8L-EXT1.settings.displayName sent.
DpValue (289): Values for SOS-9L-EXT1.settings.displayName sent.
DpValue (290): Values for SOS-10L-EXT1.settings.displayName sent.
DpValue (291): Values for SOS-11L-EXT1.settings.displayName sent.
DpValue (292): Values for SOS-12L-EXT1.settings.displayName sent.
DpValue (293): Values for SOS-13L-EXT1.settings.displayName sent.
DpValue (294): Values for SOS-14L-EXT1.settings.displayName sent.
DpValue (295): Values for SOS-15L-EXT1.settings.displayName sent.
DpValue (296): Values for EP-1D-MSD.settings.displayName sent.
DpValue (297): Values for EP-2D-MSD.settings.displayName sent.
DpValue (298): Values for EP-3D-MSD.settings.displayName sent.
DpValue (299): Values for EP-4D-MSD.settings.displayName sent.
DpValue (300): Values for EP-5D-MSD.settings.displayName sent.
DpValue (301): Values for EP-6D-MSD.settings.displayName sent.
DpValue (302): Values for EP-7D-MSD.settings.displayName sent.
DpValue (303): Values for EP-8D-MSD.settings.displayName sent.
DpValue (304): Values for EP-1L-MSD.settings.displayName sent.
DpValue (305): Values for EP-2L-MSD.settings.displayName sent.
DpValue (306): Values for EP-3L-MSD.settings.displayName sent.
DpValue (307): Values for EP-4L-MSD.settings.displayName sent.
DpValue (308): Values for EP-5L-MSD.settings.displayName sent.
DpValue (309): Values for EP-6L-MSD.settings.displayName sent.
DpValue (310): Values for EP-7L-MSD.settings.displayName sent.
DpValue (311): Values for EP-8L-MSD.settings.displayName sent.
DpValue (312): Values for EP-1D-MD.settings.displayName sent.
DpValue (313): Values for EP-2D-MD.settings.displayName sent.
DpValue (314): Values for EP-3D-MD.settings.displayName sent.
DpValue (315): Values for EP-4D-MD.settings.displayName sent.
DpValue (316): Values for EP-5D-MD.settings.displayName sent.
DpValue (317): Values for EP-6D-MD.settings.displayName sent.
DpValue (318): Values for EP-7D-MD.settings.displayName sent.
DpValue (319): Values for EP-8D-MD.settings.displayName sent.
DpValue (320): Values for EP-1L-MD.settings.displayName sent.
DpValue (321): Values for EP-2L-MD.settings.displayName sent.
DpValue (322): Values for EP-3L-MD.settings.displayName sent.
DpValue (323): Values for EP-4L-MD.settings.displayName sent.
DpValue (324): Values for EP-5L-MD.settings.displayName sent.
DpValue (325): Values for EP-6L-MD.settings.displayName sent.
DpValue (326): Values for EP-7L-MD.settings.displayName sent.
DpValue (327): Values for EP-8L-MD.settings.displayName sent.
DpValue (328): Values for EN-1D-MSD.settings.displayName sent.
DpValue (329): Values for EN-2D-MSD.settings.displayName sent.
DpValue (330): Values for EN-3D-MSD.settings.displayName sent.
DpValue (331): Values for EN-4D-MSD.settings.displayName sent.
DpValue (332): Values for EN-5D-MSD.settings.displayName sent.
DpValue (333): Values for EN-6D-MSD.settings.displayName sent.
DpValue (334): Values for EN-1L-MSD.settings.displayName sent.
DpValue (335): Values for EN-2L-MSD.settings.displayName sent.
DpValue (336): Values for EN-3L-MSD.settings.displayName sent.
DpValue (337): Values for EN-4L-MSD.settings.displayName sent.
DpValue (338): Values for EN-5L-MSD.settings.displayName sent.
DpValue (339): Values for EN-6L-MSD.settings.displayName sent.
DpValue (340): Values for TS1-MSD1.settings.displayName sent.
DpValue (341): Values for TS1-MSD2.settings.displayName sent.
DpValue (342): Values for TS1-MSD3.settings.displayName sent.
DpValue (343): Values for TS2-MSD1.settings.displayName sent.
DpValue (344): Values for TS2-MSD2.settings.displayName sent.
DpValue (345): Values for TS2-MSD3.settings.displayName sent.
DpValue (346): Values for TOC-EXT1.settings.displayName sent.
DpValue (347): Values for TOC-EXT2.settings.displayName sent.
DpValue (348): Values for TOC-EXT3.settings.displayName sent.
Datapoint/DpId (352): Values for TOC-EXT4.settings.displayName sent.
Datapoint/DpId (353): create _dt_FireDetectors.
DpValue (361): Values for _ds_FireDetectors.symbols sent.
DpValue (362): Values for _ds_FireDetectors.symboldefault sent.
DpValue (363): Values for _ds_FireDetectors.trendElements sent.
Waiting for last response from eventmanager...
Scanning of file D:\SCADA\BS_Husky_Proj\Manajle\dplist\FireDetectors_21_11_Manajle.dpl is finished (77)
End of Program
