processing file D:\SCADA\BS_Husky_Proj\SarlahSopot\dplist\AlarmTable.dpl
DpValue (298): Values for _AESConfigRestore.generalSettings.AESGlobalSettings.displaySliderObjects sent.
DpValue (299): Values for _AESConfigRestore.generalSettings.AESGlobalSettings.denyAllVisibleAlarmAcknowl sent.
DpValue (300): Values for _AESConfigRestore.generalSettings.AESGlobalSettings.displayPrintDialog sent.
DpValue (301): Values for _AESConfigRestore.generalSettings.AESGlobalSettings.contextMenu.title sent.
DpValue (302): Values for _AESConfigRestore.generalSettings.AESGlobalSettings.contextMenu.ack sent.
DpValue (303): Values for _AESConfigRestore.generalSettings.AESGlobalSettings.contextMenu.ackAV sent.
DpValue (304): Values for _AESConfigRestore.generalSettings.AESGlobalSettings.contextMenu.comment sent.
DpValue (305): Values for _AESConfigRestore.generalSettings.AESGlobalSettings.contextMenu.panel sent.
DpValue (306): Values for _AESConfigRestore.generalSettings.AESGlobalSettings.contextMenu.trend sent.
DpValue (307): Values for _AESConfigRestore.generalSettings.AESGlobalSettings.contextMenu.details sent.
DpValue (308): Values for _AESConfigRestore.generalSettings.AESGlobalSettings.contextMenu.sum sent.
DpValue (309): Values for _AESConfigRestore.generalSettings.AESGlobalSettings.contextMenu.info sent.
DpValue (310): Values for _AESConfigRestore.generalSettings.AESGlobalSettings.contextMenu.settings sent.
DpValue (311): Values for _AESConfigRestore.generalSettings.AESGlobalSettings.contextMenu.close sent.
DpValue (312): Values for _AESConfigRestore.generalSettings.AESGlobalSettings.contextMenu.prio sent.
DpValue (313): Values for _AESConfigRestore.generalSettings.AESTableConfiguration.proportion sent.
DpValue (314): Values for _AESConfigRestore.generalSettings.AESTableConfiguration.topTable.active sent.
DpValue (315): Values for _AESConfigRestore.generalSettings.AESTableConfiguration.topTable.type sent.
DpValue (316): Values for _AESConfigRestore.generalSettings.AESTableConfiguration.topTable.configuration sent.
DpValue (317): Values for _AESConfigRestore.generalSettings.AESTableConfiguration.bottomTable.active sent.
DpValue (318): Values for _AESConfigRestore.generalSettings.AESTableConfiguration.bottomTable.type sent.
DpValue (319): Values for _AESConfigRestore.generalSettings.AESTableConfiguration.bottomTable.configuration sent.
DpValue (320): Values for _AESConfigRestore.tables.alertTable.backColor sent.
DpValue (321): Values for _AESConfigRestore.tables.alertTable.gridColor sent.
DpValue (322): Values for _AESConfigRestore.tables.alertTable.headerForeColor sent.
DpValue (323): Values for _AESConfigRestore.tables.alertTable.headerBackColor sent.
DpValue (324): Values for _AESConfigRestore.tables.alertTable.eventOnDoubleClick sent.
DpValue (325): Values for _AESConfigRestore.tables.alertTable.useAlertClassFont sent.
DpValue (326): Values for _AESConfigRestore.tables.alertTable.fontScreen sent.
DpValue (327): Values for _AESConfigRestore.tables.alertTable.fontPrinter sent.
DpValue (328): Values for _AESConfigRestore.tables.alertTable.columns.position sent.
DpValue (329): Values for _AESConfigRestore.tables.alertTable.columns.name sent.
DpValue (330): Values for _AESConfigRestore.tables.alertTable.columns.nameHeader sent.
DpValue (331): Values for _AESConfigRestore.tables.alertTable.columns.visible sent.
DpValue (332): Values for _AESConfigRestore.tables.alertTable.columns.widthScreen sent.
DpValue (333): Values for _AESConfigRestore.tables.alertTable.columns.widthPrinter sent.
DpValue (334): Values for _AESConfigRestore.tables.alertTable.columns.useAlertClassForeColor sent.
DpValue (335): Values for _AESConfigRestore.tables.alertTable.columns.useAlertClassBackColor sent.
DpValue (336): Values for _AESConfigRestore.tables.alertTable.columns.eventOnClick sent.
DpValue (337): Values for _AESConfigRestore.tables.alertTable.columns.dynColumnWidth sent.
DpValue (338): Values for _AESConfigRestore.tables.alertTable.columns.value.valueType sent.
DpValue (339): Values for _AESConfigRestore.tables.alertTable.columns.value.format sent.
DpValue (340): Values for _AESConfigRestore.tables.alertTable.columns.value.millisec sent.
DpValue (341): Values for _AESConfigRestore.tables.alertTable.columns.value.functionName sent.
DpValue (342): Values for _AESConfigRestore.tables.alertTable.columns.value.attrArguments sent.
DpValue (343): Values for _AESConfigRestore.tables.alertTable.columns.value.attribute sent.
DpValue (344): Values for _AESConfigRestore.tables.eventTable.backColor sent.
DpValue (345): Values for _AESConfigRestore.tables.eventTable.gridColor sent.
DpValue (346): Values for _AESConfigRestore.tables.eventTable.headerForeColor sent.
DpValue (347): Values for _AESConfigRestore.tables.eventTable.headerBackColor sent.
DpValue (348): Values for _AESConfigRestore.tables.eventTable.eventOnDoubleClick sent.
DpValue (349): Values for _AESConfigRestore.tables.eventTable.useAlertClassFont sent.
DpValue (350): Values for _AESConfigRestore.tables.eventTable.fontScreen sent.
DpValue (351): Values for _AESConfigRestore.tables.eventTable.fontPrinter sent.
DpValue (352): Values for _AESConfigRestore.tables.eventTable.columns.position sent.
DpValue (353): Values for _AESConfigRestore.tables.eventTable.columns.name sent.
DpValue (354): Values for _AESConfigRestore.tables.eventTable.columns.nameHeader sent.
DpValue (355): Values for _AESConfigRestore.tables.eventTable.columns.visible sent.
DpValue (356): Values for _AESConfigRestore.tables.eventTable.columns.widthScreen sent.
DpValue (357): Values for _AESConfigRestore.tables.eventTable.columns.widthPrinter sent.
DpValue (358): Values for _AESConfigRestore.tables.eventTable.columns.useAlertClassForeColor sent.
DpValue (359): Values for _AESConfigRestore.tables.eventTable.columns.useAlertClassBackColor sent.
DpValue (360): Values for _AESConfigRestore.tables.eventTable.columns.eventOnClick sent.
DpValue (361): Values for _AESConfigRestore.tables.eventTable.columns.dynColumnWidth sent.
DpValue (362): Values for _AESConfigRestore.tables.eventTable.columns.value.valueType sent.
DpValue (363): Values for _AESConfigRestore.tables.eventTable.columns.value.format sent.
DpValue (364): Values for _AESConfigRestore.tables.eventTable.columns.value.millisec sent.
DpValue (365): Values for _AESConfigRestore.tables.eventTable.columns.value.functionName sent.
DpValue (366): Values for _AESConfigRestore.tables.eventTable.columns.value.attrArguments sent.
DpValue (367): Values for _AESConfigRestore.tables.eventTable.columns.value.attribute sent.
DpValue (368): Values for _AESConfigRestore.functions.alerts.onClickFunc sent.
DpValue (369): Values for _AESConfigRestore.functions.alerts.extFunc sent.
DpValue (370): Values for _AESConfigRestore.functions.alerts.specFunc sent.
DpValue (371): Values for _AESConfigRestore.functions.alerts.onDblClickFunc sent.
DpValue (372): Values for _AESConfigRestore.functions.events.onClickFunc sent.
DpValue (373): Values for _AESConfigRestore.functions.events.extFunc sent.
DpValue (374): Values for _AESConfigRestore.functions.events.specFunc sent.
DpValue (375): Values for _AESConfigRestore.functions.events.onDblClickFunc sent.
DpValue (376): Values for _AESConfigRowRestore.generalSettings.AESGlobalSettings.displaySliderObjects sent.
DpValue (377): Values for _AESConfigRowRestore.generalSettings.AESGlobalSettings.denyAllVisibleAlarmAcknowl sent.
DpValue (378): Values for _AESConfigRowRestore.generalSettings.AESGlobalSettings.displayPrintDialog sent.
DpValue (379): Values for _AESConfigRowRestore.generalSettings.AESGlobalSettings.contextMenu.title sent.
DpValue (380): Values for _AESConfigRowRestore.generalSettings.AESGlobalSettings.contextMenu.ack sent.
DpValue (381): Values for _AESConfigRowRestore.generalSettings.AESGlobalSettings.contextMenu.ackAV sent.
DpValue (382): Values for _AESConfigRowRestore.generalSettings.AESGlobalSettings.contextMenu.comment sent.
DpValue (383): Values for _AESConfigRowRestore.generalSettings.AESGlobalSettings.contextMenu.panel sent.
DpValue (384): Values for _AESConfigRowRestore.generalSettings.AESGlobalSettings.contextMenu.trend sent.
DpValue (385): Values for _AESConfigRowRestore.generalSettings.AESGlobalSettings.contextMenu.details sent.
DpValue (386): Values for _AESConfigRowRestore.generalSettings.AESGlobalSettings.contextMenu.sum sent.
DpValue (387): Values for _AESConfigRowRestore.generalSettings.AESGlobalSettings.contextMenu.info sent.
DpValue (388): Values for _AESConfigRowRestore.generalSettings.AESGlobalSettings.contextMenu.settings sent.
DpValue (389): Values for _AESConfigRowRestore.generalSettings.AESGlobalSettings.contextMenu.close sent.
DpValue (390): Values for _AESConfigRowRestore.generalSettings.AESGlobalSettings.contextMenu.prio sent.
DpValue (391): Values for _AESConfigRowRestore.generalSettings.AESTableConfiguration.proportion sent.
DpValue (392): Values for _AESConfigRowRestore.generalSettings.AESTableConfiguration.topTable.active sent.
DpValue (393): Values for _AESConfigRowRestore.generalSettings.AESTableConfiguration.topTable.type sent.
DpValue (394): Values for _AESConfigRowRestore.generalSettings.AESTableConfiguration.topTable.configuration sent.
DpValue (395): Values for _AESConfigRowRestore.generalSettings.AESTableConfiguration.bottomTable.active sent.
DpValue (396): Values for _AESConfigRowRestore.generalSettings.AESTableConfiguration.bottomTable.type sent.
DpValue (397): Values for _AESConfigRowRestore.generalSettings.AESTableConfiguration.bottomTable.configuration sent.
DpValue (398): Values for _AESConfigRowRestore.tables.alertTable.backColor sent.
DpValue (399): Values for _AESConfigRowRestore.tables.alertTable.gridColor sent.
DpValue (400): Values for _AESConfigRowRestore.tables.alertTable.headerForeColor sent.
DpValue (401): Values for _AESConfigRowRestore.tables.alertTable.headerBackColor sent.
DpValue (402): Values for _AESConfigRowRestore.tables.alertTable.eventOnDoubleClick sent.
DpValue (403): Values for _AESConfigRowRestore.tables.alertTable.useAlertClassFont sent.
DpValue (404): Values for _AESConfigRowRestore.tables.alertTable.fontScreen sent.
DpValue (405): Values for _AESConfigRowRestore.tables.alertTable.fontPrinter sent.
DpValue (406): Values for _AESConfigRowRestore.tables.alertTable.columns.position sent.
DpValue (407): Values for _AESConfigRowRestore.tables.alertTable.columns.name sent.
DpValue (408): Values for _AESConfigRowRestore.tables.alertTable.columns.nameHeader sent.
DpValue (409): Values for _AESConfigRowRestore.tables.alertTable.columns.visible sent.
DpValue (410): Values for _AESConfigRowRestore.tables.alertTable.columns.widthScreen sent.
DpValue (411): Values for _AESConfigRowRestore.tables.alertTable.columns.widthPrinter sent.
DpValue (412): Values for _AESConfigRowRestore.tables.alertTable.columns.useAlertClassForeColor sent.
DpValue (413): Values for _AESConfigRowRestore.tables.alertTable.columns.useAlertClassBackColor sent.
DpValue (414): Values for _AESConfigRowRestore.tables.alertTable.columns.eventOnClick sent.
DpValue (415): Values for _AESConfigRowRestore.tables.alertTable.columns.dynColumnWidth sent.
DpValue (416): Values for _AESConfigRowRestore.tables.alertTable.columns.value.valueType sent.
DpValue (417): Values for _AESConfigRowRestore.tables.alertTable.columns.value.format sent.
DpValue (418): Values for _AESConfigRowRestore.tables.alertTable.columns.value.millisec sent.
DpValue (419): Values for _AESConfigRowRestore.tables.alertTable.columns.value.functionName sent.
DpValue (420): Values for _AESConfigRowRestore.tables.alertTable.columns.value.attrArguments sent.
DpValue (421): Values for _AESConfigRowRestore.tables.alertTable.columns.value.attribute sent.
DpValue (422): Values for _AESConfigRowRestore.tables.eventTable.backColor sent.
DpValue (423): Values for _AESConfigRowRestore.tables.eventTable.gridColor sent.
DpValue (424): Values for _AESConfigRowRestore.tables.eventTable.headerForeColor sent.
DpValue (425): Values for _AESConfigRowRestore.tables.eventTable.headerBackColor sent.
DpValue (426): Values for _AESConfigRowRestore.tables.eventTable.eventOnDoubleClick sent.
DpValue (427): Values for _AESConfigRowRestore.tables.eventTable.useAlertClassFont sent.
DpValue (428): Values for _AESConfigRowRestore.tables.eventTable.fontScreen sent.
DpValue (429): Values for _AESConfigRowRestore.tables.eventTable.fontPrinter sent.
DpValue (430): Values for _AESConfigRowRestore.tables.eventTable.columns.position sent.
DpValue (431): Values for _AESConfigRowRestore.tables.eventTable.columns.name sent.
DpValue (432): Values for _AESConfigRowRestore.tables.eventTable.columns.nameHeader sent.
DpValue (433): Values for _AESConfigRowRestore.tables.eventTable.columns.visible sent.
DpValue (434): Values for _AESConfigRowRestore.tables.eventTable.columns.widthScreen sent.
DpValue (435): Values for _AESConfigRowRestore.tables.eventTable.columns.widthPrinter sent.
DpValue (436): Values for _AESConfigRowRestore.tables.eventTable.columns.useAlertClassForeColor sent.
DpValue (437): Values for _AESConfigRowRestore.tables.eventTable.columns.useAlertClassBackColor sent.
DpValue (438): Values for _AESConfigRowRestore.tables.eventTable.columns.eventOnClick sent.
DpValue (439): Values for _AESConfigRowRestore.tables.eventTable.columns.dynColumnWidth sent.
DpValue (440): Values for _AESConfigRowRestore.tables.eventTable.columns.value.valueType sent.
DpValue (441): Values for _AESConfigRowRestore.tables.eventTable.columns.value.format sent.
DpValue (442): Values for _AESConfigRowRestore.tables.eventTable.columns.value.millisec sent.
DpValue (443): Values for _AESConfigRowRestore.tables.eventTable.columns.value.functionName sent.
DpValue (444): Values for _AESConfigRowRestore.tables.eventTable.columns.value.attrArguments sent.
DpValue (445): Values for _AESConfigRowRestore.tables.eventTable.columns.value.attribute sent.
DpValue (446): Values for _AESConfigRowRestore.functions.alerts.onClickFunc sent.
DpValue (447): Values for _AESConfigRowRestore.functions.alerts.extFunc sent.
DpValue (448): Values for _AESConfigRowRestore.functions.alerts.specFunc sent.
DpValue (449): Values for _AESConfigRowRestore.functions.alerts.onDblClickFunc sent.
DpValue (450): Values for _AESConfigRowRestore.functions.events.onClickFunc sent.
DpValue (451): Values for _AESConfigRowRestore.functions.events.extFunc sent.
DpValue (452): Values for _AESConfigRowRestore.functions.events.specFunc sent.
DpValue (453): Values for _AESConfigRowRestore.functions.events.onDblClickFunc sent.
DpValue (454): Values for _AEScreen_0000.Name sent.
DpValue (455): Values for _AEScreen_0000.UseAsDefault sent.
DpValue (456): Values for _AEScreen_0000.Top.Active sent.
DpValue (457): Values for _AEScreen_0000.Top.ScreenType sent.
DpValue (458): Values for _AEScreen_0000.Top.Proportion sent.
DpValue (459): Values for _AEScreen_0000.Top.Config sent.
DpValue (460): Values for _AEScreen_0000.Bot.Active sent.
DpValue (461): Values for _AEScreen_0000.Bot.ScreenType sent.
DpValue (462): Values for _AEScreen_0000.Bot.Proportion sent.
DpValue (463): Values for _AEScreen_0000.Bot.Config sent.
DpValue (464): Values for _AEScreen_0001.Name sent.
DpValue (465): Values for _AEScreen_0001.UseAsDefault sent.
DpValue (466): Values for _AEScreen_0001.Top.Active sent.
DpValue (467): Values for _AEScreen_0001.Top.ScreenType sent.
DpValue (468): Values for _AEScreen_0001.Top.Proportion sent.
DpValue (469): Values for _AEScreen_0001.Top.Config sent.
DpValue (470): Values for _AEScreen_0001.Bot.Active sent.
DpValue (471): Values for _AEScreen_0001.Bot.ScreenType sent.
DpValue (472): Values for _AEScreen_0001.Bot.Proportion sent.
DpValue (473): Values for _AEScreen_0001.Bot.Config sent.
DpValue (474): Values for _AEScreen_0002.Name sent.
DpValue (475): Values for _AEScreen_0002.UseAsDefault sent.
DpValue (476): Values for _AEScreen_0002.Top.Active sent.
DpValue (477): Values for _AEScreen_0002.Top.ScreenType sent.
DpValue (478): Values for _AEScreen_0002.Top.Proportion sent.
DpValue (479): Values for _AEScreen_0002.Top.Config sent.
DpValue (480): Values for _AEScreen_0002.Bot.Active sent.
DpValue (481): Values for _AEScreen_0002.Bot.ScreenType sent.
DpValue (482): Values for _AEScreen_0002.Bot.Proportion sent.
DpValue (483): Values for _AEScreen_0002.Bot.Config sent.
DpValue (484): Values for _AEScreen_0003.Name sent.
DpValue (485): Values for _AEScreen_0003.UseAsDefault sent.
DpValue (486): Values for _AEScreen_0003.AlertRow sent.
DpValue (487): Values for _AEScreen_0003.Top.Active sent.
DpValue (488): Values for _AEScreen_0003.Top.ScreenType sent.
DpValue (489): Values for _AEScreen_0003.Top.Proportion sent.
DpValue (490): Values for _AEScreen_0003.Top.Config sent.
DpValue (491): Values for _AEScreen_0003.Bot.Active sent.
DpValue (492): Values for _AEScreen_0003.Bot.ScreenType sent.
DpValue (493): Values for _AEScreen_0003.Bot.Proportion sent.
DpValue (494): Values for _AEScreen_0003.Bot.Config sent.
DpValue (495): Values for _AEScreen_0004.Name sent.
DpValue (496): Values for _AEScreen_0004.UseAsDefault sent.
DpValue (497): Values for _AEScreen_0004.AlertRow sent.
DpValue (498): Values for _AEScreen_0004.Top.Active sent.
DpValue (499): Values for _AEScreen_0004.Top.ScreenType sent.
DpValue (500): Values for _AEScreen_0004.Top.Proportion sent.
DpValue (501): Values for _AEScreen_0004.Top.Config sent.
DpValue (502): Values for _AEScreen_0004.Bot.Active sent.
DpValue (503): Values for _AEScreen_0004.Bot.ScreenType sent.
DpValue (504): Values for _AEScreen_0004.Bot.Proportion sent.
DpValue (505): Values for _AEScreen_0004.Bot.Config sent.
DpValue (506): Values for _AESProperties_0001.Name sent.
DpValue (507): Values for _AESProperties_0001.Settings.ScreenType sent.
DpValue (508): Values for _AESProperties_0001.Settings.User sent.
DpValue (509): Values for _AESProperties_0001.Events.Filter.DpComment sent.
DpValue (510): Values for _AESProperties_0001.Events.Filter.DpList sent.
DpValue (511): Values for _AESProperties_0001.Events.Filter.Userbits sent.
DpValue (512): Values for _AESProperties_0001.Events.FilterTypes.Selections sent.
DpValue (513): Values for _AESProperties_0001.Both.Timerange.Type sent.
DpValue (514): Values for _AESProperties_0001.Both.Timerange.Begin sent.
DpValue (515): Values for _AESProperties_0001.Both.Timerange.End sent.
DpValue (516): Values for _AESProperties_0001.Both.Timerange.HistoricalData sent.
DpValue (517): Values for _AESProperties_0001.Both.Timerange.MaxLines sent.
DpValue (518): Values for _AESProperties_0001.Both.Timerange.Selection sent.
DpValue (519): Values for _AESProperties_0001.Both.Timerange.Shift sent.
DpValue (520): Values for _AESProperties_0001.Both.Systems.Selections sent.
DpValue (521): Values for _AESProperties_0001.Both.Systems.CheckAllSystems sent.
DpValue (522): Values for _AESProperties_0001.Both.Sorting.SortList sent.
DpValue (523): Values for _AESProperties_0001.Both.Visible.VisibleColumns sent.
DpValue (524): Values for _AESProperties_0001.Both.General.Header sent.
DpValue (525): Values for _AESProperties_0002.Name sent.
DpValue (526): Values for _AESProperties_0002.Settings.ScreenType sent.
DpValue (527): Values for _AESProperties_0002.Settings.User sent.
DpValue (528): Values for _AESProperties_0002.Settings.AlertRow sent.
DpValue (529): Values for _AESProperties_0002.Alerts.Filter.Shortcut sent.
DpValue (530): Values for _AESProperties_0002.Alerts.Filter.Prio sent.
DpValue (531): Values for _AESProperties_0002.Alerts.Filter.DpComment sent.
DpValue (532): Values for _AESProperties_0002.Alerts.Filter.AlertText sent.
DpValue (533): Values for _AESProperties_0002.Alerts.Filter.LogicalCombine sent.
DpValue (534): Values for _AESProperties_0002.Alerts.FilterTypes.Selections sent.
DpValue (535): Values for _AESProperties_0002.Alerts.FilterTypes.AlertSummary sent.
DpValue (536): Values for _AESProperties_0002.Alerts.FilterState.State sent.
DpValue (537): Values for _AESProperties_0002.Alerts.FilterState.OneRowPerAlert sent.
DpValue (538): Values for _AESProperties_0002.Alerts.FilterState.OpenClosedMode sent.
DpValue (539): Values for _AESProperties_0002.Alerts.FilterState.Direction sent.
DpValue (540): Values for _AESProperties_0002.Both.Timerange.Type sent.
DpValue (541): Values for _AESProperties_0002.Both.Timerange.Begin sent.
DpValue (542): Values for _AESProperties_0002.Both.Timerange.End sent.
DpValue (543): Values for _AESProperties_0002.Both.Timerange.CameWentSort sent.
DpValue (544): Values for _AESProperties_0002.Both.Timerange.HistoricalData sent.
DpValue (545): Values for _AESProperties_0002.Both.Timerange.MaxLines sent.
DpValue (546): Values for _AESProperties_0002.Both.Timerange.Selection sent.
DpValue (547): Values for _AESProperties_0002.Both.Timerange.Shift sent.
DpValue (548): Values for _AESProperties_0002.Both.Systems.Selections sent.
DpValue (549): Values for _AESProperties_0002.Both.Systems.CheckAllSystems sent.
DpValue (550): Values for _AESProperties_0002.Both.Sorting.SortList sent.
DpValue (551): Values for _AESProperties_0002.Both.Visible.VisibleColumns sent.
DpValue (552): Values for _AESProperties_0002.Both.General.Header sent.
DpValue (553): Values for _AESProperties_0003.Name sent.
DpValue (554): Values for _AESProperties_0003.Settings.ScreenType sent.
DpValue (555): Values for _AESProperties_0003.Settings.User sent.
DpValue (556): Values for _AESProperties_0003.Settings.AlertRow sent.
DpValue (557): Values for _AESProperties_0003.Alerts.Filter.Shortcut sent.
DpValue (558): Values for _AESProperties_0003.Alerts.Filter.Prio sent.
DpValue (559): Values for _AESProperties_0003.Alerts.Filter.DpComment sent.
DpValue (560): Values for _AESProperties_0003.Alerts.Filter.AlertText sent.
DpValue (561): Values for _AESProperties_0003.Alerts.Filter.LogicalCombine sent.
DpValue (562): Values for _AESProperties_0003.Alerts.Filter.DpList sent.
DpValue (563): Values for _AESProperties_0003.Alerts.FilterTypes.Selections sent.
DpValue (564): Values for _AESProperties_0003.Alerts.FilterTypes.AlertSummary sent.
DpValue (565): Values for _AESProperties_0003.Alerts.FilterState.State sent.
DpValue (566): Values for _AESProperties_0003.Alerts.FilterState.OneRowPerAlert sent.
DpValue (567): Values for _AESProperties_0003.Alerts.FilterState.OpenClosedMode sent.
DpValue (568): Values for _AESProperties_0003.Alerts.FilterState.Direction sent.
DpValue (569): Values for _AESProperties_0003.Both.Timerange.Type sent.
DpValue (570): Values for _AESProperties_0003.Both.Timerange.Begin sent.
DpValue (571): Values for _AESProperties_0003.Both.Timerange.End sent.
DpValue (572): Values for _AESProperties_0003.Both.Timerange.CameWentSort sent.
DpValue (573): Values for _AESProperties_0003.Both.Timerange.HistoricalData sent.
DpValue (574): Values for _AESProperties_0003.Both.Timerange.MaxLines sent.
DpValue (575): Values for _AESProperties_0003.Both.Timerange.Selection sent.
DpValue (576): Values for _AESProperties_0003.Both.Timerange.Shift sent.
DpValue (577): Values for _AESProperties_0003.Both.Systems.Selections sent.
DpValue (578): Values for _AESProperties_0003.Both.Systems.CheckAllSystems sent.
DpValue (579): Values for _AESProperties_0003.Both.Sorting.SortList sent.
DpValue (580): Values for _AESProperties_0003.Both.Visible.VisibleColumns sent.
DpValue (581): Values for _AESProperties_0003.Both.General.Header sent.
DpValue (582): Values for _AESProperties_0004.Name sent.
DpValue (583): Values for _AESProperties_0004.Settings.ScreenType sent.
DpValue (584): Values for _AESProperties_0004.Settings.User sent.
DpValue (585): Values for _AESProperties_0004.Events.Filter.DpComment sent.
DpValue (586): Values for _AESProperties_0004.Events.Filter.DpList sent.
DpValue (587): Values for _AESProperties_0004.Events.Filter.Userbits sent.
DpValue (588): Values for _AESProperties_0004.Events.FilterTypes.Selections sent.
DpValue (589): Values for _AESProperties_0004.Both.Timerange.Type sent.
DpValue (590): Values for _AESProperties_0004.Both.Timerange.Begin sent.
DpValue (591): Values for _AESProperties_0004.Both.Timerange.End sent.
DpValue (592): Values for _AESProperties_0004.Both.Timerange.HistoricalData sent.
DpValue (593): Values for _AESProperties_0004.Both.Timerange.MaxLines sent.
DpValue (594): Values for _AESProperties_0004.Both.Timerange.Selection sent.
DpValue (595): Values for _AESProperties_0004.Both.Timerange.Shift sent.
DpValue (596): Values for _AESProperties_0004.Both.Systems.Selections sent.
DpValue (597): Values for _AESProperties_0004.Both.Systems.CheckAllSystems sent.
DpValue (598): Values for _AESProperties_0004.Both.Sorting.SortList sent.
DpValue (599): Values for _AESProperties_0004.Both.Visible.VisibleColumns sent.
DpValue (600): Values for _AESProperties_0004.Both.General.Header sent.
DpValue (601): Values for SelectedAlarm.info.alarmType sent.
DpValue (602): Values for SelectedAlarm.info.alarmTime sent.
DpValue (603): Values for SelectedAlarm.info.alarmState sent.
DpValue (604): Values for SelectedAlarm.info.alarmDescription sent.
DpValue (605): Values for SelectedAlarm.info.alarmObject sent.
DpValue (606): Values for SelectedAlarm.settings.alarmTypeMapping sent.
DpValue (607): Values for SelectedAlarm.settings.alarmSystemMapping sent.
DpValue (608): Values for SelectedAlarm.info.alarmDp sent.
DpValue (609): Values for SelectedAlarm.info.alarmObjectType sent.
DpValue (610): Values for SelectedAlarm.info.alarmObjectSystem sent.
DpValue (611): Values for SelectedAlarm.settings.writeLastAlarmInfoEnabled sent.
DpValue (612): Values for _AESPropertiesRTRow_1__QuickTest__Top.Name sent.
DpValue (613): Values for _AESPropertiesRTRow_1__QuickTest__Top.Settings.TabType sent.
DpValue (614): Values for _AESPropertiesRTRow_1__QuickTest__Top.Settings.Active sent.
DpValue (615): Values for _AESPropertiesRTRow_1__QuickTest__Top.Settings.ScreenType sent.
DpValue (616): Values for _AESPropertiesRTRow_1__QuickTest__Top.Settings.Proportion sent.
DpValue (617): Values for _AESPropertiesRTRow_1__QuickTest__Top.Settings.Config sent.
DpValue (618): Values for _AESPropertiesRTRow_1__QuickTest__Top.Settings.User sent.
DpValue (619): Values for _AESPropertiesRTRow_1__QuickTest__Top.Settings.Changed sent.
DpValue (620): Values for _AESPropertiesRTRow_1__QuickTest__Top.Settings.RunCommand sent.
DpValue (621): Values for _AESPropertiesRTRow_1__QuickTest__Top.Settings.RunMode sent.
DpValue (622): Values for _AESPropertiesRTRow_1__QuickTest__Top.Settings.Action sent.
DpValue (623): Values for _AESPropertiesRTRow_1__QuickTest__Top.Settings.BusyTrigger sent.
DpValue (624): Values for _AESPropertiesRTRow_1__QuickTest__Top.Settings.DistInfo sent.
DpValue (625): Values for _AESPropertiesRTRow_1__QuickTest__Top.Alerts.Filter.Shortcut sent.
DpValue (626): Values for _AESPropertiesRTRow_1__QuickTest__Top.Alerts.Filter.Prio sent.
DpValue (627): Values for _AESPropertiesRTRow_1__QuickTest__Top.Alerts.Filter.DpComment sent.
DpValue (628): Values for _AESPropertiesRTRow_1__QuickTest__Top.Alerts.Filter.AlertText sent.
DpValue (629): Values for _AESPropertiesRTRow_1__QuickTest__Top.Alerts.Filter.LogicalCombine sent.
DpValue (630): Values for _AESPropertiesRTRow_1__QuickTest__Top.Alerts.Filter.DpList sent.
DpValue (631): Values for _AESPropertiesRTRow_1__QuickTest__Top.Alerts.Filter.BLEComment sent.
DpValue (632): Values for _AESPropertiesRTRow_1__QuickTest__Top.Alerts.Filter.Add_Value sent.
DpValue (633): Values for _AESPropertiesRTRow_1__QuickTest__Top.Alerts.Filter.Add_Value_Combine sent.
DpValue (634): Values for _AESPropertiesRTRow_1__QuickTest__Top.Alerts.Filter.Add_Value_Compare sent.
DpValue (635): Values for _AESPropertiesRTRow_1__QuickTest__Top.Alerts.Filter.Add_Value_Index sent.
DpValue (636): Values for _AESPropertiesRTRow_1__QuickTest__Top.Alerts.FilterTypes.Selections sent.
DpValue (637): Values for _AESPropertiesRTRow_1__QuickTest__Top.Alerts.FilterTypes.AlertSummary sent.
DpValue (638): Values for _AESPropertiesRTRow_1__QuickTest__Top.Alerts.FilterState.State sent.
DpValue (639): Values for _AESPropertiesRTRow_1__QuickTest__Top.Alerts.FilterState.OneRowPerAlert sent.
DpValue (640): Values for _AESPropertiesRTRow_1__QuickTest__Top.Alerts.FilterState.OpenClosedMode sent.
DpValue (641): Values for _AESPropertiesRTRow_1__QuickTest__Top.Alerts.FilterState.Direction sent.
DpValue (642): Values for _AESPropertiesRTRow_1__QuickTest__Top.Events.Filter.DpComment sent.
DpValue (643): Values for _AESPropertiesRTRow_1__QuickTest__Top.Events.Filter.DpList sent.
DpValue (644): Values for _AESPropertiesRTRow_1__QuickTest__Top.Events.Filter.Userbits sent.
DpValue (645): Values for _AESPropertiesRTRow_1__QuickTest__Top.Events.Filter.BLEComment sent.
DpValue (646): Values for _AESPropertiesRTRow_1__QuickTest__Top.Events.FilterTypes.Selections sent.
DpValue (647): Values for _AESPropertiesRTRow_1__QuickTest__Top.Both.Timerange.Type sent.
DpValue (648): Values for _AESPropertiesRTRow_1__QuickTest__Top.Both.Timerange.Begin sent.
DpValue (649): Values for _AESPropertiesRTRow_1__QuickTest__Top.Both.Timerange.End sent.
DpValue (650): Values for _AESPropertiesRTRow_1__QuickTest__Top.Both.Timerange.CameWentSort sent.
DpValue (651): Values for _AESPropertiesRTRow_1__QuickTest__Top.Both.Timerange.HistoricalData sent.
DpValue (652): Values for _AESPropertiesRTRow_1__QuickTest__Top.Both.Timerange.MaxLines sent.
DpValue (653): Values for _AESPropertiesRTRow_1__QuickTest__Top.Both.Timerange.Selection sent.
DpValue (654): Values for _AESPropertiesRTRow_1__QuickTest__Top.Both.Timerange.Shift sent.
DpValue (655): Values for _AESPropertiesRTRow_1__QuickTest__Top.Both.Timerange.HistoricalDataInterval sent.
DpValue (656): Values for _AESPropertiesRTRow_1__QuickTest__Top.Both.Systems.Selections sent.
DpValue (657): Values for _AESPropertiesRTRow_1__QuickTest__Top.Both.Systems.CheckAllSystems sent.
DpValue (658): Values for _AESPropertiesRTRow_1__QuickTest__Top.Both.Sorting.SortList sent.
DpValue (659): Values for _AESPropertiesRTRow_1__QuickTest__Top.Both.Visible.VisibleColumns sent.
DpValue (660): Values for _AESPropertiesRTRow_1__QuickTest__Top.Both.General.Header sent.
DpValue (661): Values for _AESPropertiesRTRow_1__QuickTest__Bot.Settings.TabType sent.
DpValue (662): Values for _AESPropertiesRTRow_1__QuickTest__Bot.Settings.RunMode sent.
DpValue (663): Values for _AESPropertiesRTRow_1__QuickTest__Bot.Settings.Action sent.
DpValue (664): Values for _mp_AlarmTableParameters.settings.incidentImageVisible sent.
DpValue (665): Values for _AEScreen_0005.Name sent.
DpValue (666): Values for _AEScreen_0005.AlertRow sent.
DpValue (667): Values for _AEScreen_0005.Top.Active sent.
DpValue (668): Values for _AEScreen_0005.Top.ScreenType sent.
DpValue (669): Values for _AEScreen_0005.Top.Proportion sent.
DpValue (670): Values for _AEScreen_0005.Top.Config sent.
DpValue (671): Values for _AEScreen_0005.Bot.Active sent.
DpValue (672): Values for _AEScreen_0005.Bot.ScreenType sent.
DpValue (673): Values for _AEScreen_0005.Bot.Proportion sent.
DpValue (674): Values for _AEScreen_0005.Bot.Config sent.
DpValue (675): Values for _AESConfig.generalSettings.AESGlobalSettings.displaySliderObjects sent.
DpValue (676): Values for _AESConfig.generalSettings.AESGlobalSettings.denyAllVisibleAlarmAcknowl sent.
DpValue (677): Values for _AESConfig.generalSettings.AESGlobalSettings.displayPrintDialog sent.
DpValue (678): Values for _AESConfig.generalSettings.AESGlobalSettings.askDisplayProcessPanel sent.
DpValue (679): Values for _AESConfig.generalSettings.AESGlobalSettings.contextMenu.title sent.
DpValue (680): Values for _AESConfig.generalSettings.AESGlobalSettings.contextMenu.ack sent.
DpValue (681): Values for _AESConfig.generalSettings.AESGlobalSettings.contextMenu.ackAV sent.
DpValue (682): Values for _AESConfig.generalSettings.AESGlobalSettings.contextMenu.comment sent.
DpValue (683): Values for _AESConfig.generalSettings.AESGlobalSettings.contextMenu.panel sent.
DpValue (684): Values for _AESConfig.generalSettings.AESGlobalSettings.contextMenu.trend sent.
DpValue (685): Values for _AESConfig.generalSettings.AESGlobalSettings.contextMenu.details sent.
DpValue (686): Values for _AESConfig.generalSettings.AESGlobalSettings.contextMenu.sum sent.
DpValue (687): Values for _AESConfig.generalSettings.AESGlobalSettings.contextMenu.info sent.
DpValue (688): Values for _AESConfig.generalSettings.AESGlobalSettings.contextMenu.settings sent.
DpValue (689): Values for _AESConfig.generalSettings.AESGlobalSettings.contextMenu.close sent.
DpValue (690): Values for _AESConfig.generalSettings.AESGlobalSettings.contextMenu.prio sent.
DpValue (691): Values for _AESConfig.generalSettings.AESTableConfiguration.proportion sent.
DpValue (692): Values for _AESConfig.generalSettings.AESTableConfiguration.topTable.active sent.
DpValue (693): Values for _AESConfig.generalSettings.AESTableConfiguration.topTable.type sent.
DpValue (694): Values for _AESConfig.generalSettings.AESTableConfiguration.topTable.configuration sent.
DpValue (695): Values for _AESConfig.generalSettings.AESTableConfiguration.topTable.hideBlankRows sent.
DpValue (696): Values for _AESConfig.generalSettings.AESTableConfiguration.bottomTable.active sent.
DpValue (697): Values for _AESConfig.generalSettings.AESTableConfiguration.bottomTable.type sent.
DpValue (698): Values for _AESConfig.generalSettings.AESTableConfiguration.bottomTable.configuration sent.
DpValue (699): Values for _AESConfig.generalSettings.AESTableConfiguration.bottomTable.hideBlankRows sent.
DpValue (700): Values for _AESConfig.tables.alertTable.backColor sent.
DpValue (701): Values for _AESConfig.tables.alertTable.gridColor sent.
DpValue (702): Values for _AESConfig.tables.alertTable.headerForeColor sent.
DpValue (703): Values for _AESConfig.tables.alertTable.headerBackColor sent.
DpValue (704): Values for _AESConfig.tables.alertTable.eventOnDoubleClick sent.
DpValue (705): Values for _AESConfig.tables.alertTable.useAlertClassFont sent.
DpValue (706): Values for _AESConfig.tables.alertTable.fontScreen sent.
DpValue (707): Values for _AESConfig.tables.alertTable.fontPrinter sent.
DpValue (708): Values for _AESConfig.tables.alertTable.columns.position sent.
DpValue (709): Values for _AESConfig.tables.alertTable.columns.name sent.
DpValue (710): Values for _AESConfig.tables.alertTable.columns.nameHeader sent.
DpValue (711): Values for _AESConfig.tables.alertTable.columns.visible sent.
DpValue (712): Values for _AESConfig.tables.alertTable.columns.widthScreen sent.
DpValue (713): Values for _AESConfig.tables.alertTable.columns.widthPrinter sent.
DpValue (714): Values for _AESConfig.tables.alertTable.columns.useAlertClassForeColor sent.
DpValue (715): Values for _AESConfig.tables.alertTable.columns.useAlertClassBackColor sent.
DpValue (716): Values for _AESConfig.tables.alertTable.columns.eventOnClick sent.
DpValue (717): Values for _AESConfig.tables.alertTable.columns.dynColumnWidth sent.
DpValue (718): Values for _AESConfig.tables.alertTable.columns.value.valueType sent.
DpValue (719): Values for _AESConfig.tables.alertTable.columns.value.format sent.
DpValue (720): Values for _AESConfig.tables.alertTable.columns.value.millisec sent.
DpValue (721): Values for _AESConfig.tables.alertTable.columns.value.functionName sent.
DpValue (722): Values for _AESConfig.tables.alertTable.columns.value.attrArguments sent.
DpValue (723): Values for _AESConfig.tables.alertTable.columns.value.attribute sent.
DpValue (724): Values for _AESConfig.tables.eventTable.backColor sent.
DpValue (725): Values for _AESConfig.tables.eventTable.gridColor sent.
DpValue (726): Values for _AESConfig.tables.eventTable.headerForeColor sent.
DpValue (727): Values for _AESConfig.tables.eventTable.headerBackColor sent.
DpValue (728): Values for _AESConfig.tables.eventTable.eventOnDoubleClick sent.
DpValue (729): Values for _AESConfig.tables.eventTable.useAlertClassFont sent.
DpValue (730): Values for _AESConfig.tables.eventTable.fontScreen sent.
DpValue (731): Values for _AESConfig.tables.eventTable.fontPrinter sent.
DpValue (732): Values for _AESConfig.tables.eventTable.columns.position sent.
DpValue (733): Values for _AESConfig.tables.eventTable.columns.name sent.
DpValue (734): Values for _AESConfig.tables.eventTable.columns.nameHeader sent.
DpValue (735): Values for _AESConfig.tables.eventTable.columns.visible sent.
DpValue (736): Values for _AESConfig.tables.eventTable.columns.widthScreen sent.
DpValue (737): Values for _AESConfig.tables.eventTable.columns.widthPrinter sent.
DpValue (738): Values for _AESConfig.tables.eventTable.columns.useAlertClassForeColor sent.
DpValue (739): Values for _AESConfig.tables.eventTable.columns.useAlertClassBackColor sent.
DpValue (740): Values for _AESConfig.tables.eventTable.columns.eventOnClick sent.
DpValue (741): Values for _AESConfig.tables.eventTable.columns.dynColumnWidth sent.
DpValue (742): Values for _AESConfig.tables.eventTable.columns.value.valueType sent.
DpValue (743): Values for _AESConfig.tables.eventTable.columns.value.format sent.
DpValue (744): Values for _AESConfig.tables.eventTable.columns.value.millisec sent.
DpValue (745): Values for _AESConfig.tables.eventTable.columns.value.functionName sent.
DpValue (746): Values for _AESConfig.tables.eventTable.columns.value.attrArguments sent.
DpValue (747): Values for _AESConfig.tables.eventTable.columns.value.attribute sent.
DpValue (748): Values for _AESConfig.functions.alerts.onClickFunc sent.
DpValue (749): Values for _AESConfig.functions.alerts.extFunc sent.
DpValue (750): Values for _AESConfig.functions.alerts.specFunc sent.
DpValue (751): Values for _AESConfig.functions.alerts.onDblClickFunc sent.
DpValue (752): Values for _AESConfig.functions.events.onClickFunc sent.
DpValue (753): Values for _AESConfig.functions.events.extFunc sent.
DpValue (754): Values for _AESConfig.functions.events.specFunc sent.
DpValue (755): Values for _AESConfig.functions.events.onDblClickFunc sent.
DpValue (756): Values for _AESConfigRow.generalSettings.AESGlobalSettings.displaySliderObjects sent.
DpValue (757): Values for _AESConfigRow.generalSettings.AESGlobalSettings.denyAllVisibleAlarmAcknowl sent.
DpValue (758): Values for _AESConfigRow.generalSettings.AESGlobalSettings.displayPrintDialog sent.
DpValue (759): Values for _AESConfigRow.generalSettings.AESGlobalSettings.askDisplayProcessPanel sent.
DpValue (760): Values for _AESConfigRow.generalSettings.AESGlobalSettings.contextMenu.title sent.
DpValue (761): Values for _AESConfigRow.generalSettings.AESGlobalSettings.contextMenu.ack sent.
DpValue (762): Values for _AESConfigRow.generalSettings.AESGlobalSettings.contextMenu.ackAV sent.
DpValue (763): Values for _AESConfigRow.generalSettings.AESGlobalSettings.contextMenu.comment sent.
DpValue (764): Values for _AESConfigRow.generalSettings.AESGlobalSettings.contextMenu.panel sent.
DpValue (765): Values for _AESConfigRow.generalSettings.AESGlobalSettings.contextMenu.trend sent.
DpValue (766): Values for _AESConfigRow.generalSettings.AESGlobalSettings.contextMenu.details sent.
DpValue (767): Values for _AESConfigRow.generalSettings.AESGlobalSettings.contextMenu.sum sent.
DpValue (768): Values for _AESConfigRow.generalSettings.AESGlobalSettings.contextMenu.info sent.
DpValue (769): Values for _AESConfigRow.generalSettings.AESGlobalSettings.contextMenu.settings sent.
DpValue (770): Values for _AESConfigRow.generalSettings.AESGlobalSettings.contextMenu.close sent.
DpValue (771): Values for _AESConfigRow.generalSettings.AESGlobalSettings.contextMenu.prio sent.
DpValue (772): Values for _AESConfigRow.generalSettings.AESTableConfiguration.proportion sent.
DpValue (773): Values for _AESConfigRow.generalSettings.AESTableConfiguration.topTable.active sent.
DpValue (774): Values for _AESConfigRow.generalSettings.AESTableConfiguration.topTable.type sent.
DpValue (775): Values for _AESConfigRow.generalSettings.AESTableConfiguration.topTable.configuration sent.
DpValue (776): Values for _AESConfigRow.generalSettings.AESTableConfiguration.topTable.hideBlankRows sent.
DpValue (777): Values for _AESConfigRow.generalSettings.AESTableConfiguration.bottomTable.active sent.
DpValue (778): Values for _AESConfigRow.generalSettings.AESTableConfiguration.bottomTable.type sent.
DpValue (779): Values for _AESConfigRow.generalSettings.AESTableConfiguration.bottomTable.configuration sent.
DpValue (780): Values for _AESConfigRow.generalSettings.AESTableConfiguration.bottomTable.hideBlankRows sent.
DpValue (781): Values for _AESConfigRow.tables.alertTable.backColor sent.
DpValue (782): Values for _AESConfigRow.tables.alertTable.gridColor sent.
DpValue (783): Values for _AESConfigRow.tables.alertTable.headerForeColor sent.
DpValue (784): Values for _AESConfigRow.tables.alertTable.headerBackColor sent.
DpValue (785): Values for _AESConfigRow.tables.alertTable.eventOnDoubleClick sent.
DpValue (786): Values for _AESConfigRow.tables.alertTable.useAlertClassFont sent.
DpValue (787): Values for _AESConfigRow.tables.alertTable.fontScreen sent.
DpValue (788): Values for _AESConfigRow.tables.alertTable.fontPrinter sent.
DpValue (789): Values for _AESConfigRow.tables.alertTable.columns.position sent.
DpValue (790): Values for _AESConfigRow.tables.alertTable.columns.name sent.
DpValue (791): Values for _AESConfigRow.tables.alertTable.columns.nameHeader sent.
DpValue (792): Values for _AESConfigRow.tables.alertTable.columns.visible sent.
DpValue (793): Values for _AESConfigRow.tables.alertTable.columns.widthScreen sent.
DpValue (794): Values for _AESConfigRow.tables.alertTable.columns.widthPrinter sent.
DpValue (795): Values for _AESConfigRow.tables.alertTable.columns.useAlertClassForeColor sent.
DpValue (796): Values for _AESConfigRow.tables.alertTable.columns.useAlertClassBackColor sent.
DpValue (797): Values for _AESConfigRow.tables.alertTable.columns.eventOnClick sent.
DpValue (798): Values for _AESConfigRow.tables.alertTable.columns.dynColumnWidth sent.
DpValue (799): Values for _AESConfigRow.tables.alertTable.columns.value.valueType sent.
DpValue (800): Values for _AESConfigRow.tables.alertTable.columns.value.format sent.
DpValue (801): Values for _AESConfigRow.tables.alertTable.columns.value.millisec sent.
DpValue (802): Values for _AESConfigRow.tables.alertTable.columns.value.functionName sent.
DpValue (803): Values for _AESConfigRow.tables.alertTable.columns.value.attrArguments sent.
DpValue (804): Values for _AESConfigRow.tables.alertTable.columns.value.attribute sent.
DpValue (805): Values for _AESConfigRow.tables.eventTable.backColor sent.
DpValue (806): Values for _AESConfigRow.tables.eventTable.gridColor sent.
DpValue (807): Values for _AESConfigRow.tables.eventTable.headerForeColor sent.
DpValue (808): Values for _AESConfigRow.tables.eventTable.headerBackColor sent.
DpValue (809): Values for _AESConfigRow.tables.eventTable.eventOnDoubleClick sent.
DpValue (810): Values for _AESConfigRow.tables.eventTable.useAlertClassFont sent.
DpValue (811): Values for _AESConfigRow.tables.eventTable.fontScreen sent.
DpValue (812): Values for _AESConfigRow.tables.eventTable.fontPrinter sent.
DpValue (813): Values for _AESConfigRow.tables.eventTable.columns.position sent.
DpValue (814): Values for _AESConfigRow.tables.eventTable.columns.name sent.
DpValue (815): Values for _AESConfigRow.tables.eventTable.columns.nameHeader sent.
DpValue (816): Values for _AESConfigRow.tables.eventTable.columns.visible sent.
DpValue (817): Values for _AESConfigRow.tables.eventTable.columns.widthScreen sent.
DpValue (818): Values for _AESConfigRow.tables.eventTable.columns.widthPrinter sent.
DpValue (819): Values for _AESConfigRow.tables.eventTable.columns.useAlertClassForeColor sent.
DpValue (820): Values for _AESConfigRow.tables.eventTable.columns.useAlertClassBackColor sent.
DpValue (821): Values for _AESConfigRow.tables.eventTable.columns.eventOnClick sent.
DpValue (822): Values for _AESConfigRow.tables.eventTable.columns.dynColumnWidth sent.
DpValue (823): Values for _AESConfigRow.tables.eventTable.columns.value.valueType sent.
DpValue (824): Values for _AESConfigRow.tables.eventTable.columns.value.format sent.
DpValue (825): Values for _AESConfigRow.tables.eventTable.columns.value.millisec sent.
DpValue (826): Values for _AESConfigRow.tables.eventTable.columns.value.functionName sent.
DpValue (827): Values for _AESConfigRow.tables.eventTable.columns.value.attrArguments sent.
DpValue (828): Values for _AESConfigRow.tables.eventTable.columns.value.attribute sent.
DpValue (829): Values for _AESConfigRow.functions.alerts.onClickFunc sent.
DpValue (830): Values for _AESConfigRow.functions.alerts.extFunc sent.
DpValue (831): Values for _AESConfigRow.functions.alerts.specFunc sent.
DpValue (832): Values for _AESConfigRow.functions.alerts.onDblClickFunc sent.
DpValue (833): Values for _AESConfigRow.functions.events.onClickFunc sent.
DpValue (834): Values for _AESConfigRow.functions.events.extFunc sent.
DpValue (835): Values for _AESConfigRow.functions.events.specFunc sent.
DpValue (836): Values for _AESConfigRow.functions.events.onDblClickFunc sent.
DpValue (837): Values for _AESPropertiesRT_1_WinCC_OA-AES_Top.Name sent.
DpValue (838): Values for _AESPropertiesRT_1_WinCC_OA-AES_Top.Settings.TabType sent.
DpValue (839): Values for _AESPropertiesRT_1_WinCC_OA-AES_Top.Settings.Active sent.
DpValue (840): Values for _AESPropertiesRT_1_WinCC_OA-AES_Top.Settings.ScreenType sent.
DpValue (841): Values for _AESPropertiesRT_1_WinCC_OA-AES_Top.Settings.Proportion sent.
DpValue (842): Values for _AESPropertiesRT_1_WinCC_OA-AES_Top.Settings.Config sent.
DpValue (843): Values for _AESPropertiesRT_1_WinCC_OA-AES_Top.Settings.User sent.
DpValue (844): Values for _AESPropertiesRT_1_WinCC_OA-AES_Top.Settings.Changed sent.
DpValue (845): Values for _AESPropertiesRT_1_WinCC_OA-AES_Top.Settings.RunCommand sent.
DpValue (846): Values for _AESPropertiesRT_1_WinCC_OA-AES_Top.Settings.RunMode sent.
DpValue (847): Values for _AESPropertiesRT_1_WinCC_OA-AES_Top.Settings.Action sent.
DpValue (848): Values for _AESPropertiesRT_1_WinCC_OA-AES_Top.Alerts.Filter.Shortcut sent.
DpValue (849): Values for _AESPropertiesRT_1_WinCC_OA-AES_Top.Alerts.Filter.Prio sent.
DpValue (850): Values for _AESPropertiesRT_1_WinCC_OA-AES_Top.Alerts.Filter.DpComment sent.
DpValue (851): Values for _AESPropertiesRT_1_WinCC_OA-AES_Top.Alerts.Filter.AlertText sent.
DpValue (852): Values for _AESPropertiesRT_1_WinCC_OA-AES_Top.Alerts.Filter.LogicalCombine sent.
DpValue (853): Values for _AESPropertiesRT_1_WinCC_OA-AES_Top.Alerts.Filter.DpList sent.
DpValue (854): Values for _AESPropertiesRT_1_WinCC_OA-AES_Top.Alerts.Filter.BLEComment sent.
DpValue (855): Values for _AESPropertiesRT_1_WinCC_OA-AES_Top.Alerts.Filter.Add_Value sent.
DpValue (856): Values for _AESPropertiesRT_1_WinCC_OA-AES_Top.Alerts.Filter.Add_Value_Combine sent.
DpValue (857): Values for _AESPropertiesRT_1_WinCC_OA-AES_Top.Alerts.Filter.Add_Value_Compare sent.
DpValue (858): Values for _AESPropertiesRT_1_WinCC_OA-AES_Top.Alerts.Filter.Add_Value_Index sent.
DpValue (859): Values for _AESPropertiesRT_1_WinCC_OA-AES_Top.Alerts.FilterTypes.Selections sent.
DpValue (860): Values for _AESPropertiesRT_1_WinCC_OA-AES_Top.Alerts.FilterTypes.AlertSummary sent.
DpValue (861): Values for _AESPropertiesRT_1_WinCC_OA-AES_Top.Alerts.FilterState.State sent.
DpValue (862): Values for _AESPropertiesRT_1_WinCC_OA-AES_Top.Alerts.FilterState.OneRowPerAlert sent.
DpValue (863): Values for _AESPropertiesRT_1_WinCC_OA-AES_Top.Alerts.FilterState.OpenClosedMode sent.
DpValue (864): Values for _AESPropertiesRT_1_WinCC_OA-AES_Top.Alerts.FilterState.Direction sent.
DpValue (865): Values for _AESPropertiesRT_1_WinCC_OA-AES_Top.Events.Filter.DpComment sent.
DpValue (866): Values for _AESPropertiesRT_1_WinCC_OA-AES_Top.Events.Filter.DpList sent.
DpValue (867): Values for _AESPropertiesRT_1_WinCC_OA-AES_Top.Events.Filter.Userbits sent.
DpValue (868): Values for _AESPropertiesRT_1_WinCC_OA-AES_Top.Events.Filter.BLEComment sent.
DpValue (869): Values for _AESPropertiesRT_1_WinCC_OA-AES_Top.Events.FilterTypes.Selections sent.
DpValue (870): Values for _AESPropertiesRT_1_WinCC_OA-AES_Top.Both.Timerange.Type sent.
DpValue (871): Values for _AESPropertiesRT_1_WinCC_OA-AES_Top.Both.Timerange.Begin sent.
DpValue (872): Values for _AESPropertiesRT_1_WinCC_OA-AES_Top.Both.Timerange.End sent.
DpValue (873): Values for _AESPropertiesRT_1_WinCC_OA-AES_Top.Both.Timerange.CameWentSort sent.
DpValue (874): Values for _AESPropertiesRT_1_WinCC_OA-AES_Top.Both.Timerange.HistoricalData sent.
DpValue (875): Values for _AESPropertiesRT_1_WinCC_OA-AES_Top.Both.Timerange.MaxLines sent.
DpValue (876): Values for _AESPropertiesRT_1_WinCC_OA-AES_Top.Both.Timerange.Selection sent.
DpValue (877): Values for _AESPropertiesRT_1_WinCC_OA-AES_Top.Both.Timerange.Shift sent.
DpValue (878): Values for _AESPropertiesRT_1_WinCC_OA-AES_Top.Both.Timerange.HistoricalDataInterval sent.
DpValue (879): Values for _AESPropertiesRT_1_WinCC_OA-AES_Top.Both.Systems.Selections sent.
DpValue (880): Values for _AESPropertiesRT_1_WinCC_OA-AES_Top.Both.Systems.CheckAllSystems sent.
DpValue (881): Values for _AESPropertiesRT_1_WinCC_OA-AES_Top.Both.Sorting.SortList sent.
DpValue (882): Values for _AESPropertiesRT_1_WinCC_OA-AES_Top.Both.Visible.VisibleColumns sent.
DpValue (883): Values for _AESPropertiesRT_1_WinCC_OA-AES_Top.Both.General.Header sent.
DpValue (884): Values for _AESPropertiesRT_1_WinCC_OA-AES_Bot.Name sent.
DpValue (885): Values for _AESPropertiesRT_1_WinCC_OA-AES_Bot.Settings.TabType sent.
DpValue (886): Values for _AESPropertiesRT_1_WinCC_OA-AES_Bot.Settings.Active sent.
DpValue (887): Values for _AESPropertiesRT_1_WinCC_OA-AES_Bot.Settings.ScreenType sent.
DpValue (888): Values for _AESPropertiesRT_1_WinCC_OA-AES_Bot.Settings.Proportion sent.
DpValue (889): Values for _AESPropertiesRT_1_WinCC_OA-AES_Bot.Settings.Config sent.
DpValue (890): Values for _AESPropertiesRT_1_WinCC_OA-AES_Bot.Settings.User sent.
DpValue (891): Values for _AESPropertiesRT_1_WinCC_OA-AES_Bot.Settings.Changed sent.
DpValue (892): Values for _AESPropertiesRT_1_WinCC_OA-AES_Bot.Settings.RunCommand sent.
DpValue (893): Values for _AESPropertiesRT_1_WinCC_OA-AES_Bot.Settings.RunMode sent.
DpValue (894): Values for _AESPropertiesRT_1_WinCC_OA-AES_Bot.Settings.Action sent.
DpValue (895): Values for _AESPropertiesRT_1_WinCC_OA-AES_Bot.Alerts.Filter.Shortcut sent.
DpValue (896): Values for _AESPropertiesRT_1_WinCC_OA-AES_Bot.Alerts.Filter.Prio sent.
DpValue (897): Values for _AESPropertiesRT_1_WinCC_OA-AES_Bot.Alerts.Filter.DpComment sent.
DpValue (898): Values for _AESPropertiesRT_1_WinCC_OA-AES_Bot.Alerts.Filter.AlertText sent.
DpValue (899): Values for _AESPropertiesRT_1_WinCC_OA-AES_Bot.Alerts.Filter.LogicalCombine sent.
DpValue (900): Values for _AESPropertiesRT_1_WinCC_OA-AES_Bot.Alerts.Filter.DpList sent.
DpValue (901): Values for _AESPropertiesRT_1_WinCC_OA-AES_Bot.Alerts.Filter.BLEComment sent.
DpValue (902): Values for _AESPropertiesRT_1_WinCC_OA-AES_Bot.Alerts.Filter.Add_Value sent.
DpValue (903): Values for _AESPropertiesRT_1_WinCC_OA-AES_Bot.Alerts.Filter.Add_Value_Combine sent.
DpValue (904): Values for _AESPropertiesRT_1_WinCC_OA-AES_Bot.Alerts.Filter.Add_Value_Compare sent.
DpValue (905): Values for _AESPropertiesRT_1_WinCC_OA-AES_Bot.Alerts.Filter.Add_Value_Index sent.
DpValue (906): Values for _AESPropertiesRT_1_WinCC_OA-AES_Bot.Alerts.FilterTypes.Selections sent.
DpValue (907): Values for _AESPropertiesRT_1_WinCC_OA-AES_Bot.Alerts.FilterTypes.AlertSummary sent.
DpValue (908): Values for _AESPropertiesRT_1_WinCC_OA-AES_Bot.Alerts.FilterState.State sent.
DpValue (909): Values for _AESPropertiesRT_1_WinCC_OA-AES_Bot.Alerts.FilterState.OneRowPerAlert sent.
DpValue (910): Values for _AESPropertiesRT_1_WinCC_OA-AES_Bot.Alerts.FilterState.OpenClosedMode sent.
DpValue (911): Values for _AESPropertiesRT_1_WinCC_OA-AES_Bot.Alerts.FilterState.Direction sent.
DpValue (912): Values for _AESPropertiesRT_1_WinCC_OA-AES_Bot.Events.Filter.DpComment sent.
DpValue (913): Values for _AESPropertiesRT_1_WinCC_OA-AES_Bot.Events.Filter.DpList sent.
DpValue (914): Values for _AESPropertiesRT_1_WinCC_OA-AES_Bot.Events.Filter.Userbits sent.
DpValue (915): Values for _AESPropertiesRT_1_WinCC_OA-AES_Bot.Events.Filter.BLEComment sent.
DpValue (916): Values for _AESPropertiesRT_1_WinCC_OA-AES_Bot.Events.FilterTypes.Selections sent.
DpValue (917): Values for _AESPropertiesRT_1_WinCC_OA-AES_Bot.Both.Timerange.Type sent.
DpValue (918): Values for _AESPropertiesRT_1_WinCC_OA-AES_Bot.Both.Timerange.Begin sent.
DpValue (919): Values for _AESPropertiesRT_1_WinCC_OA-AES_Bot.Both.Timerange.End sent.
DpValue (920): Values for _AESPropertiesRT_1_WinCC_OA-AES_Bot.Both.Timerange.CameWentSort sent.
DpValue (921): Values for _AESPropertiesRT_1_WinCC_OA-AES_Bot.Both.Timerange.HistoricalData sent.
DpValue (922): Values for _AESPropertiesRT_1_WinCC_OA-AES_Bot.Both.Timerange.MaxLines sent.
DpValue (923): Values for _AESPropertiesRT_1_WinCC_OA-AES_Bot.Both.Timerange.Selection sent.
DpValue (924): Values for _AESPropertiesRT_1_WinCC_OA-AES_Bot.Both.Timerange.Shift sent.
DpValue (925): Values for _AESPropertiesRT_1_WinCC_OA-AES_Bot.Both.Timerange.HistoricalDataInterval sent.
DpValue (926): Values for _AESPropertiesRT_1_WinCC_OA-AES_Bot.Both.Systems.Selections sent.
DpValue (927): Values for _AESPropertiesRT_1_WinCC_OA-AES_Bot.Both.Systems.CheckAllSystems sent.
DpValue (928): Values for _AESPropertiesRT_1_WinCC_OA-AES_Bot.Both.Sorting.SortList sent.
DpValue (929): Values for _AESPropertiesRT_1_WinCC_OA-AES_Bot.Both.Visible.VisibleColumns sent.
AlertClass (932): Values for _AESPropertiesRT_1_WinCC_OA-AES_Bot.Both.General.Header sent.
AlertClass (934): Values for information. sent.
AlertClass (935): Values for information. sent.
AlertClass (936): Values for advanceAlarm. sent.
AlertClass (937): Values for warning. sent.
AlertClass (938): Values for warning. sent.
AlertClass (939): Values for warning. sent.
AlertClass (940): Values for alert. sent.
AlertClass (941): Values for alert. sent.
AlertClass (942): Values for danger. sent.
AlertClass (943): Values for danger. sent.
AlertClass (944): Values for disturbance. sent.
AlertClass (945): Values for scAlarm. sent.
AlertClass (946): Values for S7_Alarm. sent.
AlertClass (947): Values for S7_Warning. sent.
AlertClass (948): Values for S7_Tolerance. sent.
AlertClass (949): Values for S7_AS. sent.
AlertClass (950): Values for S7_OS. sent.
AlertClass (951): Values for S7_Maintenance. sent.
AlertClass (952): Values for S7_Process. sent.
AlertClass (953): Values for S7_Operating. sent.
AlertClass (954): Values for S7_OP_Request. sent.
AlertClass (955): Values for S7_OP. sent.
AlertClass (956): Values for S7_State. sent.
AlertClass (957): Values for S7_SysMust. sent.
Datapoint/DpId (961): Values for S7_SysNeed. sent.
Waiting for last response from eventmanager...
Scanning of file D:\SCADA\BS_Husky_Proj\SarlahSopot\dplist\AlarmTable.dpl is finished (0)
End of Program
