2018.11.20 09:25:54.356["[Log] ERROR at dpExists: Datapoint does not exist <languagesManager.mappedLanguages>."]
2018.11.20 09:25:54.372["[Log] ERROR at getDP: Failed to get dp <languagesManager.mappedLanguages>. (DP does not exist, 
    Module: Vision_1
    Panel: D:\\SCADA\\BS_Husky_Proj\\SarlahSopot\\panels\\vision\\login.pnl [Login]
    Object: 33 named: \"LanguageChange\" of type: COMBO_BOX
    Script: Initialize
    Library: D:\\SCADA\\BS_Husky_Proj\\SarlahSopot\\scripts\\libs\\basicMethods.ctl
    Line: 6, dpGet, languagesManager.mappedLanguages)"]
2018.11.20 09:28:11.269["[Log] ERROR at dpExists: Datapoint does not exist <languagesManager.mappedLanguages>."]
2018.11.20 09:28:11.322["[Log] ERROR at getDP: Failed to get dp <languagesManager.mappedLanguages>. (DP does not exist, 
    Module: Vision_1
    Panel: D:\\SCADA\\BS_Husky_Proj\\SarlahSopot\\panels\\vision\\login.pnl [Login]
    Object: 33 named: \"LanguageChange\" of type: COMBO_BOX
    Script: Initialize
    Library: D:\\SCADA\\BS_Husky_Proj\\SarlahSopot\\scripts\\libs\\basicMethods.ctl
    Line: 6, dpGet, languagesManager.mappedLanguages)"]
2018.11.20 09:41:03.039["[Log] ERROR at dpExists: Failed to get dp <SysBancarevo:VMS5-OA1L.response.signStatus>."]
2018.11.20 09:41:03.039["[Log] ERROR at dpExists: Failed to get dp <SysBancarevo:VMS5-OA1L.command.value>."]
2018.11.20 09:41:03.039["[Log] ERROR at dpExists: Failed to get dp <SysBancarevo:VMS4-OA1L.response.signStatus>."]
2018.11.20 09:41:03.039["[Log] ERROR at dpExists: Failed to get dp <SysBancarevo:VMS4-OA1L.command.value>."]
2018.11.20 09:41:03.039["[Log] ERROR at dpExists: Failed to get dp <SysBancarevo:VMS3-OA1L.response.signStatus>."]
2018.11.20 09:41:03.039["[Log] ERROR at dpExists: Failed to get dp <SysBancarevo:VMS3-OA1L.command.value>."]
2018.11.20 09:41:03.040["[Log] ERROR at dpExists: Failed to get dp <SysBancarevo:VMS2-OA1L.response.signStatus>."]
2018.11.20 09:41:03.040["[Log] ERROR at dpExists: Failed to get dp <SysBancarevo:VMS2-OA1L.command.value>."]
2018.11.20 09:41:03.040["[Log] ERROR at dpExists: Failed to get dp <SysBancarevo:VMS3-OA1D.response.signStatus>."]
2018.11.20 09:41:03.040["[Log] ERROR at dpExists: Failed to get dp <SysBancarevo:VMS3-OA1D.command.value>."]
2018.11.20 09:41:03.040["[Log] ERROR at dpExists: Failed to get dp <SysBancarevo:VMS4-OA1D.response.signStatus>."]
2018.11.20 09:41:03.040["[Log] ERROR at dpExists: Failed to get dp <SysBancarevo:VMS4-OA1D.command.value>."]
2018.11.20 09:41:03.040["[Log] ERROR at dpExists: Failed to get dp <SysBancarevo:VMS5-OA1D.response.signStatus>."]
2018.11.20 09:41:03.040["[Log] ERROR at dpExists: Failed to get dp <SysBancarevo:VMS5-OA1D.command.value>."]
2018.11.20 09:41:03.040["[Log] ERROR at dpExists: Failed to get dp <SysBancarevo:VMS6-OA1D.response.signStatus>."]
2018.11.20 09:41:03.040["[Log] ERROR at dpExists: Failed to get dp <SysBancarevo:VMS6-OA1D.command.value>."]
2018.11.20 09:41:03.040["[Log] ERROR at dpExists: Failed to get dp <SysBancarevo:VMS6-OA7L.response.signStatus>."]
2018.11.20 09:41:03.040["[Log] ERROR at dpExists: Failed to get dp <SysBancarevo:VMS6-OA7L.command.value>."]
2018.11.20 09:41:03.040["[Log] ERROR at dpExists: Failed to get dp <SysBancarevo:VMS5-OA7L.response.signStatus>."]
2018.11.20 09:41:03.040["[Log] ERROR at dpExists: Failed to get dp <SysBancarevo:VMS5-OA7L.command.value>."]
2018.11.20 09:41:03.040["[Log] ERROR at dpExists: Failed to get dp <SysBancarevo:VMS4-OA7L.response.signStatus>."]
2018.11.20 09:41:03.040["[Log] ERROR at dpExists: Failed to get dp <SysBancarevo:VMS4-OA7L.command.value>."]
2018.11.20 09:41:03.040["[Log] ERROR at dpExists: Failed to get dp <SysBancarevo:VMS3-OA7L.response.signStatus>."]
2018.11.20 09:41:03.040["[Log] ERROR at dpExists: Failed to get dp <SysBancarevo:VMS3-OA7L.command.value>."]
2018.11.20 09:41:03.041["[Log] ERROR at dpExists: Failed to get dp <SysBancarevo:VMS2-OA7D.response.signStatus>."]
2018.11.20 09:41:03.041["[Log] ERROR at dpExists: Failed to get dp <SysBancarevo:VMS2-OA7D.command.value>."]
2018.11.20 09:41:03.041["[Log] ERROR at dpExists: Failed to get dp <SysBancarevo:VMS3-OA7D.response.signStatus>."]
2018.11.20 09:41:03.041["[Log] ERROR at dpExists: Failed to get dp <SysBancarevo:VMS3-OA7D.command.value>."]
2018.11.20 09:41:03.041["[Log] ERROR at dpExists: Failed to get dp <SysBancarevo:VMS4-OA7D.response.signStatus>."]
2018.11.20 09:41:03.041["[Log] ERROR at dpExists: Failed to get dp <SysBancarevo:VMS4-OA7D.command.value>."]
2018.11.20 09:41:03.041["[Log] ERROR at dpExists: Failed to get dp <SysBancarevo:VMS5-OA7D.response.signStatus>."]
2018.11.20 09:41:03.041["[Log] ERROR at dpExists: Failed to get dp <SysBancarevo:VMS5-OA7D.command.value>."]
2018.11.20 09:41:03.043["[Log] ERROR at dpExists: Failed to get dp <SysBancarevo:VMS7-OA4L.response.signStatus>."]
2018.11.20 09:41:03.043["[Log] ERROR at dpExists: Failed to get dp <SysBancarevo:VMS7-OA4L.command.value>."]
2018.11.20 09:41:03.043["[Log] ERROR at dpExists: Failed to get dp <SysBancarevo:VMS6-OA4L.response.signStatus>."]
2018.11.20 09:41:03.043["[Log] ERROR at dpExists: Failed to get dp <SysBancarevo:VMS6-OA4L.command.value>."]
2018.11.20 09:41:03.043["[Log] ERROR at dpExists: Failed to get dp <SysBancarevo:VMS3-OA4L.response.signStatus>."]
2018.11.20 09:41:03.043["[Log] ERROR at dpExists: Failed to get dp <SysBancarevo:VMS3-OA4L.command.value>."]
2018.11.20 09:41:03.043["[Log] ERROR at dpExists: Failed to get dp <SysBancarevo:VMS2-OA4L.response.signStatus>."]
2018.11.20 09:41:03.043["[Log] ERROR at dpExists: Failed to get dp <SysBancarevo:VMS2-OA4L.command.value>."]
2018.11.20 09:41:03.043["[Log] ERROR at dpExists: Failed to get dp <SysBancarevo:VMS2-OA4D.response.signStatus>."]
2018.11.20 09:41:03.043["[Log] ERROR at dpExists: Failed to get dp <SysBancarevo:VMS2-OA4D.command.value>."]
2018.11.20 09:41:03.044["[Log] ERROR at dpExists: Failed to get dp <SysBancarevo:VMS3-OA4D.response.signStatus>."]
2018.11.20 09:41:03.044["[Log] ERROR at dpExists: Failed to get dp <SysBancarevo:VMS3-OA4D.command.value>."]
2018.11.20 09:41:03.044["[Log] ERROR at dpExists: Failed to get dp <SysBancarevo:VMS6-OA4D.response.signStatus>."]
2018.11.20 09:41:03.044["[Log] ERROR at dpExists: Failed to get dp <SysBancarevo:VMS6-OA4D.command.value>."]
2018.11.20 09:41:03.044["[Log] ERROR at dpExists: Failed to get dp <SysBancarevo:VMS7-OA4D.response.signStatus>."]
2018.11.20 09:41:03.044["[Log] ERROR at dpExists: Failed to get dp <SysBancarevo:VMS7-OA4D.command.value>."]
2018.11.20 09:41:03.140["[Log] ERROR at dpExists: Failed to get dp <SysBancarevo:VMS5-OA1L.response.signStatus>."]
2018.11.20 09:41:03.140["[Log] ERROR at dpExists: Failed to get dp <SysBancarevo:VMS5-OA1L.command.value>."]
2018.11.20 09:41:03.140["[Log] ERROR at dpExists: Failed to get dp <SysBancarevo:VMS4-OA1L.response.signStatus>."]
2018.11.20 09:41:03.140["[Log] ERROR at dpExists: Failed to get dp <SysBancarevo:VMS4-OA1L.command.value>."]
2018.11.20 09:41:03.140["[Log] ERROR at dpExists: Failed to get dp <SysBancarevo:VMS3-OA1L.response.signStatus>."]
2018.11.20 09:41:03.140["[Log] ERROR at dpExists: Failed to get dp <SysBancarevo:VMS3-OA1L.command.value>."]
2018.11.20 09:41:03.140["[Log] ERROR at dpExists: Failed to get dp <SysBancarevo:VMS2-OA1L.response.signStatus>."]
2018.11.20 09:41:03.140["[Log] ERROR at dpExists: Failed to get dp <SysBancarevo:VMS2-OA1L.command.value>."]
2018.11.20 09:41:03.140["[Log] ERROR at dpExists: Failed to get dp <SysBancarevo:VMS3-OA1D.response.signStatus>."]
2018.11.20 09:41:03.140["[Log] ERROR at dpExists: Failed to get dp <SysBancarevo:VMS3-OA1D.command.value>."]
2018.11.20 09:41:03.140["[Log] ERROR at dpExists: Failed to get dp <SysBancarevo:VMS4-OA1D.response.signStatus>."]
2018.11.20 09:41:03.140["[Log] ERROR at dpExists: Failed to get dp <SysBancarevo:VMS4-OA1D.command.value>."]
2018.11.20 09:41:03.140["[Log] ERROR at dpExists: Failed to get dp <SysBancarevo:VMS5-OA1D.response.signStatus>."]
2018.11.20 09:41:03.140["[Log] ERROR at dpExists: Failed to get dp <SysBancarevo:VMS5-OA1D.command.value>."]
2018.11.20 09:41:03.140["[Log] ERROR at dpExists: Failed to get dp <SysBancarevo:VMS6-OA1D.response.signStatus>."]
2018.11.20 09:41:03.140["[Log] ERROR at dpExists: Failed to get dp <SysBancarevo:VMS6-OA1D.command.value>."]
2018.11.20 09:41:03.141["[Log] ERROR at dpExists: Failed to get dp <SysBancarevo:VMS6-OA7L.response.signStatus>."]
2018.11.20 09:41:03.141["[Log] ERROR at dpExists: Failed to get dp <SysBancarevo:VMS6-OA7L.command.value>."]
2018.11.20 09:41:03.141["[Log] ERROR at dpExists: Failed to get dp <SysBancarevo:VMS5-OA7L.response.signStatus>."]
2018.11.20 09:41:03.141["[Log] ERROR at dpExists: Failed to get dp <SysBancarevo:VMS5-OA7L.command.value>."]
2018.11.20 09:41:03.141["[Log] ERROR at dpExists: Failed to get dp <SysBancarevo:VMS4-OA7L.response.signStatus>."]
2018.11.20 09:41:03.141["[Log] ERROR at dpExists: Failed to get dp <SysBancarevo:VMS4-OA7L.command.value>."]
2018.11.20 09:41:03.141["[Log] ERROR at dpExists: Failed to get dp <SysBancarevo:VMS3-OA7L.response.signStatus>."]
2018.11.20 09:41:03.141["[Log] ERROR at dpExists: Failed to get dp <SysBancarevo:VMS3-OA7L.command.value>."]
2018.11.20 09:41:03.141["[Log] ERROR at dpExists: Failed to get dp <SysBancarevo:VMS2-OA7D.response.signStatus>."]
2018.11.20 09:41:03.141["[Log] ERROR at dpExists: Failed to get dp <SysBancarevo:VMS2-OA7D.command.value>."]
2018.11.20 09:41:03.141["[Log] ERROR at dpExists: Failed to get dp <SysBancarevo:VMS3-OA7D.response.signStatus>."]
2018.11.20 09:41:03.141["[Log] ERROR at dpExists: Failed to get dp <SysBancarevo:VMS3-OA7D.command.value>."]
2018.11.20 09:41:03.141["[Log] ERROR at dpExists: Failed to get dp <SysBancarevo:VMS4-OA7D.response.signStatus>."]
2018.11.20 09:41:03.141["[Log] ERROR at dpExists: Failed to get dp <SysBancarevo:VMS4-OA7D.command.value>."]
2018.11.20 09:41:03.141["[Log] ERROR at dpExists: Failed to get dp <SysBancarevo:VMS5-OA7D.response.signStatus>."]
2018.11.20 09:41:03.141["[Log] ERROR at dpExists: Failed to get dp <SysBancarevo:VMS5-OA7D.command.value>."]
2018.11.20 09:41:03.142["[Log] ERROR at dpExists: Failed to get dp <SysBancarevo:VMS7-OA4L.response.signStatus>."]
2018.11.20 09:41:03.142["[Log] ERROR at dpExists: Failed to get dp <SysBancarevo:VMS7-OA4L.command.value>."]
2018.11.20 09:41:03.142["[Log] ERROR at dpExists: Failed to get dp <SysBancarevo:VMS6-OA4L.response.signStatus>."]
2018.11.20 09:41:03.143["[Log] ERROR at dpExists: Failed to get dp <SysBancarevo:VMS6-OA4L.command.value>."]
2018.11.20 09:41:03.143["[Log] ERROR at dpExists: Failed to get dp <SysBancarevo:VMS3-OA4L.response.signStatus>."]
2018.11.20 09:41:03.143["[Log] ERROR at dpExists: Failed to get dp <SysBancarevo:VMS3-OA4L.command.value>."]
2018.11.20 09:41:03.143["[Log] ERROR at dpExists: Failed to get dp <SysBancarevo:VMS2-OA4L.response.signStatus>."]
2018.11.20 09:41:03.143["[Log] ERROR at dpExists: Failed to get dp <SysBancarevo:VMS2-OA4L.command.value>."]
2018.11.20 09:41:03.143["[Log] ERROR at dpExists: Failed to get dp <SysBancarevo:VMS2-OA4D.response.signStatus>."]
2018.11.20 09:41:03.143["[Log] ERROR at dpExists: Failed to get dp <SysBancarevo:VMS2-OA4D.command.value>."]
2018.11.20 09:41:03.143["[Log] ERROR at dpExists: Failed to get dp <SysBancarevo:VMS3-OA4D.response.signStatus>."]
2018.11.20 09:41:03.143["[Log] ERROR at dpExists: Failed to get dp <SysBancarevo:VMS3-OA4D.command.value>."]
2018.11.20 09:41:03.143["[Log] ERROR at dpExists: Failed to get dp <SysBancarevo:VMS6-OA4D.response.signStatus>."]
2018.11.20 09:41:03.143["[Log] ERROR at dpExists: Failed to get dp <SysBancarevo:VMS6-OA4D.command.value>."]
2018.11.20 09:41:03.144["[Log] ERROR at dpExists: Failed to get dp <SysBancarevo:VMS7-OA4D.response.signStatus>."]
2018.11.20 09:41:03.144["[Log] ERROR at dpExists: Failed to get dp <SysBancarevo:VMS7-OA4D.command.value>."]
2018.11.20 09:41:03.330["[Log] ERROR at getDP: Failed to get dp <SysBancarevo:SelectedAlarm.settings.alarmTypeMapping>. (DP does not exist, 
    Module: infoModule_1
    Panel: D:\\SCADA\\BS_Husky_Proj\\SarlahSopot\\panels\\para\\PanelTopology\\templates\\SOPOT\\infoPanel_1680_1050_SOPOT.pnl [Info]
    In reference: para/PanelTopology/templates/SOPOT/LastAlarmInfo.pnl Group: 24 named: \"PANEL_REF24\"
    Script: Initialize
    Library: D:\\SCADA\\BS_Husky_Proj\\SarlahSopot\\scripts\\libs\\basicMethods.ctl
    Line: 6, dpGet, SysBancarevo:SelectedAlarm.settings.alarmTypeMapping)"]
2018.11.20 09:41:03.540["[Log] ERROR at main: Could not load settings for datapoint SelectedAlarm"]
2018.11.20 09:41:03.542["[Log] WARNING at main: Error in calling dpConnect while checking selected alarm info"]
2018.11.20 09:43:55.359["[Log] ERROR at dpExists: Failed to get dp <SysBancarevo:VMS5-OA1L.response.signStatus>."]
2018.11.20 09:43:55.360["[Log] ERROR at dpExists: Failed to get dp <SysBancarevo:VMS5-OA1L.command.value>."]
2018.11.20 09:43:55.360["[Log] ERROR at dpExists: Failed to get dp <SysBancarevo:VMS4-OA1L.response.signStatus>."]
2018.11.20 09:43:55.360["[Log] ERROR at dpExists: Failed to get dp <SysBancarevo:VMS4-OA1L.command.value>."]
2018.11.20 09:43:55.360["[Log] ERROR at dpExists: Failed to get dp <SysBancarevo:VMS3-OA1L.response.signStatus>."]
2018.11.20 09:43:55.360["[Log] ERROR at dpExists: Failed to get dp <SysBancarevo:VMS3-OA1L.command.value>."]
2018.11.20 09:43:55.360["[Log] ERROR at dpExists: Failed to get dp <SysBancarevo:VMS2-OA1L.response.signStatus>."]
2018.11.20 09:43:55.360["[Log] ERROR at dpExists: Failed to get dp <SysBancarevo:VMS2-OA1L.command.value>."]
2018.11.20 09:43:55.360["[Log] ERROR at dpExists: Failed to get dp <SysBancarevo:VMS3-OA1D.response.signStatus>."]
2018.11.20 09:43:55.360["[Log] ERROR at dpExists: Failed to get dp <SysBancarevo:VMS3-OA1D.command.value>."]
2018.11.20 09:43:55.360["[Log] ERROR at dpExists: Failed to get dp <SysBancarevo:VMS4-OA1D.response.signStatus>."]
2018.11.20 09:43:55.360["[Log] ERROR at dpExists: Failed to get dp <SysBancarevo:VMS4-OA1D.command.value>."]
2018.11.20 09:43:55.360["[Log] ERROR at dpExists: Failed to get dp <SysBancarevo:VMS5-OA1D.response.signStatus>."]
2018.11.20 09:43:55.360["[Log] ERROR at dpExists: Failed to get dp <SysBancarevo:VMS5-OA1D.command.value>."]
2018.11.20 09:43:55.360["[Log] ERROR at dpExists: Failed to get dp <SysBancarevo:VMS6-OA1D.response.signStatus>."]
2018.11.20 09:43:55.360["[Log] ERROR at dpExists: Failed to get dp <SysBancarevo:VMS6-OA1D.command.value>."]
2018.11.20 09:43:55.360["[Log] ERROR at dpExists: Failed to get dp <SysBancarevo:VMS6-OA7L.response.signStatus>."]
2018.11.20 09:43:55.360["[Log] ERROR at dpExists: Failed to get dp <SysBancarevo:VMS6-OA7L.command.value>."]
2018.11.20 09:43:55.361["[Log] ERROR at dpExists: Failed to get dp <SysBancarevo:VMS5-OA7L.response.signStatus>."]
2018.11.20 09:43:55.361["[Log] ERROR at dpExists: Failed to get dp <SysBancarevo:VMS5-OA7L.command.value>."]
2018.11.20 09:43:55.361["[Log] ERROR at dpExists: Failed to get dp <SysBancarevo:VMS4-OA7L.response.signStatus>."]
2018.11.20 09:43:55.361["[Log] ERROR at dpExists: Failed to get dp <SysBancarevo:VMS4-OA7L.command.value>."]
2018.11.20 09:43:55.361["[Log] ERROR at dpExists: Failed to get dp <SysBancarevo:VMS3-OA7L.response.signStatus>."]
2018.11.20 09:43:55.361["[Log] ERROR at dpExists: Failed to get dp <SysBancarevo:VMS3-OA7L.command.value>."]
2018.11.20 09:43:55.361["[Log] ERROR at dpExists: Failed to get dp <SysBancarevo:VMS2-OA7D.response.signStatus>."]
2018.11.20 09:43:55.361["[Log] ERROR at dpExists: Failed to get dp <SysBancarevo:VMS2-OA7D.command.value>."]
2018.11.20 09:43:55.361["[Log] ERROR at dpExists: Failed to get dp <SysBancarevo:VMS3-OA7D.response.signStatus>."]
2018.11.20 09:43:55.361["[Log] ERROR at dpExists: Failed to get dp <SysBancarevo:VMS3-OA7D.command.value>."]
2018.11.20 09:43:55.361["[Log] ERROR at dpExists: Failed to get dp <SysBancarevo:VMS4-OA7D.response.signStatus>."]
2018.11.20 09:43:55.361["[Log] ERROR at dpExists: Failed to get dp <SysBancarevo:VMS4-OA7D.command.value>."]
2018.11.20 09:43:55.361["[Log] ERROR at dpExists: Failed to get dp <SysBancarevo:VMS5-OA7D.response.signStatus>."]
2018.11.20 09:43:55.361["[Log] ERROR at dpExists: Failed to get dp <SysBancarevo:VMS5-OA7D.command.value>."]
2018.11.20 09:43:55.362["[Log] ERROR at dpExists: Failed to get dp <SysBancarevo:VMS7-OA4L.response.signStatus>."]
2018.11.20 09:43:55.362["[Log] ERROR at dpExists: Failed to get dp <SysBancarevo:VMS7-OA4L.command.value>."]
2018.11.20 09:43:55.362["[Log] ERROR at dpExists: Failed to get dp <SysBancarevo:VMS6-OA4L.response.signStatus>."]
2018.11.20 09:43:55.363["[Log] ERROR at dpExists: Failed to get dp <SysBancarevo:VMS6-OA4L.command.value>."]
2018.11.20 09:43:55.363["[Log] ERROR at dpExists: Failed to get dp <SysBancarevo:VMS3-OA4L.response.signStatus>."]
2018.11.20 09:43:55.363["[Log] ERROR at dpExists: Failed to get dp <SysBancarevo:VMS3-OA4L.command.value>."]
2018.11.20 09:43:55.363["[Log] ERROR at dpExists: Failed to get dp <SysBancarevo:VMS2-OA4L.response.signStatus>."]
2018.11.20 09:43:55.363["[Log] ERROR at dpExists: Failed to get dp <SysBancarevo:VMS2-OA4L.command.value>."]
2018.11.20 09:43:55.363["[Log] ERROR at dpExists: Failed to get dp <SysBancarevo:VMS2-OA4D.response.signStatus>."]
2018.11.20 09:43:55.363["[Log] ERROR at dpExists: Failed to get dp <SysBancarevo:VMS2-OA4D.command.value>."]
2018.11.20 09:43:55.363["[Log] ERROR at dpExists: Failed to get dp <SysBancarevo:VMS3-OA4D.response.signStatus>."]
2018.11.20 09:43:55.363["[Log] ERROR at dpExists: Failed to get dp <SysBancarevo:VMS3-OA4D.command.value>."]
2018.11.20 09:43:55.363["[Log] ERROR at dpExists: Failed to get dp <SysBancarevo:VMS6-OA4D.response.signStatus>."]
2018.11.20 09:43:55.363["[Log] ERROR at dpExists: Failed to get dp <SysBancarevo:VMS6-OA4D.command.value>."]
2018.11.20 09:43:55.363["[Log] ERROR at dpExists: Failed to get dp <SysBancarevo:VMS7-OA4D.response.signStatus>."]
2018.11.20 09:43:55.363["[Log] ERROR at dpExists: Failed to get dp <SysBancarevo:VMS7-OA4D.command.value>."]
2018.11.20 09:43:55.462["[Log] ERROR at dpExists: Failed to get dp <SysBancarevo:VMS5-OA1L.response.signStatus>."]
2018.11.20 09:43:55.462["[Log] ERROR at dpExists: Failed to get dp <SysBancarevo:VMS5-OA1L.command.value>."]
2018.11.20 09:43:55.463["[Log] ERROR at dpExists: Failed to get dp <SysBancarevo:VMS4-OA1L.response.signStatus>."]
2018.11.20 09:43:55.463["[Log] ERROR at dpExists: Failed to get dp <SysBancarevo:VMS4-OA1L.command.value>."]
2018.11.20 09:43:55.463["[Log] ERROR at dpExists: Failed to get dp <SysBancarevo:VMS3-OA1L.response.signStatus>."]
2018.11.20 09:43:55.463["[Log] ERROR at dpExists: Failed to get dp <SysBancarevo:VMS3-OA1L.command.value>."]
2018.11.20 09:43:55.463["[Log] ERROR at dpExists: Failed to get dp <SysBancarevo:VMS2-OA1L.response.signStatus>."]
2018.11.20 09:43:55.463["[Log] ERROR at dpExists: Failed to get dp <SysBancarevo:VMS2-OA1L.command.value>."]
2018.11.20 09:43:55.463["[Log] ERROR at dpExists: Failed to get dp <SysBancarevo:VMS3-OA1D.response.signStatus>."]
2018.11.20 09:43:55.463["[Log] ERROR at dpExists: Failed to get dp <SysBancarevo:VMS3-OA1D.command.value>."]
2018.11.20 09:43:55.463["[Log] ERROR at dpExists: Failed to get dp <SysBancarevo:VMS4-OA1D.response.signStatus>."]
2018.11.20 09:43:55.463["[Log] ERROR at dpExists: Failed to get dp <SysBancarevo:VMS4-OA1D.command.value>."]
2018.11.20 09:43:55.463["[Log] ERROR at dpExists: Failed to get dp <SysBancarevo:VMS5-OA1D.response.signStatus>."]
2018.11.20 09:43:55.463["[Log] ERROR at dpExists: Failed to get dp <SysBancarevo:VMS5-OA1D.command.value>."]
2018.11.20 09:43:55.463["[Log] ERROR at dpExists: Failed to get dp <SysBancarevo:VMS6-OA1D.response.signStatus>."]
2018.11.20 09:43:55.463["[Log] ERROR at dpExists: Failed to get dp <SysBancarevo:VMS6-OA1D.command.value>."]
2018.11.20 09:43:55.463["[Log] ERROR at dpExists: Failed to get dp <SysBancarevo:VMS6-OA7L.response.signStatus>."]
2018.11.20 09:43:55.463["[Log] ERROR at dpExists: Failed to get dp <SysBancarevo:VMS6-OA7L.command.value>."]
2018.11.20 09:43:55.463["[Log] ERROR at dpExists: Failed to get dp <SysBancarevo:VMS5-OA7L.response.signStatus>."]
2018.11.20 09:43:55.463["[Log] ERROR at dpExists: Failed to get dp <SysBancarevo:VMS5-OA7L.command.value>."]
2018.11.20 09:43:55.463["[Log] ERROR at dpExists: Failed to get dp <SysBancarevo:VMS4-OA7L.response.signStatus>."]
2018.11.20 09:43:55.464["[Log] ERROR at dpExists: Failed to get dp <SysBancarevo:VMS4-OA7L.command.value>."]
2018.11.20 09:43:55.464["[Log] ERROR at dpExists: Failed to get dp <SysBancarevo:VMS3-OA7L.response.signStatus>."]
2018.11.20 09:43:55.464["[Log] ERROR at dpExists: Failed to get dp <SysBancarevo:VMS3-OA7L.command.value>."]
2018.11.20 09:43:55.464["[Log] ERROR at dpExists: Failed to get dp <SysBancarevo:VMS2-OA7D.response.signStatus>."]
2018.11.20 09:43:55.464["[Log] ERROR at dpExists: Failed to get dp <SysBancarevo:VMS2-OA7D.command.value>."]
2018.11.20 09:43:55.464["[Log] ERROR at dpExists: Failed to get dp <SysBancarevo:VMS3-OA7D.response.signStatus>."]
2018.11.20 09:43:55.464["[Log] ERROR at dpExists: Failed to get dp <SysBancarevo:VMS3-OA7D.command.value>."]
2018.11.20 09:43:55.464["[Log] ERROR at dpExists: Failed to get dp <SysBancarevo:VMS4-OA7D.response.signStatus>."]
2018.11.20 09:43:55.464["[Log] ERROR at dpExists: Failed to get dp <SysBancarevo:VMS4-OA7D.command.value>."]
2018.11.20 09:43:55.464["[Log] ERROR at dpExists: Failed to get dp <SysBancarevo:VMS5-OA7D.response.signStatus>."]
2018.11.20 09:43:55.464["[Log] ERROR at dpExists: Failed to get dp <SysBancarevo:VMS5-OA7D.command.value>."]
2018.11.20 09:43:55.465["[Log] ERROR at dpExists: Failed to get dp <SysBancarevo:VMS7-OA4L.response.signStatus>."]
2018.11.20 09:43:55.465["[Log] ERROR at dpExists: Failed to get dp <SysBancarevo:VMS7-OA4L.command.value>."]
2018.11.20 09:43:55.465["[Log] ERROR at dpExists: Failed to get dp <SysBancarevo:VMS6-OA4L.response.signStatus>."]
2018.11.20 09:43:55.465["[Log] ERROR at dpExists: Failed to get dp <SysBancarevo:VMS6-OA4L.command.value>."]
2018.11.20 09:43:55.465["[Log] ERROR at dpExists: Failed to get dp <SysBancarevo:VMS3-OA4L.response.signStatus>."]
2018.11.20 09:43:55.465["[Log] ERROR at dpExists: Failed to get dp <SysBancarevo:VMS3-OA4L.command.value>."]
2018.11.20 09:43:55.465["[Log] ERROR at dpExists: Failed to get dp <SysBancarevo:VMS2-OA4L.response.signStatus>."]
2018.11.20 09:43:55.465["[Log] ERROR at dpExists: Failed to get dp <SysBancarevo:VMS2-OA4L.command.value>."]
2018.11.20 09:43:55.465["[Log] ERROR at dpExists: Failed to get dp <SysBancarevo:VMS2-OA4D.response.signStatus>."]
2018.11.20 09:43:55.465["[Log] ERROR at dpExists: Failed to get dp <SysBancarevo:VMS2-OA4D.command.value>."]
2018.11.20 09:43:55.465["[Log] ERROR at dpExists: Failed to get dp <SysBancarevo:VMS3-OA4D.response.signStatus>."]
2018.11.20 09:43:55.466["[Log] ERROR at dpExists: Failed to get dp <SysBancarevo:VMS3-OA4D.command.value>."]
2018.11.20 09:43:55.466["[Log] ERROR at dpExists: Failed to get dp <SysBancarevo:VMS6-OA4D.response.signStatus>."]
2018.11.20 09:43:55.466["[Log] ERROR at dpExists: Failed to get dp <SysBancarevo:VMS6-OA4D.command.value>."]
2018.11.20 09:43:55.466["[Log] ERROR at dpExists: Failed to get dp <SysBancarevo:VMS7-OA4D.response.signStatus>."]
2018.11.20 09:43:55.466["[Log] ERROR at dpExists: Failed to get dp <SysBancarevo:VMS7-OA4D.command.value>."]
2018.11.20 09:43:55.585["[Log] ERROR at getDP: Failed to get dp <SysBancarevo:SelectedAlarm.settings.alarmTypeMapping>. (DP does not exist, 
    Module: infoModule_1
    Panel: D:\\SCADA\\BS_Husky_Proj\\SarlahSopot\\panels\\para\\PanelTopology\\templates\\SOPOT\\infoPanel_1680_1050_SOPOT.pnl [Info]
    In reference: para/PanelTopology/templates/SOPOT/LastAlarmInfo.pnl Group: 24 named: \"PANEL_REF24\"
    Script: Initialize
    Library: D:\\SCADA\\BS_Husky_Proj\\SarlahSopot\\scripts\\libs\\basicMethods.ctl
    Line: 6, dpGet, SysBancarevo:SelectedAlarm.settings.alarmTypeMapping)"]
2018.11.20 09:43:55.795["[Log] ERROR at main: Could not load settings for datapoint SelectedAlarm"]
2018.11.20 09:43:55.796["[Log] WARNING at main: Error in calling dpConnect while checking selected alarm info"]
2018.11.20 11:50:39.851["[Log] ERROR at dpExists: Failed to get dp <SysBancarevo:VMS5-OA1L.response.signStatus>."]
2018.11.20 11:50:39.851["[Log] ERROR at dpExists: Failed to get dp <SysBancarevo:VMS5-OA1L.command.value>."]
2018.11.20 11:50:39.851["[Log] ERROR at dpExists: Failed to get dp <SysBancarevo:VMS4-OA1L.response.signStatus>."]
2018.11.20 11:50:39.851["[Log] ERROR at dpExists: Failed to get dp <SysBancarevo:VMS4-OA1L.command.value>."]
2018.11.20 11:50:39.851["[Log] ERROR at dpExists: Failed to get dp <SysBancarevo:VMS3-OA1L.response.signStatus>."]
2018.11.20 11:50:39.851["[Log] ERROR at dpExists: Failed to get dp <SysBancarevo:VMS3-OA1L.command.value>."]
2018.11.20 11:50:39.851["[Log] ERROR at dpExists: Failed to get dp <SysBancarevo:VMS2-OA1L.response.signStatus>."]
2018.11.20 11:50:39.851["[Log] ERROR at dpExists: Failed to get dp <SysBancarevo:VMS2-OA1L.command.value>."]
2018.11.20 11:50:39.851["[Log] ERROR at dpExists: Failed to get dp <SysBancarevo:VMS3-OA1D.response.signStatus>."]
2018.11.20 11:50:39.851["[Log] ERROR at dpExists: Failed to get dp <SysBancarevo:VMS3-OA1D.command.value>."]
2018.11.20 11:50:39.851["[Log] ERROR at dpExists: Failed to get dp <SysBancarevo:VMS4-OA1D.response.signStatus>."]
2018.11.20 11:50:39.851["[Log] ERROR at dpExists: Failed to get dp <SysBancarevo:VMS4-OA1D.command.value>."]
2018.11.20 11:50:39.851["[Log] ERROR at dpExists: Failed to get dp <SysBancarevo:VMS5-OA1D.response.signStatus>."]
2018.11.20 11:50:39.851["[Log] ERROR at dpExists: Failed to get dp <SysBancarevo:VMS5-OA1D.command.value>."]
2018.11.20 11:50:39.851["[Log] ERROR at dpExists: Failed to get dp <SysBancarevo:VMS6-OA1D.response.signStatus>."]
2018.11.20 11:50:39.851["[Log] ERROR at dpExists: Failed to get dp <SysBancarevo:VMS6-OA1D.command.value>."]
2018.11.20 11:50:39.851["[Log] ERROR at dpExists: Failed to get dp <SysBancarevo:VMS6-OA7L.response.signStatus>."]
2018.11.20 11:50:39.851["[Log] ERROR at dpExists: Failed to get dp <SysBancarevo:VMS6-OA7L.command.value>."]
2018.11.20 11:50:39.852["[Log] ERROR at dpExists: Failed to get dp <SysBancarevo:VMS5-OA7L.response.signStatus>."]
2018.11.20 11:50:39.852["[Log] ERROR at dpExists: Failed to get dp <SysBancarevo:VMS5-OA7L.command.value>."]
2018.11.20 11:50:39.852["[Log] ERROR at dpExists: Failed to get dp <SysBancarevo:VMS4-OA7L.response.signStatus>."]
2018.11.20 11:50:39.852["[Log] ERROR at dpExists: Failed to get dp <SysBancarevo:VMS4-OA7L.command.value>."]
2018.11.20 11:50:39.852["[Log] ERROR at dpExists: Failed to get dp <SysBancarevo:VMS3-OA7L.response.signStatus>."]
2018.11.20 11:50:39.852["[Log] ERROR at dpExists: Failed to get dp <SysBancarevo:VMS3-OA7L.command.value>."]
2018.11.20 11:50:39.852["[Log] ERROR at dpExists: Failed to get dp <SysBancarevo:VMS2-OA7D.response.signStatus>."]
2018.11.20 11:50:39.852["[Log] ERROR at dpExists: Failed to get dp <SysBancarevo:VMS2-OA7D.command.value>."]
2018.11.20 11:50:39.852["[Log] ERROR at dpExists: Failed to get dp <SysBancarevo:VMS3-OA7D.response.signStatus>."]
2018.11.20 11:50:39.852["[Log] ERROR at dpExists: Failed to get dp <SysBancarevo:VMS3-OA7D.command.value>."]
2018.11.20 11:50:39.852["[Log] ERROR at dpExists: Failed to get dp <SysBancarevo:VMS4-OA7D.response.signStatus>."]
2018.11.20 11:50:39.852["[Log] ERROR at dpExists: Failed to get dp <SysBancarevo:VMS4-OA7D.command.value>."]
2018.11.20 11:50:39.852["[Log] ERROR at dpExists: Failed to get dp <SysBancarevo:VMS5-OA7D.response.signStatus>."]
2018.11.20 11:50:39.852["[Log] ERROR at dpExists: Failed to get dp <SysBancarevo:VMS5-OA7D.command.value>."]
2018.11.20 11:50:39.853["[Log] ERROR at dpExists: Failed to get dp <SysBancarevo:VMS7-OA4L.response.signStatus>."]
2018.11.20 11:50:39.853["[Log] ERROR at dpExists: Failed to get dp <SysBancarevo:VMS7-OA4L.command.value>."]
2018.11.20 11:50:39.853["[Log] ERROR at dpExists: Failed to get dp <SysBancarevo:VMS6-OA4L.response.signStatus>."]
2018.11.20 11:50:39.853["[Log] ERROR at dpExists: Failed to get dp <SysBancarevo:VMS6-OA4L.command.value>."]
2018.11.20 11:50:39.853["[Log] ERROR at dpExists: Failed to get dp <SysBancarevo:VMS3-OA4L.response.signStatus>."]
2018.11.20 11:50:39.853["[Log] ERROR at dpExists: Failed to get dp <SysBancarevo:VMS3-OA4L.command.value>."]
2018.11.20 11:50:39.853["[Log] ERROR at dpExists: Failed to get dp <SysBancarevo:VMS2-OA4L.response.signStatus>."]
2018.11.20 11:50:39.853["[Log] ERROR at dpExists: Failed to get dp <SysBancarevo:VMS2-OA4L.command.value>."]
2018.11.20 11:50:39.853["[Log] ERROR at dpExists: Failed to get dp <SysBancarevo:VMS2-OA4D.response.signStatus>."]
2018.11.20 11:50:39.853["[Log] ERROR at dpExists: Failed to get dp <SysBancarevo:VMS2-OA4D.command.value>."]
2018.11.20 11:50:39.853["[Log] ERROR at dpExists: Failed to get dp <SysBancarevo:VMS3-OA4D.response.signStatus>."]
2018.11.20 11:50:39.853["[Log] ERROR at dpExists: Failed to get dp <SysBancarevo:VMS3-OA4D.command.value>."]
2018.11.20 11:50:39.853["[Log] ERROR at dpExists: Failed to get dp <SysBancarevo:VMS6-OA4D.response.signStatus>."]
2018.11.20 11:50:39.854["[Log] ERROR at dpExists: Failed to get dp <SysBancarevo:VMS6-OA4D.command.value>."]
2018.11.20 11:50:39.854["[Log] ERROR at dpExists: Failed to get dp <SysBancarevo:VMS7-OA4D.response.signStatus>."]
2018.11.20 11:50:39.854["[Log] ERROR at dpExists: Failed to get dp <SysBancarevo:VMS7-OA4D.command.value>."]
2018.11.20 12:05:23.424["[Log] ERROR at dpExists: Failed to get dp <SysBancarevo:VMS5-OA1L.response.signStatus>."]
2018.11.20 12:05:23.424["[Log] ERROR at dpExists: Failed to get dp <SysBancarevo:VMS5-OA1L.command.value>."]
2018.11.20 12:05:23.424["[Log] ERROR at dpExists: Failed to get dp <SysBancarevo:VMS4-OA1L.response.signStatus>."]
2018.11.20 12:05:23.424["[Log] ERROR at dpExists: Failed to get dp <SysBancarevo:VMS4-OA1L.command.value>."]
2018.11.20 12:05:23.424["[Log] ERROR at dpExists: Failed to get dp <SysBancarevo:VMS3-OA1L.response.signStatus>."]
2018.11.20 12:05:23.424["[Log] ERROR at dpExists: Failed to get dp <SysBancarevo:VMS3-OA1L.command.value>."]
2018.11.20 12:05:23.424["[Log] ERROR at dpExists: Failed to get dp <SysBancarevo:VMS2-OA1L.response.signStatus>."]
2018.11.20 12:05:23.425["[Log] ERROR at dpExists: Failed to get dp <SysBancarevo:VMS2-OA1L.command.value>."]
2018.11.20 12:05:23.425["[Log] ERROR at dpExists: Failed to get dp <SysBancarevo:VMS3-OA1D.response.signStatus>."]
2018.11.20 12:05:23.425["[Log] ERROR at dpExists: Failed to get dp <SysBancarevo:VMS3-OA1D.command.value>."]
2018.11.20 12:05:23.425["[Log] ERROR at dpExists: Failed to get dp <SysBancarevo:VMS4-OA1D.response.signStatus>."]
2018.11.20 12:05:23.425["[Log] ERROR at dpExists: Failed to get dp <SysBancarevo:VMS4-OA1D.command.value>."]
2018.11.20 12:05:23.425["[Log] ERROR at dpExists: Failed to get dp <SysBancarevo:VMS5-OA1D.response.signStatus>."]
2018.11.20 12:05:23.425["[Log] ERROR at dpExists: Failed to get dp <SysBancarevo:VMS5-OA1D.command.value>."]
2018.11.20 12:05:23.425["[Log] ERROR at dpExists: Failed to get dp <SysBancarevo:VMS6-OA1D.response.signStatus>."]
2018.11.20 12:05:23.425["[Log] ERROR at dpExists: Failed to get dp <SysBancarevo:VMS6-OA1D.command.value>."]
2018.11.20 12:05:23.425["[Log] ERROR at dpExists: Failed to get dp <SysBancarevo:VMS6-OA7L.response.signStatus>."]
2018.11.20 12:05:23.425["[Log] ERROR at dpExists: Failed to get dp <SysBancarevo:VMS6-OA7L.command.value>."]
2018.11.20 12:05:23.425["[Log] ERROR at dpExists: Failed to get dp <SysBancarevo:VMS5-OA7L.response.signStatus>."]
2018.11.20 12:05:23.425["[Log] ERROR at dpExists: Failed to get dp <SysBancarevo:VMS5-OA7L.command.value>."]
2018.11.20 12:05:23.425["[Log] ERROR at dpExists: Failed to get dp <SysBancarevo:VMS4-OA7L.response.signStatus>."]
2018.11.20 12:05:23.425["[Log] ERROR at dpExists: Failed to get dp <SysBancarevo:VMS4-OA7L.command.value>."]
2018.11.20 12:05:23.425["[Log] ERROR at dpExists: Failed to get dp <SysBancarevo:VMS3-OA7L.response.signStatus>."]
2018.11.20 12:05:23.425["[Log] ERROR at dpExists: Failed to get dp <SysBancarevo:VMS3-OA7L.command.value>."]
2018.11.20 12:05:23.425["[Log] ERROR at dpExists: Failed to get dp <SysBancarevo:VMS2-OA7D.response.signStatus>."]
2018.11.20 12:05:23.425["[Log] ERROR at dpExists: Failed to get dp <SysBancarevo:VMS2-OA7D.command.value>."]
2018.11.20 12:05:23.425["[Log] ERROR at dpExists: Failed to get dp <SysBancarevo:VMS3-OA7D.response.signStatus>."]
2018.11.20 12:05:23.425["[Log] ERROR at dpExists: Failed to get dp <SysBancarevo:VMS3-OA7D.command.value>."]
2018.11.20 12:05:23.425["[Log] ERROR at dpExists: Failed to get dp <SysBancarevo:VMS4-OA7D.response.signStatus>."]
2018.11.20 12:05:23.426["[Log] ERROR at dpExists: Failed to get dp <SysBancarevo:VMS4-OA7D.command.value>."]
2018.11.20 12:05:23.426["[Log] ERROR at dpExists: Failed to get dp <SysBancarevo:VMS5-OA7D.response.signStatus>."]
2018.11.20 12:05:23.426["[Log] ERROR at dpExists: Failed to get dp <SysBancarevo:VMS5-OA7D.command.value>."]
2018.11.20 12:05:23.426["[Log] ERROR at dpExists: Failed to get dp <SysBancarevo:VMS7-OA4L.response.signStatus>."]
2018.11.20 12:05:23.427["[Log] ERROR at dpExists: Failed to get dp <SysBancarevo:VMS7-OA4L.command.value>."]
2018.11.20 12:05:23.427["[Log] ERROR at dpExists: Failed to get dp <SysBancarevo:VMS6-OA4L.response.signStatus>."]
2018.11.20 12:05:23.427["[Log] ERROR at dpExists: Failed to get dp <SysBancarevo:VMS6-OA4L.command.value>."]
2018.11.20 12:05:23.427["[Log] ERROR at dpExists: Failed to get dp <SysBancarevo:VMS3-OA4L.response.signStatus>."]
2018.11.20 12:05:23.427["[Log] ERROR at dpExists: Failed to get dp <SysBancarevo:VMS3-OA4L.command.value>."]
2018.11.20 12:05:23.427["[Log] ERROR at dpExists: Failed to get dp <SysBancarevo:VMS2-OA4L.response.signStatus>."]
2018.11.20 12:05:23.427["[Log] ERROR at dpExists: Failed to get dp <SysBancarevo:VMS2-OA4L.command.value>."]
2018.11.20 12:05:23.427["[Log] ERROR at dpExists: Failed to get dp <SysBancarevo:VMS2-OA4D.response.signStatus>."]
2018.11.20 12:05:23.427["[Log] ERROR at dpExists: Failed to get dp <SysBancarevo:VMS2-OA4D.command.value>."]
2018.11.20 12:05:23.427["[Log] ERROR at dpExists: Failed to get dp <SysBancarevo:VMS3-OA4D.response.signStatus>."]
2018.11.20 12:05:23.427["[Log] ERROR at dpExists: Failed to get dp <SysBancarevo:VMS3-OA4D.command.value>."]
2018.11.20 12:05:23.427["[Log] ERROR at dpExists: Failed to get dp <SysBancarevo:VMS6-OA4D.response.signStatus>."]
2018.11.20 12:05:23.427["[Log] ERROR at dpExists: Failed to get dp <SysBancarevo:VMS6-OA4D.command.value>."]
2018.11.20 12:05:23.427["[Log] ERROR at dpExists: Failed to get dp <SysBancarevo:VMS7-OA4D.response.signStatus>."]
2018.11.20 12:05:23.427["[Log] ERROR at dpExists: Failed to get dp <SysBancarevo:VMS7-OA4D.command.value>."]
2018.11.20 12:05:23.511["[Log] ERROR at dpExists: Failed to get dp <SysBancarevo:VMS5-OA1L.response.signStatus>."]
2018.11.20 12:05:23.511["[Log] ERROR at dpExists: Failed to get dp <SysBancarevo:VMS5-OA1L.command.value>."]
2018.11.20 12:05:23.511["[Log] ERROR at dpExists: Failed to get dp <SysBancarevo:VMS4-OA1L.response.signStatus>."]
2018.11.20 12:05:23.511["[Log] ERROR at dpExists: Failed to get dp <SysBancarevo:VMS4-OA1L.command.value>."]
2018.11.20 12:05:23.511["[Log] ERROR at dpExists: Failed to get dp <SysBancarevo:VMS3-OA1L.response.signStatus>."]
2018.11.20 12:05:23.511["[Log] ERROR at dpExists: Failed to get dp <SysBancarevo:VMS3-OA1L.command.value>."]
2018.11.20 12:05:23.512["[Log] ERROR at dpExists: Failed to get dp <SysBancarevo:VMS2-OA1L.response.signStatus>."]
2018.11.20 12:05:23.512["[Log] ERROR at dpExists: Failed to get dp <SysBancarevo:VMS2-OA1L.command.value>."]
2018.11.20 12:05:23.512["[Log] ERROR at dpExists: Failed to get dp <SysBancarevo:VMS3-OA1D.response.signStatus>."]
2018.11.20 12:05:23.512["[Log] ERROR at dpExists: Failed to get dp <SysBancarevo:VMS3-OA1D.command.value>."]
2018.11.20 12:05:23.512["[Log] ERROR at dpExists: Failed to get dp <SysBancarevo:VMS4-OA1D.response.signStatus>."]
2018.11.20 12:05:23.512["[Log] ERROR at dpExists: Failed to get dp <SysBancarevo:VMS4-OA1D.command.value>."]
2018.11.20 12:05:23.512["[Log] ERROR at dpExists: Failed to get dp <SysBancarevo:VMS5-OA1D.response.signStatus>."]
2018.11.20 12:05:23.512["[Log] ERROR at dpExists: Failed to get dp <SysBancarevo:VMS5-OA1D.command.value>."]
2018.11.20 12:05:23.512["[Log] ERROR at dpExists: Failed to get dp <SysBancarevo:VMS6-OA1D.response.signStatus>."]
2018.11.20 12:05:23.512["[Log] ERROR at dpExists: Failed to get dp <SysBancarevo:VMS6-OA1D.command.value>."]
2018.11.20 12:05:23.512["[Log] ERROR at dpExists: Failed to get dp <SysBancarevo:VMS6-OA7L.response.signStatus>."]
2018.11.20 12:05:23.512["[Log] ERROR at dpExists: Failed to get dp <SysBancarevo:VMS6-OA7L.command.value>."]
2018.11.20 12:05:23.512["[Log] ERROR at dpExists: Failed to get dp <SysBancarevo:VMS5-OA7L.response.signStatus>."]
2018.11.20 12:05:23.512["[Log] ERROR at dpExists: Failed to get dp <SysBancarevo:VMS5-OA7L.command.value>."]
2018.11.20 12:05:23.512["[Log] ERROR at dpExists: Failed to get dp <SysBancarevo:VMS4-OA7L.response.signStatus>."]
2018.11.20 12:05:23.512["[Log] ERROR at dpExists: Failed to get dp <SysBancarevo:VMS4-OA7L.command.value>."]
2018.11.20 12:05:23.512["[Log] ERROR at dpExists: Failed to get dp <SysBancarevo:VMS3-OA7L.response.signStatus>."]
2018.11.20 12:05:23.512["[Log] ERROR at dpExists: Failed to get dp <SysBancarevo:VMS3-OA7L.command.value>."]
2018.11.20 12:05:23.512["[Log] ERROR at dpExists: Failed to get dp <SysBancarevo:VMS2-OA7D.response.signStatus>."]
2018.11.20 12:05:23.512["[Log] ERROR at dpExists: Failed to get dp <SysBancarevo:VMS2-OA7D.command.value>."]
2018.11.20 12:05:23.513["[Log] ERROR at dpExists: Failed to get dp <SysBancarevo:VMS3-OA7D.response.signStatus>."]
2018.11.20 12:05:23.513["[Log] ERROR at dpExists: Failed to get dp <SysBancarevo:VMS3-OA7D.command.value>."]
2018.11.20 12:05:23.513["[Log] ERROR at dpExists: Failed to get dp <SysBancarevo:VMS4-OA7D.response.signStatus>."]
2018.11.20 12:05:23.513["[Log] ERROR at dpExists: Failed to get dp <SysBancarevo:VMS4-OA7D.command.value>."]
2018.11.20 12:05:23.513["[Log] ERROR at dpExists: Failed to get dp <SysBancarevo:VMS5-OA7D.response.signStatus>."]
2018.11.20 12:05:23.513["[Log] ERROR at dpExists: Failed to get dp <SysBancarevo:VMS5-OA7D.command.value>."]
2018.11.20 12:05:23.514["[Log] ERROR at dpExists: Failed to get dp <SysBancarevo:VMS7-OA4L.response.signStatus>."]
2018.11.20 12:05:23.514["[Log] ERROR at dpExists: Failed to get dp <SysBancarevo:VMS7-OA4L.command.value>."]
2018.11.20 12:05:23.514["[Log] ERROR at dpExists: Failed to get dp <SysBancarevo:VMS6-OA4L.response.signStatus>."]
2018.11.20 12:05:23.514["[Log] ERROR at dpExists: Failed to get dp <SysBancarevo:VMS6-OA4L.command.value>."]
2018.11.20 12:05:23.514["[Log] ERROR at dpExists: Failed to get dp <SysBancarevo:VMS3-OA4L.response.signStatus>."]
2018.11.20 12:05:23.514["[Log] ERROR at dpExists: Failed to get dp <SysBancarevo:VMS3-OA4L.command.value>."]
2018.11.20 12:05:23.514["[Log] ERROR at dpExists: Failed to get dp <SysBancarevo:VMS2-OA4L.response.signStatus>."]
2018.11.20 12:05:23.514["[Log] ERROR at dpExists: Failed to get dp <SysBancarevo:VMS2-OA4L.command.value>."]
2018.11.20 12:05:23.514["[Log] ERROR at dpExists: Failed to get dp <SysBancarevo:VMS2-OA4D.response.signStatus>."]
2018.11.20 12:05:23.514["[Log] ERROR at dpExists: Failed to get dp <SysBancarevo:VMS2-OA4D.command.value>."]
2018.11.20 12:05:23.514["[Log] ERROR at dpExists: Failed to get dp <SysBancarevo:VMS3-OA4D.response.signStatus>."]
2018.11.20 12:05:23.514["[Log] ERROR at dpExists: Failed to get dp <SysBancarevo:VMS3-OA4D.command.value>."]
2018.11.20 12:05:23.514["[Log] ERROR at dpExists: Failed to get dp <SysBancarevo:VMS6-OA4D.response.signStatus>."]
2018.11.20 12:05:23.514["[Log] ERROR at dpExists: Failed to get dp <SysBancarevo:VMS6-OA4D.command.value>."]
2018.11.20 12:05:23.514["[Log] ERROR at dpExists: Failed to get dp <SysBancarevo:VMS7-OA4D.response.signStatus>."]
2018.11.20 12:05:23.514["[Log] ERROR at dpExists: Failed to get dp <SysBancarevo:VMS7-OA4D.command.value>."]
